[0.014s] Invoking command in '/home/eecms/tut_ws/build/robot_motion_controller': CMAKE_PREFIX_PATH=/opt/ros/humble /usr/bin/cmake --build /home/eecms/tut_ws/build/robot_motion_controller -- -j6 -l6
[0.055s] [35m[1mConsolidate compiler generated dependencies of target person_follower[0m
[0.071s] [ 50%] [32mBuilding CXX object CMakeFiles/person_follower.dir/src/person_follower.cpp.o[0m
[9.074s] [100%] [32m[1mLinking CXX executable person_follower[0m
[9.468s] [100%] Built target person_follower
[9.479s] Invoked command in '/home/eecms/tut_ws/build/robot_motion_controller' returned '0': CMAKE_PREFIX_PATH=/opt/ros/humble /usr/bin/cmake --build /home/eecms/tut_ws/build/robot_motion_controller -- -j6 -l6
[9.489s] Invoking command in '/home/eecms/tut_ws/build/robot_motion_controller': CMAKE_PREFIX_PATH=/opt/ros/humble /usr/bin/cmake --install /home/eecms/tut_ws/build/robot_motion_controller
[9.496s] -- Install configuration: ""
[9.496s] -- Installing: /home/eecms/tut_ws/install/robot_motion_controller/lib/robot_motion_controller/person_follower
[9.500s] -- Set runtime path of "/home/eecms/tut_ws/install/robot_motion_controller/lib/robot_motion_controller/person_follower" to ""
[9.500s] -- Up-to-date: /home/eecms/tut_ws/install/robot_motion_controller/share/ament_index/resource_index/package_run_dependencies/robot_motion_controller
[9.500s] -- Up-to-date: /home/eecms/tut_ws/install/robot_motion_controller/share/ament_index/resource_index/parent_prefix_path/robot_motion_controller
[9.500s] -- Up-to-date: /home/eecms/tut_ws/install/robot_motion_controller/share/robot_motion_controller/environment/ament_prefix_path.sh
[9.500s] -- Up-to-date: /home/eecms/tut_ws/install/robot_motion_controller/share/robot_motion_controller/environment/ament_prefix_path.dsv
[9.500s] -- Up-to-date: /home/eecms/tut_ws/install/robot_motion_controller/share/robot_motion_controller/environment/path.sh
[9.501s] -- Up-to-date: /home/eecms/tut_ws/install/robot_motion_controller/share/robot_motion_controller/environment/path.dsv
[9.501s] -- Up-to-date: /home/eecms/tut_ws/install/robot_motion_controller/share/robot_motion_controller/local_setup.bash
[9.501s] -- Up-to-date: /home/eecms/tut_ws/install/robot_motion_controller/share/robot_motion_controller/local_setup.sh
[9.501s] -- Up-to-date: /home/eecms/tut_ws/install/robot_motion_controller/share/robot_motion_controller/local_setup.zsh
[9.501s] -- Up-to-date: /home/eecms/tut_ws/install/robot_motion_controller/share/robot_motion_controller/local_setup.dsv
[9.501s] -- Installing: /home/eecms/tut_ws/install/robot_motion_controller/share/robot_motion_controller/package.dsv
[9.501s] -- Up-to-date: /home/eecms/tut_ws/install/robot_motion_controller/share/ament_index/resource_index/packages/robot_motion_controller
[9.501s] -- Up-to-date: /home/eecms/tut_ws/install/robot_motion_controller/share/robot_motion_controller/cmake/robot_motion_controllerConfig.cmake
[9.501s] -- Up-to-date: /home/eecms/tut_ws/install/robot_motion_controller/share/robot_motion_controller/cmake/robot_motion_controllerConfig-version.cmake
[9.501s] -- Up-to-date: /home/eecms/tut_ws/install/robot_motion_controller/share/robot_motion_controller/package.xml
[9.502s] Invoked command in '/home/eecms/tut_ws/build/robot_motion_controller' returned '0': CMAKE_PREFIX_PATH=/opt/ros/humble /usr/bin/cmake --install /home/eecms/tut_ws/build/robot_motion_controller
