[0.028s] Invoking command in '/home/robotai/tut_ws/build/robot_motion_controller': CMAKE_PREFIX_PATH=/opt/ros/humble /usr/bin/cmake --build /home/robotai/tut_ws/build/robot_motion_controller -- -j6 -l6
[0.271s] -- Found ament_cmake: 1.3.12 (/opt/ros/humble/share/ament_cmake/cmake)
[0.494s] -- Found rclcpp: 16.0.15 (/opt/ros/humble/share/rclcpp/cmake)
[0.593s] -- Found rosidl_generator_c: 3.1.7 (/opt/ros/humble/share/rosidl_generator_c/cmake)
[0.600s] -- Found rosidl_adapter: 3.1.7 (/opt/ros/humble/share/rosidl_adapter/cmake)
[0.624s] -- Found rosidl_generator_cpp: 3.1.7 (/opt/ros/humble/share/rosidl_generator_cpp/cmake)
[0.657s] -- Using all available rosidl_typesupport_c: rosidl_typesupport_fastrtps_c;rosidl_typesupport_introspection_c
[0.690s] -- Using all available rosidl_typesupport_cpp: rosidl_typesupport_fastrtps_cpp;rosidl_typesupport_introspection_cpp
[0.775s] -- Found rmw_implementation_cmake: 6.1.2 (/opt/ros/humble/share/rmw_implementation_cmake/cmake)
[0.785s] -- Found rmw_fastrtps_cpp: 6.2.8 (/opt/ros/humble/share/rmw_fastrtps_cpp/cmake)
[0.950s] -- Using RMW implementation 'rmw_fastrtps_cpp' as default
[1.058s] -- Found geometry_msgs: 4.9.0 (/opt/ros/humble/share/geometry_msgs/cmake)
[1.088s] -- Found nav_msgs: 4.9.0 (/opt/ros/humble/share/nav_msgs/cmake)
[1.125s] -- Found sensor_msgs: 4.9.0 (/opt/ros/humble/share/sensor_msgs/cmake)
[1.161s] -- Found ament_lint_auto: 0.12.14 (/opt/ros/humble/share/ament_lint_auto/cmake)
[1.237s] -- Added test 'cppcheck' to perform static code analysis on C / C++ code
[1.237s] -- Configured cppcheck include dirs: $<BUILD_INTERFACE:/home/robotai/tut_ws/src/robot_motion_controller/include>
[1.237s] -- Configured cppcheck exclude dirs and/or files: 
[1.244s] -- Added test 'lint_cmake' to check CMake code style
[1.244s] -- Added test 'uncrustify' to check C / C++ code style
[1.244s] -- Configured uncrustify additional arguments: 
[1.244s] -- Added test 'xmllint' to check XML markup files
[1.244s] -- Configuring done
[1.272s] -- Generating done
[1.285s] -- Build files have been written to: /home/robotai/tut_ws/build/robot_motion_controller
[1.339s] [35m[1mConsolidate compiler generated dependencies of target person_follower[0m
[1.356s] [35m[1mConsolidate compiler generated dependencies of target wall_follower[0m
[1.608s] [ 25%] [32mBuilding CXX object CMakeFiles/person_follower.dir/src/person_follower.cpp.o[0m
[1.610s] [ 50%] [32mBuilding CXX object CMakeFiles/wall_follower.dir/src/wall_follower.cpp.o[0m
[13.571s] [ 75%] [32m[1mLinking CXX executable wall_follower[0m
[13.873s] [100%] [32m[1mLinking CXX executable person_follower[0m
[14.361s] [100%] Built target person_follower
[14.410s] [100%] Built target wall_follower
