[0.010s] Invoking command in '/home/robotai/tut_ws/build/robot_motion_controller': CMAKE_PREFIX_PATH=/opt/ros/humble /usr/bin/cmake /home/robotai/tut_ws/src/robot_motion_controller -DCMAKE_INSTALL_PREFIX=/home/robotai/tut_ws/install/robot_motion_controller
[0.113s] -- The C compiler identification is GNU 12.3.0
[0.192s] -- The CXX compiler identification is GNU 12.3.0
[0.208s] -- Detecting C compiler ABI info
[0.304s] -- Detecting C compiler ABI info - done
[0.312s] -- Check for working C compiler: /usr/bin/cc - skipped
[0.312s] -- Detecting C compile features
[0.312s] -- Detecting C compile features - done
[0.316s] -- Detecting CXX compiler ABI info
[0.429s] -- Detecting CXX compiler ABI info - done
[0.435s] -- Check for working CXX compiler: /usr/bin/c++ - skipped
[0.437s] -- Detecting CXX compile features
[0.437s] -- Detecting CXX compile features - done
[0.438s] -- Found ament_cmake: 1.3.12 (/opt/ros/humble/share/ament_cmake/cmake)
[0.634s] -- Found Python3: /usr/bin/python3 (found version "3.10.12") found components: Interpreter 
[0.990s] -- Found rclcpp: 16.0.14 (/opt/ros/humble/share/rclcpp/cmake)
[1.300s] -- Found rosidl_generator_c: 3.1.7 (/opt/ros/humble/share/rosidl_generator_c/cmake)
[1.334s] -- Found rosidl_adapter: 3.1.7 (/opt/ros/humble/share/rosidl_adapter/cmake)
[1.379s] -- Found rosidl_generator_cpp: 3.1.7 (/opt/ros/humble/share/rosidl_generator_cpp/cmake)
[1.424s] -- Using all available rosidl_typesupport_c: rosidl_typesupport_fastrtps_c;rosidl_typesupport_introspection_c
[1.568s] -- Using all available rosidl_typesupport_cpp: rosidl_typesupport_fastrtps_cpp;rosidl_typesupport_introspection_cpp
[1.748s] -- Found rmw_implementation_cmake: 6.1.2 (/opt/ros/humble/share/rmw_implementation_cmake/cmake)
[1.762s] -- Found rmw_fastrtps_cpp: 6.2.8 (/opt/ros/humble/share/rmw_fastrtps_cpp/cmake)
[1.927s] -- Found OpenSSL: /usr/lib/x86_64-linux-gnu/libcrypto.so (found version "3.0.2")  
[1.968s] -- Found FastRTPS: /opt/ros/humble/include  
[2.014s] -- Using RMW implementation 'rmw_fastrtps_cpp' as default
[2.090s] -- Looking for pthread.h
[2.178s] -- Looking for pthread.h - found
[2.179s] -- Performing Test CMAKE_HAVE_LIBC_PTHREAD
[2.284s] -- Performing Test CMAKE_HAVE_LIBC_PTHREAD - Success
[2.285s] -- Found Threads: TRUE  
[2.481s] -- Found geometry_msgs: 4.9.0 (/opt/ros/humble/share/geometry_msgs/cmake)
[2.502s] -- Found nav_msgs: 4.9.0 (/opt/ros/humble/share/nav_msgs/cmake)
[2.591s] -- Found sensor_msgs: 4.9.0 (/opt/ros/humble/share/sensor_msgs/cmake)
[2.634s] -- Found ament_lint_auto: 0.12.14 (/opt/ros/humble/share/ament_lint_auto/cmake)
[2.715s] -- Added test 'cppcheck' to perform static code analysis on C / C++ code
[2.717s] -- Configured cppcheck include dirs: $<BUILD_INTERFACE:/home/robotai/tut_ws/src/robot_motion_controller/include>
[2.717s] -- Configured cppcheck exclude dirs and/or files: 
[2.717s] -- Added test 'lint_cmake' to check CMake code style
[2.717s] -- Added test 'uncrustify' to check C / C++ code style
[2.718s] -- Configured uncrustify additional arguments: 
[2.718s] -- Added test 'xmllint' to check XML markup files
[2.718s] -- Configuring done
[2.730s] -- Generating done
[2.735s] -- Build files have been written to: /home/robotai/tut_ws/build/robot_motion_controller
[2.749s] Invoked command in '/home/robotai/tut_ws/build/robot_motion_controller' returned '0': CMAKE_PREFIX_PATH=/opt/ros/humble /usr/bin/cmake /home/robotai/tut_ws/src/robot_motion_controller -DCMAKE_INSTALL_PREFIX=/home/robotai/tut_ws/install/robot_motion_controller
[2.750s] Invoking command in '/home/robotai/tut_ws/build/robot_motion_controller': CMAKE_PREFIX_PATH=/opt/ros/humble /usr/bin/cmake --build /home/robotai/tut_ws/build/robot_motion_controller -- -j6 -l6
[2.810s] [ 25%] [32mBuilding CXX object CMakeFiles/person_follower.dir/src/person_follower.cpp.o[0m
[12.530s] [ 50%] [32m[1mLinking CXX executable person_follower[0m
[13.218s] [ 50%] Built target person_follower
[13.255s] [ 75%] [32mBuilding CXX object CMakeFiles/wall_follower.dir/src/wall_follower.cpp.o[0m
[22.103s] [100%] [32m[1mLinking CXX executable wall_follower[0m
[22.504s] [100%] Built target wall_follower
[22.515s] Invoked command in '/home/robotai/tut_ws/build/robot_motion_controller' returned '0': CMAKE_PREFIX_PATH=/opt/ros/humble /usr/bin/cmake --build /home/robotai/tut_ws/build/robot_motion_controller -- -j6 -l6
[22.517s] Invoking command in '/home/robotai/tut_ws/build/robot_motion_controller': CMAKE_PREFIX_PATH=/opt/ros/humble /usr/bin/cmake --install /home/robotai/tut_ws/build/robot_motion_controller
[22.525s] -- Install configuration: ""
[22.525s] -- Installing: /home/robotai/tut_ws/install/robot_motion_controller/lib/robot_motion_controller/person_follower
[22.530s] -- Set runtime path of "/home/robotai/tut_ws/install/robot_motion_controller/lib/robot_motion_controller/person_follower" to ""
[22.530s] -- Installing: /home/robotai/tut_ws/install/robot_motion_controller/lib/robot_motion_controller/wall_follower
[22.532s] -- Set runtime path of "/home/robotai/tut_ws/install/robot_motion_controller/lib/robot_motion_controller/wall_follower" to ""
[22.534s] -- Installing: /home/robotai/tut_ws/install/robot_motion_controller/share/ament_index/resource_index/package_run_dependencies/robot_motion_controller
[22.534s] -- Installing: /home/robotai/tut_ws/install/robot_motion_controller/share/ament_index/resource_index/parent_prefix_path/robot_motion_controller
[22.534s] -- Installing: /home/robotai/tut_ws/install/robot_motion_controller/share/robot_motion_controller/environment/ament_prefix_path.sh
[22.534s] -- Installing: /home/robotai/tut_ws/install/robot_motion_controller/share/robot_motion_controller/environment/ament_prefix_path.dsv
[22.534s] -- Installing: /home/robotai/tut_ws/install/robot_motion_controller/share/robot_motion_controller/environment/path.sh
[22.534s] -- Installing: /home/robotai/tut_ws/install/robot_motion_controller/share/robot_motion_controller/environment/path.dsv
[22.534s] -- Installing: /home/robotai/tut_ws/install/robot_motion_controller/share/robot_motion_controller/local_setup.bash
[22.535s] -- Installing: /home/robotai/tut_ws/install/robot_motion_controller/share/robot_motion_controller/local_setup.sh
[22.535s] -- Installing: /home/robotai/tut_ws/install/robot_motion_controller/share/robot_motion_controller/local_setup.zsh
[22.535s] -- Installing: /home/robotai/tut_ws/install/robot_motion_controller/share/robot_motion_controller/local_setup.dsv
[22.535s] -- Installing: /home/robotai/tut_ws/install/robot_motion_controller/share/robot_motion_controller/package.dsv
[22.535s] -- Installing: /home/robotai/tut_ws/install/robot_motion_controller/share/ament_index/resource_index/packages/robot_motion_controller
[22.535s] -- Installing: /home/robotai/tut_ws/install/robot_motion_controller/share/robot_motion_controller/cmake/robot_motion_controllerConfig.cmake
[22.535s] -- Installing: /home/robotai/tut_ws/install/robot_motion_controller/share/robot_motion_controller/cmake/robot_motion_controllerConfig-version.cmake
[22.535s] -- Installing: /home/robotai/tut_ws/install/robot_motion_controller/share/robot_motion_controller/package.xml
[22.540s] Invoked command in '/home/robotai/tut_ws/build/robot_motion_controller' returned '0': CMAKE_PREFIX_PATH=/opt/ros/humble /usr/bin/cmake --install /home/robotai/tut_ws/build/robot_motion_controller
