[0.376s] DEBUG:colcon:Command line arguments: ['/usr/bin/colcon', 'build']
[0.377s] DEBUG:colcon:Parsed command line arguments: Namespace(log_base=None, log_level=None, verb_name='build', build_base='build', install_base='install', merge_install=False, symlink_install=False, test_result_base=None, continue_on_error=False, executor='parallel', parallel_workers=6, event_handlers=None, ignore_user_meta=False, metas=['./colcon.meta'], base_paths=['.'], packages_ignore=None, packages_ignore_regex=None, paths=None, packages_up_to=None, packages_up_to_regex=None, packages_above=None, packages_above_and_dependencies=None, packages_above_depth=None, packages_select_by_dep=None, packages_skip_by_dep=None, packages_skip_up_to=None, packages_select_build_failed=False, packages_skip_build_finished=False, packages_select_test_failures=False, packages_skip_test_passed=False, packages_select=None, packages_skip=None, packages_select_regex=None, packages_skip_regex=None, packages_start=None, packages_end=None, allow_overriding=[], cmake_args=None, cmake_target=None, cmake_target_skip_unavailable=False, cmake_clean_cache=False, cmake_clean_first=False, cmake_force_configure=False, ament_cmake_args=None, catkin_cmake_args=None, catkin_skip_building_tests=False, mixin_files=None, mixin=None, verb_parser=<colcon_mixin.mixin.mixin_argument.MixinArgumentDecorator object at 0x765a4e855de0>, verb_extension=<colcon_core.verb.build.BuildVerb object at 0x765a4e8557b0>, main=<bound method BuildVerb.main of <colcon_core.verb.build.BuildVerb object at 0x765a4e8557b0>>, mixin_verb=('build',))
[0.903s] Level 1:colcon.colcon_core.package_discovery:discover_packages(colcon_meta) check parameters
[0.903s] Level 1:colcon.colcon_core.package_discovery:discover_packages(recursive) check parameters
[0.903s] Level 1:colcon.colcon_core.package_discovery:discover_packages(ignore) check parameters
[0.903s] Level 1:colcon.colcon_core.package_discovery:discover_packages(path) check parameters
[0.903s] Level 1:colcon.colcon_core.package_discovery:discover_packages(colcon_meta) discover
[0.903s] Level 1:colcon.colcon_core.package_discovery:discover_packages(recursive) discover
[0.903s] INFO:colcon.colcon_core.package_discovery:Crawling recursively for packages in '/home/robotai/tut_ws'
[0.903s] Level 1:colcon.colcon_core.package_identification:_identify(.) by extensions ['ignore', 'ignore_ament_install']
[0.903s] Level 1:colcon.colcon_core.package_identification:_identify(.) by extension 'ignore'
[0.904s] Level 1:colcon.colcon_core.package_identification:_identify(.) by extension 'ignore_ament_install'
[0.904s] Level 1:colcon.colcon_core.package_identification:_identify(.) by extensions ['colcon_pkg']
[0.904s] Level 1:colcon.colcon_core.package_identification:_identify(.) by extension 'colcon_pkg'
[0.904s] Level 1:colcon.colcon_core.package_identification:_identify(.) by extensions ['colcon_meta']
[0.904s] Level 1:colcon.colcon_core.package_identification:_identify(.) by extension 'colcon_meta'
[0.904s] Level 1:colcon.colcon_core.package_identification:_identify(.) by extensions ['ros']
[0.904s] Level 1:colcon.colcon_core.package_identification:_identify(.) by extension 'ros'
[0.925s] Level 1:colcon.colcon_core.package_identification:_identify(.) by extensions ['cmake', 'python']
[0.926s] Level 1:colcon.colcon_core.package_identification:_identify(.) by extension 'cmake'
[0.926s] Level 1:colcon.colcon_core.package_identification:_identify(.) by extension 'python'
[0.926s] Level 1:colcon.colcon_core.package_identification:_identify(.) by extensions ['python_setup_py']
[0.926s] Level 1:colcon.colcon_core.package_identification:_identify(.) by extension 'python_setup_py'
[0.926s] Level 1:colcon.colcon_core.package_identification:_identify(build) by extensions ['ignore', 'ignore_ament_install']
[0.926s] Level 1:colcon.colcon_core.package_identification:_identify(build) by extension 'ignore'
[0.926s] Level 1:colcon.colcon_core.package_identification:_identify(build) ignored
[0.926s] Level 1:colcon.colcon_core.package_identification:_identify(install) by extensions ['ignore', 'ignore_ament_install']
[0.926s] Level 1:colcon.colcon_core.package_identification:_identify(install) by extension 'ignore'
[0.926s] Level 1:colcon.colcon_core.package_identification:_identify(install) ignored
[0.926s] Level 1:colcon.colcon_core.package_identification:_identify(log) by extensions ['ignore', 'ignore_ament_install']
[0.926s] Level 1:colcon.colcon_core.package_identification:_identify(log) by extension 'ignore'
[0.926s] Level 1:colcon.colcon_core.package_identification:_identify(log) ignored
[0.926s] Level 1:colcon.colcon_core.package_identification:_identify(src) by extensions ['ignore', 'ignore_ament_install']
[0.926s] Level 1:colcon.colcon_core.package_identification:_identify(src) by extension 'ignore'
[0.926s] Level 1:colcon.colcon_core.package_identification:_identify(src) by extension 'ignore_ament_install'
[0.927s] Level 1:colcon.colcon_core.package_identification:_identify(src) by extensions ['colcon_pkg']
[0.927s] Level 1:colcon.colcon_core.package_identification:_identify(src) by extension 'colcon_pkg'
[0.927s] Level 1:colcon.colcon_core.package_identification:_identify(src) by extensions ['colcon_meta']
[0.927s] Level 1:colcon.colcon_core.package_identification:_identify(src) by extension 'colcon_meta'
[0.927s] Level 1:colcon.colcon_core.package_identification:_identify(src) by extensions ['ros']
[0.927s] Level 1:colcon.colcon_core.package_identification:_identify(src) by extension 'ros'
[0.927s] Level 1:colcon.colcon_core.package_identification:_identify(src) by extensions ['cmake', 'python']
[0.927s] Level 1:colcon.colcon_core.package_identification:_identify(src) by extension 'cmake'
[0.927s] Level 1:colcon.colcon_core.package_identification:_identify(src) by extension 'python'
[0.927s] Level 1:colcon.colcon_core.package_identification:_identify(src) by extensions ['python_setup_py']
[0.927s] Level 1:colcon.colcon_core.package_identification:_identify(src) by extension 'python_setup_py'
[0.927s] Level 1:colcon.colcon_core.package_identification:_identify(src/diff_drive_robot_gz_sim) by extensions ['ignore', 'ignore_ament_install']
[0.927s] Level 1:colcon.colcon_core.package_identification:_identify(src/diff_drive_robot_gz_sim) by extension 'ignore'
[0.927s] Level 1:colcon.colcon_core.package_identification:_identify(src/diff_drive_robot_gz_sim) by extension 'ignore_ament_install'
[0.927s] Level 1:colcon.colcon_core.package_identification:_identify(src/diff_drive_robot_gz_sim) by extensions ['colcon_pkg']
[0.927s] Level 1:colcon.colcon_core.package_identification:_identify(src/diff_drive_robot_gz_sim) by extension 'colcon_pkg'
[0.927s] Level 1:colcon.colcon_core.package_identification:_identify(src/diff_drive_robot_gz_sim) by extensions ['colcon_meta']
[0.927s] Level 1:colcon.colcon_core.package_identification:_identify(src/diff_drive_robot_gz_sim) by extension 'colcon_meta'
[0.927s] Level 1:colcon.colcon_core.package_identification:_identify(src/diff_drive_robot_gz_sim) by extensions ['ros']
[0.927s] Level 1:colcon.colcon_core.package_identification:_identify(src/diff_drive_robot_gz_sim) by extension 'ros'
[0.931s] DEBUG:colcon.colcon_core.package_identification:Package 'src/diff_drive_robot_gz_sim' with type 'ros.ament_cmake' and name 'diff_drive_robot_gz_sim'
[0.931s] Level 1:colcon.colcon_core.package_identification:_identify(src/iar_amcl_sensor_model) by extensions ['ignore', 'ignore_ament_install']
[0.931s] Level 1:colcon.colcon_core.package_identification:_identify(src/iar_amcl_sensor_model) by extension 'ignore'
[0.931s] Level 1:colcon.colcon_core.package_identification:_identify(src/iar_amcl_sensor_model) by extension 'ignore_ament_install'
[0.931s] Level 1:colcon.colcon_core.package_identification:_identify(src/iar_amcl_sensor_model) by extensions ['colcon_pkg']
[0.931s] Level 1:colcon.colcon_core.package_identification:_identify(src/iar_amcl_sensor_model) by extension 'colcon_pkg'
[0.931s] Level 1:colcon.colcon_core.package_identification:_identify(src/iar_amcl_sensor_model) by extensions ['colcon_meta']
[0.931s] Level 1:colcon.colcon_core.package_identification:_identify(src/iar_amcl_sensor_model) by extension 'colcon_meta'
[0.931s] Level 1:colcon.colcon_core.package_identification:_identify(src/iar_amcl_sensor_model) by extensions ['ros']
[0.931s] Level 1:colcon.colcon_core.package_identification:_identify(src/iar_amcl_sensor_model) by extension 'ros'
[0.933s] DEBUG:colcon.colcon_core.package_identification:Package 'src/iar_amcl_sensor_model' with type 'ros.ament_cmake' and name 'iar_amcl_sensor_model'
[0.933s] Level 1:colcon.colcon_core.package_identification:_identify(src/robot_motion_controller) by extensions ['ignore', 'ignore_ament_install']
[0.933s] Level 1:colcon.colcon_core.package_identification:_identify(src/robot_motion_controller) by extension 'ignore'
[0.933s] Level 1:colcon.colcon_core.package_identification:_identify(src/robot_motion_controller) by extension 'ignore_ament_install'
[0.933s] Level 1:colcon.colcon_core.package_identification:_identify(src/robot_motion_controller) by extensions ['colcon_pkg']
[0.933s] Level 1:colcon.colcon_core.package_identification:_identify(src/robot_motion_controller) by extension 'colcon_pkg'
[0.933s] Level 1:colcon.colcon_core.package_identification:_identify(src/robot_motion_controller) by extensions ['colcon_meta']
[0.933s] Level 1:colcon.colcon_core.package_identification:_identify(src/robot_motion_controller) by extension 'colcon_meta'
[0.933s] Level 1:colcon.colcon_core.package_identification:_identify(src/robot_motion_controller) by extensions ['ros']
[0.933s] Level 1:colcon.colcon_core.package_identification:_identify(src/robot_motion_controller) by extension 'ros'
[0.934s] DEBUG:colcon.colcon_core.package_identification:Package 'src/robot_motion_controller' with type 'ros.ament_cmake' and name 'robot_motion_controller'
[0.934s] Level 1:colcon.colcon_core.package_discovery:discover_packages(recursive) using defaults
[0.934s] Level 1:colcon.colcon_core.package_discovery:discover_packages(ignore) discover
[0.934s] Level 1:colcon.colcon_core.package_discovery:discover_packages(ignore) using defaults
[0.934s] Level 1:colcon.colcon_core.package_discovery:discover_packages(path) discover
[0.934s] Level 1:colcon.colcon_core.package_discovery:discover_packages(path) using defaults
[0.991s] Level 1:colcon.colcon_core.package_discovery:discover_packages(prefix_path) check parameters
[0.991s] Level 1:colcon.colcon_core.package_discovery:discover_packages(prefix_path) discover
[0.996s] DEBUG:colcon.colcon_installed_package_information.package_discovery:Found 387 installed packages in /opt/ros/humble
[0.998s] Level 1:colcon.colcon_core.package_discovery:discover_packages(prefix_path) using defaults
[1.041s] Level 5:colcon.colcon_core.verb:set package 'diff_drive_robot_gz_sim' build argument 'cmake_args' from command line to 'None'
[1.041s] Level 5:colcon.colcon_core.verb:set package 'diff_drive_robot_gz_sim' build argument 'cmake_target' from command line to 'None'
[1.041s] Level 5:colcon.colcon_core.verb:set package 'diff_drive_robot_gz_sim' build argument 'cmake_target_skip_unavailable' from command line to 'False'
[1.041s] Level 5:colcon.colcon_core.verb:set package 'diff_drive_robot_gz_sim' build argument 'cmake_clean_cache' from command line to 'False'
[1.041s] Level 5:colcon.colcon_core.verb:set package 'diff_drive_robot_gz_sim' build argument 'cmake_clean_first' from command line to 'False'
[1.041s] Level 5:colcon.colcon_core.verb:set package 'diff_drive_robot_gz_sim' build argument 'cmake_force_configure' from command line to 'False'
[1.041s] Level 5:colcon.colcon_core.verb:set package 'diff_drive_robot_gz_sim' build argument 'ament_cmake_args' from command line to 'None'
[1.041s] Level 5:colcon.colcon_core.verb:set package 'diff_drive_robot_gz_sim' build argument 'catkin_cmake_args' from command line to 'None'
[1.041s] Level 5:colcon.colcon_core.verb:set package 'diff_drive_robot_gz_sim' build argument 'catkin_skip_building_tests' from command line to 'False'
[1.041s] DEBUG:colcon.colcon_core.verb:Building package 'diff_drive_robot_gz_sim' with the following arguments: {'ament_cmake_args': None, 'build_base': '/home/robotai/tut_ws/build/diff_drive_robot_gz_sim', 'catkin_cmake_args': None, 'catkin_skip_building_tests': False, 'cmake_args': None, 'cmake_clean_cache': False, 'cmake_clean_first': False, 'cmake_force_configure': False, 'cmake_target': None, 'cmake_target_skip_unavailable': False, 'install_base': '/home/robotai/tut_ws/install/diff_drive_robot_gz_sim', 'merge_install': False, 'path': '/home/robotai/tut_ws/src/diff_drive_robot_gz_sim', 'symlink_install': False, 'test_result_base': None}
[1.041s] Level 5:colcon.colcon_core.verb:set package 'iar_amcl_sensor_model' build argument 'cmake_args' from command line to 'None'
[1.041s] Level 5:colcon.colcon_core.verb:set package 'iar_amcl_sensor_model' build argument 'cmake_target' from command line to 'None'
[1.041s] Level 5:colcon.colcon_core.verb:set package 'iar_amcl_sensor_model' build argument 'cmake_target_skip_unavailable' from command line to 'False'
[1.041s] Level 5:colcon.colcon_core.verb:set package 'iar_amcl_sensor_model' build argument 'cmake_clean_cache' from command line to 'False'
[1.041s] Level 5:colcon.colcon_core.verb:set package 'iar_amcl_sensor_model' build argument 'cmake_clean_first' from command line to 'False'
[1.041s] Level 5:colcon.colcon_core.verb:set package 'iar_amcl_sensor_model' build argument 'cmake_force_configure' from command line to 'False'
[1.041s] Level 5:colcon.colcon_core.verb:set package 'iar_amcl_sensor_model' build argument 'ament_cmake_args' from command line to 'None'
[1.041s] Level 5:colcon.colcon_core.verb:set package 'iar_amcl_sensor_model' build argument 'catkin_cmake_args' from command line to 'None'
[1.041s] Level 5:colcon.colcon_core.verb:set package 'iar_amcl_sensor_model' build argument 'catkin_skip_building_tests' from command line to 'False'
[1.041s] DEBUG:colcon.colcon_core.verb:Building package 'iar_amcl_sensor_model' with the following arguments: {'ament_cmake_args': None, 'build_base': '/home/robotai/tut_ws/build/iar_amcl_sensor_model', 'catkin_cmake_args': None, 'catkin_skip_building_tests': False, 'cmake_args': None, 'cmake_clean_cache': False, 'cmake_clean_first': False, 'cmake_force_configure': False, 'cmake_target': None, 'cmake_target_skip_unavailable': False, 'install_base': '/home/robotai/tut_ws/install/iar_amcl_sensor_model', 'merge_install': False, 'path': '/home/robotai/tut_ws/src/iar_amcl_sensor_model', 'symlink_install': False, 'test_result_base': None}
[1.042s] Level 5:colcon.colcon_core.verb:set package 'robot_motion_controller' build argument 'cmake_args' from command line to 'None'
[1.042s] Level 5:colcon.colcon_core.verb:set package 'robot_motion_controller' build argument 'cmake_target' from command line to 'None'
[1.042s] Level 5:colcon.colcon_core.verb:set package 'robot_motion_controller' build argument 'cmake_target_skip_unavailable' from command line to 'False'
[1.042s] Level 5:colcon.colcon_core.verb:set package 'robot_motion_controller' build argument 'cmake_clean_cache' from command line to 'False'
[1.042s] Level 5:colcon.colcon_core.verb:set package 'robot_motion_controller' build argument 'cmake_clean_first' from command line to 'False'
[1.042s] Level 5:colcon.colcon_core.verb:set package 'robot_motion_controller' build argument 'cmake_force_configure' from command line to 'False'
[1.042s] Level 5:colcon.colcon_core.verb:set package 'robot_motion_controller' build argument 'ament_cmake_args' from command line to 'None'
[1.042s] Level 5:colcon.colcon_core.verb:set package 'robot_motion_controller' build argument 'catkin_cmake_args' from command line to 'None'
[1.042s] Level 5:colcon.colcon_core.verb:set package 'robot_motion_controller' build argument 'catkin_skip_building_tests' from command line to 'False'
[1.042s] DEBUG:colcon.colcon_core.verb:Building package 'robot_motion_controller' with the following arguments: {'ament_cmake_args': None, 'build_base': '/home/robotai/tut_ws/build/robot_motion_controller', 'catkin_cmake_args': None, 'catkin_skip_building_tests': False, 'cmake_args': None, 'cmake_clean_cache': False, 'cmake_clean_first': False, 'cmake_force_configure': False, 'cmake_target': None, 'cmake_target_skip_unavailable': False, 'install_base': '/home/robotai/tut_ws/install/robot_motion_controller', 'merge_install': False, 'path': '/home/robotai/tut_ws/src/robot_motion_controller', 'symlink_install': False, 'test_result_base': None}
[1.042s] INFO:colcon.colcon_core.executor:Executing jobs using 'parallel' executor
[1.043s] DEBUG:colcon.colcon_parallel_executor.executor.parallel:run_until_complete
[1.043s] INFO:colcon.colcon_ros.task.ament_cmake.build:Building ROS package in '/home/robotai/tut_ws/src/diff_drive_robot_gz_sim' with build type 'ament_cmake'
[1.044s] INFO:colcon.colcon_cmake.task.cmake.build:Building CMake package in '/home/robotai/tut_ws/src/diff_drive_robot_gz_sim'
[1.056s] INFO:colcon.colcon_core.plugin_system:Skipping extension 'colcon_core.shell.bat': Not used on non-Windows systems
[1.056s] INFO:colcon.colcon_core.shell:Skip shell extension 'powershell' for command environment: Not usable outside of PowerShell
[1.057s] DEBUG:colcon.colcon_core.shell:Skip shell extension 'dsv' for command environment
[1.061s] INFO:colcon.colcon_ros.task.ament_cmake.build:Building ROS package in '/home/robotai/tut_ws/src/iar_amcl_sensor_model' with build type 'ament_cmake'
[1.061s] INFO:colcon.colcon_cmake.task.cmake.build:Building CMake package in '/home/robotai/tut_ws/src/iar_amcl_sensor_model'
[1.061s] INFO:colcon.colcon_core.shell:Skip shell extension 'powershell' for command environment: Not usable outside of PowerShell
[1.061s] DEBUG:colcon.colcon_core.shell:Skip shell extension 'dsv' for command environment
[1.064s] INFO:colcon.colcon_ros.task.ament_cmake.build:Building ROS package in '/home/robotai/tut_ws/src/robot_motion_controller' with build type 'ament_cmake'
[1.064s] INFO:colcon.colcon_cmake.task.cmake.build:Building CMake package in '/home/robotai/tut_ws/src/robot_motion_controller'
[1.064s] INFO:colcon.colcon_core.shell:Skip shell extension 'powershell' for command environment: Not usable outside of PowerShell
[1.064s] DEBUG:colcon.colcon_core.shell:Skip shell extension 'dsv' for command environment
[1.071s] DEBUG:colcon.colcon_core.event_handler.log_command:Invoking command in '/home/robotai/tut_ws/build/diff_drive_robot_gz_sim': CMAKE_PREFIX_PATH=/opt/ros/humble /usr/bin/cmake --build /home/robotai/tut_ws/build/diff_drive_robot_gz_sim -- -j6 -l6
[1.080s] DEBUG:colcon.colcon_core.event_handler.log_command:Invoking command in '/home/robotai/tut_ws/build/iar_amcl_sensor_model': CMAKE_PREFIX_PATH=/opt/ros/humble /usr/bin/cmake /home/robotai/tut_ws/src/iar_amcl_sensor_model -DCMAKE_INSTALL_PREFIX=/home/robotai/tut_ws/install/iar_amcl_sensor_model
[1.084s] DEBUG:colcon.colcon_core.event_handler.log_command:Invoking command in '/home/robotai/tut_ws/build/robot_motion_controller': CMAKE_PREFIX_PATH=/opt/ros/humble /usr/bin/cmake --build /home/robotai/tut_ws/build/robot_motion_controller -- -j6 -l6
[1.565s] DEBUG:colcon.colcon_core.event_handler.log_command:Invoked command in '/home/robotai/tut_ws/build/diff_drive_robot_gz_sim' returned '0': CMAKE_PREFIX_PATH=/opt/ros/humble /usr/bin/cmake --build /home/robotai/tut_ws/build/diff_drive_robot_gz_sim -- -j6 -l6
[1.575s] DEBUG:colcon.colcon_core.event_handler.log_command:Invoking command in '/home/robotai/tut_ws/build/diff_drive_robot_gz_sim': CMAKE_PREFIX_PATH=/opt/ros/humble /usr/bin/cmake --install /home/robotai/tut_ws/build/diff_drive_robot_gz_sim
[1.584s] Level 1:colcon.colcon_core.environment:create_environment_scripts_only(diff_drive_robot_gz_sim)
[1.585s] DEBUG:colcon.colcon_core.event_handler.log_command:Invoked command in '/home/robotai/tut_ws/build/diff_drive_robot_gz_sim' returned '0': CMAKE_PREFIX_PATH=/opt/ros/humble /usr/bin/cmake --install /home/robotai/tut_ws/build/diff_drive_robot_gz_sim
[1.597s] Level 1:colcon.colcon_core.environment:checking '/home/robotai/tut_ws/install/diff_drive_robot_gz_sim' for CMake module files
[1.597s] Level 1:colcon.colcon_core.environment:checking '/home/robotai/tut_ws/install/diff_drive_robot_gz_sim' for CMake config files
[1.597s] Level 1:colcon.colcon_core.shell:create_environment_hook('diff_drive_robot_gz_sim', 'cmake_prefix_path')
[1.598s] INFO:colcon.colcon_core.shell:Creating environment hook '/home/robotai/tut_ws/install/diff_drive_robot_gz_sim/share/diff_drive_robot_gz_sim/hook/cmake_prefix_path.ps1'
[1.599s] INFO:colcon.colcon_core.shell:Creating environment descriptor '/home/robotai/tut_ws/install/diff_drive_robot_gz_sim/share/diff_drive_robot_gz_sim/hook/cmake_prefix_path.dsv'
[1.600s] INFO:colcon.colcon_core.shell:Creating environment hook '/home/robotai/tut_ws/install/diff_drive_robot_gz_sim/share/diff_drive_robot_gz_sim/hook/cmake_prefix_path.sh'
[1.602s] Level 1:colcon.colcon_core.environment:checking '/home/robotai/tut_ws/install/diff_drive_robot_gz_sim/bin'
[1.602s] Level 1:colcon.colcon_core.environment:checking '/home/robotai/tut_ws/install/diff_drive_robot_gz_sim/lib/pkgconfig/diff_drive_robot_gz_sim.pc'
[1.602s] Level 1:colcon.colcon_core.environment:checking '/home/robotai/tut_ws/install/diff_drive_robot_gz_sim/lib/python3.10/site-packages'
[1.602s] Level 1:colcon.colcon_core.environment:checking '/home/robotai/tut_ws/install/diff_drive_robot_gz_sim/bin'
[1.602s] INFO:colcon.colcon_core.shell:Creating package script '/home/robotai/tut_ws/install/diff_drive_robot_gz_sim/share/diff_drive_robot_gz_sim/package.ps1'
[1.603s] INFO:colcon.colcon_core.shell:Creating package descriptor '/home/robotai/tut_ws/install/diff_drive_robot_gz_sim/share/diff_drive_robot_gz_sim/package.dsv'
[1.604s] INFO:colcon.colcon_core.shell:Creating package script '/home/robotai/tut_ws/install/diff_drive_robot_gz_sim/share/diff_drive_robot_gz_sim/package.sh'
[1.605s] INFO:colcon.colcon_core.shell:Creating package script '/home/robotai/tut_ws/install/diff_drive_robot_gz_sim/share/diff_drive_robot_gz_sim/package.bash'
[1.607s] INFO:colcon.colcon_core.shell:Creating package script '/home/robotai/tut_ws/install/diff_drive_robot_gz_sim/share/diff_drive_robot_gz_sim/package.zsh'
[1.608s] Level 1:colcon.colcon_core.environment:create_file_with_runtime_dependencies(/home/robotai/tut_ws/install/diff_drive_robot_gz_sim/share/colcon-core/packages/diff_drive_robot_gz_sim)
[1.609s] Level 1:colcon.colcon_core.environment:create_environment_scripts_only(diff_drive_robot_gz_sim)
[1.609s] Level 1:colcon.colcon_core.environment:checking '/home/robotai/tut_ws/install/diff_drive_robot_gz_sim' for CMake module files
[1.610s] Level 1:colcon.colcon_core.environment:checking '/home/robotai/tut_ws/install/diff_drive_robot_gz_sim' for CMake config files
[1.610s] Level 1:colcon.colcon_core.shell:create_environment_hook('diff_drive_robot_gz_sim', 'cmake_prefix_path')
[1.611s] INFO:colcon.colcon_core.shell:Creating environment hook '/home/robotai/tut_ws/install/diff_drive_robot_gz_sim/share/diff_drive_robot_gz_sim/hook/cmake_prefix_path.ps1'
[1.611s] INFO:colcon.colcon_core.shell:Creating environment descriptor '/home/robotai/tut_ws/install/diff_drive_robot_gz_sim/share/diff_drive_robot_gz_sim/hook/cmake_prefix_path.dsv'
[1.611s] INFO:colcon.colcon_core.shell:Creating environment hook '/home/robotai/tut_ws/install/diff_drive_robot_gz_sim/share/diff_drive_robot_gz_sim/hook/cmake_prefix_path.sh'
[1.612s] Level 1:colcon.colcon_core.environment:checking '/home/robotai/tut_ws/install/diff_drive_robot_gz_sim/bin'
[1.612s] Level 1:colcon.colcon_core.environment:checking '/home/robotai/tut_ws/install/diff_drive_robot_gz_sim/lib/pkgconfig/diff_drive_robot_gz_sim.pc'
[1.613s] Level 1:colcon.colcon_core.environment:checking '/home/robotai/tut_ws/install/diff_drive_robot_gz_sim/lib/python3.10/site-packages'
[1.613s] Level 1:colcon.colcon_core.environment:checking '/home/robotai/tut_ws/install/diff_drive_robot_gz_sim/bin'
[1.613s] INFO:colcon.colcon_core.shell:Creating package script '/home/robotai/tut_ws/install/diff_drive_robot_gz_sim/share/diff_drive_robot_gz_sim/package.ps1'
[1.614s] INFO:colcon.colcon_core.shell:Creating package descriptor '/home/robotai/tut_ws/install/diff_drive_robot_gz_sim/share/diff_drive_robot_gz_sim/package.dsv'
[1.614s] INFO:colcon.colcon_core.shell:Creating package script '/home/robotai/tut_ws/install/diff_drive_robot_gz_sim/share/diff_drive_robot_gz_sim/package.sh'
[1.615s] INFO:colcon.colcon_core.shell:Creating package script '/home/robotai/tut_ws/install/diff_drive_robot_gz_sim/share/diff_drive_robot_gz_sim/package.bash'
[1.616s] INFO:colcon.colcon_core.shell:Creating package script '/home/robotai/tut_ws/install/diff_drive_robot_gz_sim/share/diff_drive_robot_gz_sim/package.zsh'
[1.616s] Level 1:colcon.colcon_core.environment:create_file_with_runtime_dependencies(/home/robotai/tut_ws/install/diff_drive_robot_gz_sim/share/colcon-core/packages/diff_drive_robot_gz_sim)
[3.903s] DEBUG:colcon.colcon_core.event_handler.log_command:Invoked command in '/home/robotai/tut_ws/build/iar_amcl_sensor_model' returned '0': CMAKE_PREFIX_PATH=/opt/ros/humble /usr/bin/cmake /home/robotai/tut_ws/src/iar_amcl_sensor_model -DCMAKE_INSTALL_PREFIX=/home/robotai/tut_ws/install/iar_amcl_sensor_model
[3.905s] DEBUG:colcon.colcon_core.event_handler.log_command:Invoking command in '/home/robotai/tut_ws/build/iar_amcl_sensor_model': CMAKE_PREFIX_PATH=/opt/ros/humble /usr/bin/cmake --build /home/robotai/tut_ws/build/iar_amcl_sensor_model -- -j6 -l6
[11.991s] DEBUG:colcon.colcon_core.event_handler.log_command:Invoked command in '/home/robotai/tut_ws/build/robot_motion_controller' returned '0': CMAKE_PREFIX_PATH=/opt/ros/humble /usr/bin/cmake --build /home/robotai/tut_ws/build/robot_motion_controller -- -j6 -l6
[11.997s] DEBUG:colcon.colcon_core.event_handler.log_command:Invoking command in '/home/robotai/tut_ws/build/robot_motion_controller': CMAKE_PREFIX_PATH=/opt/ros/humble /usr/bin/cmake --install /home/robotai/tut_ws/build/robot_motion_controller
[12.019s] Level 1:colcon.colcon_core.environment:create_environment_scripts_only(robot_motion_controller)
[12.020s] Level 1:colcon.colcon_core.environment:checking '/home/robotai/tut_ws/install/robot_motion_controller' for CMake module files
[12.020s] DEBUG:colcon.colcon_core.event_handler.log_command:Invoked command in '/home/robotai/tut_ws/build/robot_motion_controller' returned '0': CMAKE_PREFIX_PATH=/opt/ros/humble /usr/bin/cmake --install /home/robotai/tut_ws/build/robot_motion_controller
[12.022s] Level 1:colcon.colcon_core.environment:checking '/home/robotai/tut_ws/install/robot_motion_controller' for CMake config files
[12.030s] Level 1:colcon.colcon_core.shell:create_environment_hook('robot_motion_controller', 'cmake_prefix_path')
[12.031s] INFO:colcon.colcon_core.shell:Creating environment hook '/home/robotai/tut_ws/install/robot_motion_controller/share/robot_motion_controller/hook/cmake_prefix_path.ps1'
[12.032s] INFO:colcon.colcon_core.shell:Creating environment descriptor '/home/robotai/tut_ws/install/robot_motion_controller/share/robot_motion_controller/hook/cmake_prefix_path.dsv'
[12.032s] INFO:colcon.colcon_core.shell:Creating environment hook '/home/robotai/tut_ws/install/robot_motion_controller/share/robot_motion_controller/hook/cmake_prefix_path.sh'
[12.033s] Level 1:colcon.colcon_core.environment:checking '/home/robotai/tut_ws/install/robot_motion_controller/lib'
[12.033s] Level 1:colcon.colcon_core.environment:checking '/home/robotai/tut_ws/install/robot_motion_controller/bin'
[12.033s] Level 1:colcon.colcon_core.environment:checking '/home/robotai/tut_ws/install/robot_motion_controller/lib/pkgconfig/robot_motion_controller.pc'
[12.034s] Level 1:colcon.colcon_core.environment:checking '/home/robotai/tut_ws/install/robot_motion_controller/lib/python3.10/site-packages'
[12.034s] Level 1:colcon.colcon_core.environment:checking '/home/robotai/tut_ws/install/robot_motion_controller/bin'
[12.034s] INFO:colcon.colcon_core.shell:Creating package script '/home/robotai/tut_ws/install/robot_motion_controller/share/robot_motion_controller/package.ps1'
[12.034s] INFO:colcon.colcon_core.shell:Creating package descriptor '/home/robotai/tut_ws/install/robot_motion_controller/share/robot_motion_controller/package.dsv'
[12.035s] INFO:colcon.colcon_core.shell:Creating package script '/home/robotai/tut_ws/install/robot_motion_controller/share/robot_motion_controller/package.sh'
[12.035s] INFO:colcon.colcon_core.shell:Creating package script '/home/robotai/tut_ws/install/robot_motion_controller/share/robot_motion_controller/package.bash'
[12.035s] INFO:colcon.colcon_core.shell:Creating package script '/home/robotai/tut_ws/install/robot_motion_controller/share/robot_motion_controller/package.zsh'
[12.036s] Level 1:colcon.colcon_core.environment:create_file_with_runtime_dependencies(/home/robotai/tut_ws/install/robot_motion_controller/share/colcon-core/packages/robot_motion_controller)
[12.036s] Level 1:colcon.colcon_core.environment:create_environment_scripts_only(robot_motion_controller)
[12.036s] Level 1:colcon.colcon_core.environment:checking '/home/robotai/tut_ws/install/robot_motion_controller' for CMake module files
[12.037s] Level 1:colcon.colcon_core.environment:checking '/home/robotai/tut_ws/install/robot_motion_controller' for CMake config files
[12.037s] Level 1:colcon.colcon_core.shell:create_environment_hook('robot_motion_controller', 'cmake_prefix_path')
[12.037s] INFO:colcon.colcon_core.shell:Creating environment hook '/home/robotai/tut_ws/install/robot_motion_controller/share/robot_motion_controller/hook/cmake_prefix_path.ps1'
[12.038s] INFO:colcon.colcon_core.shell:Creating environment descriptor '/home/robotai/tut_ws/install/robot_motion_controller/share/robot_motion_controller/hook/cmake_prefix_path.dsv'
[12.038s] INFO:colcon.colcon_core.shell:Creating environment hook '/home/robotai/tut_ws/install/robot_motion_controller/share/robot_motion_controller/hook/cmake_prefix_path.sh'
[12.038s] Level 1:colcon.colcon_core.environment:checking '/home/robotai/tut_ws/install/robot_motion_controller/lib'
[12.038s] Level 1:colcon.colcon_core.environment:checking '/home/robotai/tut_ws/install/robot_motion_controller/bin'
[12.038s] Level 1:colcon.colcon_core.environment:checking '/home/robotai/tut_ws/install/robot_motion_controller/lib/pkgconfig/robot_motion_controller.pc'
[12.039s] Level 1:colcon.colcon_core.environment:checking '/home/robotai/tut_ws/install/robot_motion_controller/lib/python3.10/site-packages'
[12.039s] Level 1:colcon.colcon_core.environment:checking '/home/robotai/tut_ws/install/robot_motion_controller/bin'
[12.039s] INFO:colcon.colcon_core.shell:Creating package script '/home/robotai/tut_ws/install/robot_motion_controller/share/robot_motion_controller/package.ps1'
[12.039s] INFO:colcon.colcon_core.shell:Creating package descriptor '/home/robotai/tut_ws/install/robot_motion_controller/share/robot_motion_controller/package.dsv'
[12.040s] INFO:colcon.colcon_core.shell:Creating package script '/home/robotai/tut_ws/install/robot_motion_controller/share/robot_motion_controller/package.sh'
[12.040s] INFO:colcon.colcon_core.shell:Creating package script '/home/robotai/tut_ws/install/robot_motion_controller/share/robot_motion_controller/package.bash'
[12.041s] INFO:colcon.colcon_core.shell:Creating package script '/home/robotai/tut_ws/install/robot_motion_controller/share/robot_motion_controller/package.zsh'
[12.041s] Level 1:colcon.colcon_core.environment:create_file_with_runtime_dependencies(/home/robotai/tut_ws/install/robot_motion_controller/share/colcon-core/packages/robot_motion_controller)
[26.098s] DEBUG:colcon.colcon_core.event_handler.log_command:Invoked command in '/home/robotai/tut_ws/build/iar_amcl_sensor_model' returned '0': CMAKE_PREFIX_PATH=/opt/ros/humble /usr/bin/cmake --build /home/robotai/tut_ws/build/iar_amcl_sensor_model -- -j6 -l6
[26.100s] DEBUG:colcon.colcon_core.event_handler.log_command:Invoking command in '/home/robotai/tut_ws/build/iar_amcl_sensor_model': CMAKE_PREFIX_PATH=/opt/ros/humble /usr/bin/cmake --install /home/robotai/tut_ws/build/iar_amcl_sensor_model
[26.125s] Level 1:colcon.colcon_core.environment:create_environment_scripts_only(iar_amcl_sensor_model)
[26.126s] Level 1:colcon.colcon_core.environment:checking '/home/robotai/tut_ws/install/iar_amcl_sensor_model' for CMake module files
[26.126s] DEBUG:colcon.colcon_core.event_handler.log_command:Invoked command in '/home/robotai/tut_ws/build/iar_amcl_sensor_model' returned '0': CMAKE_PREFIX_PATH=/opt/ros/humble /usr/bin/cmake --install /home/robotai/tut_ws/build/iar_amcl_sensor_model
[26.126s] Level 1:colcon.colcon_core.environment:checking '/home/robotai/tut_ws/install/iar_amcl_sensor_model' for CMake config files
[26.127s] Level 1:colcon.colcon_core.shell:create_environment_hook('iar_amcl_sensor_model', 'cmake_prefix_path')
[26.127s] INFO:colcon.colcon_core.shell:Creating environment hook '/home/robotai/tut_ws/install/iar_amcl_sensor_model/share/iar_amcl_sensor_model/hook/cmake_prefix_path.ps1'
[26.127s] INFO:colcon.colcon_core.shell:Creating environment descriptor '/home/robotai/tut_ws/install/iar_amcl_sensor_model/share/iar_amcl_sensor_model/hook/cmake_prefix_path.dsv'
[26.128s] INFO:colcon.colcon_core.shell:Creating environment hook '/home/robotai/tut_ws/install/iar_amcl_sensor_model/share/iar_amcl_sensor_model/hook/cmake_prefix_path.sh'
[26.128s] Level 1:colcon.colcon_core.environment:checking '/home/robotai/tut_ws/install/iar_amcl_sensor_model/lib'
[26.128s] Level 1:colcon.colcon_core.environment:checking '/home/robotai/tut_ws/install/iar_amcl_sensor_model/bin'
[26.128s] Level 1:colcon.colcon_core.environment:checking '/home/robotai/tut_ws/install/iar_amcl_sensor_model/lib/pkgconfig/iar_amcl_sensor_model.pc'
[26.129s] Level 1:colcon.colcon_core.environment:checking '/home/robotai/tut_ws/install/iar_amcl_sensor_model/lib/python3.10/site-packages'
[26.129s] Level 1:colcon.colcon_core.environment:checking '/home/robotai/tut_ws/install/iar_amcl_sensor_model/bin'
[26.129s] INFO:colcon.colcon_core.shell:Creating package script '/home/robotai/tut_ws/install/iar_amcl_sensor_model/share/iar_amcl_sensor_model/package.ps1'
[26.129s] INFO:colcon.colcon_core.shell:Creating package descriptor '/home/robotai/tut_ws/install/iar_amcl_sensor_model/share/iar_amcl_sensor_model/package.dsv'
[26.130s] INFO:colcon.colcon_core.shell:Creating package script '/home/robotai/tut_ws/install/iar_amcl_sensor_model/share/iar_amcl_sensor_model/package.sh'
[26.130s] INFO:colcon.colcon_core.shell:Creating package script '/home/robotai/tut_ws/install/iar_amcl_sensor_model/share/iar_amcl_sensor_model/package.bash'
[26.130s] INFO:colcon.colcon_core.shell:Creating package script '/home/robotai/tut_ws/install/iar_amcl_sensor_model/share/iar_amcl_sensor_model/package.zsh'
[26.131s] Level 1:colcon.colcon_core.environment:create_file_with_runtime_dependencies(/home/robotai/tut_ws/install/iar_amcl_sensor_model/share/colcon-core/packages/iar_amcl_sensor_model)
[26.131s] Level 1:colcon.colcon_core.environment:create_environment_scripts_only(iar_amcl_sensor_model)
[26.131s] Level 1:colcon.colcon_core.environment:checking '/home/robotai/tut_ws/install/iar_amcl_sensor_model' for CMake module files
[26.132s] Level 1:colcon.colcon_core.environment:checking '/home/robotai/tut_ws/install/iar_amcl_sensor_model' for CMake config files
[26.132s] Level 1:colcon.colcon_core.shell:create_environment_hook('iar_amcl_sensor_model', 'cmake_prefix_path')
[26.132s] INFO:colcon.colcon_core.shell:Creating environment hook '/home/robotai/tut_ws/install/iar_amcl_sensor_model/share/iar_amcl_sensor_model/hook/cmake_prefix_path.ps1'
[26.133s] INFO:colcon.colcon_core.shell:Creating environment descriptor '/home/robotai/tut_ws/install/iar_amcl_sensor_model/share/iar_amcl_sensor_model/hook/cmake_prefix_path.dsv'
[26.133s] INFO:colcon.colcon_core.shell:Creating environment hook '/home/robotai/tut_ws/install/iar_amcl_sensor_model/share/iar_amcl_sensor_model/hook/cmake_prefix_path.sh'
[26.133s] Level 1:colcon.colcon_core.environment:checking '/home/robotai/tut_ws/install/iar_amcl_sensor_model/lib'
[26.133s] Level 1:colcon.colcon_core.environment:checking '/home/robotai/tut_ws/install/iar_amcl_sensor_model/bin'
[26.134s] Level 1:colcon.colcon_core.environment:checking '/home/robotai/tut_ws/install/iar_amcl_sensor_model/lib/pkgconfig/iar_amcl_sensor_model.pc'
[26.134s] Level 1:colcon.colcon_core.environment:checking '/home/robotai/tut_ws/install/iar_amcl_sensor_model/lib/python3.10/site-packages'
[26.134s] Level 1:colcon.colcon_core.environment:checking '/home/robotai/tut_ws/install/iar_amcl_sensor_model/bin'
[26.134s] INFO:colcon.colcon_core.shell:Creating package script '/home/robotai/tut_ws/install/iar_amcl_sensor_model/share/iar_amcl_sensor_model/package.ps1'
[26.135s] INFO:colcon.colcon_core.shell:Creating package descriptor '/home/robotai/tut_ws/install/iar_amcl_sensor_model/share/iar_amcl_sensor_model/package.dsv'
[26.135s] INFO:colcon.colcon_core.shell:Creating package script '/home/robotai/tut_ws/install/iar_amcl_sensor_model/share/iar_amcl_sensor_model/package.sh'
[26.135s] INFO:colcon.colcon_core.shell:Creating package script '/home/robotai/tut_ws/install/iar_amcl_sensor_model/share/iar_amcl_sensor_model/package.bash'
[26.136s] INFO:colcon.colcon_core.shell:Creating package script '/home/robotai/tut_ws/install/iar_amcl_sensor_model/share/iar_amcl_sensor_model/package.zsh'
[26.139s] Level 1:colcon.colcon_core.environment:create_file_with_runtime_dependencies(/home/robotai/tut_ws/install/iar_amcl_sensor_model/share/colcon-core/packages/iar_amcl_sensor_model)
[26.139s] DEBUG:colcon.colcon_parallel_executor.executor.parallel:closing loop
[26.140s] DEBUG:colcon.colcon_parallel_executor.executor.parallel:loop closed
[26.140s] DEBUG:colcon.colcon_parallel_executor.executor.parallel:run_until_complete finished with '0'
[26.140s] DEBUG:colcon.colcon_core.event_reactor:joining thread
[26.166s] INFO:colcon.colcon_core.plugin_system:Skipping extension 'colcon_notification.desktop_notification.terminal_notifier': Not used on non-Darwin systems
[26.166s] INFO:colcon.colcon_core.plugin_system:Skipping extension 'colcon_notification.desktop_notification.win32': Not used on non-Windows systems
[26.166s] INFO:colcon.colcon_notification.desktop_notification:Sending desktop notification using 'notify2'
[26.209s] DEBUG:colcon.colcon_core.event_reactor:joined thread
[26.210s] INFO:colcon.colcon_core.shell:Creating prefix script '/home/robotai/tut_ws/install/local_setup.ps1'
[26.214s] INFO:colcon.colcon_core.shell:Creating prefix util module '/home/robotai/tut_ws/install/_local_setup_util_ps1.py'
[26.216s] INFO:colcon.colcon_core.shell:Creating prefix chain script '/home/robotai/tut_ws/install/setup.ps1'
[26.219s] INFO:colcon.colcon_core.shell:Creating prefix script '/home/robotai/tut_ws/install/local_setup.sh'
[26.220s] INFO:colcon.colcon_core.shell:Creating prefix util module '/home/robotai/tut_ws/install/_local_setup_util_sh.py'
[26.220s] INFO:colcon.colcon_core.shell:Creating prefix chain script '/home/robotai/tut_ws/install/setup.sh'
[26.222s] INFO:colcon.colcon_core.shell:Creating prefix script '/home/robotai/tut_ws/install/local_setup.bash'
[26.225s] INFO:colcon.colcon_core.shell:Creating prefix chain script '/home/robotai/tut_ws/install/setup.bash'
[26.226s] INFO:colcon.colcon_core.shell:Creating prefix script '/home/robotai/tut_ws/install/local_setup.zsh'
[26.228s] INFO:colcon.colcon_core.shell:Creating prefix chain script '/home/robotai/tut_ws/install/setup.zsh'
