[0.047s] Invoking command in '/home/robotai/tut_ws/build/iar_amcl_sensor_model': CMAKE_PREFIX_PATH=/opt/ros/humble /usr/bin/cmake --build /home/robotai/tut_ws/build/iar_amcl_sensor_model -- -j6 -l6
[0.112s] [35m[1mConsolidate compiler generated dependencies of target iar_amcl[0m
[0.142s] [100%] Built target iar_amcl
[0.210s] Invoked command in '/home/robotai/tut_ws/build/iar_amcl_sensor_model' returned '0': CMAKE_PREFIX_PATH=/opt/ros/humble /usr/bin/cmake --build /home/robotai/tut_ws/build/iar_amcl_sensor_model -- -j6 -l6
[0.229s] Invoking command in '/home/robotai/tut_ws/build/iar_amcl_sensor_model': CMAKE_PREFIX_PATH=/opt/ros/humble /usr/bin/cmake --install /home/robotai/tut_ws/build/iar_amcl_sensor_model
[0.244s] -- Install configuration: ""
[0.250s] -- Installing: /home/robotai/tut_ws/install/iar_amcl_sensor_model/lib/iar_amcl_sensor_model/iar_amcl
[0.255s] -- Set runtime path of "/home/robotai/tut_ws/install/iar_amcl_sensor_model/lib/iar_amcl_sensor_model/iar_amcl" to ""
[0.255s] -- Up-to-date: /home/robotai/tut_ws/install/iar_amcl_sensor_model/share/iar_amcl_sensor_model//launch
[0.256s] -- Up-to-date: /home/robotai/tut_ws/install/iar_amcl_sensor_model/share/iar_amcl_sensor_model//launch/localisation_launch.py
[0.256s] -- Up-to-date: /home/robotai/tut_ws/install/iar_amcl_sensor_model/share/iar_amcl_sensor_model//config
[0.256s] -- Up-to-date: /home/robotai/tut_ws/install/iar_amcl_sensor_model/share/iar_amcl_sensor_model//config/localisation.yaml
[0.256s] -- Up-to-date: /home/robotai/tut_ws/install/iar_amcl_sensor_model/share/iar_amcl_sensor_model//map
[0.256s] -- Up-to-date: /home/robotai/tut_ws/install/iar_amcl_sensor_model/share/iar_amcl_sensor_model//map/office_ICTE4001_sim.yaml
[0.256s] -- Up-to-date: /home/robotai/tut_ws/install/iar_amcl_sensor_model/share/iar_amcl_sensor_model//map/office_ICTE4001_sim.pgm
[0.256s] -- Up-to-date: /home/robotai/tut_ws/install/iar_amcl_sensor_model/share/ament_index/resource_index/package_run_dependencies/iar_amcl_sensor_model
[0.256s] -- Up-to-date: /home/robotai/tut_ws/install/iar_amcl_sensor_model/share/ament_index/resource_index/parent_prefix_path/iar_amcl_sensor_model
[0.256s] -- Installing: /home/robotai/tut_ws/install/iar_amcl_sensor_model/share/iar_amcl_sensor_model/environment/ament_prefix_path.sh
[0.256s] -- Installing: /home/robotai/tut_ws/install/iar_amcl_sensor_model/share/iar_amcl_sensor_model/environment/ament_prefix_path.dsv
[0.256s] -- Installing: /home/robotai/tut_ws/install/iar_amcl_sensor_model/share/iar_amcl_sensor_model/environment/path.sh
[0.256s] -- Installing: /home/robotai/tut_ws/install/iar_amcl_sensor_model/share/iar_amcl_sensor_model/environment/path.dsv
[0.257s] -- Up-to-date: /home/robotai/tut_ws/install/iar_amcl_sensor_model/share/iar_amcl_sensor_model/local_setup.bash
[0.257s] -- Up-to-date: /home/robotai/tut_ws/install/iar_amcl_sensor_model/share/iar_amcl_sensor_model/local_setup.sh
[0.257s] -- Up-to-date: /home/robotai/tut_ws/install/iar_amcl_sensor_model/share/iar_amcl_sensor_model/local_setup.zsh
[0.257s] -- Installing: /home/robotai/tut_ws/install/iar_amcl_sensor_model/share/iar_amcl_sensor_model/local_setup.dsv
[0.257s] -- Installing: /home/robotai/tut_ws/install/iar_amcl_sensor_model/share/iar_amcl_sensor_model/package.dsv
[0.257s] -- Up-to-date: /home/robotai/tut_ws/install/iar_amcl_sensor_model/share/ament_index/resource_index/packages/iar_amcl_sensor_model
[0.257s] -- Up-to-date: /home/robotai/tut_ws/install/iar_amcl_sensor_model/share/iar_amcl_sensor_model/cmake/iar_amcl_sensor_modelConfig.cmake
[0.257s] -- Up-to-date: /home/robotai/tut_ws/install/iar_amcl_sensor_model/share/iar_amcl_sensor_model/cmake/iar_amcl_sensor_modelConfig-version.cmake
[0.257s] -- Up-to-date: /home/robotai/tut_ws/install/iar_amcl_sensor_model/share/iar_amcl_sensor_model/package.xml
[0.262s] Invoked command in '/home/robotai/tut_ws/build/iar_amcl_sensor_model' returned '0': CMAKE_PREFIX_PATH=/opt/ros/humble /usr/bin/cmake --install /home/robotai/tut_ws/build/iar_amcl_sensor_model
