[0.101s] DEBUG:colcon:Command line arguments: ['/usr/bin/colcon', 'build']
[0.101s] DEBUG:colcon:Parsed command line arguments: Namespace(log_base=None, log_level=None, verb_name='build', build_base='build', install_base='install', merge_install=False, symlink_install=False, test_result_base=None, continue_on_error=False, executor='parallel', parallel_workers=6, event_handlers=None, ignore_user_meta=False, metas=['./colcon.meta'], base_paths=['.'], packages_ignore=None, packages_ignore_regex=None, paths=None, packages_up_to=None, packages_up_to_regex=None, packages_above=None, packages_above_and_dependencies=None, packages_above_depth=None, packages_select_by_dep=None, packages_skip_by_dep=None, packages_skip_up_to=None, packages_select_build_failed=False, packages_skip_build_finished=False, packages_select_test_failures=False, packages_skip_test_passed=False, packages_select=None, packages_skip=None, packages_select_regex=None, packages_skip_regex=None, packages_start=None, packages_end=None, allow_overriding=[], cmake_args=None, cmake_target=None, cmake_target_skip_unavailable=False, cmake_clean_cache=False, cmake_clean_first=False, cmake_force_configure=False, ament_cmake_args=None, catkin_cmake_args=None, catkin_skip_building_tests=False, mixin_files=None, mixin=None, verb_parser=<colcon_mixin.mixin.mixin_argument.MixinArgumentDecorator object at 0x7ac559559d80>, verb_extension=<colcon_core.verb.build.BuildVerb object at 0x7ac559559750>, main=<bound method BuildVerb.main of <colcon_core.verb.build.BuildVerb object at 0x7ac559559750>>, mixin_verb=('build',))
[0.253s] Level 1:colcon.colcon_core.package_discovery:discover_packages(colcon_meta) check parameters
[0.253s] Level 1:colcon.colcon_core.package_discovery:discover_packages(recursive) check parameters
[0.253s] Level 1:colcon.colcon_core.package_discovery:discover_packages(ignore) check parameters
[0.253s] Level 1:colcon.colcon_core.package_discovery:discover_packages(path) check parameters
[0.253s] Level 1:colcon.colcon_core.package_discovery:discover_packages(colcon_meta) discover
[0.253s] Level 1:colcon.colcon_core.package_discovery:discover_packages(recursive) discover
[0.253s] INFO:colcon.colcon_core.package_discovery:Crawling recursively for packages in '/home/robotai/tut_ws'
[0.253s] Level 1:colcon.colcon_core.package_identification:_identify(.) by extensions ['ignore', 'ignore_ament_install']
[0.253s] Level 1:colcon.colcon_core.package_identification:_identify(.) by extension 'ignore'
[0.253s] Level 1:colcon.colcon_core.package_identification:_identify(.) by extension 'ignore_ament_install'
[0.253s] Level 1:colcon.colcon_core.package_identification:_identify(.) by extensions ['colcon_pkg']
[0.253s] Level 1:colcon.colcon_core.package_identification:_identify(.) by extension 'colcon_pkg'
[0.253s] Level 1:colcon.colcon_core.package_identification:_identify(.) by extensions ['colcon_meta']
[0.253s] Level 1:colcon.colcon_core.package_identification:_identify(.) by extension 'colcon_meta'
[0.254s] Level 1:colcon.colcon_core.package_identification:_identify(.) by extensions ['ros']
[0.254s] Level 1:colcon.colcon_core.package_identification:_identify(.) by extension 'ros'
[0.264s] Level 1:colcon.colcon_core.package_identification:_identify(.) by extensions ['cmake', 'python']
[0.264s] Level 1:colcon.colcon_core.package_identification:_identify(.) by extension 'cmake'
[0.264s] Level 1:colcon.colcon_core.package_identification:_identify(.) by extension 'python'
[0.264s] Level 1:colcon.colcon_core.package_identification:_identify(.) by extensions ['python_setup_py']
[0.264s] Level 1:colcon.colcon_core.package_identification:_identify(.) by extension 'python_setup_py'
[0.264s] Level 1:colcon.colcon_core.package_identification:_identify(build) by extensions ['ignore', 'ignore_ament_install']
[0.264s] Level 1:colcon.colcon_core.package_identification:_identify(build) by extension 'ignore'
[0.264s] Level 1:colcon.colcon_core.package_identification:_identify(build) ignored
[0.264s] Level 1:colcon.colcon_core.package_identification:_identify(install) by extensions ['ignore', 'ignore_ament_install']
[0.264s] Level 1:colcon.colcon_core.package_identification:_identify(install) by extension 'ignore'
[0.264s] Level 1:colcon.colcon_core.package_identification:_identify(install) ignored
[0.264s] Level 1:colcon.colcon_core.package_identification:_identify(log) by extensions ['ignore', 'ignore_ament_install']
[0.264s] Level 1:colcon.colcon_core.package_identification:_identify(log) by extension 'ignore'
[0.264s] Level 1:colcon.colcon_core.package_identification:_identify(log) ignored
[0.265s] Level 1:colcon.colcon_core.package_identification:_identify(src) by extensions ['ignore', 'ignore_ament_install']
[0.265s] Level 1:colcon.colcon_core.package_identification:_identify(src) by extension 'ignore'
[0.265s] Level 1:colcon.colcon_core.package_identification:_identify(src) by extension 'ignore_ament_install'
[0.265s] Level 1:colcon.colcon_core.package_identification:_identify(src) by extensions ['colcon_pkg']
[0.265s] Level 1:colcon.colcon_core.package_identification:_identify(src) by extension 'colcon_pkg'
[0.265s] Level 1:colcon.colcon_core.package_identification:_identify(src) by extensions ['colcon_meta']
[0.265s] Level 1:colcon.colcon_core.package_identification:_identify(src) by extension 'colcon_meta'
[0.265s] Level 1:colcon.colcon_core.package_identification:_identify(src) by extensions ['ros']
[0.265s] Level 1:colcon.colcon_core.package_identification:_identify(src) by extension 'ros'
[0.265s] Level 1:colcon.colcon_core.package_identification:_identify(src) by extensions ['cmake', 'python']
[0.265s] Level 1:colcon.colcon_core.package_identification:_identify(src) by extension 'cmake'
[0.265s] Level 1:colcon.colcon_core.package_identification:_identify(src) by extension 'python'
[0.265s] Level 1:colcon.colcon_core.package_identification:_identify(src) by extensions ['python_setup_py']
[0.265s] Level 1:colcon.colcon_core.package_identification:_identify(src) by extension 'python_setup_py'
[0.265s] Level 1:colcon.colcon_core.package_identification:_identify(src/diff_drive_robot_gz_sim) by extensions ['ignore', 'ignore_ament_install']
[0.265s] Level 1:colcon.colcon_core.package_identification:_identify(src/diff_drive_robot_gz_sim) by extension 'ignore'
[0.265s] Level 1:colcon.colcon_core.package_identification:_identify(src/diff_drive_robot_gz_sim) by extension 'ignore_ament_install'
[0.265s] Level 1:colcon.colcon_core.package_identification:_identify(src/diff_drive_robot_gz_sim) by extensions ['colcon_pkg']
[0.265s] Level 1:colcon.colcon_core.package_identification:_identify(src/diff_drive_robot_gz_sim) by extension 'colcon_pkg'
[0.265s] Level 1:colcon.colcon_core.package_identification:_identify(src/diff_drive_robot_gz_sim) by extensions ['colcon_meta']
[0.265s] Level 1:colcon.colcon_core.package_identification:_identify(src/diff_drive_robot_gz_sim) by extension 'colcon_meta'
[0.265s] Level 1:colcon.colcon_core.package_identification:_identify(src/diff_drive_robot_gz_sim) by extensions ['ros']
[0.265s] Level 1:colcon.colcon_core.package_identification:_identify(src/diff_drive_robot_gz_sim) by extension 'ros'
[0.267s] DEBUG:colcon.colcon_core.package_identification:Package 'src/diff_drive_robot_gz_sim' with type 'ros.ament_cmake' and name 'diff_drive_robot_gz_sim'
[0.268s] Level 1:colcon.colcon_core.package_identification:_identify(src/iar_amcl_node) by extensions ['ignore', 'ignore_ament_install']
[0.268s] Level 1:colcon.colcon_core.package_identification:_identify(src/iar_amcl_node) by extension 'ignore'
[0.268s] Level 1:colcon.colcon_core.package_identification:_identify(src/iar_amcl_node) by extension 'ignore_ament_install'
[0.268s] Level 1:colcon.colcon_core.package_identification:_identify(src/iar_amcl_node) by extensions ['colcon_pkg']
[0.268s] Level 1:colcon.colcon_core.package_identification:_identify(src/iar_amcl_node) by extension 'colcon_pkg'
[0.268s] Level 1:colcon.colcon_core.package_identification:_identify(src/iar_amcl_node) by extensions ['colcon_meta']
[0.268s] Level 1:colcon.colcon_core.package_identification:_identify(src/iar_amcl_node) by extension 'colcon_meta'
[0.268s] Level 1:colcon.colcon_core.package_identification:_identify(src/iar_amcl_node) by extensions ['ros']
[0.268s] Level 1:colcon.colcon_core.package_identification:_identify(src/iar_amcl_node) by extension 'ros'
[0.269s] DEBUG:colcon.colcon_core.package_identification:Package 'src/iar_amcl_node' with type 'ros.ament_cmake' and name 'iar_amcl_node'
[0.270s] Level 1:colcon.colcon_core.package_identification:_identify(src/iar_amcl_sensor_model) by extensions ['ignore', 'ignore_ament_install']
[0.270s] Level 1:colcon.colcon_core.package_identification:_identify(src/iar_amcl_sensor_model) by extension 'ignore'
[0.270s] Level 1:colcon.colcon_core.package_identification:_identify(src/iar_amcl_sensor_model) by extension 'ignore_ament_install'
[0.270s] Level 1:colcon.colcon_core.package_identification:_identify(src/iar_amcl_sensor_model) by extensions ['colcon_pkg']
[0.270s] Level 1:colcon.colcon_core.package_identification:_identify(src/iar_amcl_sensor_model) by extension 'colcon_pkg'
[0.270s] Level 1:colcon.colcon_core.package_identification:_identify(src/iar_amcl_sensor_model) by extensions ['colcon_meta']
[0.270s] Level 1:colcon.colcon_core.package_identification:_identify(src/iar_amcl_sensor_model) by extension 'colcon_meta'
[0.270s] Level 1:colcon.colcon_core.package_identification:_identify(src/iar_amcl_sensor_model) by extensions ['ros']
[0.270s] Level 1:colcon.colcon_core.package_identification:_identify(src/iar_amcl_sensor_model) by extension 'ros'
[0.271s] DEBUG:colcon.colcon_core.package_identification:Package 'src/iar_amcl_sensor_model' with type 'ros.ament_cmake' and name 'iar_amcl_sensor_model'
[0.271s] Level 1:colcon.colcon_core.package_identification:_identify(src/iar_dijkstra_planner) by extensions ['ignore', 'ignore_ament_install']
[0.271s] Level 1:colcon.colcon_core.package_identification:_identify(src/iar_dijkstra_planner) by extension 'ignore'
[0.271s] Level 1:colcon.colcon_core.package_identification:_identify(src/iar_dijkstra_planner) by extension 'ignore_ament_install'
[0.271s] Level 1:colcon.colcon_core.package_identification:_identify(src/iar_dijkstra_planner) by extensions ['colcon_pkg']
[0.272s] Level 1:colcon.colcon_core.package_identification:_identify(src/iar_dijkstra_planner) by extension 'colcon_pkg'
[0.272s] Level 1:colcon.colcon_core.package_identification:_identify(src/iar_dijkstra_planner) by extensions ['colcon_meta']
[0.272s] Level 1:colcon.colcon_core.package_identification:_identify(src/iar_dijkstra_planner) by extension 'colcon_meta'
[0.272s] Level 1:colcon.colcon_core.package_identification:_identify(src/iar_dijkstra_planner) by extensions ['ros']
[0.272s] Level 1:colcon.colcon_core.package_identification:_identify(src/iar_dijkstra_planner) by extension 'ros'
[0.273s] DEBUG:colcon.colcon_core.package_identification:Package 'src/iar_dijkstra_planner' with type 'ros.ament_cmake' and name 'iar_dijkstra_planner'
[0.273s] Level 1:colcon.colcon_core.package_identification:_identify(src/robot_motion_controller) by extensions ['ignore', 'ignore_ament_install']
[0.273s] Level 1:colcon.colcon_core.package_identification:_identify(src/robot_motion_controller) by extension 'ignore'
[0.273s] Level 1:colcon.colcon_core.package_identification:_identify(src/robot_motion_controller) by extension 'ignore_ament_install'
[0.273s] Level 1:colcon.colcon_core.package_identification:_identify(src/robot_motion_controller) by extensions ['colcon_pkg']
[0.273s] Level 1:colcon.colcon_core.package_identification:_identify(src/robot_motion_controller) by extension 'colcon_pkg'
[0.273s] Level 1:colcon.colcon_core.package_identification:_identify(src/robot_motion_controller) by extensions ['colcon_meta']
[0.273s] Level 1:colcon.colcon_core.package_identification:_identify(src/robot_motion_controller) by extension 'colcon_meta'
[0.273s] Level 1:colcon.colcon_core.package_identification:_identify(src/robot_motion_controller) by extensions ['ros']
[0.273s] Level 1:colcon.colcon_core.package_identification:_identify(src/robot_motion_controller) by extension 'ros'
[0.274s] DEBUG:colcon.colcon_core.package_identification:Package 'src/robot_motion_controller' with type 'ros.ament_cmake' and name 'robot_motion_controller'
[0.274s] Level 1:colcon.colcon_core.package_discovery:discover_packages(recursive) using defaults
[0.274s] Level 1:colcon.colcon_core.package_discovery:discover_packages(ignore) discover
[0.274s] Level 1:colcon.colcon_core.package_discovery:discover_packages(ignore) using defaults
[0.274s] Level 1:colcon.colcon_core.package_discovery:discover_packages(path) discover
[0.274s] Level 1:colcon.colcon_core.package_discovery:discover_packages(path) using defaults
[0.305s] Level 1:colcon.colcon_core.package_discovery:discover_packages(prefix_path) check parameters
[0.305s] Level 1:colcon.colcon_core.package_discovery:discover_packages(prefix_path) discover
[0.307s] DEBUG:colcon.colcon_installed_package_information.package_discovery:Found 387 installed packages in /opt/ros/humble
[0.309s] Level 1:colcon.colcon_core.package_discovery:discover_packages(prefix_path) using defaults
[0.350s] Level 5:colcon.colcon_core.verb:set package 'diff_drive_robot_gz_sim' build argument 'cmake_args' from command line to 'None'
[0.351s] Level 5:colcon.colcon_core.verb:set package 'diff_drive_robot_gz_sim' build argument 'cmake_target' from command line to 'None'
[0.351s] Level 5:colcon.colcon_core.verb:set package 'diff_drive_robot_gz_sim' build argument 'cmake_target_skip_unavailable' from command line to 'False'
[0.351s] Level 5:colcon.colcon_core.verb:set package 'diff_drive_robot_gz_sim' build argument 'cmake_clean_cache' from command line to 'False'
[0.351s] Level 5:colcon.colcon_core.verb:set package 'diff_drive_robot_gz_sim' build argument 'cmake_clean_first' from command line to 'False'
[0.351s] Level 5:colcon.colcon_core.verb:set package 'diff_drive_robot_gz_sim' build argument 'cmake_force_configure' from command line to 'False'
[0.351s] Level 5:colcon.colcon_core.verb:set package 'diff_drive_robot_gz_sim' build argument 'ament_cmake_args' from command line to 'None'
[0.351s] Level 5:colcon.colcon_core.verb:set package 'diff_drive_robot_gz_sim' build argument 'catkin_cmake_args' from command line to 'None'
[0.351s] Level 5:colcon.colcon_core.verb:set package 'diff_drive_robot_gz_sim' build argument 'catkin_skip_building_tests' from command line to 'False'
[0.351s] DEBUG:colcon.colcon_core.verb:Building package 'diff_drive_robot_gz_sim' with the following arguments: {'ament_cmake_args': None, 'build_base': '/home/robotai/tut_ws/build/diff_drive_robot_gz_sim', 'catkin_cmake_args': None, 'catkin_skip_building_tests': False, 'cmake_args': None, 'cmake_clean_cache': False, 'cmake_clean_first': False, 'cmake_force_configure': False, 'cmake_target': None, 'cmake_target_skip_unavailable': False, 'install_base': '/home/robotai/tut_ws/install/diff_drive_robot_gz_sim', 'merge_install': False, 'path': '/home/robotai/tut_ws/src/diff_drive_robot_gz_sim', 'symlink_install': False, 'test_result_base': None}
[0.351s] Level 5:colcon.colcon_core.verb:set package 'iar_amcl_node' build argument 'cmake_args' from command line to 'None'
[0.351s] Level 5:colcon.colcon_core.verb:set package 'iar_amcl_node' build argument 'cmake_target' from command line to 'None'
[0.351s] Level 5:colcon.colcon_core.verb:set package 'iar_amcl_node' build argument 'cmake_target_skip_unavailable' from command line to 'False'
[0.351s] Level 5:colcon.colcon_core.verb:set package 'iar_amcl_node' build argument 'cmake_clean_cache' from command line to 'False'
[0.351s] Level 5:colcon.colcon_core.verb:set package 'iar_amcl_node' build argument 'cmake_clean_first' from command line to 'False'
[0.351s] Level 5:colcon.colcon_core.verb:set package 'iar_amcl_node' build argument 'cmake_force_configure' from command line to 'False'
[0.351s] Level 5:colcon.colcon_core.verb:set package 'iar_amcl_node' build argument 'ament_cmake_args' from command line to 'None'
[0.351s] Level 5:colcon.colcon_core.verb:set package 'iar_amcl_node' build argument 'catkin_cmake_args' from command line to 'None'
[0.351s] Level 5:colcon.colcon_core.verb:set package 'iar_amcl_node' build argument 'catkin_skip_building_tests' from command line to 'False'
[0.352s] DEBUG:colcon.colcon_core.verb:Building package 'iar_amcl_node' with the following arguments: {'ament_cmake_args': None, 'build_base': '/home/robotai/tut_ws/build/iar_amcl_node', 'catkin_cmake_args': None, 'catkin_skip_building_tests': False, 'cmake_args': None, 'cmake_clean_cache': False, 'cmake_clean_first': False, 'cmake_force_configure': False, 'cmake_target': None, 'cmake_target_skip_unavailable': False, 'install_base': '/home/robotai/tut_ws/install/iar_amcl_node', 'merge_install': False, 'path': '/home/robotai/tut_ws/src/iar_amcl_node', 'symlink_install': False, 'test_result_base': None}
[0.352s] Level 5:colcon.colcon_core.verb:set package 'iar_amcl_sensor_model' build argument 'cmake_args' from command line to 'None'
[0.352s] Level 5:colcon.colcon_core.verb:set package 'iar_amcl_sensor_model' build argument 'cmake_target' from command line to 'None'
[0.352s] Level 5:colcon.colcon_core.verb:set package 'iar_amcl_sensor_model' build argument 'cmake_target_skip_unavailable' from command line to 'False'
[0.352s] Level 5:colcon.colcon_core.verb:set package 'iar_amcl_sensor_model' build argument 'cmake_clean_cache' from command line to 'False'
[0.352s] Level 5:colcon.colcon_core.verb:set package 'iar_amcl_sensor_model' build argument 'cmake_clean_first' from command line to 'False'
[0.352s] Level 5:colcon.colcon_core.verb:set package 'iar_amcl_sensor_model' build argument 'cmake_force_configure' from command line to 'False'
[0.352s] Level 5:colcon.colcon_core.verb:set package 'iar_amcl_sensor_model' build argument 'ament_cmake_args' from command line to 'None'
[0.352s] Level 5:colcon.colcon_core.verb:set package 'iar_amcl_sensor_model' build argument 'catkin_cmake_args' from command line to 'None'
[0.352s] Level 5:colcon.colcon_core.verb:set package 'iar_amcl_sensor_model' build argument 'catkin_skip_building_tests' from command line to 'False'
[0.352s] DEBUG:colcon.colcon_core.verb:Building package 'iar_amcl_sensor_model' with the following arguments: {'ament_cmake_args': None, 'build_base': '/home/robotai/tut_ws/build/iar_amcl_sensor_model', 'catkin_cmake_args': None, 'catkin_skip_building_tests': False, 'cmake_args': None, 'cmake_clean_cache': False, 'cmake_clean_first': False, 'cmake_force_configure': False, 'cmake_target': None, 'cmake_target_skip_unavailable': False, 'install_base': '/home/robotai/tut_ws/install/iar_amcl_sensor_model', 'merge_install': False, 'path': '/home/robotai/tut_ws/src/iar_amcl_sensor_model', 'symlink_install': False, 'test_result_base': None}
[0.352s] Level 5:colcon.colcon_core.verb:set package 'iar_dijkstra_planner' build argument 'cmake_args' from command line to 'None'
[0.352s] Level 5:colcon.colcon_core.verb:set package 'iar_dijkstra_planner' build argument 'cmake_target' from command line to 'None'
[0.352s] Level 5:colcon.colcon_core.verb:set package 'iar_dijkstra_planner' build argument 'cmake_target_skip_unavailable' from command line to 'False'
[0.352s] Level 5:colcon.colcon_core.verb:set package 'iar_dijkstra_planner' build argument 'cmake_clean_cache' from command line to 'False'
[0.352s] Level 5:colcon.colcon_core.verb:set package 'iar_dijkstra_planner' build argument 'cmake_clean_first' from command line to 'False'
[0.352s] Level 5:colcon.colcon_core.verb:set package 'iar_dijkstra_planner' build argument 'cmake_force_configure' from command line to 'False'
[0.352s] Level 5:colcon.colcon_core.verb:set package 'iar_dijkstra_planner' build argument 'ament_cmake_args' from command line to 'None'
[0.352s] Level 5:colcon.colcon_core.verb:set package 'iar_dijkstra_planner' build argument 'catkin_cmake_args' from command line to 'None'
[0.352s] Level 5:colcon.colcon_core.verb:set package 'iar_dijkstra_planner' build argument 'catkin_skip_building_tests' from command line to 'False'
[0.353s] DEBUG:colcon.colcon_core.verb:Building package 'iar_dijkstra_planner' with the following arguments: {'ament_cmake_args': None, 'build_base': '/home/robotai/tut_ws/build/iar_dijkstra_planner', 'catkin_cmake_args': None, 'catkin_skip_building_tests': False, 'cmake_args': None, 'cmake_clean_cache': False, 'cmake_clean_first': False, 'cmake_force_configure': False, 'cmake_target': None, 'cmake_target_skip_unavailable': False, 'install_base': '/home/robotai/tut_ws/install/iar_dijkstra_planner', 'merge_install': False, 'path': '/home/robotai/tut_ws/src/iar_dijkstra_planner', 'symlink_install': False, 'test_result_base': None}
[0.353s] Level 5:colcon.colcon_core.verb:set package 'robot_motion_controller' build argument 'cmake_args' from command line to 'None'
[0.353s] Level 5:colcon.colcon_core.verb:set package 'robot_motion_controller' build argument 'cmake_target' from command line to 'None'
[0.353s] Level 5:colcon.colcon_core.verb:set package 'robot_motion_controller' build argument 'cmake_target_skip_unavailable' from command line to 'False'
[0.353s] Level 5:colcon.colcon_core.verb:set package 'robot_motion_controller' build argument 'cmake_clean_cache' from command line to 'False'
[0.353s] Level 5:colcon.colcon_core.verb:set package 'robot_motion_controller' build argument 'cmake_clean_first' from command line to 'False'
[0.353s] Level 5:colcon.colcon_core.verb:set package 'robot_motion_controller' build argument 'cmake_force_configure' from command line to 'False'
[0.353s] Level 5:colcon.colcon_core.verb:set package 'robot_motion_controller' build argument 'ament_cmake_args' from command line to 'None'
[0.353s] Level 5:colcon.colcon_core.verb:set package 'robot_motion_controller' build argument 'catkin_cmake_args' from command line to 'None'
[0.353s] Level 5:colcon.colcon_core.verb:set package 'robot_motion_controller' build argument 'catkin_skip_building_tests' from command line to 'False'
[0.353s] DEBUG:colcon.colcon_core.verb:Building package 'robot_motion_controller' with the following arguments: {'ament_cmake_args': None, 'build_base': '/home/robotai/tut_ws/build/robot_motion_controller', 'catkin_cmake_args': None, 'catkin_skip_building_tests': False, 'cmake_args': None, 'cmake_clean_cache': False, 'cmake_clean_first': False, 'cmake_force_configure': False, 'cmake_target': None, 'cmake_target_skip_unavailable': False, 'install_base': '/home/robotai/tut_ws/install/robot_motion_controller', 'merge_install': False, 'path': '/home/robotai/tut_ws/src/robot_motion_controller', 'symlink_install': False, 'test_result_base': None}
[0.353s] INFO:colcon.colcon_core.executor:Executing jobs using 'parallel' executor
[0.354s] DEBUG:colcon.colcon_parallel_executor.executor.parallel:run_until_complete
[0.355s] INFO:colcon.colcon_ros.task.ament_cmake.build:Building ROS package in '/home/robotai/tut_ws/src/diff_drive_robot_gz_sim' with build type 'ament_cmake'
[0.355s] INFO:colcon.colcon_cmake.task.cmake.build:Building CMake package in '/home/robotai/tut_ws/src/diff_drive_robot_gz_sim'
[0.356s] INFO:colcon.colcon_core.plugin_system:Skipping extension 'colcon_core.shell.bat': Not used on non-Windows systems
[0.356s] INFO:colcon.colcon_core.shell:Skip shell extension 'powershell' for command environment: Not usable outside of PowerShell
[0.356s] DEBUG:colcon.colcon_core.shell:Skip shell extension 'dsv' for command environment
[0.359s] INFO:colcon.colcon_ros.task.ament_cmake.build:Building ROS package in '/home/robotai/tut_ws/src/iar_amcl_node' with build type 'ament_cmake'
[0.360s] INFO:colcon.colcon_cmake.task.cmake.build:Building CMake package in '/home/robotai/tut_ws/src/iar_amcl_node'
[0.360s] INFO:colcon.colcon_core.shell:Skip shell extension 'powershell' for command environment: Not usable outside of PowerShell
[0.360s] DEBUG:colcon.colcon_core.shell:Skip shell extension 'dsv' for command environment
[0.362s] INFO:colcon.colcon_ros.task.ament_cmake.build:Building ROS package in '/home/robotai/tut_ws/src/iar_amcl_sensor_model' with build type 'ament_cmake'
[0.363s] INFO:colcon.colcon_cmake.task.cmake.build:Building CMake package in '/home/robotai/tut_ws/src/iar_amcl_sensor_model'
[0.363s] INFO:colcon.colcon_core.shell:Skip shell extension 'powershell' for command environment: Not usable outside of PowerShell
[0.363s] DEBUG:colcon.colcon_core.shell:Skip shell extension 'dsv' for command environment
[0.365s] INFO:colcon.colcon_ros.task.ament_cmake.build:Building ROS package in '/home/robotai/tut_ws/src/iar_dijkstra_planner' with build type 'ament_cmake'
[0.368s] INFO:colcon.colcon_cmake.task.cmake.build:Building CMake package in '/home/robotai/tut_ws/src/iar_dijkstra_planner'
[0.369s] INFO:colcon.colcon_core.shell:Skip shell extension 'powershell' for command environment: Not usable outside of PowerShell
[0.369s] DEBUG:colcon.colcon_core.shell:Skip shell extension 'dsv' for command environment
[0.373s] INFO:colcon.colcon_ros.task.ament_cmake.build:Building ROS package in '/home/robotai/tut_ws/src/robot_motion_controller' with build type 'ament_cmake'
[0.373s] INFO:colcon.colcon_cmake.task.cmake.build:Building CMake package in '/home/robotai/tut_ws/src/robot_motion_controller'
[0.373s] INFO:colcon.colcon_core.shell:Skip shell extension 'powershell' for command environment: Not usable outside of PowerShell
[0.373s] DEBUG:colcon.colcon_core.shell:Skip shell extension 'dsv' for command environment
[0.381s] DEBUG:colcon.colcon_core.event_handler.log_command:Invoking command in '/home/robotai/tut_ws/build/diff_drive_robot_gz_sim': CMAKE_PREFIX_PATH=/opt/ros/humble /usr/bin/cmake --build /home/robotai/tut_ws/build/diff_drive_robot_gz_sim -- -j6 -l6
[0.384s] DEBUG:colcon.colcon_core.event_handler.log_command:Invoking command in '/home/robotai/tut_ws/build/iar_amcl_node': CMAKE_PREFIX_PATH=/opt/ros/humble /usr/bin/cmake --build /home/robotai/tut_ws/build/iar_amcl_node -- -j6 -l6
[0.392s] DEBUG:colcon.colcon_core.event_handler.log_command:Invoking command in '/home/robotai/tut_ws/build/iar_amcl_sensor_model': CMAKE_PREFIX_PATH=/opt/ros/humble /usr/bin/cmake --build /home/robotai/tut_ws/build/iar_amcl_sensor_model -- -j6 -l6
[0.395s] DEBUG:colcon.colcon_core.event_handler.log_command:Invoking command in '/home/robotai/tut_ws/build/iar_dijkstra_planner': CMAKE_PREFIX_PATH=/opt/ros/humble /usr/bin/cmake --build /home/robotai/tut_ws/build/iar_dijkstra_planner -- -j6 -l6
[0.408s] DEBUG:colcon.colcon_core.event_handler.log_command:Invoking command in '/home/robotai/tut_ws/build/robot_motion_controller': CMAKE_PREFIX_PATH=/opt/ros/humble /usr/bin/cmake --build /home/robotai/tut_ws/build/robot_motion_controller -- -j6 -l6
[0.423s] DEBUG:colcon.colcon_core.event_handler.log_command:Invoked command in '/home/robotai/tut_ws/build/diff_drive_robot_gz_sim' returned '0': CMAKE_PREFIX_PATH=/opt/ros/humble /usr/bin/cmake --build /home/robotai/tut_ws/build/diff_drive_robot_gz_sim -- -j6 -l6
[0.430s] DEBUG:colcon.colcon_core.event_handler.log_command:Invoking command in '/home/robotai/tut_ws/build/diff_drive_robot_gz_sim': CMAKE_PREFIX_PATH=/opt/ros/humble /usr/bin/cmake --install /home/robotai/tut_ws/build/diff_drive_robot_gz_sim
[0.454s] Level 1:colcon.colcon_core.environment:create_environment_scripts_only(diff_drive_robot_gz_sim)
[0.456s] Level 1:colcon.colcon_core.environment:checking '/home/robotai/tut_ws/install/diff_drive_robot_gz_sim' for CMake module files
[0.456s] Level 1:colcon.colcon_core.environment:checking '/home/robotai/tut_ws/install/diff_drive_robot_gz_sim' for CMake config files
[0.457s] DEBUG:colcon.colcon_core.event_handler.log_command:Invoked command in '/home/robotai/tut_ws/build/diff_drive_robot_gz_sim' returned '0': CMAKE_PREFIX_PATH=/opt/ros/humble /usr/bin/cmake --install /home/robotai/tut_ws/build/diff_drive_robot_gz_sim
[0.457s] Level 1:colcon.colcon_core.shell:create_environment_hook('diff_drive_robot_gz_sim', 'cmake_prefix_path')
[0.457s] INFO:colcon.colcon_core.shell:Creating environment hook '/home/robotai/tut_ws/install/diff_drive_robot_gz_sim/share/diff_drive_robot_gz_sim/hook/cmake_prefix_path.ps1'
[0.458s] INFO:colcon.colcon_core.shell:Creating environment descriptor '/home/robotai/tut_ws/install/diff_drive_robot_gz_sim/share/diff_drive_robot_gz_sim/hook/cmake_prefix_path.dsv'
[0.458s] INFO:colcon.colcon_core.shell:Creating environment hook '/home/robotai/tut_ws/install/diff_drive_robot_gz_sim/share/diff_drive_robot_gz_sim/hook/cmake_prefix_path.sh'
[0.459s] Level 1:colcon.colcon_core.environment:checking '/home/robotai/tut_ws/install/diff_drive_robot_gz_sim/bin'
[0.459s] Level 1:colcon.colcon_core.environment:checking '/home/robotai/tut_ws/install/diff_drive_robot_gz_sim/lib/pkgconfig/diff_drive_robot_gz_sim.pc'
[0.459s] Level 1:colcon.colcon_core.environment:checking '/home/robotai/tut_ws/install/diff_drive_robot_gz_sim/lib/python3.10/site-packages'
[0.460s] Level 1:colcon.colcon_core.environment:checking '/home/robotai/tut_ws/install/diff_drive_robot_gz_sim/bin'
[0.460s] INFO:colcon.colcon_core.shell:Creating package script '/home/robotai/tut_ws/install/diff_drive_robot_gz_sim/share/diff_drive_robot_gz_sim/package.ps1'
[0.461s] INFO:colcon.colcon_core.shell:Creating package descriptor '/home/robotai/tut_ws/install/diff_drive_robot_gz_sim/share/diff_drive_robot_gz_sim/package.dsv'
[0.461s] INFO:colcon.colcon_core.shell:Creating package script '/home/robotai/tut_ws/install/diff_drive_robot_gz_sim/share/diff_drive_robot_gz_sim/package.sh'
[0.463s] INFO:colcon.colcon_core.shell:Creating package script '/home/robotai/tut_ws/install/diff_drive_robot_gz_sim/share/diff_drive_robot_gz_sim/package.bash'
[0.464s] INFO:colcon.colcon_core.shell:Creating package script '/home/robotai/tut_ws/install/diff_drive_robot_gz_sim/share/diff_drive_robot_gz_sim/package.zsh'
[0.465s] Level 1:colcon.colcon_core.environment:create_file_with_runtime_dependencies(/home/robotai/tut_ws/install/diff_drive_robot_gz_sim/share/colcon-core/packages/diff_drive_robot_gz_sim)
[0.466s] Level 1:colcon.colcon_core.environment:create_environment_scripts_only(diff_drive_robot_gz_sim)
[0.466s] Level 1:colcon.colcon_core.environment:checking '/home/robotai/tut_ws/install/diff_drive_robot_gz_sim' for CMake module files
[0.467s] Level 1:colcon.colcon_core.environment:checking '/home/robotai/tut_ws/install/diff_drive_robot_gz_sim' for CMake config files
[0.467s] Level 1:colcon.colcon_core.shell:create_environment_hook('diff_drive_robot_gz_sim', 'cmake_prefix_path')
[0.467s] INFO:colcon.colcon_core.shell:Creating environment hook '/home/robotai/tut_ws/install/diff_drive_robot_gz_sim/share/diff_drive_robot_gz_sim/hook/cmake_prefix_path.ps1'
[0.467s] INFO:colcon.colcon_core.shell:Creating environment descriptor '/home/robotai/tut_ws/install/diff_drive_robot_gz_sim/share/diff_drive_robot_gz_sim/hook/cmake_prefix_path.dsv'
[0.468s] INFO:colcon.colcon_core.shell:Creating environment hook '/home/robotai/tut_ws/install/diff_drive_robot_gz_sim/share/diff_drive_robot_gz_sim/hook/cmake_prefix_path.sh'
[0.468s] Level 1:colcon.colcon_core.environment:checking '/home/robotai/tut_ws/install/diff_drive_robot_gz_sim/bin'
[0.468s] Level 1:colcon.colcon_core.environment:checking '/home/robotai/tut_ws/install/diff_drive_robot_gz_sim/lib/pkgconfig/diff_drive_robot_gz_sim.pc'
[0.469s] Level 1:colcon.colcon_core.environment:checking '/home/robotai/tut_ws/install/diff_drive_robot_gz_sim/lib/python3.10/site-packages'
[0.470s] Level 1:colcon.colcon_core.environment:checking '/home/robotai/tut_ws/install/diff_drive_robot_gz_sim/bin'
[0.470s] INFO:colcon.colcon_core.shell:Creating package script '/home/robotai/tut_ws/install/diff_drive_robot_gz_sim/share/diff_drive_robot_gz_sim/package.ps1'
[0.471s] INFO:colcon.colcon_core.shell:Creating package descriptor '/home/robotai/tut_ws/install/diff_drive_robot_gz_sim/share/diff_drive_robot_gz_sim/package.dsv'
[0.471s] INFO:colcon.colcon_core.shell:Creating package script '/home/robotai/tut_ws/install/diff_drive_robot_gz_sim/share/diff_drive_robot_gz_sim/package.sh'
[0.472s] INFO:colcon.colcon_core.shell:Creating package script '/home/robotai/tut_ws/install/diff_drive_robot_gz_sim/share/diff_drive_robot_gz_sim/package.bash'
[0.472s] INFO:colcon.colcon_core.shell:Creating package script '/home/robotai/tut_ws/install/diff_drive_robot_gz_sim/share/diff_drive_robot_gz_sim/package.zsh'
[0.472s] Level 1:colcon.colcon_core.environment:create_file_with_runtime_dependencies(/home/robotai/tut_ws/install/diff_drive_robot_gz_sim/share/colcon-core/packages/diff_drive_robot_gz_sim)
[0.482s] DEBUG:colcon.colcon_core.event_handler.log_command:Invoked command in '/home/robotai/tut_ws/build/iar_amcl_node' returned '0': CMAKE_PREFIX_PATH=/opt/ros/humble /usr/bin/cmake --build /home/robotai/tut_ws/build/iar_amcl_node -- -j6 -l6
[0.486s] DEBUG:colcon.colcon_core.event_handler.log_command:Invoking command in '/home/robotai/tut_ws/build/iar_amcl_node': CMAKE_PREFIX_PATH=/opt/ros/humble /usr/bin/cmake --install /home/robotai/tut_ws/build/iar_amcl_node
[0.486s] DEBUG:colcon.colcon_core.event_handler.log_command:Invoked command in '/home/robotai/tut_ws/build/iar_amcl_sensor_model' returned '0': CMAKE_PREFIX_PATH=/opt/ros/humble /usr/bin/cmake --build /home/robotai/tut_ws/build/iar_amcl_sensor_model -- -j6 -l6
[0.491s] DEBUG:colcon.colcon_core.event_handler.log_command:Invoking command in '/home/robotai/tut_ws/build/iar_amcl_sensor_model': CMAKE_PREFIX_PATH=/opt/ros/humble /usr/bin/cmake --install /home/robotai/tut_ws/build/iar_amcl_sensor_model
[0.499s] Level 1:colcon.colcon_core.environment:create_environment_scripts_only(iar_amcl_sensor_model)
[0.499s] Level 1:colcon.colcon_core.environment:checking '/home/robotai/tut_ws/install/iar_amcl_sensor_model' for CMake module files
[0.500s] Level 1:colcon.colcon_core.environment:checking '/home/robotai/tut_ws/install/iar_amcl_sensor_model' for CMake config files
[0.500s] Level 1:colcon.colcon_core.shell:create_environment_hook('iar_amcl_sensor_model', 'cmake_prefix_path')
[0.500s] INFO:colcon.colcon_core.shell:Creating environment hook '/home/robotai/tut_ws/install/iar_amcl_sensor_model/share/iar_amcl_sensor_model/hook/cmake_prefix_path.ps1'
[0.501s] DEBUG:colcon.colcon_core.event_handler.log_command:Invoked command in '/home/robotai/tut_ws/build/iar_amcl_sensor_model' returned '0': CMAKE_PREFIX_PATH=/opt/ros/humble /usr/bin/cmake --install /home/robotai/tut_ws/build/iar_amcl_sensor_model
[0.501s] INFO:colcon.colcon_core.shell:Creating environment descriptor '/home/robotai/tut_ws/install/iar_amcl_sensor_model/share/iar_amcl_sensor_model/hook/cmake_prefix_path.dsv'
[0.502s] INFO:colcon.colcon_core.shell:Creating environment hook '/home/robotai/tut_ws/install/iar_amcl_sensor_model/share/iar_amcl_sensor_model/hook/cmake_prefix_path.sh'
[0.502s] Level 1:colcon.colcon_core.environment:checking '/home/robotai/tut_ws/install/iar_amcl_sensor_model/lib'
[0.502s] Level 1:colcon.colcon_core.environment:checking '/home/robotai/tut_ws/install/iar_amcl_sensor_model/bin'
[0.502s] Level 1:colcon.colcon_core.environment:checking '/home/robotai/tut_ws/install/iar_amcl_sensor_model/lib/pkgconfig/iar_amcl_sensor_model.pc'
[0.503s] Level 1:colcon.colcon_core.environment:checking '/home/robotai/tut_ws/install/iar_amcl_sensor_model/lib/python3.10/site-packages'
[0.503s] Level 1:colcon.colcon_core.environment:checking '/home/robotai/tut_ws/install/iar_amcl_sensor_model/bin'
[0.503s] INFO:colcon.colcon_core.shell:Creating package script '/home/robotai/tut_ws/install/iar_amcl_sensor_model/share/iar_amcl_sensor_model/package.ps1'
[0.503s] INFO:colcon.colcon_core.shell:Creating package descriptor '/home/robotai/tut_ws/install/iar_amcl_sensor_model/share/iar_amcl_sensor_model/package.dsv'
[0.504s] INFO:colcon.colcon_core.shell:Creating package script '/home/robotai/tut_ws/install/iar_amcl_sensor_model/share/iar_amcl_sensor_model/package.sh'
[0.504s] INFO:colcon.colcon_core.shell:Creating package script '/home/robotai/tut_ws/install/iar_amcl_sensor_model/share/iar_amcl_sensor_model/package.bash'
[0.504s] INFO:colcon.colcon_core.shell:Creating package script '/home/robotai/tut_ws/install/iar_amcl_sensor_model/share/iar_amcl_sensor_model/package.zsh'
[0.505s] Level 1:colcon.colcon_core.environment:create_file_with_runtime_dependencies(/home/robotai/tut_ws/install/iar_amcl_sensor_model/share/colcon-core/packages/iar_amcl_sensor_model)
[0.505s] Level 1:colcon.colcon_core.environment:create_environment_scripts_only(iar_amcl_sensor_model)
[0.505s] Level 1:colcon.colcon_core.environment:checking '/home/robotai/tut_ws/install/iar_amcl_sensor_model' for CMake module files
[0.506s] Level 1:colcon.colcon_core.environment:checking '/home/robotai/tut_ws/install/iar_amcl_sensor_model' for CMake config files
[0.506s] Level 1:colcon.colcon_core.shell:create_environment_hook('iar_amcl_sensor_model', 'cmake_prefix_path')
[0.506s] INFO:colcon.colcon_core.shell:Creating environment hook '/home/robotai/tut_ws/install/iar_amcl_sensor_model/share/iar_amcl_sensor_model/hook/cmake_prefix_path.ps1'
[0.506s] INFO:colcon.colcon_core.shell:Creating environment descriptor '/home/robotai/tut_ws/install/iar_amcl_sensor_model/share/iar_amcl_sensor_model/hook/cmake_prefix_path.dsv'
[0.507s] INFO:colcon.colcon_core.shell:Creating environment hook '/home/robotai/tut_ws/install/iar_amcl_sensor_model/share/iar_amcl_sensor_model/hook/cmake_prefix_path.sh'
[0.507s] Level 1:colcon.colcon_core.environment:checking '/home/robotai/tut_ws/install/iar_amcl_sensor_model/lib'
[0.507s] Level 1:colcon.colcon_core.environment:checking '/home/robotai/tut_ws/install/iar_amcl_sensor_model/bin'
[0.507s] Level 1:colcon.colcon_core.environment:checking '/home/robotai/tut_ws/install/iar_amcl_sensor_model/lib/pkgconfig/iar_amcl_sensor_model.pc'
[0.507s] Level 1:colcon.colcon_core.environment:checking '/home/robotai/tut_ws/install/iar_amcl_sensor_model/lib/python3.10/site-packages'
[0.508s] Level 1:colcon.colcon_core.environment:checking '/home/robotai/tut_ws/install/iar_amcl_sensor_model/bin'
[0.508s] INFO:colcon.colcon_core.shell:Creating package script '/home/robotai/tut_ws/install/iar_amcl_sensor_model/share/iar_amcl_sensor_model/package.ps1'
[0.508s] INFO:colcon.colcon_core.shell:Creating package descriptor '/home/robotai/tut_ws/install/iar_amcl_sensor_model/share/iar_amcl_sensor_model/package.dsv'
[0.509s] INFO:colcon.colcon_core.shell:Creating package script '/home/robotai/tut_ws/install/iar_amcl_sensor_model/share/iar_amcl_sensor_model/package.sh'
[0.509s] INFO:colcon.colcon_core.shell:Creating package script '/home/robotai/tut_ws/install/iar_amcl_sensor_model/share/iar_amcl_sensor_model/package.bash'
[0.509s] INFO:colcon.colcon_core.shell:Creating package script '/home/robotai/tut_ws/install/iar_amcl_sensor_model/share/iar_amcl_sensor_model/package.zsh'
[0.510s] Level 1:colcon.colcon_core.environment:create_file_with_runtime_dependencies(/home/robotai/tut_ws/install/iar_amcl_sensor_model/share/colcon-core/packages/iar_amcl_sensor_model)
[0.512s] DEBUG:colcon.colcon_core.event_handler.log_command:Invoked command in '/home/robotai/tut_ws/build/robot_motion_controller' returned '0': CMAKE_PREFIX_PATH=/opt/ros/humble /usr/bin/cmake --build /home/robotai/tut_ws/build/robot_motion_controller -- -j6 -l6
[0.513s] DEBUG:colcon.colcon_core.event_handler.log_command:Invoking command in '/home/robotai/tut_ws/build/robot_motion_controller': CMAKE_PREFIX_PATH=/opt/ros/humble /usr/bin/cmake --install /home/robotai/tut_ws/build/robot_motion_controller
[0.514s] Level 1:colcon.colcon_core.environment:create_environment_scripts_only(iar_amcl_node)
[0.515s] DEBUG:colcon.colcon_core.event_handler.log_command:Invoked command in '/home/robotai/tut_ws/build/iar_amcl_node' returned '0': CMAKE_PREFIX_PATH=/opt/ros/humble /usr/bin/cmake --install /home/robotai/tut_ws/build/iar_amcl_node
[0.515s] Level 1:colcon.colcon_core.environment:checking '/home/robotai/tut_ws/install/iar_amcl_node' for CMake module files
[0.516s] Level 1:colcon.colcon_core.environment:checking '/home/robotai/tut_ws/install/iar_amcl_node' for CMake config files
[0.516s] Level 1:colcon.colcon_core.shell:create_environment_hook('iar_amcl_node', 'cmake_prefix_path')
[0.516s] INFO:colcon.colcon_core.shell:Creating environment hook '/home/robotai/tut_ws/install/iar_amcl_node/share/iar_amcl_node/hook/cmake_prefix_path.ps1'
[0.517s] INFO:colcon.colcon_core.shell:Creating environment descriptor '/home/robotai/tut_ws/install/iar_amcl_node/share/iar_amcl_node/hook/cmake_prefix_path.dsv'
[0.517s] INFO:colcon.colcon_core.shell:Creating environment hook '/home/robotai/tut_ws/install/iar_amcl_node/share/iar_amcl_node/hook/cmake_prefix_path.sh'
[0.518s] Level 1:colcon.colcon_core.environment:checking '/home/robotai/tut_ws/install/iar_amcl_node/lib'
[0.518s] Level 1:colcon.colcon_core.environment:checking '/home/robotai/tut_ws/install/iar_amcl_node/bin'
[0.518s] Level 1:colcon.colcon_core.environment:checking '/home/robotai/tut_ws/install/iar_amcl_node/lib/pkgconfig/iar_amcl_node.pc'
[0.518s] Level 1:colcon.colcon_core.environment:checking '/home/robotai/tut_ws/install/iar_amcl_node/lib/python3.10/site-packages'
[0.518s] Level 1:colcon.colcon_core.environment:checking '/home/robotai/tut_ws/install/iar_amcl_node/bin'
[0.518s] INFO:colcon.colcon_core.shell:Creating package script '/home/robotai/tut_ws/install/iar_amcl_node/share/iar_amcl_node/package.ps1'
[0.519s] INFO:colcon.colcon_core.shell:Creating package descriptor '/home/robotai/tut_ws/install/iar_amcl_node/share/iar_amcl_node/package.dsv'
[0.519s] INFO:colcon.colcon_core.shell:Creating package script '/home/robotai/tut_ws/install/iar_amcl_node/share/iar_amcl_node/package.sh'
[0.519s] INFO:colcon.colcon_core.shell:Creating package script '/home/robotai/tut_ws/install/iar_amcl_node/share/iar_amcl_node/package.bash'
[0.520s] INFO:colcon.colcon_core.shell:Creating package script '/home/robotai/tut_ws/install/iar_amcl_node/share/iar_amcl_node/package.zsh'
[0.520s] Level 1:colcon.colcon_core.environment:create_file_with_runtime_dependencies(/home/robotai/tut_ws/install/iar_amcl_node/share/colcon-core/packages/iar_amcl_node)
[0.520s] Level 1:colcon.colcon_core.environment:create_environment_scripts_only(iar_amcl_node)
[0.520s] Level 1:colcon.colcon_core.environment:checking '/home/robotai/tut_ws/install/iar_amcl_node' for CMake module files
[0.521s] Level 1:colcon.colcon_core.environment:checking '/home/robotai/tut_ws/install/iar_amcl_node' for CMake config files
[0.521s] Level 1:colcon.colcon_core.shell:create_environment_hook('iar_amcl_node', 'cmake_prefix_path')
[0.521s] INFO:colcon.colcon_core.shell:Creating environment hook '/home/robotai/tut_ws/install/iar_amcl_node/share/iar_amcl_node/hook/cmake_prefix_path.ps1'
[0.521s] INFO:colcon.colcon_core.shell:Creating environment descriptor '/home/robotai/tut_ws/install/iar_amcl_node/share/iar_amcl_node/hook/cmake_prefix_path.dsv'
[0.522s] INFO:colcon.colcon_core.shell:Creating environment hook '/home/robotai/tut_ws/install/iar_amcl_node/share/iar_amcl_node/hook/cmake_prefix_path.sh'
[0.522s] Level 1:colcon.colcon_core.environment:checking '/home/robotai/tut_ws/install/iar_amcl_node/lib'
[0.522s] Level 1:colcon.colcon_core.environment:checking '/home/robotai/tut_ws/install/iar_amcl_node/bin'
[0.522s] Level 1:colcon.colcon_core.environment:checking '/home/robotai/tut_ws/install/iar_amcl_node/lib/pkgconfig/iar_amcl_node.pc'
[0.522s] Level 1:colcon.colcon_core.environment:checking '/home/robotai/tut_ws/install/iar_amcl_node/lib/python3.10/site-packages'
[0.523s] Level 1:colcon.colcon_core.environment:checking '/home/robotai/tut_ws/install/iar_amcl_node/bin'
[0.523s] INFO:colcon.colcon_core.shell:Creating package script '/home/robotai/tut_ws/install/iar_amcl_node/share/iar_amcl_node/package.ps1'
[0.523s] INFO:colcon.colcon_core.shell:Creating package descriptor '/home/robotai/tut_ws/install/iar_amcl_node/share/iar_amcl_node/package.dsv'
[0.524s] INFO:colcon.colcon_core.shell:Creating package script '/home/robotai/tut_ws/install/iar_amcl_node/share/iar_amcl_node/package.sh'
[0.526s] INFO:colcon.colcon_core.shell:Creating package script '/home/robotai/tut_ws/install/iar_amcl_node/share/iar_amcl_node/package.bash'
[0.526s] INFO:colcon.colcon_core.shell:Creating package script '/home/robotai/tut_ws/install/iar_amcl_node/share/iar_amcl_node/package.zsh'
[0.526s] Level 1:colcon.colcon_core.environment:create_file_with_runtime_dependencies(/home/robotai/tut_ws/install/iar_amcl_node/share/colcon-core/packages/iar_amcl_node)
[0.528s] Level 1:colcon.colcon_core.environment:create_environment_scripts_only(robot_motion_controller)
[0.529s] Level 1:colcon.colcon_core.environment:checking '/home/robotai/tut_ws/install/robot_motion_controller' for CMake module files
[0.529s] DEBUG:colcon.colcon_core.event_handler.log_command:Invoked command in '/home/robotai/tut_ws/build/robot_motion_controller' returned '0': CMAKE_PREFIX_PATH=/opt/ros/humble /usr/bin/cmake --install /home/robotai/tut_ws/build/robot_motion_controller
[0.529s] Level 1:colcon.colcon_core.environment:checking '/home/robotai/tut_ws/install/robot_motion_controller' for CMake config files
[0.530s] Level 1:colcon.colcon_core.shell:create_environment_hook('robot_motion_controller', 'cmake_prefix_path')
[0.530s] INFO:colcon.colcon_core.shell:Creating environment hook '/home/robotai/tut_ws/install/robot_motion_controller/share/robot_motion_controller/hook/cmake_prefix_path.ps1'
[0.530s] INFO:colcon.colcon_core.shell:Creating environment descriptor '/home/robotai/tut_ws/install/robot_motion_controller/share/robot_motion_controller/hook/cmake_prefix_path.dsv'
[0.531s] INFO:colcon.colcon_core.shell:Creating environment hook '/home/robotai/tut_ws/install/robot_motion_controller/share/robot_motion_controller/hook/cmake_prefix_path.sh'
[0.531s] Level 1:colcon.colcon_core.environment:checking '/home/robotai/tut_ws/install/robot_motion_controller/lib'
[0.531s] Level 1:colcon.colcon_core.environment:checking '/home/robotai/tut_ws/install/robot_motion_controller/bin'
[0.531s] Level 1:colcon.colcon_core.environment:checking '/home/robotai/tut_ws/install/robot_motion_controller/lib/pkgconfig/robot_motion_controller.pc'
[0.531s] Level 1:colcon.colcon_core.environment:checking '/home/robotai/tut_ws/install/robot_motion_controller/lib/python3.10/site-packages'
[0.532s] Level 1:colcon.colcon_core.environment:checking '/home/robotai/tut_ws/install/robot_motion_controller/bin'
[0.532s] INFO:colcon.colcon_core.shell:Creating package script '/home/robotai/tut_ws/install/robot_motion_controller/share/robot_motion_controller/package.ps1'
[0.532s] INFO:colcon.colcon_core.shell:Creating package descriptor '/home/robotai/tut_ws/install/robot_motion_controller/share/robot_motion_controller/package.dsv'
[0.532s] INFO:colcon.colcon_core.shell:Creating package script '/home/robotai/tut_ws/install/robot_motion_controller/share/robot_motion_controller/package.sh'
[0.533s] INFO:colcon.colcon_core.shell:Creating package script '/home/robotai/tut_ws/install/robot_motion_controller/share/robot_motion_controller/package.bash'
[0.533s] INFO:colcon.colcon_core.shell:Creating package script '/home/robotai/tut_ws/install/robot_motion_controller/share/robot_motion_controller/package.zsh'
[0.533s] Level 1:colcon.colcon_core.environment:create_file_with_runtime_dependencies(/home/robotai/tut_ws/install/robot_motion_controller/share/colcon-core/packages/robot_motion_controller)
[0.534s] Level 1:colcon.colcon_core.environment:create_environment_scripts_only(robot_motion_controller)
[0.534s] Level 1:colcon.colcon_core.environment:checking '/home/robotai/tut_ws/install/robot_motion_controller' for CMake module files
[0.534s] Level 1:colcon.colcon_core.environment:checking '/home/robotai/tut_ws/install/robot_motion_controller' for CMake config files
[0.535s] Level 1:colcon.colcon_core.shell:create_environment_hook('robot_motion_controller', 'cmake_prefix_path')
[0.535s] INFO:colcon.colcon_core.shell:Creating environment hook '/home/robotai/tut_ws/install/robot_motion_controller/share/robot_motion_controller/hook/cmake_prefix_path.ps1'
[0.535s] INFO:colcon.colcon_core.shell:Creating environment descriptor '/home/robotai/tut_ws/install/robot_motion_controller/share/robot_motion_controller/hook/cmake_prefix_path.dsv'
[0.538s] INFO:colcon.colcon_core.shell:Creating environment hook '/home/robotai/tut_ws/install/robot_motion_controller/share/robot_motion_controller/hook/cmake_prefix_path.sh'
[0.538s] Level 1:colcon.colcon_core.environment:checking '/home/robotai/tut_ws/install/robot_motion_controller/lib'
[0.538s] Level 1:colcon.colcon_core.environment:checking '/home/robotai/tut_ws/install/robot_motion_controller/bin'
[0.538s] Level 1:colcon.colcon_core.environment:checking '/home/robotai/tut_ws/install/robot_motion_controller/lib/pkgconfig/robot_motion_controller.pc'
[0.538s] Level 1:colcon.colcon_core.environment:checking '/home/robotai/tut_ws/install/robot_motion_controller/lib/python3.10/site-packages'
[0.539s] Level 1:colcon.colcon_core.environment:checking '/home/robotai/tut_ws/install/robot_motion_controller/bin'
[0.539s] INFO:colcon.colcon_core.shell:Creating package script '/home/robotai/tut_ws/install/robot_motion_controller/share/robot_motion_controller/package.ps1'
[0.539s] INFO:colcon.colcon_core.shell:Creating package descriptor '/home/robotai/tut_ws/install/robot_motion_controller/share/robot_motion_controller/package.dsv'
[0.540s] INFO:colcon.colcon_core.shell:Creating package script '/home/robotai/tut_ws/install/robot_motion_controller/share/robot_motion_controller/package.sh'
[0.540s] INFO:colcon.colcon_core.shell:Creating package script '/home/robotai/tut_ws/install/robot_motion_controller/share/robot_motion_controller/package.bash'
[0.540s] INFO:colcon.colcon_core.shell:Creating package script '/home/robotai/tut_ws/install/robot_motion_controller/share/robot_motion_controller/package.zsh'
[0.541s] Level 1:colcon.colcon_core.environment:create_file_with_runtime_dependencies(/home/robotai/tut_ws/install/robot_motion_controller/share/colcon-core/packages/robot_motion_controller)
[10.222s] DEBUG:colcon.colcon_core.event_handler.log_command:Invoked command in '/home/robotai/tut_ws/build/iar_dijkstra_planner' returned '0': CMAKE_PREFIX_PATH=/opt/ros/humble /usr/bin/cmake --build /home/robotai/tut_ws/build/iar_dijkstra_planner -- -j6 -l6
[10.222s] DEBUG:colcon.colcon_core.event_handler.log_command:Invoking command in '/home/robotai/tut_ws/build/iar_dijkstra_planner': CMAKE_PREFIX_PATH=/opt/ros/humble /usr/bin/cmake --install /home/robotai/tut_ws/build/iar_dijkstra_planner
[10.233s] Level 1:colcon.colcon_core.environment:create_environment_scripts_only(iar_dijkstra_planner)
[10.233s] Level 1:colcon.colcon_core.environment:checking '/home/robotai/tut_ws/install/iar_dijkstra_planner' for CMake module files
[10.233s] DEBUG:colcon.colcon_core.event_handler.log_command:Invoked command in '/home/robotai/tut_ws/build/iar_dijkstra_planner' returned '0': CMAKE_PREFIX_PATH=/opt/ros/humble /usr/bin/cmake --install /home/robotai/tut_ws/build/iar_dijkstra_planner
[10.234s] Level 1:colcon.colcon_core.environment:checking '/home/robotai/tut_ws/install/iar_dijkstra_planner' for CMake config files
[10.234s] Level 1:colcon.colcon_core.shell:create_environment_hook('iar_dijkstra_planner', 'cmake_prefix_path')
[10.234s] INFO:colcon.colcon_core.shell:Creating environment hook '/home/robotai/tut_ws/install/iar_dijkstra_planner/share/iar_dijkstra_planner/hook/cmake_prefix_path.ps1'
[10.235s] INFO:colcon.colcon_core.shell:Creating environment descriptor '/home/robotai/tut_ws/install/iar_dijkstra_planner/share/iar_dijkstra_planner/hook/cmake_prefix_path.dsv'
[10.235s] INFO:colcon.colcon_core.shell:Creating environment hook '/home/robotai/tut_ws/install/iar_dijkstra_planner/share/iar_dijkstra_planner/hook/cmake_prefix_path.sh'
[10.235s] Level 1:colcon.colcon_core.environment:checking '/home/robotai/tut_ws/install/iar_dijkstra_planner/lib'
[10.236s] Level 1:colcon.colcon_core.shell:create_environment_hook('iar_dijkstra_planner', 'ld_library_path_lib')
[10.236s] INFO:colcon.colcon_core.shell:Creating environment hook '/home/robotai/tut_ws/install/iar_dijkstra_planner/share/iar_dijkstra_planner/hook/ld_library_path_lib.ps1'
[10.236s] INFO:colcon.colcon_core.shell:Creating environment descriptor '/home/robotai/tut_ws/install/iar_dijkstra_planner/share/iar_dijkstra_planner/hook/ld_library_path_lib.dsv'
[10.236s] INFO:colcon.colcon_core.shell:Creating environment hook '/home/robotai/tut_ws/install/iar_dijkstra_planner/share/iar_dijkstra_planner/hook/ld_library_path_lib.sh'
[10.237s] Level 1:colcon.colcon_core.environment:checking '/home/robotai/tut_ws/install/iar_dijkstra_planner/bin'
[10.237s] Level 1:colcon.colcon_core.environment:checking '/home/robotai/tut_ws/install/iar_dijkstra_planner/lib/pkgconfig/iar_dijkstra_planner.pc'
[10.237s] Level 1:colcon.colcon_core.environment:checking '/home/robotai/tut_ws/install/iar_dijkstra_planner/lib/python3.10/site-packages'
[10.237s] Level 1:colcon.colcon_core.environment:checking '/home/robotai/tut_ws/install/iar_dijkstra_planner/bin'
[10.237s] INFO:colcon.colcon_core.shell:Creating package script '/home/robotai/tut_ws/install/iar_dijkstra_planner/share/iar_dijkstra_planner/package.ps1'
[10.238s] INFO:colcon.colcon_core.shell:Creating package descriptor '/home/robotai/tut_ws/install/iar_dijkstra_planner/share/iar_dijkstra_planner/package.dsv'
[10.238s] INFO:colcon.colcon_core.shell:Creating package script '/home/robotai/tut_ws/install/iar_dijkstra_planner/share/iar_dijkstra_planner/package.sh'
[10.239s] INFO:colcon.colcon_core.shell:Creating package script '/home/robotai/tut_ws/install/iar_dijkstra_planner/share/iar_dijkstra_planner/package.bash'
[10.239s] INFO:colcon.colcon_core.shell:Creating package script '/home/robotai/tut_ws/install/iar_dijkstra_planner/share/iar_dijkstra_planner/package.zsh'
[10.239s] Level 1:colcon.colcon_core.environment:create_file_with_runtime_dependencies(/home/robotai/tut_ws/install/iar_dijkstra_planner/share/colcon-core/packages/iar_dijkstra_planner)
[10.240s] Level 1:colcon.colcon_core.environment:create_environment_scripts_only(iar_dijkstra_planner)
[10.240s] Level 1:colcon.colcon_core.environment:checking '/home/robotai/tut_ws/install/iar_dijkstra_planner' for CMake module files
[10.240s] Level 1:colcon.colcon_core.environment:checking '/home/robotai/tut_ws/install/iar_dijkstra_planner' for CMake config files
[10.241s] Level 1:colcon.colcon_core.shell:create_environment_hook('iar_dijkstra_planner', 'cmake_prefix_path')
[10.241s] INFO:colcon.colcon_core.shell:Creating environment hook '/home/robotai/tut_ws/install/iar_dijkstra_planner/share/iar_dijkstra_planner/hook/cmake_prefix_path.ps1'
[10.241s] INFO:colcon.colcon_core.shell:Creating environment descriptor '/home/robotai/tut_ws/install/iar_dijkstra_planner/share/iar_dijkstra_planner/hook/cmake_prefix_path.dsv'
[10.241s] INFO:colcon.colcon_core.shell:Creating environment hook '/home/robotai/tut_ws/install/iar_dijkstra_planner/share/iar_dijkstra_planner/hook/cmake_prefix_path.sh'
[10.242s] Level 1:colcon.colcon_core.environment:checking '/home/robotai/tut_ws/install/iar_dijkstra_planner/lib'
[10.242s] Level 1:colcon.colcon_core.shell:create_environment_hook('iar_dijkstra_planner', 'ld_library_path_lib')
[10.242s] INFO:colcon.colcon_core.shell:Creating environment hook '/home/robotai/tut_ws/install/iar_dijkstra_planner/share/iar_dijkstra_planner/hook/ld_library_path_lib.ps1'
[10.242s] INFO:colcon.colcon_core.shell:Creating environment descriptor '/home/robotai/tut_ws/install/iar_dijkstra_planner/share/iar_dijkstra_planner/hook/ld_library_path_lib.dsv'
[10.243s] INFO:colcon.colcon_core.shell:Creating environment hook '/home/robotai/tut_ws/install/iar_dijkstra_planner/share/iar_dijkstra_planner/hook/ld_library_path_lib.sh'
[10.243s] Level 1:colcon.colcon_core.environment:checking '/home/robotai/tut_ws/install/iar_dijkstra_planner/bin'
[10.243s] Level 1:colcon.colcon_core.environment:checking '/home/robotai/tut_ws/install/iar_dijkstra_planner/lib/pkgconfig/iar_dijkstra_planner.pc'
[10.243s] Level 1:colcon.colcon_core.environment:checking '/home/robotai/tut_ws/install/iar_dijkstra_planner/lib/python3.10/site-packages'
[10.243s] Level 1:colcon.colcon_core.environment:checking '/home/robotai/tut_ws/install/iar_dijkstra_planner/bin'
[10.244s] INFO:colcon.colcon_core.shell:Creating package script '/home/robotai/tut_ws/install/iar_dijkstra_planner/share/iar_dijkstra_planner/package.ps1'
[10.244s] INFO:colcon.colcon_core.shell:Creating package descriptor '/home/robotai/tut_ws/install/iar_dijkstra_planner/share/iar_dijkstra_planner/package.dsv'
[10.245s] INFO:colcon.colcon_core.shell:Creating package script '/home/robotai/tut_ws/install/iar_dijkstra_planner/share/iar_dijkstra_planner/package.sh'
[10.245s] INFO:colcon.colcon_core.shell:Creating package script '/home/robotai/tut_ws/install/iar_dijkstra_planner/share/iar_dijkstra_planner/package.bash'
[10.246s] INFO:colcon.colcon_core.shell:Creating package script '/home/robotai/tut_ws/install/iar_dijkstra_planner/share/iar_dijkstra_planner/package.zsh'
[10.246s] Level 1:colcon.colcon_core.environment:create_file_with_runtime_dependencies(/home/robotai/tut_ws/install/iar_dijkstra_planner/share/colcon-core/packages/iar_dijkstra_planner)
[10.246s] DEBUG:colcon.colcon_parallel_executor.executor.parallel:closing loop
[10.246s] DEBUG:colcon.colcon_parallel_executor.executor.parallel:loop closed
[10.247s] DEBUG:colcon.colcon_parallel_executor.executor.parallel:run_until_complete finished with '0'
[10.247s] DEBUG:colcon.colcon_core.event_reactor:joining thread
[10.252s] INFO:colcon.colcon_core.plugin_system:Skipping extension 'colcon_notification.desktop_notification.terminal_notifier': Not used on non-Darwin systems
[10.252s] INFO:colcon.colcon_core.plugin_system:Skipping extension 'colcon_notification.desktop_notification.win32': Not used on non-Windows systems
[10.252s] INFO:colcon.colcon_notification.desktop_notification:Sending desktop notification using 'notify2'
[10.263s] DEBUG:colcon.colcon_core.event_reactor:joined thread
[10.263s] INFO:colcon.colcon_core.shell:Creating prefix script '/home/robotai/tut_ws/install/local_setup.ps1'
[10.264s] INFO:colcon.colcon_core.shell:Creating prefix util module '/home/robotai/tut_ws/install/_local_setup_util_ps1.py'
[10.265s] INFO:colcon.colcon_core.shell:Creating prefix chain script '/home/robotai/tut_ws/install/setup.ps1'
[10.266s] INFO:colcon.colcon_core.shell:Creating prefix script '/home/robotai/tut_ws/install/local_setup.sh'
[10.267s] INFO:colcon.colcon_core.shell:Creating prefix util module '/home/robotai/tut_ws/install/_local_setup_util_sh.py'
[10.267s] INFO:colcon.colcon_core.shell:Creating prefix chain script '/home/robotai/tut_ws/install/setup.sh'
[10.268s] INFO:colcon.colcon_core.shell:Creating prefix script '/home/robotai/tut_ws/install/local_setup.bash'
[10.268s] INFO:colcon.colcon_core.shell:Creating prefix chain script '/home/robotai/tut_ws/install/setup.bash'
[10.269s] INFO:colcon.colcon_core.shell:Creating prefix script '/home/robotai/tut_ws/install/local_setup.zsh'
[10.270s] INFO:colcon.colcon_core.shell:Creating prefix chain script '/home/robotai/tut_ws/install/setup.zsh'
