[0.893s] DEBUG:colcon:Command line arguments: ['/usr/bin/colcon', 'build']
[0.893s] DEBUG:colcon:Parsed command line arguments: Namespace(log_base=None, log_level=None, verb_name='build', build_base='build', install_base='install', merge_install=False, symlink_install=False, test_result_base=None, continue_on_error=False, executor='parallel', parallel_workers=6, event_handlers=None, ignore_user_meta=False, metas=['./colcon.meta'], base_paths=['.'], packages_ignore=None, packages_ignore_regex=None, paths=None, packages_up_to=None, packages_up_to_regex=None, packages_above=None, packages_above_and_dependencies=None, packages_above_depth=None, packages_select_by_dep=None, packages_skip_by_dep=None, packages_skip_up_to=None, packages_select_build_failed=False, packages_skip_build_finished=False, packages_select_test_failures=False, packages_skip_test_passed=False, packages_select=None, packages_skip=None, packages_select_regex=None, packages_skip_regex=None, packages_start=None, packages_end=None, allow_overriding=[], cmake_args=None, cmake_target=None, cmake_target_skip_unavailable=False, cmake_clean_cache=False, cmake_clean_first=False, cmake_force_configure=False, ament_cmake_args=None, catkin_cmake_args=None, catkin_skip_building_tests=False, mixin_files=None, mixin=None, verb_parser=<colcon_mixin.mixin.mixin_argument.MixinArgumentDecorator object at 0x749efdad1d80>, verb_extension=<colcon_core.verb.build.BuildVerb object at 0x749efdad1750>, main=<bound method BuildVerb.main of <colcon_core.verb.build.BuildVerb object at 0x749efdad1750>>, mixin_verb=('build',))
[2.457s] Level 1:colcon.colcon_core.package_discovery:discover_packages(colcon_meta) check parameters
[2.457s] Level 1:colcon.colcon_core.package_discovery:discover_packages(recursive) check parameters
[2.457s] Level 1:colcon.colcon_core.package_discovery:discover_packages(ignore) check parameters
[2.457s] Level 1:colcon.colcon_core.package_discovery:discover_packages(path) check parameters
[2.457s] Level 1:colcon.colcon_core.package_discovery:discover_packages(colcon_meta) discover
[2.457s] Level 1:colcon.colcon_core.package_discovery:discover_packages(recursive) discover
[2.457s] INFO:colcon.colcon_core.package_discovery:Crawling recursively for packages in '/home/robotai/tut_ws'
[2.457s] Level 1:colcon.colcon_core.package_identification:_identify(.) by extensions ['ignore', 'ignore_ament_install']
[2.458s] Level 1:colcon.colcon_core.package_identification:_identify(.) by extension 'ignore'
[2.458s] Level 1:colcon.colcon_core.package_identification:_identify(.) by extension 'ignore_ament_install'
[2.458s] Level 1:colcon.colcon_core.package_identification:_identify(.) by extensions ['colcon_pkg']
[2.458s] Level 1:colcon.colcon_core.package_identification:_identify(.) by extension 'colcon_pkg'
[2.458s] Level 1:colcon.colcon_core.package_identification:_identify(.) by extensions ['colcon_meta']
[2.458s] Level 1:colcon.colcon_core.package_identification:_identify(.) by extension 'colcon_meta'
[2.458s] Level 1:colcon.colcon_core.package_identification:_identify(.) by extensions ['ros']
[2.458s] Level 1:colcon.colcon_core.package_identification:_identify(.) by extension 'ros'
[2.518s] Level 1:colcon.colcon_core.package_identification:_identify(.) by extensions ['cmake', 'python']
[2.523s] Level 1:colcon.colcon_core.package_identification:_identify(.) by extension 'cmake'
[2.523s] Level 1:colcon.colcon_core.package_identification:_identify(.) by extension 'python'
[2.523s] Level 1:colcon.colcon_core.package_identification:_identify(.) by extensions ['python_setup_py']
[2.523s] Level 1:colcon.colcon_core.package_identification:_identify(.) by extension 'python_setup_py'
[2.523s] Level 1:colcon.colcon_core.package_identification:_identify(build) by extensions ['ignore', 'ignore_ament_install']
[2.523s] Level 1:colcon.colcon_core.package_identification:_identify(build) by extension 'ignore'
[2.523s] Level 1:colcon.colcon_core.package_identification:_identify(build) ignored
[2.523s] Level 1:colcon.colcon_core.package_identification:_identify(install) by extensions ['ignore', 'ignore_ament_install']
[2.523s] Level 1:colcon.colcon_core.package_identification:_identify(install) by extension 'ignore'
[2.523s] Level 1:colcon.colcon_core.package_identification:_identify(install) ignored
[2.524s] Level 1:colcon.colcon_core.package_identification:_identify(log) by extensions ['ignore', 'ignore_ament_install']
[2.524s] Level 1:colcon.colcon_core.package_identification:_identify(log) by extension 'ignore'
[2.524s] Level 1:colcon.colcon_core.package_identification:_identify(log) ignored
[2.524s] Level 1:colcon.colcon_core.package_identification:_identify(src) by extensions ['ignore', 'ignore_ament_install']
[2.524s] Level 1:colcon.colcon_core.package_identification:_identify(src) by extension 'ignore'
[2.524s] Level 1:colcon.colcon_core.package_identification:_identify(src) by extension 'ignore_ament_install'
[2.524s] Level 1:colcon.colcon_core.package_identification:_identify(src) by extensions ['colcon_pkg']
[2.524s] Level 1:colcon.colcon_core.package_identification:_identify(src) by extension 'colcon_pkg'
[2.524s] Level 1:colcon.colcon_core.package_identification:_identify(src) by extensions ['colcon_meta']
[2.524s] Level 1:colcon.colcon_core.package_identification:_identify(src) by extension 'colcon_meta'
[2.524s] Level 1:colcon.colcon_core.package_identification:_identify(src) by extensions ['ros']
[2.524s] Level 1:colcon.colcon_core.package_identification:_identify(src) by extension 'ros'
[2.524s] Level 1:colcon.colcon_core.package_identification:_identify(src) by extensions ['cmake', 'python']
[2.524s] Level 1:colcon.colcon_core.package_identification:_identify(src) by extension 'cmake'
[2.524s] Level 1:colcon.colcon_core.package_identification:_identify(src) by extension 'python'
[2.524s] Level 1:colcon.colcon_core.package_identification:_identify(src) by extensions ['python_setup_py']
[2.524s] Level 1:colcon.colcon_core.package_identification:_identify(src) by extension 'python_setup_py'
[2.524s] Level 1:colcon.colcon_core.package_identification:_identify(src/diff_drive_robot_gz_sim) by extensions ['ignore', 'ignore_ament_install']
[2.524s] Level 1:colcon.colcon_core.package_identification:_identify(src/diff_drive_robot_gz_sim) by extension 'ignore'
[2.524s] Level 1:colcon.colcon_core.package_identification:_identify(src/diff_drive_robot_gz_sim) by extension 'ignore_ament_install'
[2.524s] Level 1:colcon.colcon_core.package_identification:_identify(src/diff_drive_robot_gz_sim) by extensions ['colcon_pkg']
[2.525s] Level 1:colcon.colcon_core.package_identification:_identify(src/diff_drive_robot_gz_sim) by extension 'colcon_pkg'
[2.525s] Level 1:colcon.colcon_core.package_identification:_identify(src/diff_drive_robot_gz_sim) by extensions ['colcon_meta']
[2.525s] Level 1:colcon.colcon_core.package_identification:_identify(src/diff_drive_robot_gz_sim) by extension 'colcon_meta'
[2.525s] Level 1:colcon.colcon_core.package_identification:_identify(src/diff_drive_robot_gz_sim) by extensions ['ros']
[2.525s] Level 1:colcon.colcon_core.package_identification:_identify(src/diff_drive_robot_gz_sim) by extension 'ros'
[2.531s] DEBUG:colcon.colcon_core.package_identification:Package 'src/diff_drive_robot_gz_sim' with type 'ros.ament_cmake' and name 'diff_drive_robot_gz_sim'
[2.531s] Level 1:colcon.colcon_core.package_identification:_identify(src/iar_amcl_node) by extensions ['ignore', 'ignore_ament_install']
[2.532s] Level 1:colcon.colcon_core.package_identification:_identify(src/iar_amcl_node) by extension 'ignore'
[2.532s] Level 1:colcon.colcon_core.package_identification:_identify(src/iar_amcl_node) by extension 'ignore_ament_install'
[2.532s] Level 1:colcon.colcon_core.package_identification:_identify(src/iar_amcl_node) by extensions ['colcon_pkg']
[2.532s] Level 1:colcon.colcon_core.package_identification:_identify(src/iar_amcl_node) by extension 'colcon_pkg'
[2.532s] Level 1:colcon.colcon_core.package_identification:_identify(src/iar_amcl_node) by extensions ['colcon_meta']
[2.532s] Level 1:colcon.colcon_core.package_identification:_identify(src/iar_amcl_node) by extension 'colcon_meta'
[2.532s] Level 1:colcon.colcon_core.package_identification:_identify(src/iar_amcl_node) by extensions ['ros']
[2.532s] Level 1:colcon.colcon_core.package_identification:_identify(src/iar_amcl_node) by extension 'ros'
[2.536s] DEBUG:colcon.colcon_core.package_identification:Package 'src/iar_amcl_node' with type 'ros.ament_cmake' and name 'iar_amcl_node'
[2.536s] Level 1:colcon.colcon_core.package_identification:_identify(src/iar_amcl_sensor_model) by extensions ['ignore', 'ignore_ament_install']
[2.537s] Level 1:colcon.colcon_core.package_identification:_identify(src/iar_amcl_sensor_model) by extension 'ignore'
[2.537s] Level 1:colcon.colcon_core.package_identification:_identify(src/iar_amcl_sensor_model) by extension 'ignore_ament_install'
[2.537s] Level 1:colcon.colcon_core.package_identification:_identify(src/iar_amcl_sensor_model) by extensions ['colcon_pkg']
[2.537s] Level 1:colcon.colcon_core.package_identification:_identify(src/iar_amcl_sensor_model) by extension 'colcon_pkg'
[2.537s] Level 1:colcon.colcon_core.package_identification:_identify(src/iar_amcl_sensor_model) by extensions ['colcon_meta']
[2.537s] Level 1:colcon.colcon_core.package_identification:_identify(src/iar_amcl_sensor_model) by extension 'colcon_meta'
[2.537s] Level 1:colcon.colcon_core.package_identification:_identify(src/iar_amcl_sensor_model) by extensions ['ros']
[2.537s] Level 1:colcon.colcon_core.package_identification:_identify(src/iar_amcl_sensor_model) by extension 'ros'
[2.541s] DEBUG:colcon.colcon_core.package_identification:Package 'src/iar_amcl_sensor_model' with type 'ros.ament_cmake' and name 'iar_amcl_sensor_model'
[2.542s] Level 1:colcon.colcon_core.package_identification:_identify(src/iar_dijkstra_planner) by extensions ['ignore', 'ignore_ament_install']
[2.542s] Level 1:colcon.colcon_core.package_identification:_identify(src/iar_dijkstra_planner) by extension 'ignore'
[2.542s] Level 1:colcon.colcon_core.package_identification:_identify(src/iar_dijkstra_planner) by extension 'ignore_ament_install'
[2.542s] Level 1:colcon.colcon_core.package_identification:_identify(src/iar_dijkstra_planner) by extensions ['colcon_pkg']
[2.542s] Level 1:colcon.colcon_core.package_identification:_identify(src/iar_dijkstra_planner) by extension 'colcon_pkg'
[2.542s] Level 1:colcon.colcon_core.package_identification:_identify(src/iar_dijkstra_planner) by extensions ['colcon_meta']
[2.542s] Level 1:colcon.colcon_core.package_identification:_identify(src/iar_dijkstra_planner) by extension 'colcon_meta'
[2.542s] Level 1:colcon.colcon_core.package_identification:_identify(src/iar_dijkstra_planner) by extensions ['ros']
[2.542s] Level 1:colcon.colcon_core.package_identification:_identify(src/iar_dijkstra_planner) by extension 'ros'
[2.559s] DEBUG:colcon.colcon_core.package_identification:Package 'src/iar_dijkstra_planner' with type 'ros.ament_cmake' and name 'iar_dijkstra_planner'
[2.559s] Level 1:colcon.colcon_core.package_identification:_identify(src/robot_motion_controller) by extensions ['ignore', 'ignore_ament_install']
[2.559s] Level 1:colcon.colcon_core.package_identification:_identify(src/robot_motion_controller) by extension 'ignore'
[2.560s] Level 1:colcon.colcon_core.package_identification:_identify(src/robot_motion_controller) by extension 'ignore_ament_install'
[2.560s] Level 1:colcon.colcon_core.package_identification:_identify(src/robot_motion_controller) by extensions ['colcon_pkg']
[2.560s] Level 1:colcon.colcon_core.package_identification:_identify(src/robot_motion_controller) by extension 'colcon_pkg'
[2.560s] Level 1:colcon.colcon_core.package_identification:_identify(src/robot_motion_controller) by extensions ['colcon_meta']
[2.560s] Level 1:colcon.colcon_core.package_identification:_identify(src/robot_motion_controller) by extension 'colcon_meta'
[2.560s] Level 1:colcon.colcon_core.package_identification:_identify(src/robot_motion_controller) by extensions ['ros']
[2.560s] Level 1:colcon.colcon_core.package_identification:_identify(src/robot_motion_controller) by extension 'ros'
[2.562s] DEBUG:colcon.colcon_core.package_identification:Package 'src/robot_motion_controller' with type 'ros.ament_cmake' and name 'robot_motion_controller'
[2.562s] Level 1:colcon.colcon_core.package_discovery:discover_packages(recursive) using defaults
[2.562s] Level 1:colcon.colcon_core.package_discovery:discover_packages(ignore) discover
[2.562s] Level 1:colcon.colcon_core.package_discovery:discover_packages(ignore) using defaults
[2.562s] Level 1:colcon.colcon_core.package_discovery:discover_packages(path) discover
[2.562s] Level 1:colcon.colcon_core.package_discovery:discover_packages(path) using defaults
[2.707s] Level 1:colcon.colcon_core.package_discovery:discover_packages(prefix_path) check parameters
[2.707s] Level 1:colcon.colcon_core.package_discovery:discover_packages(prefix_path) discover
[2.762s] DEBUG:colcon.colcon_installed_package_information.package_discovery:Found 387 installed packages in /opt/ros/humble
[2.764s] Level 1:colcon.colcon_core.package_discovery:discover_packages(prefix_path) using defaults
[3.782s] Level 5:colcon.colcon_core.verb:set package 'diff_drive_robot_gz_sim' build argument 'cmake_args' from command line to 'None'
[3.782s] Level 5:colcon.colcon_core.verb:set package 'diff_drive_robot_gz_sim' build argument 'cmake_target' from command line to 'None'
[3.782s] Level 5:colcon.colcon_core.verb:set package 'diff_drive_robot_gz_sim' build argument 'cmake_target_skip_unavailable' from command line to 'False'
[3.782s] Level 5:colcon.colcon_core.verb:set package 'diff_drive_robot_gz_sim' build argument 'cmake_clean_cache' from command line to 'False'
[3.782s] Level 5:colcon.colcon_core.verb:set package 'diff_drive_robot_gz_sim' build argument 'cmake_clean_first' from command line to 'False'
[3.782s] Level 5:colcon.colcon_core.verb:set package 'diff_drive_robot_gz_sim' build argument 'cmake_force_configure' from command line to 'False'
[3.782s] Level 5:colcon.colcon_core.verb:set package 'diff_drive_robot_gz_sim' build argument 'ament_cmake_args' from command line to 'None'
[3.782s] Level 5:colcon.colcon_core.verb:set package 'diff_drive_robot_gz_sim' build argument 'catkin_cmake_args' from command line to 'None'
[3.782s] Level 5:colcon.colcon_core.verb:set package 'diff_drive_robot_gz_sim' build argument 'catkin_skip_building_tests' from command line to 'False'
[3.782s] DEBUG:colcon.colcon_core.verb:Building package 'diff_drive_robot_gz_sim' with the following arguments: {'ament_cmake_args': None, 'build_base': '/home/robotai/tut_ws/build/diff_drive_robot_gz_sim', 'catkin_cmake_args': None, 'catkin_skip_building_tests': False, 'cmake_args': None, 'cmake_clean_cache': False, 'cmake_clean_first': False, 'cmake_force_configure': False, 'cmake_target': None, 'cmake_target_skip_unavailable': False, 'install_base': '/home/robotai/tut_ws/install/diff_drive_robot_gz_sim', 'merge_install': False, 'path': '/home/robotai/tut_ws/src/diff_drive_robot_gz_sim', 'symlink_install': False, 'test_result_base': None}
[3.783s] Level 5:colcon.colcon_core.verb:set package 'iar_amcl_node' build argument 'cmake_args' from command line to 'None'
[3.783s] Level 5:colcon.colcon_core.verb:set package 'iar_amcl_node' build argument 'cmake_target' from command line to 'None'
[3.783s] Level 5:colcon.colcon_core.verb:set package 'iar_amcl_node' build argument 'cmake_target_skip_unavailable' from command line to 'False'
[3.783s] Level 5:colcon.colcon_core.verb:set package 'iar_amcl_node' build argument 'cmake_clean_cache' from command line to 'False'
[3.783s] Level 5:colcon.colcon_core.verb:set package 'iar_amcl_node' build argument 'cmake_clean_first' from command line to 'False'
[3.783s] Level 5:colcon.colcon_core.verb:set package 'iar_amcl_node' build argument 'cmake_force_configure' from command line to 'False'
[3.783s] Level 5:colcon.colcon_core.verb:set package 'iar_amcl_node' build argument 'ament_cmake_args' from command line to 'None'
[3.783s] Level 5:colcon.colcon_core.verb:set package 'iar_amcl_node' build argument 'catkin_cmake_args' from command line to 'None'
[3.783s] Level 5:colcon.colcon_core.verb:set package 'iar_amcl_node' build argument 'catkin_skip_building_tests' from command line to 'False'
[3.783s] DEBUG:colcon.colcon_core.verb:Building package 'iar_amcl_node' with the following arguments: {'ament_cmake_args': None, 'build_base': '/home/robotai/tut_ws/build/iar_amcl_node', 'catkin_cmake_args': None, 'catkin_skip_building_tests': False, 'cmake_args': None, 'cmake_clean_cache': False, 'cmake_clean_first': False, 'cmake_force_configure': False, 'cmake_target': None, 'cmake_target_skip_unavailable': False, 'install_base': '/home/robotai/tut_ws/install/iar_amcl_node', 'merge_install': False, 'path': '/home/robotai/tut_ws/src/iar_amcl_node', 'symlink_install': False, 'test_result_base': None}
[3.783s] Level 5:colcon.colcon_core.verb:set package 'iar_amcl_sensor_model' build argument 'cmake_args' from command line to 'None'
[3.783s] Level 5:colcon.colcon_core.verb:set package 'iar_amcl_sensor_model' build argument 'cmake_target' from command line to 'None'
[3.783s] Level 5:colcon.colcon_core.verb:set package 'iar_amcl_sensor_model' build argument 'cmake_target_skip_unavailable' from command line to 'False'
[3.783s] Level 5:colcon.colcon_core.verb:set package 'iar_amcl_sensor_model' build argument 'cmake_clean_cache' from command line to 'False'
[3.783s] Level 5:colcon.colcon_core.verb:set package 'iar_amcl_sensor_model' build argument 'cmake_clean_first' from command line to 'False'
[3.783s] Level 5:colcon.colcon_core.verb:set package 'iar_amcl_sensor_model' build argument 'cmake_force_configure' from command line to 'False'
[3.783s] Level 5:colcon.colcon_core.verb:set package 'iar_amcl_sensor_model' build argument 'ament_cmake_args' from command line to 'None'
[3.783s] Level 5:colcon.colcon_core.verb:set package 'iar_amcl_sensor_model' build argument 'catkin_cmake_args' from command line to 'None'
[3.783s] Level 5:colcon.colcon_core.verb:set package 'iar_amcl_sensor_model' build argument 'catkin_skip_building_tests' from command line to 'False'
[3.784s] DEBUG:colcon.colcon_core.verb:Building package 'iar_amcl_sensor_model' with the following arguments: {'ament_cmake_args': None, 'build_base': '/home/robotai/tut_ws/build/iar_amcl_sensor_model', 'catkin_cmake_args': None, 'catkin_skip_building_tests': False, 'cmake_args': None, 'cmake_clean_cache': False, 'cmake_clean_first': False, 'cmake_force_configure': False, 'cmake_target': None, 'cmake_target_skip_unavailable': False, 'install_base': '/home/robotai/tut_ws/install/iar_amcl_sensor_model', 'merge_install': False, 'path': '/home/robotai/tut_ws/src/iar_amcl_sensor_model', 'symlink_install': False, 'test_result_base': None}
[3.784s] Level 5:colcon.colcon_core.verb:set package 'iar_dijkstra_planner' build argument 'cmake_args' from command line to 'None'
[3.784s] Level 5:colcon.colcon_core.verb:set package 'iar_dijkstra_planner' build argument 'cmake_target' from command line to 'None'
[3.784s] Level 5:colcon.colcon_core.verb:set package 'iar_dijkstra_planner' build argument 'cmake_target_skip_unavailable' from command line to 'False'
[3.784s] Level 5:colcon.colcon_core.verb:set package 'iar_dijkstra_planner' build argument 'cmake_clean_cache' from command line to 'False'
[3.784s] Level 5:colcon.colcon_core.verb:set package 'iar_dijkstra_planner' build argument 'cmake_clean_first' from command line to 'False'
[3.784s] Level 5:colcon.colcon_core.verb:set package 'iar_dijkstra_planner' build argument 'cmake_force_configure' from command line to 'False'
[3.784s] Level 5:colcon.colcon_core.verb:set package 'iar_dijkstra_planner' build argument 'ament_cmake_args' from command line to 'None'
[3.784s] Level 5:colcon.colcon_core.verb:set package 'iar_dijkstra_planner' build argument 'catkin_cmake_args' from command line to 'None'
[3.784s] Level 5:colcon.colcon_core.verb:set package 'iar_dijkstra_planner' build argument 'catkin_skip_building_tests' from command line to 'False'
[3.784s] DEBUG:colcon.colcon_core.verb:Building package 'iar_dijkstra_planner' with the following arguments: {'ament_cmake_args': None, 'build_base': '/home/robotai/tut_ws/build/iar_dijkstra_planner', 'catkin_cmake_args': None, 'catkin_skip_building_tests': False, 'cmake_args': None, 'cmake_clean_cache': False, 'cmake_clean_first': False, 'cmake_force_configure': False, 'cmake_target': None, 'cmake_target_skip_unavailable': False, 'install_base': '/home/robotai/tut_ws/install/iar_dijkstra_planner', 'merge_install': False, 'path': '/home/robotai/tut_ws/src/iar_dijkstra_planner', 'symlink_install': False, 'test_result_base': None}
[3.784s] Level 5:colcon.colcon_core.verb:set package 'robot_motion_controller' build argument 'cmake_args' from command line to 'None'
[3.784s] Level 5:colcon.colcon_core.verb:set package 'robot_motion_controller' build argument 'cmake_target' from command line to 'None'
[3.784s] Level 5:colcon.colcon_core.verb:set package 'robot_motion_controller' build argument 'cmake_target_skip_unavailable' from command line to 'False'
[3.784s] Level 5:colcon.colcon_core.verb:set package 'robot_motion_controller' build argument 'cmake_clean_cache' from command line to 'False'
[3.784s] Level 5:colcon.colcon_core.verb:set package 'robot_motion_controller' build argument 'cmake_clean_first' from command line to 'False'
[3.784s] Level 5:colcon.colcon_core.verb:set package 'robot_motion_controller' build argument 'cmake_force_configure' from command line to 'False'
[3.784s] Level 5:colcon.colcon_core.verb:set package 'robot_motion_controller' build argument 'ament_cmake_args' from command line to 'None'
[3.784s] Level 5:colcon.colcon_core.verb:set package 'robot_motion_controller' build argument 'catkin_cmake_args' from command line to 'None'
[3.784s] Level 5:colcon.colcon_core.verb:set package 'robot_motion_controller' build argument 'catkin_skip_building_tests' from command line to 'False'
[3.784s] DEBUG:colcon.colcon_core.verb:Building package 'robot_motion_controller' with the following arguments: {'ament_cmake_args': None, 'build_base': '/home/robotai/tut_ws/build/robot_motion_controller', 'catkin_cmake_args': None, 'catkin_skip_building_tests': False, 'cmake_args': None, 'cmake_clean_cache': False, 'cmake_clean_first': False, 'cmake_force_configure': False, 'cmake_target': None, 'cmake_target_skip_unavailable': False, 'install_base': '/home/robotai/tut_ws/install/robot_motion_controller', 'merge_install': False, 'path': '/home/robotai/tut_ws/src/robot_motion_controller', 'symlink_install': False, 'test_result_base': None}
[3.785s] INFO:colcon.colcon_core.executor:Executing jobs using 'parallel' executor
[3.786s] DEBUG:colcon.colcon_parallel_executor.executor.parallel:run_until_complete
[3.786s] INFO:colcon.colcon_ros.task.ament_cmake.build:Building ROS package in '/home/robotai/tut_ws/src/diff_drive_robot_gz_sim' with build type 'ament_cmake'
[3.786s] INFO:colcon.colcon_cmake.task.cmake.build:Building CMake package in '/home/robotai/tut_ws/src/diff_drive_robot_gz_sim'
[3.836s] INFO:colcon.colcon_core.plugin_system:Skipping extension 'colcon_core.shell.bat': Not used on non-Windows systems
[3.837s] INFO:colcon.colcon_core.shell:Skip shell extension 'powershell' for command environment: Not usable outside of PowerShell
[3.837s] DEBUG:colcon.colcon_core.shell:Skip shell extension 'dsv' for command environment
[3.841s] INFO:colcon.colcon_ros.task.ament_cmake.build:Building ROS package in '/home/robotai/tut_ws/src/iar_amcl_node' with build type 'ament_cmake'
[3.841s] INFO:colcon.colcon_cmake.task.cmake.build:Building CMake package in '/home/robotai/tut_ws/src/iar_amcl_node'
[3.841s] INFO:colcon.colcon_core.shell:Skip shell extension 'powershell' for command environment: Not usable outside of PowerShell
[3.841s] DEBUG:colcon.colcon_core.shell:Skip shell extension 'dsv' for command environment
[3.844s] INFO:colcon.colcon_ros.task.ament_cmake.build:Building ROS package in '/home/robotai/tut_ws/src/iar_amcl_sensor_model' with build type 'ament_cmake'
[3.844s] INFO:colcon.colcon_cmake.task.cmake.build:Building CMake package in '/home/robotai/tut_ws/src/iar_amcl_sensor_model'
[3.844s] INFO:colcon.colcon_core.shell:Skip shell extension 'powershell' for command environment: Not usable outside of PowerShell
[3.844s] DEBUG:colcon.colcon_core.shell:Skip shell extension 'dsv' for command environment
[3.847s] INFO:colcon.colcon_ros.task.ament_cmake.build:Building ROS package in '/home/robotai/tut_ws/src/iar_dijkstra_planner' with build type 'ament_cmake'
[3.847s] INFO:colcon.colcon_cmake.task.cmake.build:Building CMake package in '/home/robotai/tut_ws/src/iar_dijkstra_planner'
[3.847s] INFO:colcon.colcon_core.shell:Skip shell extension 'powershell' for command environment: Not usable outside of PowerShell
[3.847s] DEBUG:colcon.colcon_core.shell:Skip shell extension 'dsv' for command environment
[3.850s] INFO:colcon.colcon_ros.task.ament_cmake.build:Building ROS package in '/home/robotai/tut_ws/src/robot_motion_controller' with build type 'ament_cmake'
[3.850s] INFO:colcon.colcon_cmake.task.cmake.build:Building CMake package in '/home/robotai/tut_ws/src/robot_motion_controller'
[3.850s] INFO:colcon.colcon_core.shell:Skip shell extension 'powershell' for command environment: Not usable outside of PowerShell
[3.850s] DEBUG:colcon.colcon_core.shell:Skip shell extension 'dsv' for command environment
[3.866s] DEBUG:colcon.colcon_core.event_handler.log_command:Invoking command in '/home/robotai/tut_ws/build/diff_drive_robot_gz_sim': CMAKE_PREFIX_PATH=/opt/ros/humble /usr/bin/cmake --build /home/robotai/tut_ws/build/diff_drive_robot_gz_sim -- -j6 -l6
[3.876s] DEBUG:colcon.colcon_core.event_handler.log_command:Invoking command in '/home/robotai/tut_ws/build/iar_amcl_node': CMAKE_PREFIX_PATH=/opt/ros/humble /usr/bin/cmake --build /home/robotai/tut_ws/build/iar_amcl_node -- -j6 -l6
[3.891s] DEBUG:colcon.colcon_core.event_handler.log_command:Invoking command in '/home/robotai/tut_ws/build/iar_amcl_sensor_model': CMAKE_PREFIX_PATH=/opt/ros/humble /usr/bin/cmake --build /home/robotai/tut_ws/build/iar_amcl_sensor_model -- -j6 -l6
[3.894s] DEBUG:colcon.colcon_core.event_handler.log_command:Invoking command in '/home/robotai/tut_ws/build/iar_dijkstra_planner': CMAKE_PREFIX_PATH=/opt/ros/humble /usr/bin/cmake --build /home/robotai/tut_ws/build/iar_dijkstra_planner -- -j6 -l6
[3.894s] DEBUG:colcon.colcon_core.event_handler.log_command:Invoking command in '/home/robotai/tut_ws/build/robot_motion_controller': CMAKE_PREFIX_PATH=/opt/ros/humble /usr/bin/cmake --build /home/robotai/tut_ws/build/robot_motion_controller -- -j6 -l6
[3.914s] DEBUG:colcon.colcon_core.event_handler.log_command:Invoked command in '/home/robotai/tut_ws/build/diff_drive_robot_gz_sim' returned '0': CMAKE_PREFIX_PATH=/opt/ros/humble /usr/bin/cmake --build /home/robotai/tut_ws/build/diff_drive_robot_gz_sim -- -j6 -l6
[3.940s] DEBUG:colcon.colcon_core.event_handler.log_command:Invoking command in '/home/robotai/tut_ws/build/diff_drive_robot_gz_sim': CMAKE_PREFIX_PATH=/opt/ros/humble /usr/bin/cmake --install /home/robotai/tut_ws/build/diff_drive_robot_gz_sim
[3.971s] DEBUG:colcon.colcon_core.event_handler.log_command:Invoked command in '/home/robotai/tut_ws/build/iar_amcl_node' returned '0': CMAKE_PREFIX_PATH=/opt/ros/humble /usr/bin/cmake --build /home/robotai/tut_ws/build/iar_amcl_node -- -j6 -l6
[3.971s] DEBUG:colcon.colcon_core.event_handler.log_command:Invoking command in '/home/robotai/tut_ws/build/iar_amcl_node': CMAKE_PREFIX_PATH=/opt/ros/humble /usr/bin/cmake --install /home/robotai/tut_ws/build/iar_amcl_node
[3.972s] Level 1:colcon.colcon_core.environment:create_environment_scripts_only(diff_drive_robot_gz_sim)
[3.972s] DEBUG:colcon.colcon_core.event_handler.log_command:Invoked command in '/home/robotai/tut_ws/build/diff_drive_robot_gz_sim' returned '0': CMAKE_PREFIX_PATH=/opt/ros/humble /usr/bin/cmake --install /home/robotai/tut_ws/build/diff_drive_robot_gz_sim
[4.025s] Level 1:colcon.colcon_core.environment:checking '/home/robotai/tut_ws/install/diff_drive_robot_gz_sim' for CMake module files
[4.025s] Level 1:colcon.colcon_core.environment:checking '/home/robotai/tut_ws/install/diff_drive_robot_gz_sim' for CMake config files
[4.025s] Level 1:colcon.colcon_core.shell:create_environment_hook('diff_drive_robot_gz_sim', 'cmake_prefix_path')
[4.026s] INFO:colcon.colcon_core.shell:Creating environment hook '/home/robotai/tut_ws/install/diff_drive_robot_gz_sim/share/diff_drive_robot_gz_sim/hook/cmake_prefix_path.ps1'
[4.028s] INFO:colcon.colcon_core.shell:Creating environment descriptor '/home/robotai/tut_ws/install/diff_drive_robot_gz_sim/share/diff_drive_robot_gz_sim/hook/cmake_prefix_path.dsv'
[4.031s] INFO:colcon.colcon_core.shell:Creating environment hook '/home/robotai/tut_ws/install/diff_drive_robot_gz_sim/share/diff_drive_robot_gz_sim/hook/cmake_prefix_path.sh'
[4.032s] Level 1:colcon.colcon_core.environment:checking '/home/robotai/tut_ws/install/diff_drive_robot_gz_sim/bin'
[4.033s] Level 1:colcon.colcon_core.environment:checking '/home/robotai/tut_ws/install/diff_drive_robot_gz_sim/lib/pkgconfig/diff_drive_robot_gz_sim.pc'
[4.033s] Level 1:colcon.colcon_core.environment:checking '/home/robotai/tut_ws/install/diff_drive_robot_gz_sim/lib/python3.10/site-packages'
[4.033s] Level 1:colcon.colcon_core.environment:checking '/home/robotai/tut_ws/install/diff_drive_robot_gz_sim/bin'
[4.033s] INFO:colcon.colcon_core.shell:Creating package script '/home/robotai/tut_ws/install/diff_drive_robot_gz_sim/share/diff_drive_robot_gz_sim/package.ps1'
[4.034s] INFO:colcon.colcon_core.shell:Creating package descriptor '/home/robotai/tut_ws/install/diff_drive_robot_gz_sim/share/diff_drive_robot_gz_sim/package.dsv'
[4.035s] INFO:colcon.colcon_core.shell:Creating package script '/home/robotai/tut_ws/install/diff_drive_robot_gz_sim/share/diff_drive_robot_gz_sim/package.sh'
[4.037s] INFO:colcon.colcon_core.shell:Creating package script '/home/robotai/tut_ws/install/diff_drive_robot_gz_sim/share/diff_drive_robot_gz_sim/package.bash'
[4.038s] INFO:colcon.colcon_core.shell:Creating package script '/home/robotai/tut_ws/install/diff_drive_robot_gz_sim/share/diff_drive_robot_gz_sim/package.zsh'
[4.040s] Level 1:colcon.colcon_core.environment:create_file_with_runtime_dependencies(/home/robotai/tut_ws/install/diff_drive_robot_gz_sim/share/colcon-core/packages/diff_drive_robot_gz_sim)
[4.041s] Level 1:colcon.colcon_core.environment:create_environment_scripts_only(diff_drive_robot_gz_sim)
[4.041s] Level 1:colcon.colcon_core.environment:checking '/home/robotai/tut_ws/install/diff_drive_robot_gz_sim' for CMake module files
[4.041s] Level 1:colcon.colcon_core.environment:checking '/home/robotai/tut_ws/install/diff_drive_robot_gz_sim' for CMake config files
[4.041s] Level 1:colcon.colcon_core.shell:create_environment_hook('diff_drive_robot_gz_sim', 'cmake_prefix_path')
[4.042s] INFO:colcon.colcon_core.shell:Creating environment hook '/home/robotai/tut_ws/install/diff_drive_robot_gz_sim/share/diff_drive_robot_gz_sim/hook/cmake_prefix_path.ps1'
[4.042s] INFO:colcon.colcon_core.shell:Creating environment descriptor '/home/robotai/tut_ws/install/diff_drive_robot_gz_sim/share/diff_drive_robot_gz_sim/hook/cmake_prefix_path.dsv'
[4.042s] INFO:colcon.colcon_core.shell:Creating environment hook '/home/robotai/tut_ws/install/diff_drive_robot_gz_sim/share/diff_drive_robot_gz_sim/hook/cmake_prefix_path.sh'
[4.043s] Level 1:colcon.colcon_core.environment:checking '/home/robotai/tut_ws/install/diff_drive_robot_gz_sim/bin'
[4.043s] Level 1:colcon.colcon_core.environment:checking '/home/robotai/tut_ws/install/diff_drive_robot_gz_sim/lib/pkgconfig/diff_drive_robot_gz_sim.pc'
[4.043s] Level 1:colcon.colcon_core.environment:checking '/home/robotai/tut_ws/install/diff_drive_robot_gz_sim/lib/python3.10/site-packages'
[4.043s] Level 1:colcon.colcon_core.environment:checking '/home/robotai/tut_ws/install/diff_drive_robot_gz_sim/bin'
[4.043s] INFO:colcon.colcon_core.shell:Creating package script '/home/robotai/tut_ws/install/diff_drive_robot_gz_sim/share/diff_drive_robot_gz_sim/package.ps1'
[4.044s] INFO:colcon.colcon_core.shell:Creating package descriptor '/home/robotai/tut_ws/install/diff_drive_robot_gz_sim/share/diff_drive_robot_gz_sim/package.dsv'
[4.044s] INFO:colcon.colcon_core.shell:Creating package script '/home/robotai/tut_ws/install/diff_drive_robot_gz_sim/share/diff_drive_robot_gz_sim/package.sh'
[4.044s] INFO:colcon.colcon_core.shell:Creating package script '/home/robotai/tut_ws/install/diff_drive_robot_gz_sim/share/diff_drive_robot_gz_sim/package.bash'
[4.045s] INFO:colcon.colcon_core.shell:Creating package script '/home/robotai/tut_ws/install/diff_drive_robot_gz_sim/share/diff_drive_robot_gz_sim/package.zsh'
[4.045s] Level 1:colcon.colcon_core.environment:create_file_with_runtime_dependencies(/home/robotai/tut_ws/install/diff_drive_robot_gz_sim/share/colcon-core/packages/diff_drive_robot_gz_sim)
[4.047s] DEBUG:colcon.colcon_core.event_handler.log_command:Invoked command in '/home/robotai/tut_ws/build/robot_motion_controller' returned '0': CMAKE_PREFIX_PATH=/opt/ros/humble /usr/bin/cmake --build /home/robotai/tut_ws/build/robot_motion_controller -- -j6 -l6
[4.052s] DEBUG:colcon.colcon_core.event_handler.log_command:Invoking command in '/home/robotai/tut_ws/build/robot_motion_controller': CMAKE_PREFIX_PATH=/opt/ros/humble /usr/bin/cmake --install /home/robotai/tut_ws/build/robot_motion_controller
[4.054s] DEBUG:colcon.colcon_core.event_handler.log_command:Invoked command in '/home/robotai/tut_ws/build/iar_amcl_sensor_model' returned '0': CMAKE_PREFIX_PATH=/opt/ros/humble /usr/bin/cmake --build /home/robotai/tut_ws/build/iar_amcl_sensor_model -- -j6 -l6
[4.071s] Level 1:colcon.colcon_core.environment:create_environment_scripts_only(iar_amcl_node)
[4.071s] Level 1:colcon.colcon_core.environment:checking '/home/robotai/tut_ws/install/iar_amcl_node' for CMake module files
[4.072s] Level 1:colcon.colcon_core.environment:checking '/home/robotai/tut_ws/install/iar_amcl_node' for CMake config files
[4.072s] Level 1:colcon.colcon_core.shell:create_environment_hook('iar_amcl_node', 'cmake_prefix_path')
[4.072s] INFO:colcon.colcon_core.shell:Creating environment hook '/home/robotai/tut_ws/install/iar_amcl_node/share/iar_amcl_node/hook/cmake_prefix_path.ps1'
[4.073s] INFO:colcon.colcon_core.shell:Creating environment descriptor '/home/robotai/tut_ws/install/iar_amcl_node/share/iar_amcl_node/hook/cmake_prefix_path.dsv'
[4.073s] INFO:colcon.colcon_core.shell:Creating environment hook '/home/robotai/tut_ws/install/iar_amcl_node/share/iar_amcl_node/hook/cmake_prefix_path.sh'
[4.074s] DEBUG:colcon.colcon_core.event_handler.log_command:Invoking command in '/home/robotai/tut_ws/build/iar_amcl_sensor_model': CMAKE_PREFIX_PATH=/opt/ros/humble /usr/bin/cmake --install /home/robotai/tut_ws/build/iar_amcl_sensor_model
[4.074s] DEBUG:colcon.colcon_core.event_handler.log_command:Invoked command in '/home/robotai/tut_ws/build/iar_amcl_node' returned '0': CMAKE_PREFIX_PATH=/opt/ros/humble /usr/bin/cmake --install /home/robotai/tut_ws/build/iar_amcl_node
[4.077s] Level 1:colcon.colcon_core.environment:checking '/home/robotai/tut_ws/install/iar_amcl_node/lib'
[4.078s] Level 1:colcon.colcon_core.environment:checking '/home/robotai/tut_ws/install/iar_amcl_node/bin'
[4.078s] Level 1:colcon.colcon_core.environment:checking '/home/robotai/tut_ws/install/iar_amcl_node/lib/pkgconfig/iar_amcl_node.pc'
[4.078s] Level 1:colcon.colcon_core.environment:checking '/home/robotai/tut_ws/install/iar_amcl_node/lib/python3.10/site-packages'
[4.078s] Level 1:colcon.colcon_core.environment:checking '/home/robotai/tut_ws/install/iar_amcl_node/bin'
[4.078s] INFO:colcon.colcon_core.shell:Creating package script '/home/robotai/tut_ws/install/iar_amcl_node/share/iar_amcl_node/package.ps1'
[4.079s] INFO:colcon.colcon_core.shell:Creating package descriptor '/home/robotai/tut_ws/install/iar_amcl_node/share/iar_amcl_node/package.dsv'
[4.079s] INFO:colcon.colcon_core.shell:Creating package script '/home/robotai/tut_ws/install/iar_amcl_node/share/iar_amcl_node/package.sh'
[4.079s] INFO:colcon.colcon_core.shell:Creating package script '/home/robotai/tut_ws/install/iar_amcl_node/share/iar_amcl_node/package.bash'
[4.080s] INFO:colcon.colcon_core.shell:Creating package script '/home/robotai/tut_ws/install/iar_amcl_node/share/iar_amcl_node/package.zsh'
[4.080s] Level 1:colcon.colcon_core.environment:create_file_with_runtime_dependencies(/home/robotai/tut_ws/install/iar_amcl_node/share/colcon-core/packages/iar_amcl_node)
[4.080s] Level 1:colcon.colcon_core.environment:create_environment_scripts_only(iar_amcl_node)
[4.081s] Level 1:colcon.colcon_core.environment:checking '/home/robotai/tut_ws/install/iar_amcl_node' for CMake module files
[4.081s] Level 1:colcon.colcon_core.environment:checking '/home/robotai/tut_ws/install/iar_amcl_node' for CMake config files
[4.082s] Level 1:colcon.colcon_core.shell:create_environment_hook('iar_amcl_node', 'cmake_prefix_path')
[4.082s] INFO:colcon.colcon_core.shell:Creating environment hook '/home/robotai/tut_ws/install/iar_amcl_node/share/iar_amcl_node/hook/cmake_prefix_path.ps1'
[4.082s] INFO:colcon.colcon_core.shell:Creating environment descriptor '/home/robotai/tut_ws/install/iar_amcl_node/share/iar_amcl_node/hook/cmake_prefix_path.dsv'
[4.084s] INFO:colcon.colcon_core.shell:Creating environment hook '/home/robotai/tut_ws/install/iar_amcl_node/share/iar_amcl_node/hook/cmake_prefix_path.sh'
[4.085s] Level 1:colcon.colcon_core.environment:checking '/home/robotai/tut_ws/install/iar_amcl_node/lib'
[4.085s] Level 1:colcon.colcon_core.environment:checking '/home/robotai/tut_ws/install/iar_amcl_node/bin'
[4.085s] Level 1:colcon.colcon_core.environment:checking '/home/robotai/tut_ws/install/iar_amcl_node/lib/pkgconfig/iar_amcl_node.pc'
[4.085s] Level 1:colcon.colcon_core.environment:checking '/home/robotai/tut_ws/install/iar_amcl_node/lib/python3.10/site-packages'
[4.085s] Level 1:colcon.colcon_core.environment:checking '/home/robotai/tut_ws/install/iar_amcl_node/bin'
[4.086s] INFO:colcon.colcon_core.shell:Creating package script '/home/robotai/tut_ws/install/iar_amcl_node/share/iar_amcl_node/package.ps1'
[4.086s] INFO:colcon.colcon_core.shell:Creating package descriptor '/home/robotai/tut_ws/install/iar_amcl_node/share/iar_amcl_node/package.dsv'
[4.087s] INFO:colcon.colcon_core.shell:Creating package script '/home/robotai/tut_ws/install/iar_amcl_node/share/iar_amcl_node/package.sh'
[4.087s] INFO:colcon.colcon_core.shell:Creating package script '/home/robotai/tut_ws/install/iar_amcl_node/share/iar_amcl_node/package.bash'
[4.087s] INFO:colcon.colcon_core.shell:Creating package script '/home/robotai/tut_ws/install/iar_amcl_node/share/iar_amcl_node/package.zsh'
[4.088s] Level 1:colcon.colcon_core.environment:create_file_with_runtime_dependencies(/home/robotai/tut_ws/install/iar_amcl_node/share/colcon-core/packages/iar_amcl_node)
[4.105s] Level 1:colcon.colcon_core.environment:create_environment_scripts_only(iar_amcl_sensor_model)
[4.105s] Level 1:colcon.colcon_core.environment:checking '/home/robotai/tut_ws/install/iar_amcl_sensor_model' for CMake module files
[4.106s] DEBUG:colcon.colcon_core.event_handler.log_command:Invoked command in '/home/robotai/tut_ws/build/iar_amcl_sensor_model' returned '0': CMAKE_PREFIX_PATH=/opt/ros/humble /usr/bin/cmake --install /home/robotai/tut_ws/build/iar_amcl_sensor_model
[4.106s] Level 1:colcon.colcon_core.environment:checking '/home/robotai/tut_ws/install/iar_amcl_sensor_model' for CMake config files
[4.106s] Level 1:colcon.colcon_core.shell:create_environment_hook('iar_amcl_sensor_model', 'cmake_prefix_path')
[4.107s] INFO:colcon.colcon_core.shell:Creating environment hook '/home/robotai/tut_ws/install/iar_amcl_sensor_model/share/iar_amcl_sensor_model/hook/cmake_prefix_path.ps1'
[4.107s] INFO:colcon.colcon_core.shell:Creating environment descriptor '/home/robotai/tut_ws/install/iar_amcl_sensor_model/share/iar_amcl_sensor_model/hook/cmake_prefix_path.dsv'
[4.107s] INFO:colcon.colcon_core.shell:Creating environment hook '/home/robotai/tut_ws/install/iar_amcl_sensor_model/share/iar_amcl_sensor_model/hook/cmake_prefix_path.sh'
[4.108s] Level 1:colcon.colcon_core.environment:checking '/home/robotai/tut_ws/install/iar_amcl_sensor_model/lib'
[4.108s] Level 1:colcon.colcon_core.environment:checking '/home/robotai/tut_ws/install/iar_amcl_sensor_model/bin'
[4.108s] Level 1:colcon.colcon_core.environment:checking '/home/robotai/tut_ws/install/iar_amcl_sensor_model/lib/pkgconfig/iar_amcl_sensor_model.pc'
[4.109s] Level 1:colcon.colcon_core.environment:checking '/home/robotai/tut_ws/install/iar_amcl_sensor_model/lib/python3.10/site-packages'
[4.109s] Level 1:colcon.colcon_core.environment:checking '/home/robotai/tut_ws/install/iar_amcl_sensor_model/bin'
[4.109s] INFO:colcon.colcon_core.shell:Creating package script '/home/robotai/tut_ws/install/iar_amcl_sensor_model/share/iar_amcl_sensor_model/package.ps1'
[4.110s] INFO:colcon.colcon_core.shell:Creating package descriptor '/home/robotai/tut_ws/install/iar_amcl_sensor_model/share/iar_amcl_sensor_model/package.dsv'
[4.110s] INFO:colcon.colcon_core.shell:Creating package script '/home/robotai/tut_ws/install/iar_amcl_sensor_model/share/iar_amcl_sensor_model/package.sh'
[4.111s] INFO:colcon.colcon_core.shell:Creating package script '/home/robotai/tut_ws/install/iar_amcl_sensor_model/share/iar_amcl_sensor_model/package.bash'
[4.111s] INFO:colcon.colcon_core.shell:Creating package script '/home/robotai/tut_ws/install/iar_amcl_sensor_model/share/iar_amcl_sensor_model/package.zsh'
[4.111s] Level 1:colcon.colcon_core.environment:create_file_with_runtime_dependencies(/home/robotai/tut_ws/install/iar_amcl_sensor_model/share/colcon-core/packages/iar_amcl_sensor_model)
[4.112s] Level 1:colcon.colcon_core.environment:create_environment_scripts_only(iar_amcl_sensor_model)
[4.112s] Level 1:colcon.colcon_core.environment:checking '/home/robotai/tut_ws/install/iar_amcl_sensor_model' for CMake module files
[4.112s] Level 1:colcon.colcon_core.environment:checking '/home/robotai/tut_ws/install/iar_amcl_sensor_model' for CMake config files
[4.112s] Level 1:colcon.colcon_core.shell:create_environment_hook('iar_amcl_sensor_model', 'cmake_prefix_path')
[4.113s] INFO:colcon.colcon_core.shell:Creating environment hook '/home/robotai/tut_ws/install/iar_amcl_sensor_model/share/iar_amcl_sensor_model/hook/cmake_prefix_path.ps1'
[4.113s] INFO:colcon.colcon_core.shell:Creating environment descriptor '/home/robotai/tut_ws/install/iar_amcl_sensor_model/share/iar_amcl_sensor_model/hook/cmake_prefix_path.dsv'
[4.113s] INFO:colcon.colcon_core.shell:Creating environment hook '/home/robotai/tut_ws/install/iar_amcl_sensor_model/share/iar_amcl_sensor_model/hook/cmake_prefix_path.sh'
[4.114s] Level 1:colcon.colcon_core.environment:checking '/home/robotai/tut_ws/install/iar_amcl_sensor_model/lib'
[4.114s] Level 1:colcon.colcon_core.environment:checking '/home/robotai/tut_ws/install/iar_amcl_sensor_model/bin'
[4.114s] Level 1:colcon.colcon_core.environment:checking '/home/robotai/tut_ws/install/iar_amcl_sensor_model/lib/pkgconfig/iar_amcl_sensor_model.pc'
[4.114s] Level 1:colcon.colcon_core.environment:checking '/home/robotai/tut_ws/install/iar_amcl_sensor_model/lib/python3.10/site-packages'
[4.114s] Level 1:colcon.colcon_core.environment:checking '/home/robotai/tut_ws/install/iar_amcl_sensor_model/bin'
[4.114s] INFO:colcon.colcon_core.shell:Creating package script '/home/robotai/tut_ws/install/iar_amcl_sensor_model/share/iar_amcl_sensor_model/package.ps1'
[4.116s] INFO:colcon.colcon_core.shell:Creating package descriptor '/home/robotai/tut_ws/install/iar_amcl_sensor_model/share/iar_amcl_sensor_model/package.dsv'
[4.116s] INFO:colcon.colcon_core.shell:Creating package script '/home/robotai/tut_ws/install/iar_amcl_sensor_model/share/iar_amcl_sensor_model/package.sh'
[4.117s] INFO:colcon.colcon_core.shell:Creating package script '/home/robotai/tut_ws/install/iar_amcl_sensor_model/share/iar_amcl_sensor_model/package.bash'
[4.118s] INFO:colcon.colcon_core.shell:Creating package script '/home/robotai/tut_ws/install/iar_amcl_sensor_model/share/iar_amcl_sensor_model/package.zsh'
[4.118s] Level 1:colcon.colcon_core.environment:create_file_with_runtime_dependencies(/home/robotai/tut_ws/install/iar_amcl_sensor_model/share/colcon-core/packages/iar_amcl_sensor_model)
[4.119s] Level 1:colcon.colcon_core.environment:create_environment_scripts_only(robot_motion_controller)
[4.119s] Level 1:colcon.colcon_core.environment:checking '/home/robotai/tut_ws/install/robot_motion_controller' for CMake module files
[4.119s] Level 1:colcon.colcon_core.environment:checking '/home/robotai/tut_ws/install/robot_motion_controller' for CMake config files
[4.120s] Level 1:colcon.colcon_core.shell:create_environment_hook('robot_motion_controller', 'cmake_prefix_path')
[4.120s] INFO:colcon.colcon_core.shell:Creating environment hook '/home/robotai/tut_ws/install/robot_motion_controller/share/robot_motion_controller/hook/cmake_prefix_path.ps1'
[4.120s] INFO:colcon.colcon_core.shell:Creating environment descriptor '/home/robotai/tut_ws/install/robot_motion_controller/share/robot_motion_controller/hook/cmake_prefix_path.dsv'
[4.120s] INFO:colcon.colcon_core.shell:Creating environment hook '/home/robotai/tut_ws/install/robot_motion_controller/share/robot_motion_controller/hook/cmake_prefix_path.sh'
[4.121s] Level 1:colcon.colcon_core.environment:checking '/home/robotai/tut_ws/install/robot_motion_controller/lib'
[4.121s] Level 1:colcon.colcon_core.environment:checking '/home/robotai/tut_ws/install/robot_motion_controller/bin'
[4.121s] Level 1:colcon.colcon_core.environment:checking '/home/robotai/tut_ws/install/robot_motion_controller/lib/pkgconfig/robot_motion_controller.pc'
[4.124s] Level 1:colcon.colcon_core.environment:checking '/home/robotai/tut_ws/install/robot_motion_controller/lib/python3.10/site-packages'
[4.124s] Level 1:colcon.colcon_core.environment:checking '/home/robotai/tut_ws/install/robot_motion_controller/bin'
[4.125s] INFO:colcon.colcon_core.shell:Creating package script '/home/robotai/tut_ws/install/robot_motion_controller/share/robot_motion_controller/package.ps1'
[4.125s] INFO:colcon.colcon_core.shell:Creating package descriptor '/home/robotai/tut_ws/install/robot_motion_controller/share/robot_motion_controller/package.dsv'
[4.125s] INFO:colcon.colcon_core.shell:Creating package script '/home/robotai/tut_ws/install/robot_motion_controller/share/robot_motion_controller/package.sh'
[4.126s] INFO:colcon.colcon_core.shell:Creating package script '/home/robotai/tut_ws/install/robot_motion_controller/share/robot_motion_controller/package.bash'
[4.126s] INFO:colcon.colcon_core.shell:Creating package script '/home/robotai/tut_ws/install/robot_motion_controller/share/robot_motion_controller/package.zsh'
[4.126s] Level 1:colcon.colcon_core.environment:create_file_with_runtime_dependencies(/home/robotai/tut_ws/install/robot_motion_controller/share/colcon-core/packages/robot_motion_controller)
[4.127s] Level 1:colcon.colcon_core.environment:create_environment_scripts_only(robot_motion_controller)
[4.127s] Level 1:colcon.colcon_core.environment:checking '/home/robotai/tut_ws/install/robot_motion_controller' for CMake module files
[4.128s] Level 1:colcon.colcon_core.environment:checking '/home/robotai/tut_ws/install/robot_motion_controller' for CMake config files
[4.129s] DEBUG:colcon.colcon_core.event_handler.log_command:Invoked command in '/home/robotai/tut_ws/build/robot_motion_controller' returned '0': CMAKE_PREFIX_PATH=/opt/ros/humble /usr/bin/cmake --install /home/robotai/tut_ws/build/robot_motion_controller
[4.129s] Level 1:colcon.colcon_core.shell:create_environment_hook('robot_motion_controller', 'cmake_prefix_path')
[4.130s] INFO:colcon.colcon_core.shell:Creating environment hook '/home/robotai/tut_ws/install/robot_motion_controller/share/robot_motion_controller/hook/cmake_prefix_path.ps1'
[4.131s] INFO:colcon.colcon_core.shell:Creating environment descriptor '/home/robotai/tut_ws/install/robot_motion_controller/share/robot_motion_controller/hook/cmake_prefix_path.dsv'
[4.131s] INFO:colcon.colcon_core.shell:Creating environment hook '/home/robotai/tut_ws/install/robot_motion_controller/share/robot_motion_controller/hook/cmake_prefix_path.sh'
[4.131s] Level 1:colcon.colcon_core.environment:checking '/home/robotai/tut_ws/install/robot_motion_controller/lib'
[4.132s] Level 1:colcon.colcon_core.environment:checking '/home/robotai/tut_ws/install/robot_motion_controller/bin'
[4.132s] Level 1:colcon.colcon_core.environment:checking '/home/robotai/tut_ws/install/robot_motion_controller/lib/pkgconfig/robot_motion_controller.pc'
[4.132s] Level 1:colcon.colcon_core.environment:checking '/home/robotai/tut_ws/install/robot_motion_controller/lib/python3.10/site-packages'
[4.132s] Level 1:colcon.colcon_core.environment:checking '/home/robotai/tut_ws/install/robot_motion_controller/bin'
[4.133s] INFO:colcon.colcon_core.shell:Creating package script '/home/robotai/tut_ws/install/robot_motion_controller/share/robot_motion_controller/package.ps1'
[4.134s] INFO:colcon.colcon_core.shell:Creating package descriptor '/home/robotai/tut_ws/install/robot_motion_controller/share/robot_motion_controller/package.dsv'
[4.134s] INFO:colcon.colcon_core.shell:Creating package script '/home/robotai/tut_ws/install/robot_motion_controller/share/robot_motion_controller/package.sh'
[4.135s] INFO:colcon.colcon_core.shell:Creating package script '/home/robotai/tut_ws/install/robot_motion_controller/share/robot_motion_controller/package.bash'
[4.135s] INFO:colcon.colcon_core.shell:Creating package script '/home/robotai/tut_ws/install/robot_motion_controller/share/robot_motion_controller/package.zsh'
[4.135s] Level 1:colcon.colcon_core.environment:create_file_with_runtime_dependencies(/home/robotai/tut_ws/install/robot_motion_controller/share/colcon-core/packages/robot_motion_controller)
[4.631s] DEBUG:colcon.colcon_core.event_handler.log_command:Invoked command in '/home/robotai/tut_ws/build/iar_dijkstra_planner' returned '2': CMAKE_PREFIX_PATH=/opt/ros/humble /usr/bin/cmake --build /home/robotai/tut_ws/build/iar_dijkstra_planner -- -j6 -l6
[4.632s] Level 1:colcon.colcon_core.environment:create_environment_scripts_only(iar_dijkstra_planner)
[4.632s] Level 1:colcon.colcon_core.environment:checking '/home/robotai/tut_ws/install/iar_dijkstra_planner' for CMake module files
[4.632s] Level 1:colcon.colcon_core.environment:checking '/home/robotai/tut_ws/install/iar_dijkstra_planner' for CMake config files
[4.633s] Level 1:colcon.colcon_core.environment:checking '/home/robotai/tut_ws/install/iar_dijkstra_planner/bin'
[4.633s] Level 1:colcon.colcon_core.environment:checking '/home/robotai/tut_ws/install/iar_dijkstra_planner/lib/pkgconfig/iar_dijkstra_planner.pc'
[4.633s] Level 1:colcon.colcon_core.environment:checking '/home/robotai/tut_ws/install/iar_dijkstra_planner/lib/python3.10/site-packages'
[4.633s] Level 1:colcon.colcon_core.environment:checking '/home/robotai/tut_ws/install/iar_dijkstra_planner/bin'
[4.633s] INFO:colcon.colcon_core.shell:Creating package script '/home/robotai/tut_ws/install/iar_dijkstra_planner/share/iar_dijkstra_planner/package.ps1'
[4.634s] INFO:colcon.colcon_core.shell:Creating package descriptor '/home/robotai/tut_ws/install/iar_dijkstra_planner/share/iar_dijkstra_planner/package.dsv'
[4.634s] INFO:colcon.colcon_core.shell:Creating package script '/home/robotai/tut_ws/install/iar_dijkstra_planner/share/iar_dijkstra_planner/package.sh'
[4.635s] INFO:colcon.colcon_core.shell:Creating package script '/home/robotai/tut_ws/install/iar_dijkstra_planner/share/iar_dijkstra_planner/package.bash'
[4.635s] INFO:colcon.colcon_core.shell:Creating package script '/home/robotai/tut_ws/install/iar_dijkstra_planner/share/iar_dijkstra_planner/package.zsh'
[4.635s] Level 1:colcon.colcon_core.environment:create_file_with_runtime_dependencies(/home/robotai/tut_ws/install/iar_dijkstra_planner/share/colcon-core/packages/iar_dijkstra_planner)
[4.646s] DEBUG:colcon.colcon_parallel_executor.executor.parallel:closing loop
[4.646s] DEBUG:colcon.colcon_parallel_executor.executor.parallel:loop closed
[4.646s] DEBUG:colcon.colcon_parallel_executor.executor.parallel:run_until_complete finished with '2'
[4.646s] DEBUG:colcon.colcon_core.event_reactor:joining thread
[4.651s] INFO:colcon.colcon_core.plugin_system:Skipping extension 'colcon_notification.desktop_notification.terminal_notifier': Not used on non-Darwin systems
[4.651s] INFO:colcon.colcon_core.plugin_system:Skipping extension 'colcon_notification.desktop_notification.win32': Not used on non-Windows systems
[4.651s] INFO:colcon.colcon_notification.desktop_notification:Sending desktop notification using 'notify2'
[4.663s] DEBUG:colcon.colcon_core.event_reactor:joined thread
[4.664s] INFO:colcon.colcon_core.shell:Creating prefix script '/home/robotai/tut_ws/install/local_setup.ps1'
[4.665s] INFO:colcon.colcon_core.shell:Creating prefix util module '/home/robotai/tut_ws/install/_local_setup_util_ps1.py'
[4.666s] INFO:colcon.colcon_core.shell:Creating prefix chain script '/home/robotai/tut_ws/install/setup.ps1'
[4.667s] INFO:colcon.colcon_core.shell:Creating prefix script '/home/robotai/tut_ws/install/local_setup.sh'
[4.667s] INFO:colcon.colcon_core.shell:Creating prefix util module '/home/robotai/tut_ws/install/_local_setup_util_sh.py'
[4.668s] INFO:colcon.colcon_core.shell:Creating prefix chain script '/home/robotai/tut_ws/install/setup.sh'
[4.669s] INFO:colcon.colcon_core.shell:Creating prefix script '/home/robotai/tut_ws/install/local_setup.bash'
[4.669s] INFO:colcon.colcon_core.shell:Creating prefix chain script '/home/robotai/tut_ws/install/setup.bash'
[4.670s] INFO:colcon.colcon_core.shell:Creating prefix script '/home/robotai/tut_ws/install/local_setup.zsh'
[4.671s] INFO:colcon.colcon_core.shell:Creating prefix chain script '/home/robotai/tut_ws/install/setup.zsh'
