-- Found ament_cmake: 1.3.12 (/opt/ros/humble/share/ament_cmake/cmake)
-- Found ament_cmake_ros: 0.10.0 (/opt/ros/humble/share/ament_cmake_ros/cmake)
-- Found rclcpp: 16.0.15 (/opt/ros/humble/share/rclcpp/cmake)
-- Found rosidl_generator_c: 3.1.7 (/opt/ros/humble/share/rosidl_generator_c/cmake)
-- Found rosidl_adapter: 3.1.7 (/opt/ros/humble/share/rosidl_adapter/cmake)
-- Found rosidl_generator_cpp: 3.1.7 (/opt/ros/humble/share/rosidl_generator_cpp/cmake)
-- Using all available rosidl_typesupport_c: rosidl_typesupport_fastrtps_c;rosidl_typesupport_introspection_c
-- Using all available rosidl_typesupport_cpp: rosidl_typesupport_fastrtps_cpp;rosidl_typesupport_introspection_cpp
-- Found rmw_implementation_cmake: 6.1.2 (/opt/ros/humble/share/rmw_implementation_cmake/cmake)
-- Found rmw_fastrtps_cpp: 6.2.8 (/opt/ros/humble/share/rmw_fastrtps_cpp/cmake)
-- Using RMW implementation 'rmw_fastrtps_cpp' as default
-- Found rclcpp_action: 16.0.15 (/opt/ros/humble/share/rclcpp_action/cmake)
-- Found rclcpp_lifecycle: 16.0.15 (/opt/ros/humble/share/rclcpp_lifecycle/cmake)
-- Found nav2_common: 1.1.18 (/opt/ros/humble/share/nav2_common/cmake)
-- Found visualization_msgs: 4.9.0 (/opt/ros/humble/share/visualization_msgs/cmake)
-- Found nav2_util: 1.1.18 (/opt/ros/humble/share/nav2_util/cmake)
-- Found eigen3_cmake_module: 0.1.1 (/opt/ros/humble/share/eigen3_cmake_module/cmake)
-- Ensuring Eigen3 include directory is part of orocos-kdl CMake target
-- Found nav2_core: 1.1.18 (/opt/ros/humble/share/nav2_core/cmake)
-- Found ament_lint_auto: 0.12.14 (/opt/ros/humble/share/ament_lint_auto/cmake)
-- Added test 'cppcheck' to perform static code analysis on C / C++ code
-- Configured cppcheck include dirs: $<BUILD_INTERFACE:/home/robotai/tut_ws/src/iar_dijkstra_planner/include>
-- Configured cppcheck exclude dirs and/or files: 
-- Added test 'flake8' to check Python code syntax and style conventions
-- Added test 'lint_cmake' to check CMake code style
-- Added test 'pep257' to check Python code against some of the docstring style conventions in PEP 257
-- Added test 'uncrustify' to check C / C++ code style
-- Configured uncrustify additional arguments: 
-- Added test 'xmllint' to check XML markup files
-- Configuring done
-- Generating done
-- Build files have been written to: /home/robotai/tut_ws/build/iar_dijkstra_planner
[35m[1mConsolidate compiler generated dependencies of target iar_dijkstra_planner[0m
[ 50%] [32mBuilding CXX object CMakeFiles/iar_dijkstra_planner.dir/src/iar_dijkstra_planner.cpp.o[0m
[100%] [32m[1mLinking CXX shared library libiar_dijkstra_planner.so[0m
[100%] Built target iar_dijkstra_planner
-- Install configuration: ""
-- Installing: /home/robotai/tut_ws/install/iar_dijkstra_planner/share/iar_dijkstra_planner/iar_dijkstra_planner.xml
-- Installing: /home/robotai/tut_ws/install/iar_dijkstra_planner/include
-- Installing: /home/robotai/tut_ws/install/iar_dijkstra_planner/include/iar_dijkstra_planner
-- Installing: /home/robotai/tut_ws/install/iar_dijkstra_planner/include/iar_dijkstra_planner/visibility_control.h
-- Installing: /home/robotai/tut_ws/install/iar_dijkstra_planner/include/iar_dijkstra_planner/iar_dijkstra_planner.hpp
-- Installing: /home/robotai/tut_ws/install/iar_dijkstra_planner/lib/libiar_dijkstra_planner.so
-- Set runtime path of "/home/robotai/tut_ws/install/iar_dijkstra_planner/lib/libiar_dijkstra_planner.so" to ""
-- Installing: /home/robotai/tut_ws/install/iar_dijkstra_planner/share/iar_dijkstra_planner//launch
-- Installing: /home/robotai/tut_ws/install/iar_dijkstra_planner/share/iar_dijkstra_planner//launch/navigation_launch.py
-- Installing: /home/robotai/tut_ws/install/iar_dijkstra_planner/share/iar_dijkstra_planner//config
-- Installing: /home/robotai/tut_ws/install/iar_dijkstra_planner/share/iar_dijkstra_planner//config/nav2_params.yaml
-- Installing: /home/robotai/tut_ws/install/iar_dijkstra_planner/share/iar_dijkstra_planner/environment/library_path.sh
-- Installing: /home/robotai/tut_ws/install/iar_dijkstra_planner/share/iar_dijkstra_planner/environment/library_path.dsv
-- Installing: /home/robotai/tut_ws/install/iar_dijkstra_planner/share/ament_index/resource_index/package_run_dependencies/iar_dijkstra_planner
-- Installing: /home/robotai/tut_ws/install/iar_dijkstra_planner/share/ament_index/resource_index/parent_prefix_path/iar_dijkstra_planner
-- Installing: /home/robotai/tut_ws/install/iar_dijkstra_planner/share/iar_dijkstra_planner/environment/ament_prefix_path.sh
-- Installing: /home/robotai/tut_ws/install/iar_dijkstra_planner/share/iar_dijkstra_planner/environment/ament_prefix_path.dsv
-- Installing: /home/robotai/tut_ws/install/iar_dijkstra_planner/share/iar_dijkstra_planner/environment/path.sh
-- Installing: /home/robotai/tut_ws/install/iar_dijkstra_planner/share/iar_dijkstra_planner/environment/path.dsv
-- Installing: /home/robotai/tut_ws/install/iar_dijkstra_planner/share/iar_dijkstra_planner/local_setup.bash
-- Installing: /home/robotai/tut_ws/install/iar_dijkstra_planner/share/iar_dijkstra_planner/local_setup.sh
-- Installing: /home/robotai/tut_ws/install/iar_dijkstra_planner/share/iar_dijkstra_planner/local_setup.zsh
-- Installing: /home/robotai/tut_ws/install/iar_dijkstra_planner/share/iar_dijkstra_planner/local_setup.dsv
-- Installing: /home/robotai/tut_ws/install/iar_dijkstra_planner/share/iar_dijkstra_planner/package.dsv
-- Installing: /home/robotai/tut_ws/install/iar_dijkstra_planner/share/ament_index/resource_index/packages/iar_dijkstra_planner
-- Installing: /home/robotai/tut_ws/install/iar_dijkstra_planner/share/ament_index/resource_index/nav2_core__pluginlib__plugin/iar_dijkstra_planner
-- Installing: /home/robotai/tut_ws/install/iar_dijkstra_planner/share/iar_dijkstra_planner/cmake/export_iar_dijkstra_plannerExport.cmake
-- Installing: /home/robotai/tut_ws/install/iar_dijkstra_planner/share/iar_dijkstra_planner/cmake/export_iar_dijkstra_plannerExport-noconfig.cmake
-- Installing: /home/robotai/tut_ws/install/iar_dijkstra_planner/share/iar_dijkstra_planner/cmake/ament_cmake_export_include_directories-extras.cmake
-- Installing: /home/robotai/tut_ws/install/iar_dijkstra_planner/share/iar_dijkstra_planner/cmake/ament_cmake_export_libraries-extras.cmake
-- Installing: /home/robotai/tut_ws/install/iar_dijkstra_planner/share/iar_dijkstra_planner/cmake/ament_cmake_export_targets-extras.cmake
-- Installing: /home/robotai/tut_ws/install/iar_dijkstra_planner/share/iar_dijkstra_planner/cmake/iar_dijkstra_plannerConfig.cmake
-- Installing: /home/robotai/tut_ws/install/iar_dijkstra_planner/share/iar_dijkstra_planner/cmake/iar_dijkstra_plannerConfig-version.cmake
-- Installing: /home/robotai/tut_ws/install/iar_dijkstra_planner/share/iar_dijkstra_planner/package.xml
