[0.027s] Invoking command in '/home/robotai/tut_ws/build/iar_dijkstra_planner': CMAKE_PREFIX_PATH=/opt/ros/humble /usr/bin/cmake --build /home/robotai/tut_ws/build/iar_dijkstra_planner -- -j6 -l6
[0.148s] -- Found ament_cmake: 1.3.12 (/opt/ros/humble/share/ament_cmake/cmake)
[0.422s] -- Found ament_cmake_ros: 0.10.0 (/opt/ros/humble/share/ament_cmake_ros/cmake)
[0.444s] -- Found rclcpp: 16.0.15 (/opt/ros/humble/share/rclcpp/cmake)
[0.696s] -- Found rosidl_generator_c: 3.1.7 (/opt/ros/humble/share/rosidl_generator_c/cmake)
[0.704s] -- Found rosidl_adapter: 3.1.7 (/opt/ros/humble/share/rosidl_adapter/cmake)
[0.722s] -- Found rosidl_generator_cpp: 3.1.7 (/opt/ros/humble/share/rosidl_generator_cpp/cmake)
[0.755s] -- Using all available rosidl_typesupport_c: rosidl_typesupport_fastrtps_c;rosidl_typesupport_introspection_c
[0.795s] -- Using all available rosidl_typesupport_cpp: rosidl_typesupport_fastrtps_cpp;rosidl_typesupport_introspection_cpp
[1.200s] -- Found rmw_implementation_cmake: 6.1.2 (/opt/ros/humble/share/rmw_implementation_cmake/cmake)
[1.204s] -- Found rmw_fastrtps_cpp: 6.2.8 (/opt/ros/humble/share/rmw_fastrtps_cpp/cmake)
[1.423s] -- Using RMW implementation 'rmw_fastrtps_cpp' as default
[1.788s] -- Found rclcpp_action: 16.0.15 (/opt/ros/humble/share/rclcpp_action/cmake)
[2.167s] -- Found rclcpp_lifecycle: 16.0.15 (/opt/ros/humble/share/rclcpp_lifecycle/cmake)
[2.227s] -- Found nav2_common: 1.1.18 (/opt/ros/humble/share/nav2_common/cmake)
[2.229s] -- Found visualization_msgs: 4.9.0 (/opt/ros/humble/share/visualization_msgs/cmake)
[2.368s] -- Found nav2_util: 1.1.18 (/opt/ros/humble/share/nav2_util/cmake)
[2.648s] -- Found eigen3_cmake_module: 0.1.1 (/opt/ros/humble/share/eigen3_cmake_module/cmake)
[2.651s] -- Ensuring Eigen3 include directory is part of orocos-kdl CMake target
[2.702s] -- Found nav2_core: 1.1.18 (/opt/ros/humble/share/nav2_core/cmake)
[2.938s] -- Found ament_lint_auto: 0.12.14 (/opt/ros/humble/share/ament_lint_auto/cmake)
[3.037s] -- Added test 'cppcheck' to perform static code analysis on C / C++ code
[3.038s] -- Configured cppcheck include dirs: $<BUILD_INTERFACE:/home/robotai/tut_ws/src/iar_dijkstra_planner/include>
[3.038s] -- Configured cppcheck exclude dirs and/or files: 
[3.038s] -- Added test 'flake8' to check Python code syntax and style conventions
[3.039s] -- Added test 'lint_cmake' to check CMake code style
[3.040s] -- Added test 'pep257' to check Python code against some of the docstring style conventions in PEP 257
[3.041s] -- Added test 'uncrustify' to check C / C++ code style
[3.041s] -- Configured uncrustify additional arguments: 
[3.041s] -- Added test 'xmllint' to check XML markup files
[3.047s] -- Configuring done
[3.149s] -- Generating done
[3.156s] -- Build files have been written to: /home/robotai/tut_ws/build/iar_dijkstra_planner
[3.187s] [35m[1mConsolidate compiler generated dependencies of target iar_dijkstra_planner[0m
[3.202s] [ 50%] [32mBuilding CXX object CMakeFiles/iar_dijkstra_planner.dir/src/iar_dijkstra_planner.cpp.o[0m
[9.531s] [100%] [32m[1mLinking CXX shared library libiar_dijkstra_planner.so[0m
[9.840s] [100%] Built target iar_dijkstra_planner
[9.854s] Invoked command in '/home/robotai/tut_ws/build/iar_dijkstra_planner' returned '0': CMAKE_PREFIX_PATH=/opt/ros/humble /usr/bin/cmake --build /home/robotai/tut_ws/build/iar_dijkstra_planner -- -j6 -l6
[9.854s] Invoking command in '/home/robotai/tut_ws/build/iar_dijkstra_planner': CMAKE_PREFIX_PATH=/opt/ros/humble /usr/bin/cmake --install /home/robotai/tut_ws/build/iar_dijkstra_planner
[9.860s] -- Install configuration: ""
[9.860s] -- Installing: /home/robotai/tut_ws/install/iar_dijkstra_planner/share/iar_dijkstra_planner/iar_dijkstra_planner.xml
[9.860s] -- Installing: /home/robotai/tut_ws/install/iar_dijkstra_planner/include
[9.861s] -- Installing: /home/robotai/tut_ws/install/iar_dijkstra_planner/include/iar_dijkstra_planner
[9.861s] -- Installing: /home/robotai/tut_ws/install/iar_dijkstra_planner/include/iar_dijkstra_planner/visibility_control.h
[9.862s] -- Installing: /home/robotai/tut_ws/install/iar_dijkstra_planner/include/iar_dijkstra_planner/iar_dijkstra_planner.hpp
[9.862s] -- Installing: /home/robotai/tut_ws/install/iar_dijkstra_planner/lib/libiar_dijkstra_planner.so
[9.862s] -- Set runtime path of "/home/robotai/tut_ws/install/iar_dijkstra_planner/lib/libiar_dijkstra_planner.so" to ""
[9.862s] -- Installing: /home/robotai/tut_ws/install/iar_dijkstra_planner/share/iar_dijkstra_planner//launch
[9.862s] -- Installing: /home/robotai/tut_ws/install/iar_dijkstra_planner/share/iar_dijkstra_planner//launch/navigation_launch.py
[9.862s] -- Installing: /home/robotai/tut_ws/install/iar_dijkstra_planner/share/iar_dijkstra_planner//config
[9.862s] -- Installing: /home/robotai/tut_ws/install/iar_dijkstra_planner/share/iar_dijkstra_planner//config/nav2_params.yaml
[9.862s] -- Installing: /home/robotai/tut_ws/install/iar_dijkstra_planner/share/iar_dijkstra_planner/environment/library_path.sh
[9.862s] -- Installing: /home/robotai/tut_ws/install/iar_dijkstra_planner/share/iar_dijkstra_planner/environment/library_path.dsv
[9.862s] -- Installing: /home/robotai/tut_ws/install/iar_dijkstra_planner/share/ament_index/resource_index/package_run_dependencies/iar_dijkstra_planner
[9.862s] -- Installing: /home/robotai/tut_ws/install/iar_dijkstra_planner/share/ament_index/resource_index/parent_prefix_path/iar_dijkstra_planner
[9.862s] -- Installing: /home/robotai/tut_ws/install/iar_dijkstra_planner/share/iar_dijkstra_planner/environment/ament_prefix_path.sh
[9.863s] -- Installing: /home/robotai/tut_ws/install/iar_dijkstra_planner/share/iar_dijkstra_planner/environment/ament_prefix_path.dsv
[9.863s] -- Installing: /home/robotai/tut_ws/install/iar_dijkstra_planner/share/iar_dijkstra_planner/environment/path.sh
[9.863s] -- Installing: /home/robotai/tut_ws/install/iar_dijkstra_planner/share/iar_dijkstra_planner/environment/path.dsv
[9.863s] -- Installing: /home/robotai/tut_ws/install/iar_dijkstra_planner/share/iar_dijkstra_planner/local_setup.bash
[9.863s] -- Installing: /home/robotai/tut_ws/install/iar_dijkstra_planner/share/iar_dijkstra_planner/local_setup.sh
[9.863s] -- Installing: /home/robotai/tut_ws/install/iar_dijkstra_planner/share/iar_dijkstra_planner/local_setup.zsh
[9.863s] -- Installing: /home/robotai/tut_ws/install/iar_dijkstra_planner/share/iar_dijkstra_planner/local_setup.dsv
[9.863s] -- Installing: /home/robotai/tut_ws/install/iar_dijkstra_planner/share/iar_dijkstra_planner/package.dsv
[9.863s] -- Installing: /home/robotai/tut_ws/install/iar_dijkstra_planner/share/ament_index/resource_index/packages/iar_dijkstra_planner
[9.863s] -- Installing: /home/robotai/tut_ws/install/iar_dijkstra_planner/share/ament_index/resource_index/nav2_core__pluginlib__plugin/iar_dijkstra_planner
[9.863s] -- Installing: /home/robotai/tut_ws/install/iar_dijkstra_planner/share/iar_dijkstra_planner/cmake/export_iar_dijkstra_plannerExport.cmake
[9.863s] -- Installing: /home/robotai/tut_ws/install/iar_dijkstra_planner/share/iar_dijkstra_planner/cmake/export_iar_dijkstra_plannerExport-noconfig.cmake
[9.863s] -- Installing: /home/robotai/tut_ws/install/iar_dijkstra_planner/share/iar_dijkstra_planner/cmake/ament_cmake_export_include_directories-extras.cmake
[9.863s] -- Installing: /home/robotai/tut_ws/install/iar_dijkstra_planner/share/iar_dijkstra_planner/cmake/ament_cmake_export_libraries-extras.cmake
[9.863s] -- Installing: /home/robotai/tut_ws/install/iar_dijkstra_planner/share/iar_dijkstra_planner/cmake/ament_cmake_export_targets-extras.cmake
[9.863s] -- Installing: /home/robotai/tut_ws/install/iar_dijkstra_planner/share/iar_dijkstra_planner/cmake/iar_dijkstra_plannerConfig.cmake
[9.864s] -- Installing: /home/robotai/tut_ws/install/iar_dijkstra_planner/share/iar_dijkstra_planner/cmake/iar_dijkstra_plannerConfig-version.cmake
[9.864s] -- Installing: /home/robotai/tut_ws/install/iar_dijkstra_planner/share/iar_dijkstra_planner/package.xml
[9.865s] Invoked command in '/home/robotai/tut_ws/build/iar_dijkstra_planner' returned '0': CMAKE_PREFIX_PATH=/opt/ros/humble /usr/bin/cmake --install /home/robotai/tut_ws/build/iar_dijkstra_planner
