[100%] Built target iar_amcl
-- Install configuration: ""
-- Up-to-date: /home/robotai/tut_ws/install/iar_amcl_node/lib/iar_amcl_node/iar_amcl
-- Up-to-date: /home/robotai/tut_ws/install/iar_amcl_node/share/iar_amcl_node//launch
-- Up-to-date: /home/robotai/tut_ws/install/iar_amcl_node/share/iar_amcl_node//launch/localisation_launch.py
-- Up-to-date: /home/robotai/tut_ws/install/iar_amcl_node/share/iar_amcl_node//config
-- Up-to-date: /home/robotai/tut_ws/install/iar_amcl_node/share/iar_amcl_node//config/localisation.yaml
-- Up-to-date: /home/robotai/tut_ws/install/iar_amcl_node/share/iar_amcl_node//map
-- Up-to-date: /home/robotai/tut_ws/install/iar_amcl_node/share/iar_amcl_node//map/office_ICTE4001_sim.yaml
-- Up-to-date: /home/robotai/tut_ws/install/iar_amcl_node/share/iar_amcl_node//map/office_ICTE4001_sim.pgm
-- Up-to-date: /home/robotai/tut_ws/install/iar_amcl_node/share/ament_index/resource_index/package_run_dependencies/iar_amcl_node
-- Up-to-date: /home/robotai/tut_ws/install/iar_amcl_node/share/ament_index/resource_index/parent_prefix_path/iar_amcl_node
-- Up-to-date: /home/robotai/tut_ws/install/iar_amcl_node/share/iar_amcl_node/environment/ament_prefix_path.sh
-- Up-to-date: /home/robotai/tut_ws/install/iar_amcl_node/share/iar_amcl_node/environment/ament_prefix_path.dsv
-- Up-to-date: /home/robotai/tut_ws/install/iar_amcl_node/share/iar_amcl_node/environment/path.sh
-- Up-to-date: /home/robotai/tut_ws/install/iar_amcl_node/share/iar_amcl_node/environment/path.dsv
-- Up-to-date: /home/robotai/tut_ws/install/iar_amcl_node/share/iar_amcl_node/local_setup.bash
-- Up-to-date: /home/robotai/tut_ws/install/iar_amcl_node/share/iar_amcl_node/local_setup.sh
-- Up-to-date: /home/robotai/tut_ws/install/iar_amcl_node/share/iar_amcl_node/local_setup.zsh
-- Up-to-date: /home/robotai/tut_ws/install/iar_amcl_node/share/iar_amcl_node/local_setup.dsv
-- Installing: /home/robotai/tut_ws/install/iar_amcl_node/share/iar_amcl_node/package.dsv
-- Up-to-date: /home/robotai/tut_ws/install/iar_amcl_node/share/ament_index/resource_index/packages/iar_amcl_node
-- Up-to-date: /home/robotai/tut_ws/install/iar_amcl_node/share/iar_amcl_node/cmake/iar_amcl_nodeConfig.cmake
-- Up-to-date: /home/robotai/tut_ws/install/iar_amcl_node/share/iar_amcl_node/cmake/iar_amcl_nodeConfig-version.cmake
-- Up-to-date: /home/robotai/tut_ws/install/iar_amcl_node/share/iar_amcl_node/package.xml
