[0.024s] Invoking command in '/home/robotai/tut_ws/build/iar_amcl_node': CMAKE_PREFIX_PATH=/opt/ros/humble /usr/bin/cmake --build /home/robotai/tut_ws/build/iar_amcl_node -- -j6 -l6
[0.113s] [100%] Built target iar_amcl
[0.121s] Invoked command in '/home/robotai/tut_ws/build/iar_amcl_node' returned '0': CMAKE_PREFIX_PATH=/opt/ros/humble /usr/bin/cmake --build /home/robotai/tut_ws/build/iar_amcl_node -- -j6 -l6
[0.126s] Invoking command in '/home/robotai/tut_ws/build/iar_amcl_node': CMAKE_PREFIX_PATH=/opt/ros/humble /usr/bin/cmake --install /home/robotai/tut_ws/build/iar_amcl_node
[0.132s] -- Install configuration: ""
[0.133s] -- Up-to-date: /home/robotai/tut_ws/install/iar_amcl_node/lib/iar_amcl_node/iar_amcl
[0.133s] -- Up-to-date: /home/robotai/tut_ws/install/iar_amcl_node/share/iar_amcl_node//launch
[0.134s] -- Up-to-date: /home/robotai/tut_ws/install/iar_amcl_node/share/iar_amcl_node//launch/localisation_launch.py
[0.134s] -- Up-to-date: /home/robotai/tut_ws/install/iar_amcl_node/share/iar_amcl_node//config
[0.134s] -- Up-to-date: /home/robotai/tut_ws/install/iar_amcl_node/share/iar_amcl_node//config/localisation.yaml
[0.135s] -- Up-to-date: /home/robotai/tut_ws/install/iar_amcl_node/share/iar_amcl_node//map
[0.138s] -- Up-to-date: /home/robotai/tut_ws/install/iar_amcl_node/share/iar_amcl_node//map/office_ICTE4001_sim.yaml
[0.138s] -- Up-to-date: /home/robotai/tut_ws/install/iar_amcl_node/share/iar_amcl_node//map/office_ICTE4001_sim.pgm
[0.138s] -- Up-to-date: /home/robotai/tut_ws/install/iar_amcl_node/share/ament_index/resource_index/package_run_dependencies/iar_amcl_node
[0.138s] -- Up-to-date: /home/robotai/tut_ws/install/iar_amcl_node/share/ament_index/resource_index/parent_prefix_path/iar_amcl_node
[0.138s] -- Up-to-date: /home/robotai/tut_ws/install/iar_amcl_node/share/iar_amcl_node/environment/ament_prefix_path.sh
[0.138s] -- Up-to-date: /home/robotai/tut_ws/install/iar_amcl_node/share/iar_amcl_node/environment/ament_prefix_path.dsv
[0.138s] -- Up-to-date: /home/robotai/tut_ws/install/iar_amcl_node/share/iar_amcl_node/environment/path.sh
[0.139s] -- Up-to-date: /home/robotai/tut_ws/install/iar_amcl_node/share/iar_amcl_node/environment/path.dsv
[0.139s] -- Up-to-date: /home/robotai/tut_ws/install/iar_amcl_node/share/iar_amcl_node/local_setup.bash
[0.139s] -- Up-to-date: /home/robotai/tut_ws/install/iar_amcl_node/share/iar_amcl_node/local_setup.sh
[0.139s] -- Up-to-date: /home/robotai/tut_ws/install/iar_amcl_node/share/iar_amcl_node/local_setup.zsh
[0.139s] -- Up-to-date: /home/robotai/tut_ws/install/iar_amcl_node/share/iar_amcl_node/local_setup.dsv
[0.139s] -- Installing: /home/robotai/tut_ws/install/iar_amcl_node/share/iar_amcl_node/package.dsv
[0.139s] -- Up-to-date: /home/robotai/tut_ws/install/iar_amcl_node/share/ament_index/resource_index/packages/iar_amcl_node
[0.139s] -- Up-to-date: /home/robotai/tut_ws/install/iar_amcl_node/share/iar_amcl_node/cmake/iar_amcl_nodeConfig.cmake
[0.139s] -- Up-to-date: /home/robotai/tut_ws/install/iar_amcl_node/share/iar_amcl_node/cmake/iar_amcl_nodeConfig-version.cmake
[0.139s] -- Up-to-date: /home/robotai/tut_ws/install/iar_amcl_node/share/iar_amcl_node/package.xml
[0.155s] Invoked command in '/home/robotai/tut_ws/build/iar_amcl_node' returned '0': CMAKE_PREFIX_PATH=/opt/ros/humble /usr/bin/cmake --install /home/robotai/tut_ws/build/iar_amcl_node
