-- The C compiler identification is GNU 12.3.0
-- The CXX compiler identification is GNU 12.3.0
-- Detecting C compiler ABI info
-- Detecting C compiler ABI info - done
-- Check for working C compiler: /usr/bin/cc - skipped
-- Detecting C compile features
-- Detecting C compile features - done
-- Detecting CXX compiler ABI info
-- Detecting CXX compiler ABI info - done
-- Check for working CXX compiler: /usr/bin/c++ - skipped
-- Detecting CXX compile features
-- Detecting CXX compile features - done
-- Found ament_cmake: 1.3.12 (/opt/ros/humble/share/ament_cmake/cmake)
-- Found Python3: /usr/bin/python3 (found version "3.10.12") found components: Interpreter 
-- Found rclcpp: 16.0.14 (/opt/ros/humble/share/rclcpp/cmake)
-- Found rosidl_generator_c: 3.1.7 (/opt/ros/humble/share/rosidl_generator_c/cmake)
-- Found rosidl_adapter: 3.1.7 (/opt/ros/humble/share/rosidl_adapter/cmake)
-- Found rosidl_generator_cpp: 3.1.7 (/opt/ros/humble/share/rosidl_generator_cpp/cmake)
-- Using all available rosidl_typesupport_c: rosidl_typesupport_fastrtps_c;rosidl_typesupport_introspection_c
-- Using all available rosidl_typesupport_cpp: rosidl_typesupport_fastrtps_cpp;rosidl_typesupport_introspection_cpp
-- Found rmw_implementation_cmake: 6.1.2 (/opt/ros/humble/share/rmw_implementation_cmake/cmake)
-- Found rmw_fastrtps_cpp: 6.2.8 (/opt/ros/humble/share/rmw_fastrtps_cpp/cmake)
-- Found OpenSSL: /usr/lib/x86_64-linux-gnu/libcrypto.so (found version "3.0.2")  
-- Found FastRTPS: /opt/ros/humble/include  
-- Using RMW implementation 'rmw_fastrtps_cpp' as default
-- Looking for pthread.h
-- Looking for pthread.h - found
-- Performing Test CMAKE_HAVE_LIBC_PTHREAD
-- Performing Test CMAKE_HAVE_LIBC_PTHREAD - Success
-- Found Threads: TRUE  
-- Found geometry_msgs: 4.9.0 (/opt/ros/humble/share/geometry_msgs/cmake)
-- Found nav_msgs: 4.9.0 (/opt/ros/humble/share/nav_msgs/cmake)
-- Found sensor_msgs: 4.9.0 (/opt/ros/humble/share/sensor_msgs/cmake)
-- Found ament_lint_auto: 0.12.14 (/opt/ros/humble/share/ament_lint_auto/cmake)
-- Added test 'cppcheck' to perform static code analysis on C / C++ code
-- Configured cppcheck include dirs: $<BUILD_INTERFACE:/home/eecms/tut_ws/src/robot_motion_controller/include>
-- Configured cppcheck exclude dirs and/or files: 
-- Added test 'lint_cmake' to check CMake code style
-- Added test 'uncrustify' to check C / C++ code style
-- Configured uncrustify additional arguments: 
-- Added test 'xmllint' to check XML markup files
-- Configuring done
-- Generating done
-- Build files have been written to: /home/eecms/tut_ws/build/robot_motion_controller
[ 50%] [32mBuilding CXX object CMakeFiles/person_follower.dir/src/person_follower.cpp.o[0m
[100%] [32m[1mLinking CXX executable person_follower[0m
[100%] Built target person_follower
-- Install configuration: ""
-- Installing: /home/eecms/tut_ws/install/robot_motion_controller/lib/robot_motion_controller/person_follower
-- Set runtime path of "/home/eecms/tut_ws/install/robot_motion_controller/lib/robot_motion_controller/person_follower" to ""
-- Installing: /home/eecms/tut_ws/install/robot_motion_controller/share/ament_index/resource_index/package_run_dependencies/robot_motion_controller
-- Installing: /home/eecms/tut_ws/install/robot_motion_controller/share/ament_index/resource_index/parent_prefix_path/robot_motion_controller
-- Installing: /home/eecms/tut_ws/install/robot_motion_controller/share/robot_motion_controller/environment/ament_prefix_path.sh
-- Installing: /home/eecms/tut_ws/install/robot_motion_controller/share/robot_motion_controller/environment/ament_prefix_path.dsv
-- Installing: /home/eecms/tut_ws/install/robot_motion_controller/share/robot_motion_controller/environment/path.sh
-- Installing: /home/eecms/tut_ws/install/robot_motion_controller/share/robot_motion_controller/environment/path.dsv
-- Installing: /home/eecms/tut_ws/install/robot_motion_controller/share/robot_motion_controller/local_setup.bash
-- Installing: /home/eecms/tut_ws/install/robot_motion_controller/share/robot_motion_controller/local_setup.sh
-- Installing: /home/eecms/tut_ws/install/robot_motion_controller/share/robot_motion_controller/local_setup.zsh
-- Installing: /home/eecms/tut_ws/install/robot_motion_controller/share/robot_motion_controller/local_setup.dsv
-- Installing: /home/eecms/tut_ws/install/robot_motion_controller/share/robot_motion_controller/package.dsv
-- Installing: /home/eecms/tut_ws/install/robot_motion_controller/share/ament_index/resource_index/packages/robot_motion_controller
-- Installing: /home/eecms/tut_ws/install/robot_motion_controller/share/robot_motion_controller/cmake/robot_motion_controllerConfig.cmake
-- Installing: /home/eecms/tut_ws/install/robot_motion_controller/share/robot_motion_controller/cmake/robot_motion_controllerConfig-version.cmake
-- Installing: /home/eecms/tut_ws/install/robot_motion_controller/share/robot_motion_controller/package.xml
