[0.011s] Invoking command in '/home/eecms/tut_ws/build/robot_motion_controller': CMAKE_PREFIX_PATH=/opt/ros/humble /usr/bin/cmake /home/eecms/tut_ws/src/robot_motion_controller -DCMAKE_INSTALL_PREFIX=/home/eecms/tut_ws/install/robot_motion_controller
[0.093s] -- The C compiler identification is GNU 12.3.0
[0.150s] -- The CXX compiler identification is GNU 12.3.0
[0.157s] -- Detecting C compiler ABI info
[0.232s] -- Detecting C compiler ABI info - done
[0.239s] -- Check for working C compiler: /usr/bin/cc - skipped
[0.239s] -- Detecting C compile features
[0.239s] -- Detecting C compile features - done
[0.242s] -- Detecting CXX compiler ABI info
[0.332s] -- Detecting CXX compiler ABI info - done
[0.338s] -- Check for working CXX compiler: /usr/bin/c++ - skipped
[0.338s] -- Detecting CXX compile features
[0.338s] -- Detecting CXX compile features - done
[0.347s] -- Found ament_cmake: 1.3.12 (/opt/ros/humble/share/ament_cmake/cmake)
[0.513s] -- Found Python3: /usr/bin/python3 (found version "3.10.12") found components: Interpreter 
[0.681s] -- Found rclcpp: 16.0.14 (/opt/ros/humble/share/rclcpp/cmake)
[0.953s] -- Found rosidl_generator_c: 3.1.7 (/opt/ros/humble/share/rosidl_generator_c/cmake)
[0.989s] -- Found rosidl_adapter: 3.1.7 (/opt/ros/humble/share/rosidl_adapter/cmake)
[1.045s] -- Found rosidl_generator_cpp: 3.1.7 (/opt/ros/humble/share/rosidl_generator_cpp/cmake)
[1.077s] -- Using all available rosidl_typesupport_c: rosidl_typesupport_fastrtps_c;rosidl_typesupport_introspection_c
[1.107s] -- Using all available rosidl_typesupport_cpp: rosidl_typesupport_fastrtps_cpp;rosidl_typesupport_introspection_cpp
[1.223s] -- Found rmw_implementation_cmake: 6.1.2 (/opt/ros/humble/share/rmw_implementation_cmake/cmake)
[1.229s] -- Found rmw_fastrtps_cpp: 6.2.8 (/opt/ros/humble/share/rmw_fastrtps_cpp/cmake)
[1.436s] -- Found OpenSSL: /usr/lib/x86_64-linux-gnu/libcrypto.so (found version "3.0.2")  
[1.471s] -- Found FastRTPS: /opt/ros/humble/include  
[1.511s] -- Using RMW implementation 'rmw_fastrtps_cpp' as default
[1.538s] -- Looking for pthread.h
[1.627s] -- Looking for pthread.h - found
[1.628s] -- Performing Test CMAKE_HAVE_LIBC_PTHREAD
[1.705s] -- Performing Test CMAKE_HAVE_LIBC_PTHREAD - Success
[1.706s] -- Found Threads: TRUE  
[1.812s] -- Found geometry_msgs: 4.9.0 (/opt/ros/humble/share/geometry_msgs/cmake)
[1.839s] -- Found nav_msgs: 4.9.0 (/opt/ros/humble/share/nav_msgs/cmake)
[1.883s] -- Found sensor_msgs: 4.9.0 (/opt/ros/humble/share/sensor_msgs/cmake)
[1.916s] -- Found ament_lint_auto: 0.12.14 (/opt/ros/humble/share/ament_lint_auto/cmake)
[1.988s] -- Added test 'cppcheck' to perform static code analysis on C / C++ code
[1.989s] -- Configured cppcheck include dirs: $<BUILD_INTERFACE:/home/eecms/tut_ws/src/robot_motion_controller/include>
[1.989s] -- Configured cppcheck exclude dirs and/or files: 
[1.989s] -- Added test 'lint_cmake' to check CMake code style
[1.990s] -- Added test 'uncrustify' to check C / C++ code style
[1.990s] -- Configured uncrustify additional arguments: 
[1.990s] -- Added test 'xmllint' to check XML markup files
[1.991s] -- Configuring done
[2.000s] -- Generating done
[2.004s] -- Build files have been written to: /home/eecms/tut_ws/build/robot_motion_controller
[2.018s] Invoked command in '/home/eecms/tut_ws/build/robot_motion_controller' returned '0': CMAKE_PREFIX_PATH=/opt/ros/humble /usr/bin/cmake /home/eecms/tut_ws/src/robot_motion_controller -DCMAKE_INSTALL_PREFIX=/home/eecms/tut_ws/install/robot_motion_controller
[2.021s] Invoking command in '/home/eecms/tut_ws/build/robot_motion_controller': CMAKE_PREFIX_PATH=/opt/ros/humble /usr/bin/cmake --build /home/eecms/tut_ws/build/robot_motion_controller -- -j6 -l6
[2.068s] [ 50%] [32mBuilding CXX object CMakeFiles/person_follower.dir/src/person_follower.cpp.o[0m
[11.817s] [100%] [32m[1mLinking CXX executable person_follower[0m
[12.292s] [100%] Built target person_follower
[12.306s] Invoked command in '/home/eecms/tut_ws/build/robot_motion_controller' returned '0': CMAKE_PREFIX_PATH=/opt/ros/humble /usr/bin/cmake --build /home/eecms/tut_ws/build/robot_motion_controller -- -j6 -l6
[12.308s] Invoking command in '/home/eecms/tut_ws/build/robot_motion_controller': CMAKE_PREFIX_PATH=/opt/ros/humble /usr/bin/cmake --install /home/eecms/tut_ws/build/robot_motion_controller
[12.316s] -- Install configuration: ""
[12.316s] -- Installing: /home/eecms/tut_ws/install/robot_motion_controller/lib/robot_motion_controller/person_follower
[12.319s] -- Set runtime path of "/home/eecms/tut_ws/install/robot_motion_controller/lib/robot_motion_controller/person_follower" to ""
[12.319s] -- Installing: /home/eecms/tut_ws/install/robot_motion_controller/share/ament_index/resource_index/package_run_dependencies/robot_motion_controller
[12.319s] -- Installing: /home/eecms/tut_ws/install/robot_motion_controller/share/ament_index/resource_index/parent_prefix_path/robot_motion_controller
[12.319s] -- Installing: /home/eecms/tut_ws/install/robot_motion_controller/share/robot_motion_controller/environment/ament_prefix_path.sh
[12.320s] -- Installing: /home/eecms/tut_ws/install/robot_motion_controller/share/robot_motion_controller/environment/ament_prefix_path.dsv
[12.320s] -- Installing: /home/eecms/tut_ws/install/robot_motion_controller/share/robot_motion_controller/environment/path.sh
[12.320s] -- Installing: /home/eecms/tut_ws/install/robot_motion_controller/share/robot_motion_controller/environment/path.dsv
[12.320s] -- Installing: /home/eecms/tut_ws/install/robot_motion_controller/share/robot_motion_controller/local_setup.bash
[12.320s] -- Installing: /home/eecms/tut_ws/install/robot_motion_controller/share/robot_motion_controller/local_setup.sh
[12.320s] -- Installing: /home/eecms/tut_ws/install/robot_motion_controller/share/robot_motion_controller/local_setup.zsh
[12.320s] -- Installing: /home/eecms/tut_ws/install/robot_motion_controller/share/robot_motion_controller/local_setup.dsv
[12.320s] -- Installing: /home/eecms/tut_ws/install/robot_motion_controller/share/robot_motion_controller/package.dsv
[12.320s] -- Installing: /home/eecms/tut_ws/install/robot_motion_controller/share/ament_index/resource_index/packages/robot_motion_controller
[12.321s] -- Installing: /home/eecms/tut_ws/install/robot_motion_controller/share/robot_motion_controller/cmake/robot_motion_controllerConfig.cmake
[12.321s] -- Installing: /home/eecms/tut_ws/install/robot_motion_controller/share/robot_motion_controller/cmake/robot_motion_controllerConfig-version.cmake
[12.321s] -- Installing: /home/eecms/tut_ws/install/robot_motion_controller/share/robot_motion_controller/package.xml
[12.323s] Invoked command in '/home/eecms/tut_ws/build/robot_motion_controller' returned '0': CMAKE_PREFIX_PATH=/opt/ros/humble /usr/bin/cmake --install /home/eecms/tut_ws/build/robot_motion_controller
