-- Install configuration: ""
-- Up-to-date: /home/robotai/tut_ws/install/diff_drive_robot_gz_sim/share/diff_drive_robot_gz_sim//launch
-- Up-to-date: /home/robotai/tut_ws/install/diff_drive_robot_gz_sim/share/diff_drive_robot_gz_sim//launch/MRobot_sensor.launch.py
-- Up-to-date: /home/robotai/tut_ws/install/diff_drive_robot_gz_sim/share/diff_drive_robot_gz_sim//launch/ros_gz_bridge.launch.py
-- Up-to-date: /home/robotai/tut_ws/install/diff_drive_robot_gz_sim/share/diff_drive_robot_gz_sim//launch/MRobot_base.launch.py
-- Up-to-date: /home/robotai/tut_ws/install/diff_drive_robot_gz_sim/share/diff_drive_robot_gz_sim//launch/MRobot_control.launch.py
-- Up-to-date: /home/robotai/tut_ws/install/diff_drive_robot_gz_sim/share/diff_drive_robot_gz_sim//launch/ICTE4001_MRobot.launch.py
-- Up-to-date: /home/robotai/tut_ws/install/diff_drive_robot_gz_sim/share/diff_drive_robot_gz_sim//config
-- Up-to-date: /home/robotai/tut_ws/install/diff_drive_robot_gz_sim/share/diff_drive_robot_gz_sim//config/mobile_base_control.yaml
-- Up-to-date: /home/robotai/tut_ws/install/diff_drive_robot_gz_sim/share/diff_drive_robot_gz_sim//urdf
-- Up-to-date: /home/robotai/tut_ws/install/diff_drive_robot_gz_sim/share/diff_drive_robot_gz_sim//urdf/ICTE4001_MRobot_sensor.urdf.xacro
-- Up-to-date: /home/robotai/tut_ws/install/diff_drive_robot_gz_sim/share/diff_drive_robot_gz_sim//urdf/ICTE4001_MRobot_base.urdf.xacro
-- Up-to-date: /home/robotai/tut_ws/install/diff_drive_robot_gz_sim/share/diff_drive_robot_gz_sim//urdf/ICTE4001_MRobot_control.urdf.xacro
-- Up-to-date: /home/robotai/tut_ws/install/diff_drive_robot_gz_sim/share/diff_drive_robot_gz_sim//rviz
-- Up-to-date: /home/robotai/tut_ws/install/diff_drive_robot_gz_sim/share/diff_drive_robot_gz_sim//rviz/view_robot.rviz
-- Up-to-date: /home/robotai/tut_ws/install/diff_drive_robot_gz_sim/share/diff_drive_robot_gz_sim//rviz/view_robot_mapping_and_navigation.rviz
-- Up-to-date: /home/robotai/tut_ws/install/diff_drive_robot_gz_sim/share/diff_drive_robot_gz_sim//rviz/view_robot_sensor.rviz
-- Up-to-date: /home/robotai/tut_ws/install/diff_drive_robot_gz_sim/share/diff_drive_robot_gz_sim//world
-- Up-to-date: /home/robotai/tut_ws/install/diff_drive_robot_gz_sim/share/diff_drive_robot_gz_sim//world/office_world.sdf
-- Up-to-date: /home/robotai/tut_ws/install/diff_drive_robot_gz_sim/share/diff_drive_robot_gz_sim//world/office_wall
-- Up-to-date: /home/robotai/tut_ws/install/diff_drive_robot_gz_sim/share/diff_drive_robot_gz_sim//world/office_wall/model.sdf
-- Up-to-date: /home/robotai/tut_ws/install/diff_drive_robot_gz_sim/share/diff_drive_robot_gz_sim//world/office_wall/model.config
-- Up-to-date: /home/robotai/tut_ws/install/diff_drive_robot_gz_sim/share/diff_drive_robot_gz_sim//map
-- Up-to-date: /home/robotai/tut_ws/install/diff_drive_robot_gz_sim/share/diff_drive_robot_gz_sim//map/office_ICTE4001_sim.yaml
-- Up-to-date: /home/robotai/tut_ws/install/diff_drive_robot_gz_sim/share/diff_drive_robot_gz_sim//map/office_ICTE4001_sim.pgm
-- Up-to-date: /home/robotai/tut_ws/install/diff_drive_robot_gz_sim/share/ament_index/resource_index/package_run_dependencies/diff_drive_robot_gz_sim
-- Up-to-date: /home/robotai/tut_ws/install/diff_drive_robot_gz_sim/share/ament_index/resource_index/parent_prefix_path/diff_drive_robot_gz_sim
-- Up-to-date: /home/robotai/tut_ws/install/diff_drive_robot_gz_sim/share/diff_drive_robot_gz_sim/environment/ament_prefix_path.sh
-- Up-to-date: /home/robotai/tut_ws/install/diff_drive_robot_gz_sim/share/diff_drive_robot_gz_sim/environment/ament_prefix_path.dsv
-- Up-to-date: /home/robotai/tut_ws/install/diff_drive_robot_gz_sim/share/diff_drive_robot_gz_sim/environment/path.sh
-- Up-to-date: /home/robotai/tut_ws/install/diff_drive_robot_gz_sim/share/diff_drive_robot_gz_sim/environment/path.dsv
-- Up-to-date: /home/robotai/tut_ws/install/diff_drive_robot_gz_sim/share/diff_drive_robot_gz_sim/local_setup.bash
-- Up-to-date: /home/robotai/tut_ws/install/diff_drive_robot_gz_sim/share/diff_drive_robot_gz_sim/local_setup.sh
-- Up-to-date: /home/robotai/tut_ws/install/diff_drive_robot_gz_sim/share/diff_drive_robot_gz_sim/local_setup.zsh
-- Up-to-date: /home/robotai/tut_ws/install/diff_drive_robot_gz_sim/share/diff_drive_robot_gz_sim/local_setup.dsv
-- Up-to-date: /home/robotai/tut_ws/install/diff_drive_robot_gz_sim/share/diff_drive_robot_gz_sim/package.dsv
-- Up-to-date: /home/robotai/tut_ws/install/diff_drive_robot_gz_sim/share/ament_index/resource_index/packages/diff_drive_robot_gz_sim
-- Up-to-date: /home/robotai/tut_ws/install/diff_drive_robot_gz_sim/share/diff_drive_robot_gz_sim/cmake/diff_drive_robot_gz_simConfig.cmake
-- Up-to-date: /home/robotai/tut_ws/install/diff_drive_robot_gz_sim/share/diff_drive_robot_gz_sim/cmake/diff_drive_robot_gz_simConfig-version.cmake
-- Up-to-date: /home/robotai/tut_ws/install/diff_drive_robot_gz_sim/share/diff_drive_robot_gz_sim/package.xml
