[100%] Built target iar_amcl
-- Install configuration: ""
-- Up-to-date: /home/robotai/tut_ws/install/iar_amcl_sensor_model/lib/iar_amcl_sensor_model/iar_amcl
-- Up-to-date: /home/robotai/tut_ws/install/iar_amcl_sensor_model/share/iar_amcl_sensor_model//launch
-- Up-to-date: /home/robotai/tut_ws/install/iar_amcl_sensor_model/share/iar_amcl_sensor_model//launch/localisation_launch.py
-- Up-to-date: /home/robotai/tut_ws/install/iar_amcl_sensor_model/share/iar_amcl_sensor_model//config
-- Up-to-date: /home/robotai/tut_ws/install/iar_amcl_sensor_model/share/iar_amcl_sensor_model//config/localisation.yaml
-- Up-to-date: /home/robotai/tut_ws/install/iar_amcl_sensor_model/share/iar_amcl_sensor_model//map
-- Up-to-date: /home/robotai/tut_ws/install/iar_amcl_sensor_model/share/iar_amcl_sensor_model//map/office_ICTE4001_sim.yaml
-- Up-to-date: /home/robotai/tut_ws/install/iar_amcl_sensor_model/share/iar_amcl_sensor_model//map/office_ICTE4001_sim.pgm
-- Up-to-date: /home/robotai/tut_ws/install/iar_amcl_sensor_model/share/ament_index/resource_index/package_run_dependencies/iar_amcl_sensor_model
-- Up-to-date: /home/robotai/tut_ws/install/iar_amcl_sensor_model/share/ament_index/resource_index/parent_prefix_path/iar_amcl_sensor_model
-- Up-to-date: /home/robotai/tut_ws/install/iar_amcl_sensor_model/share/iar_amcl_sensor_model/environment/ament_prefix_path.sh
-- Up-to-date: /home/robotai/tut_ws/install/iar_amcl_sensor_model/share/iar_amcl_sensor_model/environment/ament_prefix_path.dsv
-- Up-to-date: /home/robotai/tut_ws/install/iar_amcl_sensor_model/share/iar_amcl_sensor_model/environment/path.sh
-- Up-to-date: /home/robotai/tut_ws/install/iar_amcl_sensor_model/share/iar_amcl_sensor_model/environment/path.dsv
-- Up-to-date: /home/robotai/tut_ws/install/iar_amcl_sensor_model/share/iar_amcl_sensor_model/local_setup.bash
-- Up-to-date: /home/robotai/tut_ws/install/iar_amcl_sensor_model/share/iar_amcl_sensor_model/local_setup.sh
-- Up-to-date: /home/robotai/tut_ws/install/iar_amcl_sensor_model/share/iar_amcl_sensor_model/local_setup.zsh
-- Up-to-date: /home/robotai/tut_ws/install/iar_amcl_sensor_model/share/iar_amcl_sensor_model/local_setup.dsv
-- Installing: /home/robotai/tut_ws/install/iar_amcl_sensor_model/share/iar_amcl_sensor_model/package.dsv
-- Up-to-date: /home/robotai/tut_ws/install/iar_amcl_sensor_model/share/ament_index/resource_index/packages/iar_amcl_sensor_model
-- Up-to-date: /home/robotai/tut_ws/install/iar_amcl_sensor_model/share/iar_amcl_sensor_model/cmake/iar_amcl_sensor_modelConfig.cmake
-- Up-to-date: /home/robotai/tut_ws/install/iar_amcl_sensor_model/share/iar_amcl_sensor_model/cmake/iar_amcl_sensor_modelConfig-version.cmake
-- Up-to-date: /home/robotai/tut_ws/install/iar_amcl_sensor_model/share/iar_amcl_sensor_model/package.xml
