[0.035s] Invoking command in '/home/robotai/tut_ws/build/iar_amcl_node': CMAKE_PREFIX_PATH=/opt/ros/humble /usr/bin/cmake --build /home/robotai/tut_ws/build/iar_amcl_node -- -j6 -l6
[0.085s] [35m[1mConsolidate compiler generated dependencies of target iar_amcl[0m
[0.109s] [100%] Built target iar_amcl
[0.130s] Invoked command in '/home/robotai/tut_ws/build/iar_amcl_node' returned '0': CMAKE_PREFIX_PATH=/opt/ros/humble /usr/bin/cmake --build /home/robotai/tut_ws/build/iar_amcl_node -- -j6 -l6
[0.130s] Invoking command in '/home/robotai/tut_ws/build/iar_amcl_node': CMAKE_PREFIX_PATH=/opt/ros/humble /usr/bin/cmake --install /home/robotai/tut_ws/build/iar_amcl_node
[0.137s] -- Install configuration: ""
[0.137s] -- Installing: /home/robotai/tut_ws/install/iar_amcl_node/lib/iar_amcl_node/iar_amcl
[0.144s] -- Set runtime path of "/home/robotai/tut_ws/install/iar_amcl_node/lib/iar_amcl_node/iar_amcl" to ""
[0.144s] -- Installing: /home/robotai/tut_ws/install/iar_amcl_node/share/iar_amcl_node//launch
[0.144s] -- Installing: /home/robotai/tut_ws/install/iar_amcl_node/share/iar_amcl_node//launch/localisation_launch.py
[0.146s] -- Installing: /home/robotai/tut_ws/install/iar_amcl_node/share/iar_amcl_node//config
[0.146s] -- Installing: /home/robotai/tut_ws/install/iar_amcl_node/share/iar_amcl_node//config/localisation.yaml
[0.150s] -- Installing: /home/robotai/tut_ws/install/iar_amcl_node/share/iar_amcl_node//map
[0.150s] -- Installing: /home/robotai/tut_ws/install/iar_amcl_node/share/iar_amcl_node//map/office_ICTE4001_sim.yaml
[0.151s] -- Installing: /home/robotai/tut_ws/install/iar_amcl_node/share/iar_amcl_node//map/office_ICTE4001_sim.pgm
[0.161s] -- Installing: /home/robotai/tut_ws/install/iar_amcl_node/share/ament_index/resource_index/package_run_dependencies/iar_amcl_node
[0.161s] -- Installing: /home/robotai/tut_ws/install/iar_amcl_node/share/ament_index/resource_index/parent_prefix_path/iar_amcl_node
[0.161s] -- Installing: /home/robotai/tut_ws/install/iar_amcl_node/share/iar_amcl_node/environment/ament_prefix_path.sh
[0.162s] -- Installing: /home/robotai/tut_ws/install/iar_amcl_node/share/iar_amcl_node/environment/ament_prefix_path.dsv
[0.162s] -- Installing: /home/robotai/tut_ws/install/iar_amcl_node/share/iar_amcl_node/environment/path.sh
[0.163s] -- Installing: /home/robotai/tut_ws/install/iar_amcl_node/share/iar_amcl_node/environment/path.dsv
[0.164s] -- Installing: /home/robotai/tut_ws/install/iar_amcl_node/share/iar_amcl_node/local_setup.bash
[0.164s] -- Installing: /home/robotai/tut_ws/install/iar_amcl_node/share/iar_amcl_node/local_setup.sh
[0.164s] -- Installing: /home/robotai/tut_ws/install/iar_amcl_node/share/iar_amcl_node/local_setup.zsh
[0.165s] -- Installing: /home/robotai/tut_ws/install/iar_amcl_node/share/iar_amcl_node/local_setup.dsv
[0.165s] -- Installing: /home/robotai/tut_ws/install/iar_amcl_node/share/iar_amcl_node/package.dsv
[0.165s] -- Installing: /home/robotai/tut_ws/install/iar_amcl_node/share/ament_index/resource_index/packages/iar_amcl_node
[0.165s] -- Installing: /home/robotai/tut_ws/install/iar_amcl_node/share/iar_amcl_node/cmake/iar_amcl_nodeConfig.cmake
[0.165s] -- Installing: /home/robotai/tut_ws/install/iar_amcl_node/share/iar_amcl_node/cmake/iar_amcl_nodeConfig-version.cmake
[0.165s] -- Installing: /home/robotai/tut_ws/install/iar_amcl_node/share/iar_amcl_node/package.xml
[0.233s] Invoked command in '/home/robotai/tut_ws/build/iar_amcl_node' returned '0': CMAKE_PREFIX_PATH=/opt/ros/humble /usr/bin/cmake --install /home/robotai/tut_ws/build/iar_amcl_node
