[0.010s] Invoking command in '/home/robotai/tut_ws/build/diff_drive_robot_gz_sim': CMAKE_PREFIX_PATH=/opt/ros/humble /usr/bin/cmake /home/robotai/tut_ws/src/diff_drive_robot_gz_sim -DCMAKE_INSTALL_PREFIX=/home/robotai/tut_ws/install/diff_drive_robot_gz_sim
[0.115s] -- The C compiler identification is GNU 12.3.0
[0.193s] -- The CXX compiler identification is GNU 12.3.0
[0.202s] -- Detecting C compiler ABI info
[0.291s] -- Detecting C compiler ABI info - done
[0.299s] -- Check for working C compiler: /usr/bin/cc - skipped
[0.299s] -- Detecting C compile features
[0.299s] -- Detecting C compile features - done
[0.303s] -- Detecting CXX compiler ABI info
[0.422s] -- Detecting CXX compiler ABI info - done
[0.430s] -- Check for working CXX compiler: /usr/bin/c++ - skipped
[0.430s] -- Detecting CXX compile features
[0.431s] -- Detecting CXX compile features - done
[0.439s] -- Found ament_cmake: 1.3.12 (/opt/ros/humble/share/ament_cmake/cmake)
[0.625s] -- Found Python3: /usr/bin/python3 (found version "3.10.12") found components: Interpreter 
[0.989s] -- Found ament_lint_auto: 0.12.14 (/opt/ros/humble/share/ament_lint_auto/cmake)
[1.195s] -- Added test 'flake8' to check Python code syntax and style conventions
[1.197s] -- Added test 'lint_cmake' to check CMake code style
[1.202s] -- Added test 'pep257' to check Python code against some of the docstring style conventions in PEP 257
[1.217s] -- Added test 'xmllint' to check XML markup files
[1.222s] -- Configuring done
[1.227s] -- Generating done
[1.232s] -- Build files have been written to: /home/robotai/tut_ws/build/diff_drive_robot_gz_sim
[1.244s] Invoked command in '/home/robotai/tut_ws/build/diff_drive_robot_gz_sim' returned '0': CMAKE_PREFIX_PATH=/opt/ros/humble /usr/bin/cmake /home/robotai/tut_ws/src/diff_drive_robot_gz_sim -DCMAKE_INSTALL_PREFIX=/home/robotai/tut_ws/install/diff_drive_robot_gz_sim
[1.245s] Invoking command in '/home/robotai/tut_ws/build/diff_drive_robot_gz_sim': CMAKE_PREFIX_PATH=/opt/ros/humble /usr/bin/cmake --build /home/robotai/tut_ws/build/diff_drive_robot_gz_sim -- -j6 -l6
[1.302s] Invoked command in '/home/robotai/tut_ws/build/diff_drive_robot_gz_sim' returned '0': CMAKE_PREFIX_PATH=/opt/ros/humble /usr/bin/cmake --build /home/robotai/tut_ws/build/diff_drive_robot_gz_sim -- -j6 -l6
[1.311s] Invoking command in '/home/robotai/tut_ws/build/diff_drive_robot_gz_sim': CMAKE_PREFIX_PATH=/opt/ros/humble /usr/bin/cmake --install /home/robotai/tut_ws/build/diff_drive_robot_gz_sim
[1.325s] -- Install configuration: ""
[1.326s] -- Installing: /home/robotai/tut_ws/install/diff_drive_robot_gz_sim/share/diff_drive_robot_gz_sim//launch
[1.326s] -- Installing: /home/robotai/tut_ws/install/diff_drive_robot_gz_sim/share/diff_drive_robot_gz_sim//launch/MRobot_sensor.launch.py
[1.326s] -- Installing: /home/robotai/tut_ws/install/diff_drive_robot_gz_sim/share/diff_drive_robot_gz_sim//launch/ros_gz_bridge.launch.py
[1.326s] -- Installing: /home/robotai/tut_ws/install/diff_drive_robot_gz_sim/share/diff_drive_robot_gz_sim//launch/MRobot_base.launch.py
[1.326s] -- Installing: /home/robotai/tut_ws/install/diff_drive_robot_gz_sim/share/diff_drive_robot_gz_sim//launch/MRobot_control.launch.py
[1.326s] -- Installing: /home/robotai/tut_ws/install/diff_drive_robot_gz_sim/share/diff_drive_robot_gz_sim//launch/ICTE4001_MRobot.launch.py
[1.327s] -- Installing: /home/robotai/tut_ws/install/diff_drive_robot_gz_sim/share/diff_drive_robot_gz_sim//config
[1.327s] -- Installing: /home/robotai/tut_ws/install/diff_drive_robot_gz_sim/share/diff_drive_robot_gz_sim//config/mobile_base_control.yaml
[1.327s] -- Installing: /home/robotai/tut_ws/install/diff_drive_robot_gz_sim/share/diff_drive_robot_gz_sim//urdf
[1.327s] -- Installing: /home/robotai/tut_ws/install/diff_drive_robot_gz_sim/share/diff_drive_robot_gz_sim//urdf/ICTE4001_MRobot_sensor.urdf.xacro
[1.328s] -- Installing: /home/robotai/tut_ws/install/diff_drive_robot_gz_sim/share/diff_drive_robot_gz_sim//urdf/ICTE4001_MRobot_base.urdf.xacro
[1.328s] -- Installing: /home/robotai/tut_ws/install/diff_drive_robot_gz_sim/share/diff_drive_robot_gz_sim//urdf/ICTE4001_MRobot_control.urdf.xacro
[1.328s] -- Installing: /home/robotai/tut_ws/install/diff_drive_robot_gz_sim/share/diff_drive_robot_gz_sim//rviz
[1.328s] -- Installing: /home/robotai/tut_ws/install/diff_drive_robot_gz_sim/share/diff_drive_robot_gz_sim//rviz/view_robot.rviz
[1.328s] -- Installing: /home/robotai/tut_ws/install/diff_drive_robot_gz_sim/share/diff_drive_robot_gz_sim//rviz/view_robot_mapping_and_navigation.rviz
[1.328s] -- Installing: /home/robotai/tut_ws/install/diff_drive_robot_gz_sim/share/diff_drive_robot_gz_sim//rviz/view_robot_sensor.rviz
[1.328s] -- Installing: /home/robotai/tut_ws/install/diff_drive_robot_gz_sim/share/diff_drive_robot_gz_sim//world
[1.331s] -- Installing: /home/robotai/tut_ws/install/diff_drive_robot_gz_sim/share/diff_drive_robot_gz_sim//world/office_world.sdf
[1.331s] -- Installing: /home/robotai/tut_ws/install/diff_drive_robot_gz_sim/share/diff_drive_robot_gz_sim//world/office_wall
[1.331s] -- Installing: /home/robotai/tut_ws/install/diff_drive_robot_gz_sim/share/diff_drive_robot_gz_sim//world/office_wall/model.sdf
[1.331s] -- Installing: /home/robotai/tut_ws/install/diff_drive_robot_gz_sim/share/diff_drive_robot_gz_sim//world/office_wall/model.config
[1.331s] -- Installing: /home/robotai/tut_ws/install/diff_drive_robot_gz_sim/share/diff_drive_robot_gz_sim//map
[1.331s] -- Installing: /home/robotai/tut_ws/install/diff_drive_robot_gz_sim/share/diff_drive_robot_gz_sim//map/office_ICTE4001_sim.yaml
[1.331s] -- Installing: /home/robotai/tut_ws/install/diff_drive_robot_gz_sim/share/diff_drive_robot_gz_sim//map/office_ICTE4001_sim.pgm
[1.331s] -- Installing: /home/robotai/tut_ws/install/diff_drive_robot_gz_sim/share/ament_index/resource_index/package_run_dependencies/diff_drive_robot_gz_sim
[1.331s] -- Installing: /home/robotai/tut_ws/install/diff_drive_robot_gz_sim/share/ament_index/resource_index/parent_prefix_path/diff_drive_robot_gz_sim
[1.331s] -- Installing: /home/robotai/tut_ws/install/diff_drive_robot_gz_sim/share/diff_drive_robot_gz_sim/environment/ament_prefix_path.sh
[1.331s] -- Installing: /home/robotai/tut_ws/install/diff_drive_robot_gz_sim/share/diff_drive_robot_gz_sim/environment/ament_prefix_path.dsv
[1.331s] -- Installing: /home/robotai/tut_ws/install/diff_drive_robot_gz_sim/share/diff_drive_robot_gz_sim/environment/path.sh
[1.331s] -- Installing: /home/robotai/tut_ws/install/diff_drive_robot_gz_sim/share/diff_drive_robot_gz_sim/environment/path.dsv
[1.331s] -- Installing: /home/robotai/tut_ws/install/diff_drive_robot_gz_sim/share/diff_drive_robot_gz_sim/local_setup.bash
[1.331s] -- Installing: /home/robotai/tut_ws/install/diff_drive_robot_gz_sim/share/diff_drive_robot_gz_sim/local_setup.sh
[1.331s] -- Installing: /home/robotai/tut_ws/install/diff_drive_robot_gz_sim/share/diff_drive_robot_gz_sim/local_setup.zsh
[1.331s] -- Installing: /home/robotai/tut_ws/install/diff_drive_robot_gz_sim/share/diff_drive_robot_gz_sim/local_setup.dsv
[1.331s] -- Installing: /home/robotai/tut_ws/install/diff_drive_robot_gz_sim/share/diff_drive_robot_gz_sim/package.dsv
[1.332s] -- Installing: /home/robotai/tut_ws/install/diff_drive_robot_gz_sim/share/ament_index/resource_index/packages/diff_drive_robot_gz_sim
[1.332s] -- Installing: /home/robotai/tut_ws/install/diff_drive_robot_gz_sim/share/diff_drive_robot_gz_sim/cmake/diff_drive_robot_gz_simConfig.cmake
[1.332s] -- Installing: /home/robotai/tut_ws/install/diff_drive_robot_gz_sim/share/diff_drive_robot_gz_sim/cmake/diff_drive_robot_gz_simConfig-version.cmake
[1.332s] -- Installing: /home/robotai/tut_ws/install/diff_drive_robot_gz_sim/share/diff_drive_robot_gz_sim/package.xml
[1.335s] Invoked command in '/home/robotai/tut_ws/build/diff_drive_robot_gz_sim' returned '0': CMAKE_PREFIX_PATH=/opt/ros/humble /usr/bin/cmake --install /home/robotai/tut_ws/build/diff_drive_robot_gz_sim
