[0.020s] Invoking command in '/home/robotai/tut_ws/build/robot_motion_controller': CMAKE_PREFIX_PATH=/opt/ros/humble /usr/bin/cmake --build /home/robotai/tut_ws/build/robot_motion_controller -- -j6 -l6
[0.238s] -- Found ament_cmake: 1.3.12 (/opt/ros/humble/share/ament_cmake/cmake)
[0.374s] -- Found rclcpp: 16.0.14 (/opt/ros/humble/share/rclcpp/cmake)
[0.454s] -- Found rosidl_generator_c: 3.1.7 (/opt/ros/humble/share/rosidl_generator_c/cmake)
[0.462s] -- Found rosidl_adapter: 3.1.7 (/opt/ros/humble/share/rosidl_adapter/cmake)
[0.478s] -- Found rosidl_generator_cpp: 3.1.7 (/opt/ros/humble/share/rosidl_generator_cpp/cmake)
[0.508s] -- Using all available rosidl_typesupport_c: rosidl_typesupport_fastrtps_c;rosidl_typesupport_introspection_c
[0.535s] -- Using all available rosidl_typesupport_cpp: rosidl_typesupport_fastrtps_cpp;rosidl_typesupport_introspection_cpp
[0.611s] -- Found rmw_implementation_cmake: 6.1.2 (/opt/ros/humble/share/rmw_implementation_cmake/cmake)
[0.617s] -- Found rmw_fastrtps_cpp: 6.2.8 (/opt/ros/humble/share/rmw_fastrtps_cpp/cmake)
[0.751s] -- Using RMW implementation 'rmw_fastrtps_cpp' as default
[0.846s] -- Found geometry_msgs: 4.9.0 (/opt/ros/humble/share/geometry_msgs/cmake)
[0.867s] -- Found nav_msgs: 4.9.0 (/opt/ros/humble/share/nav_msgs/cmake)
[0.894s] -- Found sensor_msgs: 4.9.0 (/opt/ros/humble/share/sensor_msgs/cmake)
[0.923s] -- Found ament_lint_auto: 0.12.14 (/opt/ros/humble/share/ament_lint_auto/cmake)
[0.985s] -- Added test 'cppcheck' to perform static code analysis on C / C++ code
[0.985s] -- Configured cppcheck include dirs: $<BUILD_INTERFACE:/home/robotai/tut_ws/src/robot_motion_controller/include>
[0.985s] -- Configured cppcheck exclude dirs and/or files: 
[0.986s] -- Added test 'lint_cmake' to check CMake code style
[0.986s] -- Added test 'uncrustify' to check C / C++ code style
[0.986s] -- Configured uncrustify additional arguments: 
[0.987s] -- Added test 'xmllint' to check XML markup files
[0.987s] -- Configuring done
[1.005s] -- Generating done
[1.010s] -- Build files have been written to: /home/robotai/tut_ws/build/robot_motion_controller
[1.038s] [35m[1mConsolidate compiler generated dependencies of target wall_follower[0m
[1.038s] [35m[1mConsolidate compiler generated dependencies of target person_follower[0m
[1.122s] [ 25%] [32mBuilding CXX object CMakeFiles/person_follower.dir/src/person_follower.cpp.o[0m
[1.123s] [ 50%] [32mBuilding CXX object CMakeFiles/wall_follower.dir/src/wall_follower.cpp.o[0m
[10.420s] [100%] [32m[1mLinking CXX executable wall_follower[0m
[10.424s] [100%] [32m[1mLinking CXX executable person_follower[0m
[10.904s] [100%] Built target person_follower
[10.904s] [100%] Built target wall_follower
[10.927s] Invoked command in '/home/robotai/tut_ws/build/robot_motion_controller' returned '0': CMAKE_PREFIX_PATH=/opt/ros/humble /usr/bin/cmake --build /home/robotai/tut_ws/build/robot_motion_controller -- -j6 -l6
[10.932s] Invoking command in '/home/robotai/tut_ws/build/robot_motion_controller': CMAKE_PREFIX_PATH=/opt/ros/humble /usr/bin/cmake --install /home/robotai/tut_ws/build/robot_motion_controller
[10.941s] -- Install configuration: ""
[10.941s] -- Installing: /home/robotai/tut_ws/install/robot_motion_controller/lib/robot_motion_controller/person_follower
[10.944s] -- Set runtime path of "/home/robotai/tut_ws/install/robot_motion_controller/lib/robot_motion_controller/person_follower" to ""
[10.945s] -- Installing: /home/robotai/tut_ws/install/robot_motion_controller/lib/robot_motion_controller/wall_follower
[10.949s] -- Set runtime path of "/home/robotai/tut_ws/install/robot_motion_controller/lib/robot_motion_controller/wall_follower" to ""
[10.949s] -- Up-to-date: /home/robotai/tut_ws/install/robot_motion_controller/share/ament_index/resource_index/package_run_dependencies/robot_motion_controller
[10.950s] -- Up-to-date: /home/robotai/tut_ws/install/robot_motion_controller/share/ament_index/resource_index/parent_prefix_path/robot_motion_controller
[10.950s] -- Installing: /home/robotai/tut_ws/install/robot_motion_controller/share/robot_motion_controller/environment/ament_prefix_path.sh
[10.951s] -- Installing: /home/robotai/tut_ws/install/robot_motion_controller/share/robot_motion_controller/environment/ament_prefix_path.dsv
[10.951s] -- Installing: /home/robotai/tut_ws/install/robot_motion_controller/share/robot_motion_controller/environment/path.sh
[10.951s] -- Installing: /home/robotai/tut_ws/install/robot_motion_controller/share/robot_motion_controller/environment/path.dsv
[10.951s] -- Up-to-date: /home/robotai/tut_ws/install/robot_motion_controller/share/robot_motion_controller/local_setup.bash
[10.951s] -- Up-to-date: /home/robotai/tut_ws/install/robot_motion_controller/share/robot_motion_controller/local_setup.sh
[10.951s] -- Up-to-date: /home/robotai/tut_ws/install/robot_motion_controller/share/robot_motion_controller/local_setup.zsh
[10.951s] -- Installing: /home/robotai/tut_ws/install/robot_motion_controller/share/robot_motion_controller/local_setup.dsv
[10.951s] -- Installing: /home/robotai/tut_ws/install/robot_motion_controller/share/robot_motion_controller/package.dsv
[10.951s] -- Up-to-date: /home/robotai/tut_ws/install/robot_motion_controller/share/ament_index/resource_index/packages/robot_motion_controller
[10.951s] -- Up-to-date: /home/robotai/tut_ws/install/robot_motion_controller/share/robot_motion_controller/cmake/robot_motion_controllerConfig.cmake
[10.951s] -- Up-to-date: /home/robotai/tut_ws/install/robot_motion_controller/share/robot_motion_controller/cmake/robot_motion_controllerConfig-version.cmake
[10.951s] -- Up-to-date: /home/robotai/tut_ws/install/robot_motion_controller/share/robot_motion_controller/package.xml
[10.956s] Invoked command in '/home/robotai/tut_ws/build/robot_motion_controller' returned '0': CMAKE_PREFIX_PATH=/opt/ros/humble /usr/bin/cmake --install /home/robotai/tut_ws/build/robot_motion_controller
