[0.103s] DEBUG:colcon:Command line arguments: ['/usr/bin/colcon', 'build']
[0.103s] DEBUG:colcon:Parsed command line arguments: Namespace(log_base=None, log_level=None, verb_name='build', build_base='build', install_base='install', merge_install=False, symlink_install=False, test_result_base=None, continue_on_error=False, executor='parallel', parallel_workers=6, event_handlers=None, ignore_user_meta=False, metas=['./colcon.meta'], base_paths=['.'], packages_ignore=None, packages_ignore_regex=None, paths=None, packages_up_to=None, packages_up_to_regex=None, packages_above=None, packages_above_and_dependencies=None, packages_above_depth=None, packages_select_by_dep=None, packages_skip_by_dep=None, packages_skip_up_to=None, packages_select_build_failed=False, packages_skip_build_finished=False, packages_select_test_failures=False, packages_skip_test_passed=False, packages_select=None, packages_skip=None, packages_select_regex=None, packages_skip_regex=None, packages_start=None, packages_end=None, allow_overriding=[], cmake_args=None, cmake_target=None, cmake_target_skip_unavailable=False, cmake_clean_cache=False, cmake_clean_first=False, cmake_force_configure=False, ament_cmake_args=None, catkin_cmake_args=None, catkin_skip_building_tests=False, mixin_files=None, mixin=None, verb_parser=<colcon_mixin.mixin.mixin_argument.MixinArgumentDecorator object at 0x764a16359de0>, verb_extension=<colcon_core.verb.build.BuildVerb object at 0x764a163597b0>, main=<bound method BuildVerb.main of <colcon_core.verb.build.BuildVerb object at 0x764a163597b0>>, mixin_verb=('build',))
[0.257s] Level 1:colcon.colcon_core.package_discovery:discover_packages(colcon_meta) check parameters
[0.257s] Level 1:colcon.colcon_core.package_discovery:discover_packages(recursive) check parameters
[0.257s] Level 1:colcon.colcon_core.package_discovery:discover_packages(ignore) check parameters
[0.257s] Level 1:colcon.colcon_core.package_discovery:discover_packages(path) check parameters
[0.257s] Level 1:colcon.colcon_core.package_discovery:discover_packages(colcon_meta) discover
[0.257s] Level 1:colcon.colcon_core.package_discovery:discover_packages(recursive) discover
[0.257s] INFO:colcon.colcon_core.package_discovery:Crawling recursively for packages in '/home/robotai/tut_ws'
[0.257s] Level 1:colcon.colcon_core.package_identification:_identify(.) by extensions ['ignore', 'ignore_ament_install']
[0.257s] Level 1:colcon.colcon_core.package_identification:_identify(.) by extension 'ignore'
[0.257s] Level 1:colcon.colcon_core.package_identification:_identify(.) by extension 'ignore_ament_install'
[0.257s] Level 1:colcon.colcon_core.package_identification:_identify(.) by extensions ['colcon_pkg']
[0.257s] Level 1:colcon.colcon_core.package_identification:_identify(.) by extension 'colcon_pkg'
[0.257s] Level 1:colcon.colcon_core.package_identification:_identify(.) by extensions ['colcon_meta']
[0.257s] Level 1:colcon.colcon_core.package_identification:_identify(.) by extension 'colcon_meta'
[0.257s] Level 1:colcon.colcon_core.package_identification:_identify(.) by extensions ['ros']
[0.257s] Level 1:colcon.colcon_core.package_identification:_identify(.) by extension 'ros'
[0.268s] Level 1:colcon.colcon_core.package_identification:_identify(.) by extensions ['cmake', 'python']
[0.268s] Level 1:colcon.colcon_core.package_identification:_identify(.) by extension 'cmake'
[0.268s] Level 1:colcon.colcon_core.package_identification:_identify(.) by extension 'python'
[0.268s] Level 1:colcon.colcon_core.package_identification:_identify(.) by extensions ['python_setup_py']
[0.268s] Level 1:colcon.colcon_core.package_identification:_identify(.) by extension 'python_setup_py'
[0.268s] Level 1:colcon.colcon_core.package_identification:_identify(build) by extensions ['ignore', 'ignore_ament_install']
[0.269s] Level 1:colcon.colcon_core.package_identification:_identify(build) by extension 'ignore'
[0.269s] Level 1:colcon.colcon_core.package_identification:_identify(build) ignored
[0.269s] Level 1:colcon.colcon_core.package_identification:_identify(install) by extensions ['ignore', 'ignore_ament_install']
[0.269s] Level 1:colcon.colcon_core.package_identification:_identify(install) by extension 'ignore'
[0.269s] Level 1:colcon.colcon_core.package_identification:_identify(install) ignored
[0.269s] Level 1:colcon.colcon_core.package_identification:_identify(log) by extensions ['ignore', 'ignore_ament_install']
[0.269s] Level 1:colcon.colcon_core.package_identification:_identify(log) by extension 'ignore'
[0.269s] Level 1:colcon.colcon_core.package_identification:_identify(log) ignored
[0.269s] Level 1:colcon.colcon_core.package_identification:_identify(src) by extensions ['ignore', 'ignore_ament_install']
[0.269s] Level 1:colcon.colcon_core.package_identification:_identify(src) by extension 'ignore'
[0.269s] Level 1:colcon.colcon_core.package_identification:_identify(src) by extension 'ignore_ament_install'
[0.269s] Level 1:colcon.colcon_core.package_identification:_identify(src) by extensions ['colcon_pkg']
[0.269s] Level 1:colcon.colcon_core.package_identification:_identify(src) by extension 'colcon_pkg'
[0.269s] Level 1:colcon.colcon_core.package_identification:_identify(src) by extensions ['colcon_meta']
[0.269s] Level 1:colcon.colcon_core.package_identification:_identify(src) by extension 'colcon_meta'
[0.269s] Level 1:colcon.colcon_core.package_identification:_identify(src) by extensions ['ros']
[0.269s] Level 1:colcon.colcon_core.package_identification:_identify(src) by extension 'ros'
[0.269s] Level 1:colcon.colcon_core.package_identification:_identify(src) by extensions ['cmake', 'python']
[0.269s] Level 1:colcon.colcon_core.package_identification:_identify(src) by extension 'cmake'
[0.269s] Level 1:colcon.colcon_core.package_identification:_identify(src) by extension 'python'
[0.269s] Level 1:colcon.colcon_core.package_identification:_identify(src) by extensions ['python_setup_py']
[0.269s] Level 1:colcon.colcon_core.package_identification:_identify(src) by extension 'python_setup_py'
[0.270s] Level 1:colcon.colcon_core.package_identification:_identify(src/diff_drive_robot_gz_sim) by extensions ['ignore', 'ignore_ament_install']
[0.270s] Level 1:colcon.colcon_core.package_identification:_identify(src/diff_drive_robot_gz_sim) by extension 'ignore'
[0.270s] Level 1:colcon.colcon_core.package_identification:_identify(src/diff_drive_robot_gz_sim) by extension 'ignore_ament_install'
[0.270s] Level 1:colcon.colcon_core.package_identification:_identify(src/diff_drive_robot_gz_sim) by extensions ['colcon_pkg']
[0.270s] Level 1:colcon.colcon_core.package_identification:_identify(src/diff_drive_robot_gz_sim) by extension 'colcon_pkg'
[0.270s] Level 1:colcon.colcon_core.package_identification:_identify(src/diff_drive_robot_gz_sim) by extensions ['colcon_meta']
[0.270s] Level 1:colcon.colcon_core.package_identification:_identify(src/diff_drive_robot_gz_sim) by extension 'colcon_meta'
[0.270s] Level 1:colcon.colcon_core.package_identification:_identify(src/diff_drive_robot_gz_sim) by extensions ['ros']
[0.270s] Level 1:colcon.colcon_core.package_identification:_identify(src/diff_drive_robot_gz_sim) by extension 'ros'
[0.272s] DEBUG:colcon.colcon_core.package_identification:Package 'src/diff_drive_robot_gz_sim' with type 'ros.ament_cmake' and name 'diff_drive_robot_gz_sim'
[0.272s] Level 1:colcon.colcon_core.package_identification:_identify(src/robot_motion_controller) by extensions ['ignore', 'ignore_ament_install']
[0.272s] Level 1:colcon.colcon_core.package_identification:_identify(src/robot_motion_controller) by extension 'ignore'
[0.272s] Level 1:colcon.colcon_core.package_identification:_identify(src/robot_motion_controller) by extension 'ignore_ament_install'
[0.272s] Level 1:colcon.colcon_core.package_identification:_identify(src/robot_motion_controller) by extensions ['colcon_pkg']
[0.272s] Level 1:colcon.colcon_core.package_identification:_identify(src/robot_motion_controller) by extension 'colcon_pkg'
[0.273s] Level 1:colcon.colcon_core.package_identification:_identify(src/robot_motion_controller) by extensions ['colcon_meta']
[0.273s] Level 1:colcon.colcon_core.package_identification:_identify(src/robot_motion_controller) by extension 'colcon_meta'
[0.273s] Level 1:colcon.colcon_core.package_identification:_identify(src/robot_motion_controller) by extensions ['ros']
[0.273s] Level 1:colcon.colcon_core.package_identification:_identify(src/robot_motion_controller) by extension 'ros'
[0.273s] DEBUG:colcon.colcon_core.package_identification:Package 'src/robot_motion_controller' with type 'ros.ament_cmake' and name 'robot_motion_controller'
[0.273s] Level 1:colcon.colcon_core.package_discovery:discover_packages(recursive) using defaults
[0.273s] Level 1:colcon.colcon_core.package_discovery:discover_packages(ignore) discover
[0.273s] Level 1:colcon.colcon_core.package_discovery:discover_packages(ignore) using defaults
[0.273s] Level 1:colcon.colcon_core.package_discovery:discover_packages(path) discover
[0.273s] Level 1:colcon.colcon_core.package_discovery:discover_packages(path) using defaults
[0.303s] Level 1:colcon.colcon_core.package_discovery:discover_packages(prefix_path) check parameters
[0.303s] Level 1:colcon.colcon_core.package_discovery:discover_packages(prefix_path) discover
[0.306s] DEBUG:colcon.colcon_installed_package_information.package_discovery:Found 387 installed packages in /opt/ros/humble
[0.307s] Level 1:colcon.colcon_core.package_discovery:discover_packages(prefix_path) using defaults
[0.348s] Level 5:colcon.colcon_core.verb:set package 'diff_drive_robot_gz_sim' build argument 'cmake_args' from command line to 'None'
[0.348s] Level 5:colcon.colcon_core.verb:set package 'diff_drive_robot_gz_sim' build argument 'cmake_target' from command line to 'None'
[0.348s] Level 5:colcon.colcon_core.verb:set package 'diff_drive_robot_gz_sim' build argument 'cmake_target_skip_unavailable' from command line to 'False'
[0.348s] Level 5:colcon.colcon_core.verb:set package 'diff_drive_robot_gz_sim' build argument 'cmake_clean_cache' from command line to 'False'
[0.348s] Level 5:colcon.colcon_core.verb:set package 'diff_drive_robot_gz_sim' build argument 'cmake_clean_first' from command line to 'False'
[0.348s] Level 5:colcon.colcon_core.verb:set package 'diff_drive_robot_gz_sim' build argument 'cmake_force_configure' from command line to 'False'
[0.348s] Level 5:colcon.colcon_core.verb:set package 'diff_drive_robot_gz_sim' build argument 'ament_cmake_args' from command line to 'None'
[0.348s] Level 5:colcon.colcon_core.verb:set package 'diff_drive_robot_gz_sim' build argument 'catkin_cmake_args' from command line to 'None'
[0.348s] Level 5:colcon.colcon_core.verb:set package 'diff_drive_robot_gz_sim' build argument 'catkin_skip_building_tests' from command line to 'False'
[0.348s] DEBUG:colcon.colcon_core.verb:Building package 'diff_drive_robot_gz_sim' with the following arguments: {'ament_cmake_args': None, 'build_base': '/home/robotai/tut_ws/build/diff_drive_robot_gz_sim', 'catkin_cmake_args': None, 'catkin_skip_building_tests': False, 'cmake_args': None, 'cmake_clean_cache': False, 'cmake_clean_first': False, 'cmake_force_configure': False, 'cmake_target': None, 'cmake_target_skip_unavailable': False, 'install_base': '/home/robotai/tut_ws/install/diff_drive_robot_gz_sim', 'merge_install': False, 'path': '/home/robotai/tut_ws/src/diff_drive_robot_gz_sim', 'symlink_install': False, 'test_result_base': None}
[0.348s] Level 5:colcon.colcon_core.verb:set package 'robot_motion_controller' build argument 'cmake_args' from command line to 'None'
[0.348s] Level 5:colcon.colcon_core.verb:set package 'robot_motion_controller' build argument 'cmake_target' from command line to 'None'
[0.348s] Level 5:colcon.colcon_core.verb:set package 'robot_motion_controller' build argument 'cmake_target_skip_unavailable' from command line to 'False'
[0.348s] Level 5:colcon.colcon_core.verb:set package 'robot_motion_controller' build argument 'cmake_clean_cache' from command line to 'False'
[0.348s] Level 5:colcon.colcon_core.verb:set package 'robot_motion_controller' build argument 'cmake_clean_first' from command line to 'False'
[0.348s] Level 5:colcon.colcon_core.verb:set package 'robot_motion_controller' build argument 'cmake_force_configure' from command line to 'False'
[0.348s] Level 5:colcon.colcon_core.verb:set package 'robot_motion_controller' build argument 'ament_cmake_args' from command line to 'None'
[0.348s] Level 5:colcon.colcon_core.verb:set package 'robot_motion_controller' build argument 'catkin_cmake_args' from command line to 'None'
[0.348s] Level 5:colcon.colcon_core.verb:set package 'robot_motion_controller' build argument 'catkin_skip_building_tests' from command line to 'False'
[0.348s] DEBUG:colcon.colcon_core.verb:Building package 'robot_motion_controller' with the following arguments: {'ament_cmake_args': None, 'build_base': '/home/robotai/tut_ws/build/robot_motion_controller', 'catkin_cmake_args': None, 'catkin_skip_building_tests': False, 'cmake_args': None, 'cmake_clean_cache': False, 'cmake_clean_first': False, 'cmake_force_configure': False, 'cmake_target': None, 'cmake_target_skip_unavailable': False, 'install_base': '/home/robotai/tut_ws/install/robot_motion_controller', 'merge_install': False, 'path': '/home/robotai/tut_ws/src/robot_motion_controller', 'symlink_install': False, 'test_result_base': None}
[0.349s] INFO:colcon.colcon_core.executor:Executing jobs using 'parallel' executor
[0.350s] DEBUG:colcon.colcon_parallel_executor.executor.parallel:run_until_complete
[0.350s] INFO:colcon.colcon_ros.task.ament_cmake.build:Building ROS package in '/home/robotai/tut_ws/src/diff_drive_robot_gz_sim' with build type 'ament_cmake'
[0.350s] INFO:colcon.colcon_cmake.task.cmake.build:Building CMake package in '/home/robotai/tut_ws/src/diff_drive_robot_gz_sim'
[0.351s] INFO:colcon.colcon_core.plugin_system:Skipping extension 'colcon_core.shell.bat': Not used on non-Windows systems
[0.352s] INFO:colcon.colcon_core.shell:Skip shell extension 'powershell' for command environment: Not usable outside of PowerShell
[0.352s] DEBUG:colcon.colcon_core.shell:Skip shell extension 'dsv' for command environment
[0.356s] INFO:colcon.colcon_ros.task.ament_cmake.build:Building ROS package in '/home/robotai/tut_ws/src/robot_motion_controller' with build type 'ament_cmake'
[0.356s] INFO:colcon.colcon_cmake.task.cmake.build:Building CMake package in '/home/robotai/tut_ws/src/robot_motion_controller'
[0.356s] INFO:colcon.colcon_core.shell:Skip shell extension 'powershell' for command environment: Not usable outside of PowerShell
[0.356s] DEBUG:colcon.colcon_core.shell:Skip shell extension 'dsv' for command environment
[0.363s] DEBUG:colcon.colcon_core.event_handler.log_command:Invoking command in '/home/robotai/tut_ws/build/diff_drive_robot_gz_sim': CMAKE_PREFIX_PATH=/opt/ros/humble /usr/bin/cmake /home/robotai/tut_ws/src/diff_drive_robot_gz_sim -DCMAKE_INSTALL_PREFIX=/home/robotai/tut_ws/install/diff_drive_robot_gz_sim
[0.367s] DEBUG:colcon.colcon_core.event_handler.log_command:Invoking command in '/home/robotai/tut_ws/build/robot_motion_controller': CMAKE_PREFIX_PATH=/opt/ros/humble /usr/bin/cmake /home/robotai/tut_ws/src/robot_motion_controller -DCMAKE_INSTALL_PREFIX=/home/robotai/tut_ws/install/robot_motion_controller
[1.597s] DEBUG:colcon.colcon_core.event_handler.log_command:Invoked command in '/home/robotai/tut_ws/build/diff_drive_robot_gz_sim' returned '0': CMAKE_PREFIX_PATH=/opt/ros/humble /usr/bin/cmake /home/robotai/tut_ws/src/diff_drive_robot_gz_sim -DCMAKE_INSTALL_PREFIX=/home/robotai/tut_ws/install/diff_drive_robot_gz_sim
[1.597s] DEBUG:colcon.colcon_core.event_handler.log_command:Invoking command in '/home/robotai/tut_ws/build/diff_drive_robot_gz_sim': CMAKE_PREFIX_PATH=/opt/ros/humble /usr/bin/cmake --build /home/robotai/tut_ws/build/diff_drive_robot_gz_sim -- -j6 -l6
[1.655s] DEBUG:colcon.colcon_core.event_handler.log_command:Invoked command in '/home/robotai/tut_ws/build/diff_drive_robot_gz_sim' returned '0': CMAKE_PREFIX_PATH=/opt/ros/humble /usr/bin/cmake --build /home/robotai/tut_ws/build/diff_drive_robot_gz_sim -- -j6 -l6
[1.663s] DEBUG:colcon.colcon_core.event_handler.log_command:Invoking command in '/home/robotai/tut_ws/build/diff_drive_robot_gz_sim': CMAKE_PREFIX_PATH=/opt/ros/humble /usr/bin/cmake --install /home/robotai/tut_ws/build/diff_drive_robot_gz_sim
[1.686s] Level 1:colcon.colcon_core.environment:create_environment_scripts_only(diff_drive_robot_gz_sim)
[1.688s] DEBUG:colcon.colcon_core.event_handler.log_command:Invoked command in '/home/robotai/tut_ws/build/diff_drive_robot_gz_sim' returned '0': CMAKE_PREFIX_PATH=/opt/ros/humble /usr/bin/cmake --install /home/robotai/tut_ws/build/diff_drive_robot_gz_sim
[1.690s] Level 1:colcon.colcon_core.environment:checking '/home/robotai/tut_ws/install/diff_drive_robot_gz_sim' for CMake module files
[1.690s] Level 1:colcon.colcon_core.environment:checking '/home/robotai/tut_ws/install/diff_drive_robot_gz_sim' for CMake config files
[1.690s] Level 1:colcon.colcon_core.shell:create_environment_hook('diff_drive_robot_gz_sim', 'cmake_prefix_path')
[1.691s] INFO:colcon.colcon_core.shell:Creating environment hook '/home/robotai/tut_ws/install/diff_drive_robot_gz_sim/share/diff_drive_robot_gz_sim/hook/cmake_prefix_path.ps1'
[1.691s] INFO:colcon.colcon_core.shell:Creating environment descriptor '/home/robotai/tut_ws/install/diff_drive_robot_gz_sim/share/diff_drive_robot_gz_sim/hook/cmake_prefix_path.dsv'
[1.692s] INFO:colcon.colcon_core.shell:Creating environment hook '/home/robotai/tut_ws/install/diff_drive_robot_gz_sim/share/diff_drive_robot_gz_sim/hook/cmake_prefix_path.sh'
[1.693s] Level 1:colcon.colcon_core.environment:checking '/home/robotai/tut_ws/install/diff_drive_robot_gz_sim/bin'
[1.693s] Level 1:colcon.colcon_core.environment:checking '/home/robotai/tut_ws/install/diff_drive_robot_gz_sim/lib/pkgconfig/diff_drive_robot_gz_sim.pc'
[1.693s] Level 1:colcon.colcon_core.environment:checking '/home/robotai/tut_ws/install/diff_drive_robot_gz_sim/lib/python3.10/site-packages'
[1.693s] Level 1:colcon.colcon_core.environment:checking '/home/robotai/tut_ws/install/diff_drive_robot_gz_sim/bin'
[1.694s] INFO:colcon.colcon_core.shell:Creating package script '/home/robotai/tut_ws/install/diff_drive_robot_gz_sim/share/diff_drive_robot_gz_sim/package.ps1'
[1.694s] INFO:colcon.colcon_core.shell:Creating package descriptor '/home/robotai/tut_ws/install/diff_drive_robot_gz_sim/share/diff_drive_robot_gz_sim/package.dsv'
[1.695s] INFO:colcon.colcon_core.shell:Creating package script '/home/robotai/tut_ws/install/diff_drive_robot_gz_sim/share/diff_drive_robot_gz_sim/package.sh'
[1.695s] INFO:colcon.colcon_core.shell:Creating package script '/home/robotai/tut_ws/install/diff_drive_robot_gz_sim/share/diff_drive_robot_gz_sim/package.bash'
[1.696s] INFO:colcon.colcon_core.shell:Creating package script '/home/robotai/tut_ws/install/diff_drive_robot_gz_sim/share/diff_drive_robot_gz_sim/package.zsh'
[1.697s] Level 1:colcon.colcon_core.environment:create_file_with_runtime_dependencies(/home/robotai/tut_ws/install/diff_drive_robot_gz_sim/share/colcon-core/packages/diff_drive_robot_gz_sim)
[1.697s] Level 1:colcon.colcon_core.environment:create_environment_scripts_only(diff_drive_robot_gz_sim)
[1.698s] Level 1:colcon.colcon_core.environment:checking '/home/robotai/tut_ws/install/diff_drive_robot_gz_sim' for CMake module files
[1.698s] Level 1:colcon.colcon_core.environment:checking '/home/robotai/tut_ws/install/diff_drive_robot_gz_sim' for CMake config files
[1.698s] Level 1:colcon.colcon_core.shell:create_environment_hook('diff_drive_robot_gz_sim', 'cmake_prefix_path')
[1.698s] INFO:colcon.colcon_core.shell:Creating environment hook '/home/robotai/tut_ws/install/diff_drive_robot_gz_sim/share/diff_drive_robot_gz_sim/hook/cmake_prefix_path.ps1'
[1.699s] INFO:colcon.colcon_core.shell:Creating environment descriptor '/home/robotai/tut_ws/install/diff_drive_robot_gz_sim/share/diff_drive_robot_gz_sim/hook/cmake_prefix_path.dsv'
[1.699s] INFO:colcon.colcon_core.shell:Creating environment hook '/home/robotai/tut_ws/install/diff_drive_robot_gz_sim/share/diff_drive_robot_gz_sim/hook/cmake_prefix_path.sh'
[1.699s] Level 1:colcon.colcon_core.environment:checking '/home/robotai/tut_ws/install/diff_drive_robot_gz_sim/bin'
[1.699s] Level 1:colcon.colcon_core.environment:checking '/home/robotai/tut_ws/install/diff_drive_robot_gz_sim/lib/pkgconfig/diff_drive_robot_gz_sim.pc'
[1.700s] Level 1:colcon.colcon_core.environment:checking '/home/robotai/tut_ws/install/diff_drive_robot_gz_sim/lib/python3.10/site-packages'
[1.700s] Level 1:colcon.colcon_core.environment:checking '/home/robotai/tut_ws/install/diff_drive_robot_gz_sim/bin'
[1.700s] INFO:colcon.colcon_core.shell:Creating package script '/home/robotai/tut_ws/install/diff_drive_robot_gz_sim/share/diff_drive_robot_gz_sim/package.ps1'
[1.700s] INFO:colcon.colcon_core.shell:Creating package descriptor '/home/robotai/tut_ws/install/diff_drive_robot_gz_sim/share/diff_drive_robot_gz_sim/package.dsv'
[1.701s] INFO:colcon.colcon_core.shell:Creating package script '/home/robotai/tut_ws/install/diff_drive_robot_gz_sim/share/diff_drive_robot_gz_sim/package.sh'
[1.701s] INFO:colcon.colcon_core.shell:Creating package script '/home/robotai/tut_ws/install/diff_drive_robot_gz_sim/share/diff_drive_robot_gz_sim/package.bash'
[1.701s] INFO:colcon.colcon_core.shell:Creating package script '/home/robotai/tut_ws/install/diff_drive_robot_gz_sim/share/diff_drive_robot_gz_sim/package.zsh'
[1.702s] Level 1:colcon.colcon_core.environment:create_file_with_runtime_dependencies(/home/robotai/tut_ws/install/diff_drive_robot_gz_sim/share/colcon-core/packages/diff_drive_robot_gz_sim)
[3.106s] DEBUG:colcon.colcon_core.event_handler.log_command:Invoked command in '/home/robotai/tut_ws/build/robot_motion_controller' returned '0': CMAKE_PREFIX_PATH=/opt/ros/humble /usr/bin/cmake /home/robotai/tut_ws/src/robot_motion_controller -DCMAKE_INSTALL_PREFIX=/home/robotai/tut_ws/install/robot_motion_controller
[3.106s] DEBUG:colcon.colcon_core.event_handler.log_command:Invoking command in '/home/robotai/tut_ws/build/robot_motion_controller': CMAKE_PREFIX_PATH=/opt/ros/humble /usr/bin/cmake --build /home/robotai/tut_ws/build/robot_motion_controller -- -j6 -l6
[22.872s] DEBUG:colcon.colcon_core.event_handler.log_command:Invoked command in '/home/robotai/tut_ws/build/robot_motion_controller' returned '0': CMAKE_PREFIX_PATH=/opt/ros/humble /usr/bin/cmake --build /home/robotai/tut_ws/build/robot_motion_controller -- -j6 -l6
[22.874s] DEBUG:colcon.colcon_core.event_handler.log_command:Invoking command in '/home/robotai/tut_ws/build/robot_motion_controller': CMAKE_PREFIX_PATH=/opt/ros/humble /usr/bin/cmake --install /home/robotai/tut_ws/build/robot_motion_controller
[22.893s] Level 1:colcon.colcon_core.environment:create_environment_scripts_only(robot_motion_controller)
[22.894s] Level 1:colcon.colcon_core.environment:checking '/home/robotai/tut_ws/install/robot_motion_controller' for CMake module files
[22.894s] Level 1:colcon.colcon_core.environment:checking '/home/robotai/tut_ws/install/robot_motion_controller' for CMake config files
[22.894s] Level 1:colcon.colcon_core.shell:create_environment_hook('robot_motion_controller', 'cmake_prefix_path')
[22.894s] INFO:colcon.colcon_core.shell:Creating environment hook '/home/robotai/tut_ws/install/robot_motion_controller/share/robot_motion_controller/hook/cmake_prefix_path.ps1'
[22.895s] INFO:colcon.colcon_core.shell:Creating environment descriptor '/home/robotai/tut_ws/install/robot_motion_controller/share/robot_motion_controller/hook/cmake_prefix_path.dsv'
[22.895s] INFO:colcon.colcon_core.shell:Creating environment hook '/home/robotai/tut_ws/install/robot_motion_controller/share/robot_motion_controller/hook/cmake_prefix_path.sh'
[22.896s] Level 1:colcon.colcon_core.environment:checking '/home/robotai/tut_ws/install/robot_motion_controller/lib'
[22.896s] Level 1:colcon.colcon_core.environment:checking '/home/robotai/tut_ws/install/robot_motion_controller/bin'
[22.896s] Level 1:colcon.colcon_core.environment:checking '/home/robotai/tut_ws/install/robot_motion_controller/lib/pkgconfig/robot_motion_controller.pc'
[22.896s] Level 1:colcon.colcon_core.environment:checking '/home/robotai/tut_ws/install/robot_motion_controller/lib/python3.10/site-packages'
[22.896s] DEBUG:colcon.colcon_core.event_handler.log_command:Invoked command in '/home/robotai/tut_ws/build/robot_motion_controller' returned '0': CMAKE_PREFIX_PATH=/opt/ros/humble /usr/bin/cmake --install /home/robotai/tut_ws/build/robot_motion_controller
[22.897s] Level 1:colcon.colcon_core.environment:checking '/home/robotai/tut_ws/install/robot_motion_controller/bin'
[22.898s] INFO:colcon.colcon_core.shell:Creating package script '/home/robotai/tut_ws/install/robot_motion_controller/share/robot_motion_controller/package.ps1'
[22.898s] INFO:colcon.colcon_core.shell:Creating package descriptor '/home/robotai/tut_ws/install/robot_motion_controller/share/robot_motion_controller/package.dsv'
[22.898s] INFO:colcon.colcon_core.shell:Creating package script '/home/robotai/tut_ws/install/robot_motion_controller/share/robot_motion_controller/package.sh'
[22.899s] INFO:colcon.colcon_core.shell:Creating package script '/home/robotai/tut_ws/install/robot_motion_controller/share/robot_motion_controller/package.bash'
[22.899s] INFO:colcon.colcon_core.shell:Creating package script '/home/robotai/tut_ws/install/robot_motion_controller/share/robot_motion_controller/package.zsh'
[22.900s] Level 1:colcon.colcon_core.environment:create_file_with_runtime_dependencies(/home/robotai/tut_ws/install/robot_motion_controller/share/colcon-core/packages/robot_motion_controller)
[22.901s] Level 1:colcon.colcon_core.environment:create_environment_scripts_only(robot_motion_controller)
[22.901s] Level 1:colcon.colcon_core.environment:checking '/home/robotai/tut_ws/install/robot_motion_controller' for CMake module files
[22.901s] Level 1:colcon.colcon_core.environment:checking '/home/robotai/tut_ws/install/robot_motion_controller' for CMake config files
[22.901s] Level 1:colcon.colcon_core.shell:create_environment_hook('robot_motion_controller', 'cmake_prefix_path')
[22.902s] INFO:colcon.colcon_core.shell:Creating environment hook '/home/robotai/tut_ws/install/robot_motion_controller/share/robot_motion_controller/hook/cmake_prefix_path.ps1'
[22.902s] INFO:colcon.colcon_core.shell:Creating environment descriptor '/home/robotai/tut_ws/install/robot_motion_controller/share/robot_motion_controller/hook/cmake_prefix_path.dsv'
[22.902s] INFO:colcon.colcon_core.shell:Creating environment hook '/home/robotai/tut_ws/install/robot_motion_controller/share/robot_motion_controller/hook/cmake_prefix_path.sh'
[22.903s] Level 1:colcon.colcon_core.environment:checking '/home/robotai/tut_ws/install/robot_motion_controller/lib'
[22.903s] Level 1:colcon.colcon_core.environment:checking '/home/robotai/tut_ws/install/robot_motion_controller/bin'
[22.903s] Level 1:colcon.colcon_core.environment:checking '/home/robotai/tut_ws/install/robot_motion_controller/lib/pkgconfig/robot_motion_controller.pc'
[22.903s] Level 1:colcon.colcon_core.environment:checking '/home/robotai/tut_ws/install/robot_motion_controller/lib/python3.10/site-packages'
[22.904s] Level 1:colcon.colcon_core.environment:checking '/home/robotai/tut_ws/install/robot_motion_controller/bin'
[22.904s] INFO:colcon.colcon_core.shell:Creating package script '/home/robotai/tut_ws/install/robot_motion_controller/share/robot_motion_controller/package.ps1'
[22.906s] INFO:colcon.colcon_core.shell:Creating package descriptor '/home/robotai/tut_ws/install/robot_motion_controller/share/robot_motion_controller/package.dsv'
[22.906s] INFO:colcon.colcon_core.shell:Creating package script '/home/robotai/tut_ws/install/robot_motion_controller/share/robot_motion_controller/package.sh'
[22.906s] INFO:colcon.colcon_core.shell:Creating package script '/home/robotai/tut_ws/install/robot_motion_controller/share/robot_motion_controller/package.bash'
[22.907s] INFO:colcon.colcon_core.shell:Creating package script '/home/robotai/tut_ws/install/robot_motion_controller/share/robot_motion_controller/package.zsh'
[22.907s] Level 1:colcon.colcon_core.environment:create_file_with_runtime_dependencies(/home/robotai/tut_ws/install/robot_motion_controller/share/colcon-core/packages/robot_motion_controller)
[22.908s] DEBUG:colcon.colcon_parallel_executor.executor.parallel:closing loop
[22.908s] DEBUG:colcon.colcon_parallel_executor.executor.parallel:loop closed
[22.908s] DEBUG:colcon.colcon_parallel_executor.executor.parallel:run_until_complete finished with '0'
[22.908s] DEBUG:colcon.colcon_core.event_reactor:joining thread
[22.913s] INFO:colcon.colcon_core.plugin_system:Skipping extension 'colcon_notification.desktop_notification.terminal_notifier': Not used on non-Darwin systems
[22.916s] INFO:colcon.colcon_core.plugin_system:Skipping extension 'colcon_notification.desktop_notification.win32': Not used on non-Windows systems
[22.916s] INFO:colcon.colcon_notification.desktop_notification:Sending desktop notification using 'notify2'
[22.931s] DEBUG:colcon.colcon_core.event_reactor:joined thread
[22.931s] INFO:colcon.colcon_core.shell:Creating prefix script '/home/robotai/tut_ws/install/local_setup.ps1'
[22.932s] INFO:colcon.colcon_core.shell:Creating prefix util module '/home/robotai/tut_ws/install/_local_setup_util_ps1.py'
[22.935s] INFO:colcon.colcon_core.shell:Creating prefix chain script '/home/robotai/tut_ws/install/setup.ps1'
[22.936s] INFO:colcon.colcon_core.shell:Creating prefix script '/home/robotai/tut_ws/install/local_setup.sh'
[22.937s] INFO:colcon.colcon_core.shell:Creating prefix util module '/home/robotai/tut_ws/install/_local_setup_util_sh.py'
[22.937s] INFO:colcon.colcon_core.shell:Creating prefix chain script '/home/robotai/tut_ws/install/setup.sh'
[22.938s] INFO:colcon.colcon_core.shell:Creating prefix script '/home/robotai/tut_ws/install/local_setup.bash'
[22.939s] INFO:colcon.colcon_core.shell:Creating prefix chain script '/home/robotai/tut_ws/install/setup.bash'
[22.939s] INFO:colcon.colcon_core.shell:Creating prefix script '/home/robotai/tut_ws/install/local_setup.zsh'
[22.940s] INFO:colcon.colcon_core.shell:Creating prefix chain script '/home/robotai/tut_ws/install/setup.zsh'
