[0.027s] Invoking command in '/home/robotai/tut_ws/build/diff_drive_robot_gz_sim': CMAKE_PREFIX_PATH=/opt/ros/humble /usr/bin/cmake --build /home/robotai/tut_ws/build/diff_drive_robot_gz_sim -- -j6 -l6
[0.221s] -- Found ament_cmake: 1.3.12 (/opt/ros/humble/share/ament_cmake/cmake)
[0.394s] -- Found ament_lint_auto: 0.12.14 (/opt/ros/humble/share/ament_lint_auto/cmake)
[0.483s] -- Added test 'flake8' to check Python code syntax and style conventions
[0.484s] -- Added test 'lint_cmake' to check CMake code style
[0.485s] -- Added test 'pep257' to check Python code against some of the docstring style conventions in PEP 257
[0.487s] -- Added test 'xmllint' to check XML markup files
[0.488s] -- Configuring done
[0.496s] -- Generating done
[0.497s] -- Build files have been written to: /home/robotai/tut_ws/build/diff_drive_robot_gz_sim
[0.521s] Invoked command in '/home/robotai/tut_ws/build/diff_drive_robot_gz_sim' returned '0': CMAKE_PREFIX_PATH=/opt/ros/humble /usr/bin/cmake --build /home/robotai/tut_ws/build/diff_drive_robot_gz_sim -- -j6 -l6
[0.531s] Invoking command in '/home/robotai/tut_ws/build/diff_drive_robot_gz_sim': CMAKE_PREFIX_PATH=/opt/ros/humble /usr/bin/cmake --install /home/robotai/tut_ws/build/diff_drive_robot_gz_sim
[0.537s] -- Install configuration: ""
[0.537s] -- Up-to-date: /home/robotai/tut_ws/install/diff_drive_robot_gz_sim/share/diff_drive_robot_gz_sim//launch
[0.537s] -- Up-to-date: /home/robotai/tut_ws/install/diff_drive_robot_gz_sim/share/diff_drive_robot_gz_sim//launch/MRobot_sensor.launch.py
[0.538s] -- Up-to-date: /home/robotai/tut_ws/install/diff_drive_robot_gz_sim/share/diff_drive_robot_gz_sim//launch/ros_gz_bridge.launch.py
[0.538s] -- Up-to-date: /home/robotai/tut_ws/install/diff_drive_robot_gz_sim/share/diff_drive_robot_gz_sim//launch/MRobot_base.launch.py
[0.538s] -- Up-to-date: /home/robotai/tut_ws/install/diff_drive_robot_gz_sim/share/diff_drive_robot_gz_sim//launch/MRobot_control.launch.py
[0.538s] -- Up-to-date: /home/robotai/tut_ws/install/diff_drive_robot_gz_sim/share/diff_drive_robot_gz_sim//launch/ICTE4001_MRobot.launch.py
[0.538s] -- Up-to-date: /home/robotai/tut_ws/install/diff_drive_robot_gz_sim/share/diff_drive_robot_gz_sim//config
[0.538s] -- Up-to-date: /home/robotai/tut_ws/install/diff_drive_robot_gz_sim/share/diff_drive_robot_gz_sim//config/mobile_base_control.yaml
[0.538s] -- Up-to-date: /home/robotai/tut_ws/install/diff_drive_robot_gz_sim/share/diff_drive_robot_gz_sim//urdf
[0.538s] -- Up-to-date: /home/robotai/tut_ws/install/diff_drive_robot_gz_sim/share/diff_drive_robot_gz_sim//urdf/ICTE4001_MRobot_sensor.urdf.xacro
[0.538s] -- Up-to-date: /home/robotai/tut_ws/install/diff_drive_robot_gz_sim/share/diff_drive_robot_gz_sim//urdf/ICTE4001_MRobot_base.urdf.xacro
[0.538s] -- Up-to-date: /home/robotai/tut_ws/install/diff_drive_robot_gz_sim/share/diff_drive_robot_gz_sim//urdf/ICTE4001_MRobot_control.urdf.xacro
[0.538s] -- Up-to-date: /home/robotai/tut_ws/install/diff_drive_robot_gz_sim/share/diff_drive_robot_gz_sim//rviz
[0.538s] -- Up-to-date: /home/robotai/tut_ws/install/diff_drive_robot_gz_sim/share/diff_drive_robot_gz_sim//rviz/view_robot.rviz
[0.538s] -- Up-to-date: /home/robotai/tut_ws/install/diff_drive_robot_gz_sim/share/diff_drive_robot_gz_sim//rviz/view_robot_mapping_and_navigation.rviz
[0.538s] -- Up-to-date: /home/robotai/tut_ws/install/diff_drive_robot_gz_sim/share/diff_drive_robot_gz_sim//rviz/view_robot_sensor.rviz
[0.539s] -- Up-to-date: /home/robotai/tut_ws/install/diff_drive_robot_gz_sim/share/diff_drive_robot_gz_sim//world
[0.539s] -- Up-to-date: /home/robotai/tut_ws/install/diff_drive_robot_gz_sim/share/diff_drive_robot_gz_sim//world/office_world.sdf
[0.539s] -- Up-to-date: /home/robotai/tut_ws/install/diff_drive_robot_gz_sim/share/diff_drive_robot_gz_sim//world/office_wall
[0.539s] -- Up-to-date: /home/robotai/tut_ws/install/diff_drive_robot_gz_sim/share/diff_drive_robot_gz_sim//world/office_wall/model.sdf
[0.539s] -- Up-to-date: /home/robotai/tut_ws/install/diff_drive_robot_gz_sim/share/diff_drive_robot_gz_sim//world/office_wall/model.config
[0.539s] -- Up-to-date: /home/robotai/tut_ws/install/diff_drive_robot_gz_sim/share/diff_drive_robot_gz_sim//map
[0.539s] -- Up-to-date: /home/robotai/tut_ws/install/diff_drive_robot_gz_sim/share/diff_drive_robot_gz_sim//map/office_ICTE4001_sim.yaml
[0.539s] -- Up-to-date: /home/robotai/tut_ws/install/diff_drive_robot_gz_sim/share/diff_drive_robot_gz_sim//map/office_ICTE4001_sim.pgm
[0.539s] -- Up-to-date: /home/robotai/tut_ws/install/diff_drive_robot_gz_sim/share/ament_index/resource_index/package_run_dependencies/diff_drive_robot_gz_sim
[0.539s] -- Up-to-date: /home/robotai/tut_ws/install/diff_drive_robot_gz_sim/share/ament_index/resource_index/parent_prefix_path/diff_drive_robot_gz_sim
[0.539s] -- Installing: /home/robotai/tut_ws/install/diff_drive_robot_gz_sim/share/diff_drive_robot_gz_sim/environment/ament_prefix_path.sh
[0.539s] -- Installing: /home/robotai/tut_ws/install/diff_drive_robot_gz_sim/share/diff_drive_robot_gz_sim/environment/ament_prefix_path.dsv
[0.539s] -- Installing: /home/robotai/tut_ws/install/diff_drive_robot_gz_sim/share/diff_drive_robot_gz_sim/environment/path.sh
[0.540s] -- Installing: /home/robotai/tut_ws/install/diff_drive_robot_gz_sim/share/diff_drive_robot_gz_sim/environment/path.dsv
[0.540s] -- Up-to-date: /home/robotai/tut_ws/install/diff_drive_robot_gz_sim/share/diff_drive_robot_gz_sim/local_setup.bash
[0.540s] -- Up-to-date: /home/robotai/tut_ws/install/diff_drive_robot_gz_sim/share/diff_drive_robot_gz_sim/local_setup.sh
[0.540s] -- Up-to-date: /home/robotai/tut_ws/install/diff_drive_robot_gz_sim/share/diff_drive_robot_gz_sim/local_setup.zsh
[0.540s] -- Installing: /home/robotai/tut_ws/install/diff_drive_robot_gz_sim/share/diff_drive_robot_gz_sim/local_setup.dsv
[0.540s] -- Installing: /home/robotai/tut_ws/install/diff_drive_robot_gz_sim/share/diff_drive_robot_gz_sim/package.dsv
[0.540s] -- Up-to-date: /home/robotai/tut_ws/install/diff_drive_robot_gz_sim/share/ament_index/resource_index/packages/diff_drive_robot_gz_sim
[0.540s] -- Up-to-date: /home/robotai/tut_ws/install/diff_drive_robot_gz_sim/share/diff_drive_robot_gz_sim/cmake/diff_drive_robot_gz_simConfig.cmake
[0.540s] -- Up-to-date: /home/robotai/tut_ws/install/diff_drive_robot_gz_sim/share/diff_drive_robot_gz_sim/cmake/diff_drive_robot_gz_simConfig-version.cmake
[0.540s] -- Up-to-date: /home/robotai/tut_ws/install/diff_drive_robot_gz_sim/share/diff_drive_robot_gz_sim/package.xml
[0.541s] Invoked command in '/home/robotai/tut_ws/build/diff_drive_robot_gz_sim' returned '0': CMAKE_PREFIX_PATH=/opt/ros/humble /usr/bin/cmake --install /home/robotai/tut_ws/build/diff_drive_robot_gz_sim
