[0.011s] Invoking command in '/home/eecms/tut_ws/build/robot_motion_controller': CMAKE_PREFIX_PATH=/opt/ros/humble /usr/bin/cmake --build /home/eecms/tut_ws/build/robot_motion_controller -- -j6 -l6
[0.062s] [ 50%] Built target wall_follower
[0.062s] [100%] Built target person_follower
[0.082s] Invoked command in '/home/eecms/tut_ws/build/robot_motion_controller' returned '0': CMAKE_PREFIX_PATH=/opt/ros/humble /usr/bin/cmake --build /home/eecms/tut_ws/build/robot_motion_controller -- -j6 -l6
[0.083s] Invoking command in '/home/eecms/tut_ws/build/robot_motion_controller': CMAKE_PREFIX_PATH=/opt/ros/humble /usr/bin/cmake --install /home/eecms/tut_ws/build/robot_motion_controller
[0.090s] -- Install configuration: ""
[0.090s] -- Up-to-date: /home/eecms/tut_ws/install/robot_motion_controller/lib/robot_motion_controller/person_follower
[0.090s] -- Up-to-date: /home/eecms/tut_ws/install/robot_motion_controller/lib/robot_motion_controller/wall_follower
[0.090s] -- Up-to-date: /home/eecms/tut_ws/install/robot_motion_controller/lib/robot_motion_controller/person_follower
[0.090s] -- Up-to-date: /home/eecms/tut_ws/install/robot_motion_controller/share/ament_index/resource_index/package_run_dependencies/robot_motion_controller
[0.090s] -- Up-to-date: /home/eecms/tut_ws/install/robot_motion_controller/share/ament_index/resource_index/parent_prefix_path/robot_motion_controller
[0.090s] -- Up-to-date: /home/eecms/tut_ws/install/robot_motion_controller/share/robot_motion_controller/environment/ament_prefix_path.sh
[0.090s] -- Up-to-date: /home/eecms/tut_ws/install/robot_motion_controller/share/robot_motion_controller/environment/ament_prefix_path.dsv
[0.091s] -- Up-to-date: /home/eecms/tut_ws/install/robot_motion_controller/share/robot_motion_controller/environment/path.sh
[0.091s] -- Up-to-date: /home/eecms/tut_ws/install/robot_motion_controller/share/robot_motion_controller/environment/path.dsv
[0.091s] -- Up-to-date: /home/eecms/tut_ws/install/robot_motion_controller/share/robot_motion_controller/local_setup.bash
[0.091s] -- Up-to-date: /home/eecms/tut_ws/install/robot_motion_controller/share/robot_motion_controller/local_setup.sh
[0.091s] -- Up-to-date: /home/eecms/tut_ws/install/robot_motion_controller/share/robot_motion_controller/local_setup.zsh
[0.091s] -- Up-to-date: /home/eecms/tut_ws/install/robot_motion_controller/share/robot_motion_controller/local_setup.dsv
[0.091s] -- Installing: /home/eecms/tut_ws/install/robot_motion_controller/share/robot_motion_controller/package.dsv
[0.091s] -- Up-to-date: /home/eecms/tut_ws/install/robot_motion_controller/share/ament_index/resource_index/packages/robot_motion_controller
[0.091s] -- Up-to-date: /home/eecms/tut_ws/install/robot_motion_controller/share/robot_motion_controller/cmake/robot_motion_controllerConfig.cmake
[0.091s] -- Up-to-date: /home/eecms/tut_ws/install/robot_motion_controller/share/robot_motion_controller/cmake/robot_motion_controllerConfig-version.cmake
[0.091s] -- Up-to-date: /home/eecms/tut_ws/install/robot_motion_controller/share/robot_motion_controller/package.xml
[0.093s] Invoked command in '/home/eecms/tut_ws/build/robot_motion_controller' returned '0': CMAKE_PREFIX_PATH=/opt/ros/humble /usr/bin/cmake --install /home/eecms/tut_ws/build/robot_motion_controller
