[0.137s] DEBUG:colcon:Command line arguments: ['/usr/bin/colcon', 'build']
[0.137s] DEBUG:colcon:Parsed command line arguments: Namespace(log_base=None, log_level=None, verb_name='build', build_base='build', install_base='install', merge_install=False, symlink_install=False, test_result_base=None, continue_on_error=False, executor='parallel', parallel_workers=6, event_handlers=None, ignore_user_meta=False, metas=['./colcon.meta'], base_paths=['.'], packages_ignore=None, packages_ignore_regex=None, paths=None, packages_up_to=None, packages_up_to_regex=None, packages_above=None, packages_above_and_dependencies=None, packages_above_depth=None, packages_select_by_dep=None, packages_skip_by_dep=None, packages_skip_up_to=None, packages_select_build_failed=False, packages_skip_build_finished=False, packages_select_test_failures=False, packages_skip_test_passed=False, packages_select=None, packages_skip=None, packages_select_regex=None, packages_skip_regex=None, packages_start=None, packages_end=None, allow_overriding=[], cmake_args=None, cmake_target=None, cmake_target_skip_unavailable=False, cmake_clean_cache=False, cmake_clean_first=False, cmake_force_configure=False, ament_cmake_args=None, catkin_cmake_args=None, catkin_skip_building_tests=False, mixin_files=None, mixin=None, verb_parser=<colcon_mixin.mixin.mixin_argument.MixinArgumentDecorator object at 0x776157d59d80>, verb_extension=<colcon_core.verb.build.BuildVerb object at 0x776157d59750>, main=<bound method BuildVerb.main of <colcon_core.verb.build.BuildVerb object at 0x776157d59750>>, mixin_verb=('build',))
[0.298s] Level 1:colcon.colcon_core.package_discovery:discover_packages(colcon_meta) check parameters
[0.298s] Level 1:colcon.colcon_core.package_discovery:discover_packages(recursive) check parameters
[0.298s] Level 1:colcon.colcon_core.package_discovery:discover_packages(ignore) check parameters
[0.298s] Level 1:colcon.colcon_core.package_discovery:discover_packages(path) check parameters
[0.298s] Level 1:colcon.colcon_core.package_discovery:discover_packages(colcon_meta) discover
[0.298s] Level 1:colcon.colcon_core.package_discovery:discover_packages(recursive) discover
[0.298s] INFO:colcon.colcon_core.package_discovery:Crawling recursively for packages in '/home/eecms/tut_ws'
[0.298s] Level 1:colcon.colcon_core.package_identification:_identify(.) by extensions ['ignore', 'ignore_ament_install']
[0.298s] Level 1:colcon.colcon_core.package_identification:_identify(.) by extension 'ignore'
[0.299s] Level 1:colcon.colcon_core.package_identification:_identify(.) by extension 'ignore_ament_install'
[0.299s] Level 1:colcon.colcon_core.package_identification:_identify(.) by extensions ['colcon_pkg']
[0.299s] Level 1:colcon.colcon_core.package_identification:_identify(.) by extension 'colcon_pkg'
[0.299s] Level 1:colcon.colcon_core.package_identification:_identify(.) by extensions ['colcon_meta']
[0.299s] Level 1:colcon.colcon_core.package_identification:_identify(.) by extension 'colcon_meta'
[0.299s] Level 1:colcon.colcon_core.package_identification:_identify(.) by extensions ['ros']
[0.299s] Level 1:colcon.colcon_core.package_identification:_identify(.) by extension 'ros'
[0.309s] Level 1:colcon.colcon_core.package_identification:_identify(.) by extensions ['cmake', 'python']
[0.309s] Level 1:colcon.colcon_core.package_identification:_identify(.) by extension 'cmake'
[0.309s] Level 1:colcon.colcon_core.package_identification:_identify(.) by extension 'python'
[0.309s] Level 1:colcon.colcon_core.package_identification:_identify(.) by extensions ['python_setup_py']
[0.309s] Level 1:colcon.colcon_core.package_identification:_identify(.) by extension 'python_setup_py'
[0.309s] Level 1:colcon.colcon_core.package_identification:_identify(build) by extensions ['ignore', 'ignore_ament_install']
[0.309s] Level 1:colcon.colcon_core.package_identification:_identify(build) by extension 'ignore'
[0.309s] Level 1:colcon.colcon_core.package_identification:_identify(build) ignored
[0.310s] Level 1:colcon.colcon_core.package_identification:_identify(install) by extensions ['ignore', 'ignore_ament_install']
[0.310s] Level 1:colcon.colcon_core.package_identification:_identify(install) by extension 'ignore'
[0.310s] Level 1:colcon.colcon_core.package_identification:_identify(install) ignored
[0.310s] Level 1:colcon.colcon_core.package_identification:_identify(log) by extensions ['ignore', 'ignore_ament_install']
[0.310s] Level 1:colcon.colcon_core.package_identification:_identify(log) by extension 'ignore'
[0.310s] Level 1:colcon.colcon_core.package_identification:_identify(log) ignored
[0.310s] Level 1:colcon.colcon_core.package_identification:_identify(src) by extensions ['ignore', 'ignore_ament_install']
[0.310s] Level 1:colcon.colcon_core.package_identification:_identify(src) by extension 'ignore'
[0.310s] Level 1:colcon.colcon_core.package_identification:_identify(src) by extension 'ignore_ament_install'
[0.310s] Level 1:colcon.colcon_core.package_identification:_identify(src) by extensions ['colcon_pkg']
[0.310s] Level 1:colcon.colcon_core.package_identification:_identify(src) by extension 'colcon_pkg'
[0.310s] Level 1:colcon.colcon_core.package_identification:_identify(src) by extensions ['colcon_meta']
[0.310s] Level 1:colcon.colcon_core.package_identification:_identify(src) by extension 'colcon_meta'
[0.310s] Level 1:colcon.colcon_core.package_identification:_identify(src) by extensions ['ros']
[0.310s] Level 1:colcon.colcon_core.package_identification:_identify(src) by extension 'ros'
[0.310s] Level 1:colcon.colcon_core.package_identification:_identify(src) by extensions ['cmake', 'python']
[0.310s] Level 1:colcon.colcon_core.package_identification:_identify(src) by extension 'cmake'
[0.310s] Level 1:colcon.colcon_core.package_identification:_identify(src) by extension 'python'
[0.310s] Level 1:colcon.colcon_core.package_identification:_identify(src) by extensions ['python_setup_py']
[0.310s] Level 1:colcon.colcon_core.package_identification:_identify(src) by extension 'python_setup_py'
[0.310s] Level 1:colcon.colcon_core.package_identification:_identify(src/diff_drive_robot_gz_sim) by extensions ['ignore', 'ignore_ament_install']
[0.311s] Level 1:colcon.colcon_core.package_identification:_identify(src/diff_drive_robot_gz_sim) by extension 'ignore'
[0.311s] Level 1:colcon.colcon_core.package_identification:_identify(src/diff_drive_robot_gz_sim) by extension 'ignore_ament_install'
[0.311s] Level 1:colcon.colcon_core.package_identification:_identify(src/diff_drive_robot_gz_sim) by extensions ['colcon_pkg']
[0.311s] Level 1:colcon.colcon_core.package_identification:_identify(src/diff_drive_robot_gz_sim) by extension 'colcon_pkg'
[0.311s] Level 1:colcon.colcon_core.package_identification:_identify(src/diff_drive_robot_gz_sim) by extensions ['colcon_meta']
[0.311s] Level 1:colcon.colcon_core.package_identification:_identify(src/diff_drive_robot_gz_sim) by extension 'colcon_meta'
[0.311s] Level 1:colcon.colcon_core.package_identification:_identify(src/diff_drive_robot_gz_sim) by extensions ['ros']
[0.311s] Level 1:colcon.colcon_core.package_identification:_identify(src/diff_drive_robot_gz_sim) by extension 'ros'
[0.313s] DEBUG:colcon.colcon_core.package_identification:Package 'src/diff_drive_robot_gz_sim' with type 'ros.ament_cmake' and name 'diff_drive_robot_gz_sim'
[0.313s] Level 1:colcon.colcon_core.package_identification:_identify(src/robot_motion_controller) by extensions ['ignore', 'ignore_ament_install']
[0.313s] Level 1:colcon.colcon_core.package_identification:_identify(src/robot_motion_controller) by extension 'ignore'
[0.313s] Level 1:colcon.colcon_core.package_identification:_identify(src/robot_motion_controller) by extension 'ignore_ament_install'
[0.313s] Level 1:colcon.colcon_core.package_identification:_identify(src/robot_motion_controller) by extensions ['colcon_pkg']
[0.313s] Level 1:colcon.colcon_core.package_identification:_identify(src/robot_motion_controller) by extension 'colcon_pkg'
[0.313s] Level 1:colcon.colcon_core.package_identification:_identify(src/robot_motion_controller) by extensions ['colcon_meta']
[0.313s] Level 1:colcon.colcon_core.package_identification:_identify(src/robot_motion_controller) by extension 'colcon_meta'
[0.313s] Level 1:colcon.colcon_core.package_identification:_identify(src/robot_motion_controller) by extensions ['ros']
[0.313s] Level 1:colcon.colcon_core.package_identification:_identify(src/robot_motion_controller) by extension 'ros'
[0.314s] DEBUG:colcon.colcon_core.package_identification:Package 'src/robot_motion_controller' with type 'ros.ament_cmake' and name 'robot_motion_controller'
[0.314s] Level 1:colcon.colcon_core.package_discovery:discover_packages(recursive) using defaults
[0.314s] Level 1:colcon.colcon_core.package_discovery:discover_packages(ignore) discover
[0.314s] Level 1:colcon.colcon_core.package_discovery:discover_packages(ignore) using defaults
[0.314s] Level 1:colcon.colcon_core.package_discovery:discover_packages(path) discover
[0.314s] Level 1:colcon.colcon_core.package_discovery:discover_packages(path) using defaults
[0.347s] Level 1:colcon.colcon_core.package_discovery:discover_packages(prefix_path) check parameters
[0.347s] Level 1:colcon.colcon_core.package_discovery:discover_packages(prefix_path) discover
[0.353s] DEBUG:colcon.colcon_installed_package_information.package_discovery:Found 387 installed packages in /opt/ros/humble
[0.355s] Level 1:colcon.colcon_core.package_discovery:discover_packages(prefix_path) using defaults
[0.411s] Level 5:colcon.colcon_core.verb:set package 'diff_drive_robot_gz_sim' build argument 'cmake_args' from command line to 'None'
[0.411s] Level 5:colcon.colcon_core.verb:set package 'diff_drive_robot_gz_sim' build argument 'cmake_target' from command line to 'None'
[0.411s] Level 5:colcon.colcon_core.verb:set package 'diff_drive_robot_gz_sim' build argument 'cmake_target_skip_unavailable' from command line to 'False'
[0.411s] Level 5:colcon.colcon_core.verb:set package 'diff_drive_robot_gz_sim' build argument 'cmake_clean_cache' from command line to 'False'
[0.411s] Level 5:colcon.colcon_core.verb:set package 'diff_drive_robot_gz_sim' build argument 'cmake_clean_first' from command line to 'False'
[0.411s] Level 5:colcon.colcon_core.verb:set package 'diff_drive_robot_gz_sim' build argument 'cmake_force_configure' from command line to 'False'
[0.411s] Level 5:colcon.colcon_core.verb:set package 'diff_drive_robot_gz_sim' build argument 'ament_cmake_args' from command line to 'None'
[0.411s] Level 5:colcon.colcon_core.verb:set package 'diff_drive_robot_gz_sim' build argument 'catkin_cmake_args' from command line to 'None'
[0.411s] Level 5:colcon.colcon_core.verb:set package 'diff_drive_robot_gz_sim' build argument 'catkin_skip_building_tests' from command line to 'False'
[0.411s] DEBUG:colcon.colcon_core.verb:Building package 'diff_drive_robot_gz_sim' with the following arguments: {'ament_cmake_args': None, 'build_base': '/home/eecms/tut_ws/build/diff_drive_robot_gz_sim', 'catkin_cmake_args': None, 'catkin_skip_building_tests': False, 'cmake_args': None, 'cmake_clean_cache': False, 'cmake_clean_first': False, 'cmake_force_configure': False, 'cmake_target': None, 'cmake_target_skip_unavailable': False, 'install_base': '/home/eecms/tut_ws/install/diff_drive_robot_gz_sim', 'merge_install': False, 'path': '/home/eecms/tut_ws/src/diff_drive_robot_gz_sim', 'symlink_install': False, 'test_result_base': None}
[0.411s] Level 5:colcon.colcon_core.verb:set package 'robot_motion_controller' build argument 'cmake_args' from command line to 'None'
[0.411s] Level 5:colcon.colcon_core.verb:set package 'robot_motion_controller' build argument 'cmake_target' from command line to 'None'
[0.412s] Level 5:colcon.colcon_core.verb:set package 'robot_motion_controller' build argument 'cmake_target_skip_unavailable' from command line to 'False'
[0.412s] Level 5:colcon.colcon_core.verb:set package 'robot_motion_controller' build argument 'cmake_clean_cache' from command line to 'False'
[0.412s] Level 5:colcon.colcon_core.verb:set package 'robot_motion_controller' build argument 'cmake_clean_first' from command line to 'False'
[0.412s] Level 5:colcon.colcon_core.verb:set package 'robot_motion_controller' build argument 'cmake_force_configure' from command line to 'False'
[0.412s] Level 5:colcon.colcon_core.verb:set package 'robot_motion_controller' build argument 'ament_cmake_args' from command line to 'None'
[0.412s] Level 5:colcon.colcon_core.verb:set package 'robot_motion_controller' build argument 'catkin_cmake_args' from command line to 'None'
[0.412s] Level 5:colcon.colcon_core.verb:set package 'robot_motion_controller' build argument 'catkin_skip_building_tests' from command line to 'False'
[0.412s] DEBUG:colcon.colcon_core.verb:Building package 'robot_motion_controller' with the following arguments: {'ament_cmake_args': None, 'build_base': '/home/eecms/tut_ws/build/robot_motion_controller', 'catkin_cmake_args': None, 'catkin_skip_building_tests': False, 'cmake_args': None, 'cmake_clean_cache': False, 'cmake_clean_first': False, 'cmake_force_configure': False, 'cmake_target': None, 'cmake_target_skip_unavailable': False, 'install_base': '/home/eecms/tut_ws/install/robot_motion_controller', 'merge_install': False, 'path': '/home/eecms/tut_ws/src/robot_motion_controller', 'symlink_install': False, 'test_result_base': None}
[0.412s] INFO:colcon.colcon_core.executor:Executing jobs using 'parallel' executor
[0.413s] DEBUG:colcon.colcon_parallel_executor.executor.parallel:run_until_complete
[0.413s] INFO:colcon.colcon_ros.task.ament_cmake.build:Building ROS package in '/home/eecms/tut_ws/src/diff_drive_robot_gz_sim' with build type 'ament_cmake'
[0.413s] INFO:colcon.colcon_cmake.task.cmake.build:Building CMake package in '/home/eecms/tut_ws/src/diff_drive_robot_gz_sim'
[0.416s] INFO:colcon.colcon_core.plugin_system:Skipping extension 'colcon_core.shell.bat': Not used on non-Windows systems
[0.416s] INFO:colcon.colcon_core.shell:Skip shell extension 'powershell' for command environment: Not usable outside of PowerShell
[0.416s] DEBUG:colcon.colcon_core.shell:Skip shell extension 'dsv' for command environment
[0.420s] INFO:colcon.colcon_ros.task.ament_cmake.build:Building ROS package in '/home/eecms/tut_ws/src/robot_motion_controller' with build type 'ament_cmake'
[0.420s] INFO:colcon.colcon_cmake.task.cmake.build:Building CMake package in '/home/eecms/tut_ws/src/robot_motion_controller'
[0.420s] INFO:colcon.colcon_core.shell:Skip shell extension 'powershell' for command environment: Not usable outside of PowerShell
[0.420s] DEBUG:colcon.colcon_core.shell:Skip shell extension 'dsv' for command environment
[0.427s] DEBUG:colcon.colcon_core.event_handler.log_command:Invoking command in '/home/eecms/tut_ws/build/diff_drive_robot_gz_sim': CMAKE_PREFIX_PATH=/opt/ros/humble /usr/bin/cmake /home/eecms/tut_ws/src/diff_drive_robot_gz_sim -DCMAKE_INSTALL_PREFIX=/home/eecms/tut_ws/install/diff_drive_robot_gz_sim
[0.431s] DEBUG:colcon.colcon_core.event_handler.log_command:Invoking command in '/home/eecms/tut_ws/build/robot_motion_controller': CMAKE_PREFIX_PATH=/opt/ros/humble /usr/bin/cmake /home/eecms/tut_ws/src/robot_motion_controller -DCMAKE_INSTALL_PREFIX=/home/eecms/tut_ws/install/robot_motion_controller
[1.242s] DEBUG:colcon.colcon_core.event_handler.log_command:Invoked command in '/home/eecms/tut_ws/build/diff_drive_robot_gz_sim' returned '0': CMAKE_PREFIX_PATH=/opt/ros/humble /usr/bin/cmake /home/eecms/tut_ws/src/diff_drive_robot_gz_sim -DCMAKE_INSTALL_PREFIX=/home/eecms/tut_ws/install/diff_drive_robot_gz_sim
[1.243s] DEBUG:colcon.colcon_core.event_handler.log_command:Invoking command in '/home/eecms/tut_ws/build/diff_drive_robot_gz_sim': CMAKE_PREFIX_PATH=/opt/ros/humble /usr/bin/cmake --build /home/eecms/tut_ws/build/diff_drive_robot_gz_sim -- -j6 -l6
[1.280s] DEBUG:colcon.colcon_core.event_handler.log_command:Invoked command in '/home/eecms/tut_ws/build/diff_drive_robot_gz_sim' returned '0': CMAKE_PREFIX_PATH=/opt/ros/humble /usr/bin/cmake --build /home/eecms/tut_ws/build/diff_drive_robot_gz_sim -- -j6 -l6
[1.291s] DEBUG:colcon.colcon_core.event_handler.log_command:Invoking command in '/home/eecms/tut_ws/build/diff_drive_robot_gz_sim': CMAKE_PREFIX_PATH=/opt/ros/humble /usr/bin/cmake --install /home/eecms/tut_ws/build/diff_drive_robot_gz_sim
[1.302s] Level 1:colcon.colcon_core.environment:create_environment_scripts_only(diff_drive_robot_gz_sim)
[1.303s] DEBUG:colcon.colcon_core.event_handler.log_command:Invoked command in '/home/eecms/tut_ws/build/diff_drive_robot_gz_sim' returned '0': CMAKE_PREFIX_PATH=/opt/ros/humble /usr/bin/cmake --install /home/eecms/tut_ws/build/diff_drive_robot_gz_sim
[1.311s] Level 1:colcon.colcon_core.environment:checking '/home/eecms/tut_ws/install/diff_drive_robot_gz_sim' for CMake module files
[1.312s] Level 1:colcon.colcon_core.environment:checking '/home/eecms/tut_ws/install/diff_drive_robot_gz_sim' for CMake config files
[1.312s] Level 1:colcon.colcon_core.shell:create_environment_hook('diff_drive_robot_gz_sim', 'cmake_prefix_path')
[1.312s] INFO:colcon.colcon_core.shell:Creating environment hook '/home/eecms/tut_ws/install/diff_drive_robot_gz_sim/share/diff_drive_robot_gz_sim/hook/cmake_prefix_path.ps1'
[1.313s] INFO:colcon.colcon_core.shell:Creating environment descriptor '/home/eecms/tut_ws/install/diff_drive_robot_gz_sim/share/diff_drive_robot_gz_sim/hook/cmake_prefix_path.dsv'
[1.313s] INFO:colcon.colcon_core.shell:Creating environment hook '/home/eecms/tut_ws/install/diff_drive_robot_gz_sim/share/diff_drive_robot_gz_sim/hook/cmake_prefix_path.sh'
[1.314s] Level 1:colcon.colcon_core.environment:checking '/home/eecms/tut_ws/install/diff_drive_robot_gz_sim/bin'
[1.314s] Level 1:colcon.colcon_core.environment:checking '/home/eecms/tut_ws/install/diff_drive_robot_gz_sim/lib/pkgconfig/diff_drive_robot_gz_sim.pc'
[1.314s] Level 1:colcon.colcon_core.environment:checking '/home/eecms/tut_ws/install/diff_drive_robot_gz_sim/lib/python3.10/site-packages'
[1.315s] Level 1:colcon.colcon_core.environment:checking '/home/eecms/tut_ws/install/diff_drive_robot_gz_sim/bin'
[1.315s] INFO:colcon.colcon_core.shell:Creating package script '/home/eecms/tut_ws/install/diff_drive_robot_gz_sim/share/diff_drive_robot_gz_sim/package.ps1'
[1.316s] INFO:colcon.colcon_core.shell:Creating package descriptor '/home/eecms/tut_ws/install/diff_drive_robot_gz_sim/share/diff_drive_robot_gz_sim/package.dsv'
[1.316s] INFO:colcon.colcon_core.shell:Creating package script '/home/eecms/tut_ws/install/diff_drive_robot_gz_sim/share/diff_drive_robot_gz_sim/package.sh'
[1.317s] INFO:colcon.colcon_core.shell:Creating package script '/home/eecms/tut_ws/install/diff_drive_robot_gz_sim/share/diff_drive_robot_gz_sim/package.bash'
[1.318s] INFO:colcon.colcon_core.shell:Creating package script '/home/eecms/tut_ws/install/diff_drive_robot_gz_sim/share/diff_drive_robot_gz_sim/package.zsh'
[1.318s] Level 1:colcon.colcon_core.environment:create_file_with_runtime_dependencies(/home/eecms/tut_ws/install/diff_drive_robot_gz_sim/share/colcon-core/packages/diff_drive_robot_gz_sim)
[1.319s] Level 1:colcon.colcon_core.environment:create_environment_scripts_only(diff_drive_robot_gz_sim)
[1.319s] Level 1:colcon.colcon_core.environment:checking '/home/eecms/tut_ws/install/diff_drive_robot_gz_sim' for CMake module files
[1.320s] Level 1:colcon.colcon_core.environment:checking '/home/eecms/tut_ws/install/diff_drive_robot_gz_sim' for CMake config files
[1.320s] Level 1:colcon.colcon_core.shell:create_environment_hook('diff_drive_robot_gz_sim', 'cmake_prefix_path')
[1.320s] INFO:colcon.colcon_core.shell:Creating environment hook '/home/eecms/tut_ws/install/diff_drive_robot_gz_sim/share/diff_drive_robot_gz_sim/hook/cmake_prefix_path.ps1'
[1.320s] INFO:colcon.colcon_core.shell:Creating environment descriptor '/home/eecms/tut_ws/install/diff_drive_robot_gz_sim/share/diff_drive_robot_gz_sim/hook/cmake_prefix_path.dsv'
[1.321s] INFO:colcon.colcon_core.shell:Creating environment hook '/home/eecms/tut_ws/install/diff_drive_robot_gz_sim/share/diff_drive_robot_gz_sim/hook/cmake_prefix_path.sh'
[1.321s] Level 1:colcon.colcon_core.environment:checking '/home/eecms/tut_ws/install/diff_drive_robot_gz_sim/bin'
[1.321s] Level 1:colcon.colcon_core.environment:checking '/home/eecms/tut_ws/install/diff_drive_robot_gz_sim/lib/pkgconfig/diff_drive_robot_gz_sim.pc'
[1.321s] Level 1:colcon.colcon_core.environment:checking '/home/eecms/tut_ws/install/diff_drive_robot_gz_sim/lib/python3.10/site-packages'
[1.322s] Level 1:colcon.colcon_core.environment:checking '/home/eecms/tut_ws/install/diff_drive_robot_gz_sim/bin'
[1.322s] INFO:colcon.colcon_core.shell:Creating package script '/home/eecms/tut_ws/install/diff_drive_robot_gz_sim/share/diff_drive_robot_gz_sim/package.ps1'
[1.322s] INFO:colcon.colcon_core.shell:Creating package descriptor '/home/eecms/tut_ws/install/diff_drive_robot_gz_sim/share/diff_drive_robot_gz_sim/package.dsv'
[1.326s] INFO:colcon.colcon_core.shell:Creating package script '/home/eecms/tut_ws/install/diff_drive_robot_gz_sim/share/diff_drive_robot_gz_sim/package.sh'
[1.327s] INFO:colcon.colcon_core.shell:Creating package script '/home/eecms/tut_ws/install/diff_drive_robot_gz_sim/share/diff_drive_robot_gz_sim/package.bash'
[1.327s] INFO:colcon.colcon_core.shell:Creating package script '/home/eecms/tut_ws/install/diff_drive_robot_gz_sim/share/diff_drive_robot_gz_sim/package.zsh'
[1.327s] Level 1:colcon.colcon_core.environment:create_file_with_runtime_dependencies(/home/eecms/tut_ws/install/diff_drive_robot_gz_sim/share/colcon-core/packages/diff_drive_robot_gz_sim)
[2.441s] DEBUG:colcon.colcon_core.event_handler.log_command:Invoked command in '/home/eecms/tut_ws/build/robot_motion_controller' returned '0': CMAKE_PREFIX_PATH=/opt/ros/humble /usr/bin/cmake /home/eecms/tut_ws/src/robot_motion_controller -DCMAKE_INSTALL_PREFIX=/home/eecms/tut_ws/install/robot_motion_controller
[2.441s] DEBUG:colcon.colcon_core.event_handler.log_command:Invoking command in '/home/eecms/tut_ws/build/robot_motion_controller': CMAKE_PREFIX_PATH=/opt/ros/humble /usr/bin/cmake --build /home/eecms/tut_ws/build/robot_motion_controller -- -j6 -l6
[12.727s] DEBUG:colcon.colcon_core.event_handler.log_command:Invoked command in '/home/eecms/tut_ws/build/robot_motion_controller' returned '0': CMAKE_PREFIX_PATH=/opt/ros/humble /usr/bin/cmake --build /home/eecms/tut_ws/build/robot_motion_controller -- -j6 -l6
[12.728s] DEBUG:colcon.colcon_core.event_handler.log_command:Invoking command in '/home/eecms/tut_ws/build/robot_motion_controller': CMAKE_PREFIX_PATH=/opt/ros/humble /usr/bin/cmake --install /home/eecms/tut_ws/build/robot_motion_controller
[12.743s] Level 1:colcon.colcon_core.environment:create_environment_scripts_only(robot_motion_controller)
[12.743s] Level 1:colcon.colcon_core.environment:checking '/home/eecms/tut_ws/install/robot_motion_controller' for CMake module files
[12.744s] DEBUG:colcon.colcon_core.event_handler.log_command:Invoked command in '/home/eecms/tut_ws/build/robot_motion_controller' returned '0': CMAKE_PREFIX_PATH=/opt/ros/humble /usr/bin/cmake --install /home/eecms/tut_ws/build/robot_motion_controller
[12.744s] Level 1:colcon.colcon_core.environment:checking '/home/eecms/tut_ws/install/robot_motion_controller' for CMake config files
[12.744s] Level 1:colcon.colcon_core.shell:create_environment_hook('robot_motion_controller', 'cmake_prefix_path')
[12.744s] INFO:colcon.colcon_core.shell:Creating environment hook '/home/eecms/tut_ws/install/robot_motion_controller/share/robot_motion_controller/hook/cmake_prefix_path.ps1'
[12.745s] INFO:colcon.colcon_core.shell:Creating environment descriptor '/home/eecms/tut_ws/install/robot_motion_controller/share/robot_motion_controller/hook/cmake_prefix_path.dsv'
[12.745s] INFO:colcon.colcon_core.shell:Creating environment hook '/home/eecms/tut_ws/install/robot_motion_controller/share/robot_motion_controller/hook/cmake_prefix_path.sh'
[12.746s] Level 1:colcon.colcon_core.environment:checking '/home/eecms/tut_ws/install/robot_motion_controller/lib'
[12.746s] Level 1:colcon.colcon_core.environment:checking '/home/eecms/tut_ws/install/robot_motion_controller/bin'
[12.746s] Level 1:colcon.colcon_core.environment:checking '/home/eecms/tut_ws/install/robot_motion_controller/lib/pkgconfig/robot_motion_controller.pc'
[12.746s] Level 1:colcon.colcon_core.environment:checking '/home/eecms/tut_ws/install/robot_motion_controller/lib/python3.10/site-packages'
[12.747s] Level 1:colcon.colcon_core.environment:checking '/home/eecms/tut_ws/install/robot_motion_controller/bin'
[12.747s] INFO:colcon.colcon_core.shell:Creating package script '/home/eecms/tut_ws/install/robot_motion_controller/share/robot_motion_controller/package.ps1'
[12.747s] INFO:colcon.colcon_core.shell:Creating package descriptor '/home/eecms/tut_ws/install/robot_motion_controller/share/robot_motion_controller/package.dsv'
[12.748s] INFO:colcon.colcon_core.shell:Creating package script '/home/eecms/tut_ws/install/robot_motion_controller/share/robot_motion_controller/package.sh'
[12.748s] INFO:colcon.colcon_core.shell:Creating package script '/home/eecms/tut_ws/install/robot_motion_controller/share/robot_motion_controller/package.bash'
[12.748s] INFO:colcon.colcon_core.shell:Creating package script '/home/eecms/tut_ws/install/robot_motion_controller/share/robot_motion_controller/package.zsh'
[12.748s] Level 1:colcon.colcon_core.environment:create_file_with_runtime_dependencies(/home/eecms/tut_ws/install/robot_motion_controller/share/colcon-core/packages/robot_motion_controller)
[12.749s] Level 1:colcon.colcon_core.environment:create_environment_scripts_only(robot_motion_controller)
[12.749s] Level 1:colcon.colcon_core.environment:checking '/home/eecms/tut_ws/install/robot_motion_controller' for CMake module files
[12.750s] Level 1:colcon.colcon_core.environment:checking '/home/eecms/tut_ws/install/robot_motion_controller' for CMake config files
[12.750s] Level 1:colcon.colcon_core.shell:create_environment_hook('robot_motion_controller', 'cmake_prefix_path')
[12.750s] INFO:colcon.colcon_core.shell:Creating environment hook '/home/eecms/tut_ws/install/robot_motion_controller/share/robot_motion_controller/hook/cmake_prefix_path.ps1'
[12.750s] INFO:colcon.colcon_core.shell:Creating environment descriptor '/home/eecms/tut_ws/install/robot_motion_controller/share/robot_motion_controller/hook/cmake_prefix_path.dsv'
[12.751s] INFO:colcon.colcon_core.shell:Creating environment hook '/home/eecms/tut_ws/install/robot_motion_controller/share/robot_motion_controller/hook/cmake_prefix_path.sh'
[12.751s] Level 1:colcon.colcon_core.environment:checking '/home/eecms/tut_ws/install/robot_motion_controller/lib'
[12.751s] Level 1:colcon.colcon_core.environment:checking '/home/eecms/tut_ws/install/robot_motion_controller/bin'
[12.751s] Level 1:colcon.colcon_core.environment:checking '/home/eecms/tut_ws/install/robot_motion_controller/lib/pkgconfig/robot_motion_controller.pc'
[12.751s] Level 1:colcon.colcon_core.environment:checking '/home/eecms/tut_ws/install/robot_motion_controller/lib/python3.10/site-packages'
[12.751s] Level 1:colcon.colcon_core.environment:checking '/home/eecms/tut_ws/install/robot_motion_controller/bin'
[12.752s] INFO:colcon.colcon_core.shell:Creating package script '/home/eecms/tut_ws/install/robot_motion_controller/share/robot_motion_controller/package.ps1'
[12.752s] INFO:colcon.colcon_core.shell:Creating package descriptor '/home/eecms/tut_ws/install/robot_motion_controller/share/robot_motion_controller/package.dsv'
[12.752s] INFO:colcon.colcon_core.shell:Creating package script '/home/eecms/tut_ws/install/robot_motion_controller/share/robot_motion_controller/package.sh'
[12.753s] INFO:colcon.colcon_core.shell:Creating package script '/home/eecms/tut_ws/install/robot_motion_controller/share/robot_motion_controller/package.bash'
[12.753s] INFO:colcon.colcon_core.shell:Creating package script '/home/eecms/tut_ws/install/robot_motion_controller/share/robot_motion_controller/package.zsh'
[12.753s] Level 1:colcon.colcon_core.environment:create_file_with_runtime_dependencies(/home/eecms/tut_ws/install/robot_motion_controller/share/colcon-core/packages/robot_motion_controller)
[12.754s] DEBUG:colcon.colcon_parallel_executor.executor.parallel:closing loop
[12.754s] DEBUG:colcon.colcon_parallel_executor.executor.parallel:loop closed
[12.754s] DEBUG:colcon.colcon_parallel_executor.executor.parallel:run_until_complete finished with '0'
[12.754s] DEBUG:colcon.colcon_core.event_reactor:joining thread
[12.763s] INFO:colcon.colcon_core.plugin_system:Skipping extension 'colcon_notification.desktop_notification.terminal_notifier': Not used on non-Darwin systems
[12.763s] INFO:colcon.colcon_core.plugin_system:Skipping extension 'colcon_notification.desktop_notification.win32': Not used on non-Windows systems
[12.763s] INFO:colcon.colcon_notification.desktop_notification:Sending desktop notification using 'notify2'
[12.780s] DEBUG:colcon.colcon_core.event_reactor:joined thread
[12.780s] INFO:colcon.colcon_core.shell:Creating prefix script '/home/eecms/tut_ws/install/local_setup.ps1'
[12.781s] INFO:colcon.colcon_core.shell:Creating prefix util module '/home/eecms/tut_ws/install/_local_setup_util_ps1.py'
[12.782s] INFO:colcon.colcon_core.shell:Creating prefix chain script '/home/eecms/tut_ws/install/setup.ps1'
[12.783s] INFO:colcon.colcon_core.shell:Creating prefix script '/home/eecms/tut_ws/install/local_setup.sh'
[12.784s] INFO:colcon.colcon_core.shell:Creating prefix util module '/home/eecms/tut_ws/install/_local_setup_util_sh.py'
[12.784s] INFO:colcon.colcon_core.shell:Creating prefix chain script '/home/eecms/tut_ws/install/setup.sh'
[12.785s] INFO:colcon.colcon_core.shell:Creating prefix script '/home/eecms/tut_ws/install/local_setup.bash'
[12.786s] INFO:colcon.colcon_core.shell:Creating prefix chain script '/home/eecms/tut_ws/install/setup.bash'
[12.787s] INFO:colcon.colcon_core.shell:Creating prefix script '/home/eecms/tut_ws/install/local_setup.zsh'
[12.787s] INFO:colcon.colcon_core.shell:Creating prefix chain script '/home/eecms/tut_ws/install/setup.zsh'
