[0.013s] Invoking command in '/home/eecms/tut_ws/build/diff_drive_robot_gz_sim': CMAKE_PREFIX_PATH=/opt/ros/humble /usr/bin/cmake /home/eecms/tut_ws/src/diff_drive_robot_gz_sim -DCMAKE_INSTALL_PREFIX=/home/eecms/tut_ws/install/diff_drive_robot_gz_sim
[0.099s] -- The C compiler identification is GNU 12.3.0
[0.159s] -- The CXX compiler identification is GNU 12.3.0
[0.166s] -- Detecting C compiler ABI info
[0.244s] -- Detecting C compiler ABI info - done
[0.250s] -- Check for working C compiler: /usr/bin/cc - skipped
[0.251s] -- Detecting C compile features
[0.251s] -- Detecting C compile features - done
[0.254s] -- Detecting CXX compiler ABI info
[0.334s] -- Detecting CXX compiler ABI info - done
[0.343s] -- Check for working CXX compiler: /usr/bin/c++ - skipped
[0.343s] -- Detecting CXX compile features
[0.343s] -- Detecting CXX compile features - done
[0.351s] -- Found ament_cmake: 1.3.12 (/opt/ros/humble/share/ament_cmake/cmake)
[0.524s] -- Found Python3: /usr/bin/python3 (found version "3.10.12") found components: Interpreter 
[0.671s] -- Found ament_lint_auto: 0.12.14 (/opt/ros/humble/share/ament_lint_auto/cmake)
[0.810s] -- Added test 'flake8' to check Python code syntax and style conventions
[0.813s] -- Added test 'lint_cmake' to check CMake code style
[0.814s] -- Added test 'pep257' to check Python code against some of the docstring style conventions in PEP 257
[0.817s] -- Added test 'xmllint' to check XML markup files
[0.818s] -- Configuring done
[0.820s] -- Generating done
[0.822s] -- Build files have been written to: /home/eecms/tut_ws/build/diff_drive_robot_gz_sim
[0.829s] Invoked command in '/home/eecms/tut_ws/build/diff_drive_robot_gz_sim' returned '0': CMAKE_PREFIX_PATH=/opt/ros/humble /usr/bin/cmake /home/eecms/tut_ws/src/diff_drive_robot_gz_sim -DCMAKE_INSTALL_PREFIX=/home/eecms/tut_ws/install/diff_drive_robot_gz_sim
[0.829s] Invoking command in '/home/eecms/tut_ws/build/diff_drive_robot_gz_sim': CMAKE_PREFIX_PATH=/opt/ros/humble /usr/bin/cmake --build /home/eecms/tut_ws/build/diff_drive_robot_gz_sim -- -j6 -l6
[0.866s] Invoked command in '/home/eecms/tut_ws/build/diff_drive_robot_gz_sim' returned '0': CMAKE_PREFIX_PATH=/opt/ros/humble /usr/bin/cmake --build /home/eecms/tut_ws/build/diff_drive_robot_gz_sim -- -j6 -l6
[0.877s] Invoking command in '/home/eecms/tut_ws/build/diff_drive_robot_gz_sim': CMAKE_PREFIX_PATH=/opt/ros/humble /usr/bin/cmake --install /home/eecms/tut_ws/build/diff_drive_robot_gz_sim
[0.884s] -- Install configuration: ""
[0.884s] -- Installing: /home/eecms/tut_ws/install/diff_drive_robot_gz_sim/share/diff_drive_robot_gz_sim//launch
[0.884s] -- Installing: /home/eecms/tut_ws/install/diff_drive_robot_gz_sim/share/diff_drive_robot_gz_sim//launch/MRobot_sensor.launch.py
[0.884s] -- Installing: /home/eecms/tut_ws/install/diff_drive_robot_gz_sim/share/diff_drive_robot_gz_sim//launch/ros_gz_bridge.launch.py
[0.884s] -- Installing: /home/eecms/tut_ws/install/diff_drive_robot_gz_sim/share/diff_drive_robot_gz_sim//launch/MRobot_base.launch.py
[0.884s] -- Installing: /home/eecms/tut_ws/install/diff_drive_robot_gz_sim/share/diff_drive_robot_gz_sim//launch/MRobot_control.launch.py
[0.885s] -- Installing: /home/eecms/tut_ws/install/diff_drive_robot_gz_sim/share/diff_drive_robot_gz_sim//config
[0.885s] -- Installing: /home/eecms/tut_ws/install/diff_drive_robot_gz_sim/share/diff_drive_robot_gz_sim//config/mobile_base_control.yaml
[0.885s] -- Installing: /home/eecms/tut_ws/install/diff_drive_robot_gz_sim/share/diff_drive_robot_gz_sim//urdf
[0.885s] -- Installing: /home/eecms/tut_ws/install/diff_drive_robot_gz_sim/share/diff_drive_robot_gz_sim//urdf/ICTE4001_MRobot_sensor.urdf.xacro
[0.885s] -- Installing: /home/eecms/tut_ws/install/diff_drive_robot_gz_sim/share/diff_drive_robot_gz_sim//urdf/ICTE4001_MRobot_base.urdf.xacro
[0.885s] -- Installing: /home/eecms/tut_ws/install/diff_drive_robot_gz_sim/share/diff_drive_robot_gz_sim//urdf/ICTE4001_MRobot_control.urdf.xacro
[0.885s] -- Installing: /home/eecms/tut_ws/install/diff_drive_robot_gz_sim/share/diff_drive_robot_gz_sim//rviz
[0.885s] -- Installing: /home/eecms/tut_ws/install/diff_drive_robot_gz_sim/share/diff_drive_robot_gz_sim//rviz/view_robot.rviz
[0.885s] -- Installing: /home/eecms/tut_ws/install/diff_drive_robot_gz_sim/share/diff_drive_robot_gz_sim//rviz/view_robot_sensor.rviz
[0.885s] -- Installing: /home/eecms/tut_ws/install/diff_drive_robot_gz_sim/share/ament_index/resource_index/package_run_dependencies/diff_drive_robot_gz_sim
[0.885s] -- Installing: /home/eecms/tut_ws/install/diff_drive_robot_gz_sim/share/ament_index/resource_index/parent_prefix_path/diff_drive_robot_gz_sim
[0.885s] -- Installing: /home/eecms/tut_ws/install/diff_drive_robot_gz_sim/share/diff_drive_robot_gz_sim/environment/ament_prefix_path.sh
[0.886s] -- Installing: /home/eecms/tut_ws/install/diff_drive_robot_gz_sim/share/diff_drive_robot_gz_sim/environment/ament_prefix_path.dsv
[0.886s] -- Installing: /home/eecms/tut_ws/install/diff_drive_robot_gz_sim/share/diff_drive_robot_gz_sim/environment/path.sh
[0.886s] -- Installing: /home/eecms/tut_ws/install/diff_drive_robot_gz_sim/share/diff_drive_robot_gz_sim/environment/path.dsv
[0.886s] -- Installing: /home/eecms/tut_ws/install/diff_drive_robot_gz_sim/share/diff_drive_robot_gz_sim/local_setup.bash
[0.886s] -- Installing: /home/eecms/tut_ws/install/diff_drive_robot_gz_sim/share/diff_drive_robot_gz_sim/local_setup.sh
[0.886s] -- Installing: /home/eecms/tut_ws/install/diff_drive_robot_gz_sim/share/diff_drive_robot_gz_sim/local_setup.zsh
[0.886s] -- Installing: /home/eecms/tut_ws/install/diff_drive_robot_gz_sim/share/diff_drive_robot_gz_sim/local_setup.dsv
[0.886s] -- Installing: /home/eecms/tut_ws/install/diff_drive_robot_gz_sim/share/diff_drive_robot_gz_sim/package.dsv
[0.886s] -- Installing: /home/eecms/tut_ws/install/diff_drive_robot_gz_sim/share/ament_index/resource_index/packages/diff_drive_robot_gz_sim
[0.887s] -- Installing: /home/eecms/tut_ws/install/diff_drive_robot_gz_sim/share/diff_drive_robot_gz_sim/cmake/diff_drive_robot_gz_simConfig.cmake
[0.887s] -- Installing: /home/eecms/tut_ws/install/diff_drive_robot_gz_sim/share/diff_drive_robot_gz_sim/cmake/diff_drive_robot_gz_simConfig-version.cmake
[0.887s] -- Installing: /home/eecms/tut_ws/install/diff_drive_robot_gz_sim/share/diff_drive_robot_gz_sim/package.xml
[0.889s] Invoked command in '/home/eecms/tut_ws/build/diff_drive_robot_gz_sim' returned '0': CMAKE_PREFIX_PATH=/opt/ros/humble /usr/bin/cmake --install /home/eecms/tut_ws/build/diff_drive_robot_gz_sim
