[0.011s] Invoking command in '/home/eecms/tut_ws/build/robot_motion_controller': CMAKE_PREFIX_PATH=${CMAKE_PREFIX_PATH}:/opt/ros/humble /usr/bin/cmake --build /home/eecms/tut_ws/build/robot_motion_controller -- -j6 -l6
[0.050s] [35m[1mConsolidate compiler generated dependencies of target wall_follower[0m
[0.066s] [ 50%] Built target person_follower
[0.066s] [ 75%] [32mBuilding CXX object CMakeFiles/wall_follower.dir/src/wall_follower.cpp.o[0m
[9.211s] [100%] [32m[1mLinking CXX executable wall_follower[0m
[9.624s] [100%] Built target wall_follower
[9.637s] Invoked command in '/home/eecms/tut_ws/build/robot_motion_controller' returned '0': CMAKE_PREFIX_PATH=${CMAKE_PREFIX_PATH}:/opt/ros/humble /usr/bin/cmake --build /home/eecms/tut_ws/build/robot_motion_controller -- -j6 -l6
[9.647s] Invoking command in '/home/eecms/tut_ws/build/robot_motion_controller': CMAKE_PREFIX_PATH=${CMAKE_PREFIX_PATH}:/opt/ros/humble /usr/bin/cmake --install /home/eecms/tut_ws/build/robot_motion_controller
[9.654s] -- Install configuration: ""
[9.654s] -- Up-to-date: /home/eecms/tut_ws/install/robot_motion_controller/lib/robot_motion_controller/person_follower
[9.654s] -- Installing: /home/eecms/tut_ws/install/robot_motion_controller/lib/robot_motion_controller/wall_follower
[9.657s] -- Set runtime path of "/home/eecms/tut_ws/install/robot_motion_controller/lib/robot_motion_controller/wall_follower" to ""
[9.657s] -- Up-to-date: /home/eecms/tut_ws/install/robot_motion_controller/lib/robot_motion_controller/person_follower
[9.658s] -- Up-to-date: /home/eecms/tut_ws/install/robot_motion_controller/share/ament_index/resource_index/package_run_dependencies/robot_motion_controller
[9.658s] -- Up-to-date: /home/eecms/tut_ws/install/robot_motion_controller/share/ament_index/resource_index/parent_prefix_path/robot_motion_controller
[9.658s] -- Up-to-date: /home/eecms/tut_ws/install/robot_motion_controller/share/robot_motion_controller/environment/ament_prefix_path.sh
[9.658s] -- Up-to-date: /home/eecms/tut_ws/install/robot_motion_controller/share/robot_motion_controller/environment/ament_prefix_path.dsv
[9.658s] -- Up-to-date: /home/eecms/tut_ws/install/robot_motion_controller/share/robot_motion_controller/environment/path.sh
[9.658s] -- Up-to-date: /home/eecms/tut_ws/install/robot_motion_controller/share/robot_motion_controller/environment/path.dsv
[9.658s] -- Up-to-date: /home/eecms/tut_ws/install/robot_motion_controller/share/robot_motion_controller/local_setup.bash
[9.658s] -- Up-to-date: /home/eecms/tut_ws/install/robot_motion_controller/share/robot_motion_controller/local_setup.sh
[9.658s] -- Up-to-date: /home/eecms/tut_ws/install/robot_motion_controller/share/robot_motion_controller/local_setup.zsh
[9.658s] -- Up-to-date: /home/eecms/tut_ws/install/robot_motion_controller/share/robot_motion_controller/local_setup.dsv
[9.659s] -- Installing: /home/eecms/tut_ws/install/robot_motion_controller/share/robot_motion_controller/package.dsv
[9.659s] -- Up-to-date: /home/eecms/tut_ws/install/robot_motion_controller/share/ament_index/resource_index/packages/robot_motion_controller
[9.659s] -- Up-to-date: /home/eecms/tut_ws/install/robot_motion_controller/share/robot_motion_controller/cmake/robot_motion_controllerConfig.cmake
[9.659s] -- Up-to-date: /home/eecms/tut_ws/install/robot_motion_controller/share/robot_motion_controller/cmake/robot_motion_controllerConfig-version.cmake
[9.659s] -- Up-to-date: /home/eecms/tut_ws/install/robot_motion_controller/share/robot_motion_controller/package.xml
[9.661s] Invoked command in '/home/eecms/tut_ws/build/robot_motion_controller' returned '0': CMAKE_PREFIX_PATH=${CMAKE_PREFIX_PATH}:/opt/ros/humble /usr/bin/cmake --install /home/eecms/tut_ws/build/robot_motion_controller
