[0.044s] Invoking command in '/home/robotai/tut_ws/build/robot_motion_controller': CMAKE_PREFIX_PATH=/opt/ros/humble /usr/bin/cmake --build /home/robotai/tut_ws/build/robot_motion_controller -- -j6 -l6
[0.102s] [35m[1mConsolidate compiler generated dependencies of target person_follower[0m
[0.119s] [35m[1mConsolidate compiler generated dependencies of target wall_follower[0m
[0.129s] [ 50%] Built target person_follower
[0.134s] [100%] Built target wall_follower
[0.197s] Invoked command in '/home/robotai/tut_ws/build/robot_motion_controller' returned '0': CMAKE_PREFIX_PATH=/opt/ros/humble /usr/bin/cmake --build /home/robotai/tut_ws/build/robot_motion_controller -- -j6 -l6
[0.202s] Invoking command in '/home/robotai/tut_ws/build/robot_motion_controller': CMAKE_PREFIX_PATH=/opt/ros/humble /usr/bin/cmake --install /home/robotai/tut_ws/build/robot_motion_controller
[0.212s] -- Install configuration: ""
[0.239s] -- Installing: /home/robotai/tut_ws/install/robot_motion_controller/lib/robot_motion_controller/person_follower
[0.244s] -- Set runtime path of "/home/robotai/tut_ws/install/robot_motion_controller/lib/robot_motion_controller/person_follower" to ""
[0.254s] -- Installing: /home/robotai/tut_ws/install/robot_motion_controller/lib/robot_motion_controller/wall_follower
[0.265s] -- Set runtime path of "/home/robotai/tut_ws/install/robot_motion_controller/lib/robot_motion_controller/wall_follower" to ""
[0.265s] -- Up-to-date: /home/robotai/tut_ws/install/robot_motion_controller/share/ament_index/resource_index/package_run_dependencies/robot_motion_controller
[0.265s] -- Up-to-date: /home/robotai/tut_ws/install/robot_motion_controller/share/ament_index/resource_index/parent_prefix_path/robot_motion_controller
[0.265s] -- Installing: /home/robotai/tut_ws/install/robot_motion_controller/share/robot_motion_controller/environment/ament_prefix_path.sh
[0.265s] -- Installing: /home/robotai/tut_ws/install/robot_motion_controller/share/robot_motion_controller/environment/ament_prefix_path.dsv
[0.265s] -- Installing: /home/robotai/tut_ws/install/robot_motion_controller/share/robot_motion_controller/environment/path.sh
[0.265s] -- Installing: /home/robotai/tut_ws/install/robot_motion_controller/share/robot_motion_controller/environment/path.dsv
[0.265s] -- Up-to-date: /home/robotai/tut_ws/install/robot_motion_controller/share/robot_motion_controller/local_setup.bash
[0.266s] -- Up-to-date: /home/robotai/tut_ws/install/robot_motion_controller/share/robot_motion_controller/local_setup.sh
[0.267s] -- Up-to-date: /home/robotai/tut_ws/install/robot_motion_controller/share/robot_motion_controller/local_setup.zsh
[0.267s] -- Installing: /home/robotai/tut_ws/install/robot_motion_controller/share/robot_motion_controller/local_setup.dsv
[0.267s] -- Installing: /home/robotai/tut_ws/install/robot_motion_controller/share/robot_motion_controller/package.dsv
[0.267s] -- Up-to-date: /home/robotai/tut_ws/install/robot_motion_controller/share/ament_index/resource_index/packages/robot_motion_controller
[0.267s] -- Up-to-date: /home/robotai/tut_ws/install/robot_motion_controller/share/robot_motion_controller/cmake/robot_motion_controllerConfig.cmake
[0.267s] -- Up-to-date: /home/robotai/tut_ws/install/robot_motion_controller/share/robot_motion_controller/cmake/robot_motion_controllerConfig-version.cmake
[0.267s] -- Up-to-date: /home/robotai/tut_ws/install/robot_motion_controller/share/robot_motion_controller/package.xml
[0.279s] Invoked command in '/home/robotai/tut_ws/build/robot_motion_controller' returned '0': CMAKE_PREFIX_PATH=/opt/ros/humble /usr/bin/cmake --install /home/robotai/tut_ws/build/robot_motion_controller
