[0.561s] DEBUG:colcon:Command line arguments: ['/usr/bin/colcon', 'build']
[0.561s] DEBUG:colcon:Parsed command line arguments: Namespace(log_base=None, log_level=None, verb_name='build', build_base='build', install_base='install', merge_install=False, symlink_install=False, test_result_base=None, continue_on_error=False, executor='parallel', parallel_workers=6, event_handlers=None, ignore_user_meta=False, metas=['./colcon.meta'], base_paths=['.'], packages_ignore=None, packages_ignore_regex=None, paths=None, packages_up_to=None, packages_up_to_regex=None, packages_above=None, packages_above_and_dependencies=None, packages_above_depth=None, packages_select_by_dep=None, packages_skip_by_dep=None, packages_skip_up_to=None, packages_select_build_failed=False, packages_skip_build_finished=False, packages_select_test_failures=False, packages_skip_test_passed=False, packages_select=None, packages_skip=None, packages_select_regex=None, packages_skip_regex=None, packages_start=None, packages_end=None, allow_overriding=[], cmake_args=None, cmake_target=None, cmake_target_skip_unavailable=False, cmake_clean_cache=False, cmake_clean_first=False, cmake_force_configure=False, ament_cmake_args=None, catkin_cmake_args=None, catkin_skip_building_tests=False, mixin_files=None, mixin=None, verb_parser=<colcon_mixin.mixin.mixin_argument.MixinArgumentDecorator object at 0x74e943855d80>, verb_extension=<colcon_core.verb.build.BuildVerb object at 0x74e943855750>, main=<bound method BuildVerb.main of <colcon_core.verb.build.BuildVerb object at 0x74e943855750>>, mixin_verb=('build',))
[2.118s] Level 1:colcon.colcon_core.package_discovery:discover_packages(colcon_meta) check parameters
[2.118s] Level 1:colcon.colcon_core.package_discovery:discover_packages(recursive) check parameters
[2.118s] Level 1:colcon.colcon_core.package_discovery:discover_packages(ignore) check parameters
[2.118s] Level 1:colcon.colcon_core.package_discovery:discover_packages(path) check parameters
[2.118s] Level 1:colcon.colcon_core.package_discovery:discover_packages(colcon_meta) discover
[2.118s] Level 1:colcon.colcon_core.package_discovery:discover_packages(recursive) discover
[2.118s] INFO:colcon.colcon_core.package_discovery:Crawling recursively for packages in '/home/eecms/tut_ws'
[2.118s] Level 1:colcon.colcon_core.package_identification:_identify(.) by extensions ['ignore', 'ignore_ament_install']
[2.119s] Level 1:colcon.colcon_core.package_identification:_identify(.) by extension 'ignore'
[2.119s] Level 1:colcon.colcon_core.package_identification:_identify(.) by extension 'ignore_ament_install'
[2.119s] Level 1:colcon.colcon_core.package_identification:_identify(.) by extensions ['colcon_pkg']
[2.119s] Level 1:colcon.colcon_core.package_identification:_identify(.) by extension 'colcon_pkg'
[2.119s] Level 1:colcon.colcon_core.package_identification:_identify(.) by extensions ['colcon_meta']
[2.119s] Level 1:colcon.colcon_core.package_identification:_identify(.) by extension 'colcon_meta'
[2.119s] Level 1:colcon.colcon_core.package_identification:_identify(.) by extensions ['ros']
[2.119s] Level 1:colcon.colcon_core.package_identification:_identify(.) by extension 'ros'
[2.132s] Level 1:colcon.colcon_core.package_identification:_identify(.) by extensions ['cmake', 'python']
[2.132s] Level 1:colcon.colcon_core.package_identification:_identify(.) by extension 'cmake'
[2.132s] Level 1:colcon.colcon_core.package_identification:_identify(.) by extension 'python'
[2.132s] Level 1:colcon.colcon_core.package_identification:_identify(.) by extensions ['python_setup_py']
[2.133s] Level 1:colcon.colcon_core.package_identification:_identify(.) by extension 'python_setup_py'
[2.133s] Level 1:colcon.colcon_core.package_identification:_identify(build) by extensions ['ignore', 'ignore_ament_install']
[2.133s] Level 1:colcon.colcon_core.package_identification:_identify(build) by extension 'ignore'
[2.133s] Level 1:colcon.colcon_core.package_identification:_identify(build) ignored
[2.133s] Level 1:colcon.colcon_core.package_identification:_identify(install) by extensions ['ignore', 'ignore_ament_install']
[2.133s] Level 1:colcon.colcon_core.package_identification:_identify(install) by extension 'ignore'
[2.133s] Level 1:colcon.colcon_core.package_identification:_identify(install) ignored
[2.133s] Level 1:colcon.colcon_core.package_identification:_identify(log) by extensions ['ignore', 'ignore_ament_install']
[2.133s] Level 1:colcon.colcon_core.package_identification:_identify(log) by extension 'ignore'
[2.133s] Level 1:colcon.colcon_core.package_identification:_identify(log) ignored
[2.133s] Level 1:colcon.colcon_core.package_identification:_identify(src) by extensions ['ignore', 'ignore_ament_install']
[2.133s] Level 1:colcon.colcon_core.package_identification:_identify(src) by extension 'ignore'
[2.133s] Level 1:colcon.colcon_core.package_identification:_identify(src) by extension 'ignore_ament_install'
[2.133s] Level 1:colcon.colcon_core.package_identification:_identify(src) by extensions ['colcon_pkg']
[2.133s] Level 1:colcon.colcon_core.package_identification:_identify(src) by extension 'colcon_pkg'
[2.133s] Level 1:colcon.colcon_core.package_identification:_identify(src) by extensions ['colcon_meta']
[2.134s] Level 1:colcon.colcon_core.package_identification:_identify(src) by extension 'colcon_meta'
[2.134s] Level 1:colcon.colcon_core.package_identification:_identify(src) by extensions ['ros']
[2.134s] Level 1:colcon.colcon_core.package_identification:_identify(src) by extension 'ros'
[2.134s] Level 1:colcon.colcon_core.package_identification:_identify(src) by extensions ['cmake', 'python']
[2.134s] Level 1:colcon.colcon_core.package_identification:_identify(src) by extension 'cmake'
[2.134s] Level 1:colcon.colcon_core.package_identification:_identify(src) by extension 'python'
[2.134s] Level 1:colcon.colcon_core.package_identification:_identify(src) by extensions ['python_setup_py']
[2.134s] Level 1:colcon.colcon_core.package_identification:_identify(src) by extension 'python_setup_py'
[2.134s] Level 1:colcon.colcon_core.package_identification:_identify(src/diff_drive_robot_gz_sim) by extensions ['ignore', 'ignore_ament_install']
[2.134s] Level 1:colcon.colcon_core.package_identification:_identify(src/diff_drive_robot_gz_sim) by extension 'ignore'
[2.134s] Level 1:colcon.colcon_core.package_identification:_identify(src/diff_drive_robot_gz_sim) by extension 'ignore_ament_install'
[2.134s] Level 1:colcon.colcon_core.package_identification:_identify(src/diff_drive_robot_gz_sim) by extensions ['colcon_pkg']
[2.134s] Level 1:colcon.colcon_core.package_identification:_identify(src/diff_drive_robot_gz_sim) by extension 'colcon_pkg'
[2.134s] Level 1:colcon.colcon_core.package_identification:_identify(src/diff_drive_robot_gz_sim) by extensions ['colcon_meta']
[2.134s] Level 1:colcon.colcon_core.package_identification:_identify(src/diff_drive_robot_gz_sim) by extension 'colcon_meta'
[2.134s] Level 1:colcon.colcon_core.package_identification:_identify(src/diff_drive_robot_gz_sim) by extensions ['ros']
[2.134s] Level 1:colcon.colcon_core.package_identification:_identify(src/diff_drive_robot_gz_sim) by extension 'ros'
[2.136s] DEBUG:colcon.colcon_core.package_identification:Package 'src/diff_drive_robot_gz_sim' with type 'ros.ament_cmake' and name 'diff_drive_robot_gz_sim'
[2.137s] Level 1:colcon.colcon_core.package_identification:_identify(src/robot_motion_controller) by extensions ['ignore', 'ignore_ament_install']
[2.137s] Level 1:colcon.colcon_core.package_identification:_identify(src/robot_motion_controller) by extension 'ignore'
[2.137s] Level 1:colcon.colcon_core.package_identification:_identify(src/robot_motion_controller) by extension 'ignore_ament_install'
[2.137s] Level 1:colcon.colcon_core.package_identification:_identify(src/robot_motion_controller) by extensions ['colcon_pkg']
[2.137s] Level 1:colcon.colcon_core.package_identification:_identify(src/robot_motion_controller) by extension 'colcon_pkg'
[2.137s] Level 1:colcon.colcon_core.package_identification:_identify(src/robot_motion_controller) by extensions ['colcon_meta']
[2.137s] Level 1:colcon.colcon_core.package_identification:_identify(src/robot_motion_controller) by extension 'colcon_meta'
[2.137s] Level 1:colcon.colcon_core.package_identification:_identify(src/robot_motion_controller) by extensions ['ros']
[2.137s] Level 1:colcon.colcon_core.package_identification:_identify(src/robot_motion_controller) by extension 'ros'
[2.140s] DEBUG:colcon.colcon_core.package_identification:Package 'src/robot_motion_controller' with type 'ros.ament_cmake' and name 'robot_motion_controller'
[2.140s] Level 1:colcon.colcon_core.package_discovery:discover_packages(recursive) using defaults
[2.140s] Level 1:colcon.colcon_core.package_discovery:discover_packages(ignore) discover
[2.140s] Level 1:colcon.colcon_core.package_discovery:discover_packages(ignore) using defaults
[2.140s] Level 1:colcon.colcon_core.package_discovery:discover_packages(path) discover
[2.140s] Level 1:colcon.colcon_core.package_discovery:discover_packages(path) using defaults
[2.200s] Level 1:colcon.colcon_core.package_discovery:discover_packages(prefix_path) check parameters
[2.200s] Level 1:colcon.colcon_core.package_discovery:discover_packages(prefix_path) discover
[2.206s] DEBUG:colcon.colcon_installed_package_information.package_discovery:Found 2 installed packages in /home/eecms/tut_ws/install
[2.207s] DEBUG:colcon.colcon_installed_package_information.package_discovery:Found 387 installed packages in /opt/ros/humble
[2.209s] Level 1:colcon.colcon_core.package_discovery:discover_packages(prefix_path) using defaults
[2.257s] Level 5:colcon.colcon_core.verb:set package 'diff_drive_robot_gz_sim' build argument 'cmake_args' from command line to 'None'
[2.257s] Level 5:colcon.colcon_core.verb:set package 'diff_drive_robot_gz_sim' build argument 'cmake_target' from command line to 'None'
[2.257s] Level 5:colcon.colcon_core.verb:set package 'diff_drive_robot_gz_sim' build argument 'cmake_target_skip_unavailable' from command line to 'False'
[2.259s] Level 5:colcon.colcon_core.verb:set package 'diff_drive_robot_gz_sim' build argument 'cmake_clean_cache' from command line to 'False'
[2.259s] Level 5:colcon.colcon_core.verb:set package 'diff_drive_robot_gz_sim' build argument 'cmake_clean_first' from command line to 'False'
[2.259s] Level 5:colcon.colcon_core.verb:set package 'diff_drive_robot_gz_sim' build argument 'cmake_force_configure' from command line to 'False'
[2.259s] Level 5:colcon.colcon_core.verb:set package 'diff_drive_robot_gz_sim' build argument 'ament_cmake_args' from command line to 'None'
[2.259s] Level 5:colcon.colcon_core.verb:set package 'diff_drive_robot_gz_sim' build argument 'catkin_cmake_args' from command line to 'None'
[2.259s] Level 5:colcon.colcon_core.verb:set package 'diff_drive_robot_gz_sim' build argument 'catkin_skip_building_tests' from command line to 'False'
[2.259s] DEBUG:colcon.colcon_core.verb:Building package 'diff_drive_robot_gz_sim' with the following arguments: {'ament_cmake_args': None, 'build_base': '/home/eecms/tut_ws/build/diff_drive_robot_gz_sim', 'catkin_cmake_args': None, 'catkin_skip_building_tests': False, 'cmake_args': None, 'cmake_clean_cache': False, 'cmake_clean_first': False, 'cmake_force_configure': False, 'cmake_target': None, 'cmake_target_skip_unavailable': False, 'install_base': '/home/eecms/tut_ws/install/diff_drive_robot_gz_sim', 'merge_install': False, 'path': '/home/eecms/tut_ws/src/diff_drive_robot_gz_sim', 'symlink_install': False, 'test_result_base': None}
[2.260s] Level 5:colcon.colcon_core.verb:set package 'robot_motion_controller' build argument 'cmake_args' from command line to 'None'
[2.260s] Level 5:colcon.colcon_core.verb:set package 'robot_motion_controller' build argument 'cmake_target' from command line to 'None'
[2.260s] Level 5:colcon.colcon_core.verb:set package 'robot_motion_controller' build argument 'cmake_target_skip_unavailable' from command line to 'False'
[2.260s] Level 5:colcon.colcon_core.verb:set package 'robot_motion_controller' build argument 'cmake_clean_cache' from command line to 'False'
[2.260s] Level 5:colcon.colcon_core.verb:set package 'robot_motion_controller' build argument 'cmake_clean_first' from command line to 'False'
[2.260s] Level 5:colcon.colcon_core.verb:set package 'robot_motion_controller' build argument 'cmake_force_configure' from command line to 'False'
[2.260s] Level 5:colcon.colcon_core.verb:set package 'robot_motion_controller' build argument 'ament_cmake_args' from command line to 'None'
[2.260s] Level 5:colcon.colcon_core.verb:set package 'robot_motion_controller' build argument 'catkin_cmake_args' from command line to 'None'
[2.260s] Level 5:colcon.colcon_core.verb:set package 'robot_motion_controller' build argument 'catkin_skip_building_tests' from command line to 'False'
[2.260s] DEBUG:colcon.colcon_core.verb:Building package 'robot_motion_controller' with the following arguments: {'ament_cmake_args': None, 'build_base': '/home/eecms/tut_ws/build/robot_motion_controller', 'catkin_cmake_args': None, 'catkin_skip_building_tests': False, 'cmake_args': None, 'cmake_clean_cache': False, 'cmake_clean_first': False, 'cmake_force_configure': False, 'cmake_target': None, 'cmake_target_skip_unavailable': False, 'install_base': '/home/eecms/tut_ws/install/robot_motion_controller', 'merge_install': False, 'path': '/home/eecms/tut_ws/src/robot_motion_controller', 'symlink_install': False, 'test_result_base': None}
[2.260s] INFO:colcon.colcon_core.executor:Executing jobs using 'parallel' executor
[2.261s] DEBUG:colcon.colcon_parallel_executor.executor.parallel:run_until_complete
[2.261s] INFO:colcon.colcon_ros.task.ament_cmake.build:Building ROS package in '/home/eecms/tut_ws/src/diff_drive_robot_gz_sim' with build type 'ament_cmake'
[2.261s] INFO:colcon.colcon_cmake.task.cmake.build:Building CMake package in '/home/eecms/tut_ws/src/diff_drive_robot_gz_sim'
[2.272s] INFO:colcon.colcon_core.plugin_system:Skipping extension 'colcon_core.shell.bat': Not used on non-Windows systems
[2.272s] INFO:colcon.colcon_core.shell:Skip shell extension 'powershell' for command environment: Not usable outside of PowerShell
[2.272s] DEBUG:colcon.colcon_core.shell:Skip shell extension 'dsv' for command environment
[2.282s] INFO:colcon.colcon_ros.task.ament_cmake.build:Building ROS package in '/home/eecms/tut_ws/src/robot_motion_controller' with build type 'ament_cmake'
[2.282s] INFO:colcon.colcon_cmake.task.cmake.build:Building CMake package in '/home/eecms/tut_ws/src/robot_motion_controller'
[2.282s] INFO:colcon.colcon_core.shell:Skip shell extension 'powershell' for command environment: Not usable outside of PowerShell
[2.282s] DEBUG:colcon.colcon_core.shell:Skip shell extension 'dsv' for command environment
[2.300s] DEBUG:colcon.colcon_core.event_handler.log_command:Invoking command in '/home/eecms/tut_ws/build/diff_drive_robot_gz_sim': CMAKE_PREFIX_PATH=${CMAKE_PREFIX_PATH}:/opt/ros/humble /usr/bin/cmake --build /home/eecms/tut_ws/build/diff_drive_robot_gz_sim -- -j6 -l6
[2.306s] DEBUG:colcon.colcon_core.event_handler.log_command:Invoking command in '/home/eecms/tut_ws/build/robot_motion_controller': CMAKE_PREFIX_PATH=${CMAKE_PREFIX_PATH}:/opt/ros/humble /usr/bin/cmake --build /home/eecms/tut_ws/build/robot_motion_controller -- -j6 -l6
[2.406s] DEBUG:colcon.colcon_core.event_handler.log_command:Invoked command in '/home/eecms/tut_ws/build/diff_drive_robot_gz_sim' returned '0': CMAKE_PREFIX_PATH=${CMAKE_PREFIX_PATH}:/opt/ros/humble /usr/bin/cmake --build /home/eecms/tut_ws/build/diff_drive_robot_gz_sim -- -j6 -l6
[2.422s] DEBUG:colcon.colcon_core.event_handler.log_command:Invoking command in '/home/eecms/tut_ws/build/diff_drive_robot_gz_sim': CMAKE_PREFIX_PATH=${CMAKE_PREFIX_PATH}:/opt/ros/humble /usr/bin/cmake --install /home/eecms/tut_ws/build/diff_drive_robot_gz_sim
[2.448s] Level 1:colcon.colcon_core.environment:create_environment_scripts_only(diff_drive_robot_gz_sim)
[2.448s] DEBUG:colcon.colcon_core.event_handler.log_command:Invoked command in '/home/eecms/tut_ws/build/diff_drive_robot_gz_sim' returned '0': CMAKE_PREFIX_PATH=${CMAKE_PREFIX_PATH}:/opt/ros/humble /usr/bin/cmake --install /home/eecms/tut_ws/build/diff_drive_robot_gz_sim
[2.485s] Level 1:colcon.colcon_core.environment:checking '/home/eecms/tut_ws/install/diff_drive_robot_gz_sim' for CMake module files
[2.486s] Level 1:colcon.colcon_core.environment:checking '/home/eecms/tut_ws/install/diff_drive_robot_gz_sim' for CMake config files
[2.486s] Level 1:colcon.colcon_core.shell:create_environment_hook('diff_drive_robot_gz_sim', 'cmake_prefix_path')
[2.486s] INFO:colcon.colcon_core.shell:Creating environment hook '/home/eecms/tut_ws/install/diff_drive_robot_gz_sim/share/diff_drive_robot_gz_sim/hook/cmake_prefix_path.ps1'
[2.487s] INFO:colcon.colcon_core.shell:Creating environment descriptor '/home/eecms/tut_ws/install/diff_drive_robot_gz_sim/share/diff_drive_robot_gz_sim/hook/cmake_prefix_path.dsv'
[2.490s] INFO:colcon.colcon_core.shell:Creating environment hook '/home/eecms/tut_ws/install/diff_drive_robot_gz_sim/share/diff_drive_robot_gz_sim/hook/cmake_prefix_path.sh'
[2.494s] Level 1:colcon.colcon_core.environment:checking '/home/eecms/tut_ws/install/diff_drive_robot_gz_sim/bin'
[2.494s] Level 1:colcon.colcon_core.environment:checking '/home/eecms/tut_ws/install/diff_drive_robot_gz_sim/lib/pkgconfig/diff_drive_robot_gz_sim.pc'
[2.495s] Level 1:colcon.colcon_core.environment:checking '/home/eecms/tut_ws/install/diff_drive_robot_gz_sim/lib/python3.10/site-packages'
[2.495s] Level 1:colcon.colcon_core.environment:checking '/home/eecms/tut_ws/install/diff_drive_robot_gz_sim/bin'
[2.495s] INFO:colcon.colcon_core.shell:Creating package script '/home/eecms/tut_ws/install/diff_drive_robot_gz_sim/share/diff_drive_robot_gz_sim/package.ps1'
[2.496s] INFO:colcon.colcon_core.shell:Creating package descriptor '/home/eecms/tut_ws/install/diff_drive_robot_gz_sim/share/diff_drive_robot_gz_sim/package.dsv'
[2.498s] INFO:colcon.colcon_core.shell:Creating package script '/home/eecms/tut_ws/install/diff_drive_robot_gz_sim/share/diff_drive_robot_gz_sim/package.sh'
[2.499s] INFO:colcon.colcon_core.shell:Creating package script '/home/eecms/tut_ws/install/diff_drive_robot_gz_sim/share/diff_drive_robot_gz_sim/package.bash'
[2.501s] INFO:colcon.colcon_core.shell:Creating package script '/home/eecms/tut_ws/install/diff_drive_robot_gz_sim/share/diff_drive_robot_gz_sim/package.zsh'
[2.502s] Level 1:colcon.colcon_core.environment:create_file_with_runtime_dependencies(/home/eecms/tut_ws/install/diff_drive_robot_gz_sim/share/colcon-core/packages/diff_drive_robot_gz_sim)
[2.503s] Level 1:colcon.colcon_core.environment:create_environment_scripts_only(diff_drive_robot_gz_sim)
[2.504s] Level 1:colcon.colcon_core.environment:checking '/home/eecms/tut_ws/install/diff_drive_robot_gz_sim' for CMake module files
[2.504s] Level 1:colcon.colcon_core.environment:checking '/home/eecms/tut_ws/install/diff_drive_robot_gz_sim' for CMake config files
[2.504s] Level 1:colcon.colcon_core.shell:create_environment_hook('diff_drive_robot_gz_sim', 'cmake_prefix_path')
[2.504s] INFO:colcon.colcon_core.shell:Creating environment hook '/home/eecms/tut_ws/install/diff_drive_robot_gz_sim/share/diff_drive_robot_gz_sim/hook/cmake_prefix_path.ps1'
[2.505s] INFO:colcon.colcon_core.shell:Creating environment descriptor '/home/eecms/tut_ws/install/diff_drive_robot_gz_sim/share/diff_drive_robot_gz_sim/hook/cmake_prefix_path.dsv'
[2.505s] INFO:colcon.colcon_core.shell:Creating environment hook '/home/eecms/tut_ws/install/diff_drive_robot_gz_sim/share/diff_drive_robot_gz_sim/hook/cmake_prefix_path.sh'
[2.506s] Level 1:colcon.colcon_core.environment:checking '/home/eecms/tut_ws/install/diff_drive_robot_gz_sim/bin'
[2.506s] Level 1:colcon.colcon_core.environment:checking '/home/eecms/tut_ws/install/diff_drive_robot_gz_sim/lib/pkgconfig/diff_drive_robot_gz_sim.pc'
[2.506s] Level 1:colcon.colcon_core.environment:checking '/home/eecms/tut_ws/install/diff_drive_robot_gz_sim/lib/python3.10/site-packages'
[2.506s] Level 1:colcon.colcon_core.environment:checking '/home/eecms/tut_ws/install/diff_drive_robot_gz_sim/bin'
[2.506s] INFO:colcon.colcon_core.shell:Creating package script '/home/eecms/tut_ws/install/diff_drive_robot_gz_sim/share/diff_drive_robot_gz_sim/package.ps1'
[2.507s] INFO:colcon.colcon_core.shell:Creating package descriptor '/home/eecms/tut_ws/install/diff_drive_robot_gz_sim/share/diff_drive_robot_gz_sim/package.dsv'
[2.507s] INFO:colcon.colcon_core.shell:Creating package script '/home/eecms/tut_ws/install/diff_drive_robot_gz_sim/share/diff_drive_robot_gz_sim/package.sh'
[2.508s] INFO:colcon.colcon_core.shell:Creating package script '/home/eecms/tut_ws/install/diff_drive_robot_gz_sim/share/diff_drive_robot_gz_sim/package.bash'
[2.508s] INFO:colcon.colcon_core.shell:Creating package script '/home/eecms/tut_ws/install/diff_drive_robot_gz_sim/share/diff_drive_robot_gz_sim/package.zsh'
[2.508s] Level 1:colcon.colcon_core.environment:create_file_with_runtime_dependencies(/home/eecms/tut_ws/install/diff_drive_robot_gz_sim/share/colcon-core/packages/diff_drive_robot_gz_sim)
[14.097s] DEBUG:colcon.colcon_core.event_handler.log_command:Invoked command in '/home/eecms/tut_ws/build/robot_motion_controller' returned '0': CMAKE_PREFIX_PATH=${CMAKE_PREFIX_PATH}:/opt/ros/humble /usr/bin/cmake --build /home/eecms/tut_ws/build/robot_motion_controller -- -j6 -l6
[14.104s] DEBUG:colcon.colcon_core.event_handler.log_command:Invoking command in '/home/eecms/tut_ws/build/robot_motion_controller': CMAKE_PREFIX_PATH=${CMAKE_PREFIX_PATH}:/opt/ros/humble /usr/bin/cmake --install /home/eecms/tut_ws/build/robot_motion_controller
[14.120s] Level 1:colcon.colcon_core.environment:create_environment_scripts_only(robot_motion_controller)
[14.120s] Level 1:colcon.colcon_core.environment:checking '/home/eecms/tut_ws/install/robot_motion_controller' for CMake module files
[14.121s] Level 1:colcon.colcon_core.environment:checking '/home/eecms/tut_ws/install/robot_motion_controller' for CMake config files
[14.121s] Level 1:colcon.colcon_core.shell:create_environment_hook('robot_motion_controller', 'cmake_prefix_path')
[14.121s] INFO:colcon.colcon_core.shell:Creating environment hook '/home/eecms/tut_ws/install/robot_motion_controller/share/robot_motion_controller/hook/cmake_prefix_path.ps1'
[14.122s] INFO:colcon.colcon_core.shell:Creating environment descriptor '/home/eecms/tut_ws/install/robot_motion_controller/share/robot_motion_controller/hook/cmake_prefix_path.dsv'
[14.123s] DEBUG:colcon.colcon_core.event_handler.log_command:Invoked command in '/home/eecms/tut_ws/build/robot_motion_controller' returned '0': CMAKE_PREFIX_PATH=${CMAKE_PREFIX_PATH}:/opt/ros/humble /usr/bin/cmake --install /home/eecms/tut_ws/build/robot_motion_controller
[14.123s] INFO:colcon.colcon_core.shell:Creating environment hook '/home/eecms/tut_ws/install/robot_motion_controller/share/robot_motion_controller/hook/cmake_prefix_path.sh'
[14.124s] Level 1:colcon.colcon_core.environment:checking '/home/eecms/tut_ws/install/robot_motion_controller/lib'
[14.124s] Level 1:colcon.colcon_core.environment:checking '/home/eecms/tut_ws/install/robot_motion_controller/bin'
[14.124s] Level 1:colcon.colcon_core.environment:checking '/home/eecms/tut_ws/install/robot_motion_controller/lib/pkgconfig/robot_motion_controller.pc'
[14.124s] Level 1:colcon.colcon_core.environment:checking '/home/eecms/tut_ws/install/robot_motion_controller/lib/python3.10/site-packages'
[14.125s] Level 1:colcon.colcon_core.environment:checking '/home/eecms/tut_ws/install/robot_motion_controller/bin'
[14.125s] INFO:colcon.colcon_core.shell:Creating package script '/home/eecms/tut_ws/install/robot_motion_controller/share/robot_motion_controller/package.ps1'
[14.125s] INFO:colcon.colcon_core.shell:Creating package descriptor '/home/eecms/tut_ws/install/robot_motion_controller/share/robot_motion_controller/package.dsv'
[14.126s] INFO:colcon.colcon_core.shell:Creating package script '/home/eecms/tut_ws/install/robot_motion_controller/share/robot_motion_controller/package.sh'
[14.128s] INFO:colcon.colcon_core.shell:Creating package script '/home/eecms/tut_ws/install/robot_motion_controller/share/robot_motion_controller/package.bash'
[14.129s] INFO:colcon.colcon_core.shell:Creating package script '/home/eecms/tut_ws/install/robot_motion_controller/share/robot_motion_controller/package.zsh'
[14.129s] Level 1:colcon.colcon_core.environment:create_file_with_runtime_dependencies(/home/eecms/tut_ws/install/robot_motion_controller/share/colcon-core/packages/robot_motion_controller)
[14.130s] Level 1:colcon.colcon_core.environment:create_environment_scripts_only(robot_motion_controller)
[14.130s] Level 1:colcon.colcon_core.environment:checking '/home/eecms/tut_ws/install/robot_motion_controller' for CMake module files
[14.130s] Level 1:colcon.colcon_core.environment:checking '/home/eecms/tut_ws/install/robot_motion_controller' for CMake config files
[14.131s] Level 1:colcon.colcon_core.shell:create_environment_hook('robot_motion_controller', 'cmake_prefix_path')
[14.131s] INFO:colcon.colcon_core.shell:Creating environment hook '/home/eecms/tut_ws/install/robot_motion_controller/share/robot_motion_controller/hook/cmake_prefix_path.ps1'
[14.131s] INFO:colcon.colcon_core.shell:Creating environment descriptor '/home/eecms/tut_ws/install/robot_motion_controller/share/robot_motion_controller/hook/cmake_prefix_path.dsv'
[14.132s] INFO:colcon.colcon_core.shell:Creating environment hook '/home/eecms/tut_ws/install/robot_motion_controller/share/robot_motion_controller/hook/cmake_prefix_path.sh'
[14.132s] Level 1:colcon.colcon_core.environment:checking '/home/eecms/tut_ws/install/robot_motion_controller/lib'
[14.132s] Level 1:colcon.colcon_core.environment:checking '/home/eecms/tut_ws/install/robot_motion_controller/bin'
[14.132s] Level 1:colcon.colcon_core.environment:checking '/home/eecms/tut_ws/install/robot_motion_controller/lib/pkgconfig/robot_motion_controller.pc'
[14.132s] Level 1:colcon.colcon_core.environment:checking '/home/eecms/tut_ws/install/robot_motion_controller/lib/python3.10/site-packages'
[14.133s] Level 1:colcon.colcon_core.environment:checking '/home/eecms/tut_ws/install/robot_motion_controller/bin'
[14.133s] INFO:colcon.colcon_core.shell:Creating package script '/home/eecms/tut_ws/install/robot_motion_controller/share/robot_motion_controller/package.ps1'
[14.133s] INFO:colcon.colcon_core.shell:Creating package descriptor '/home/eecms/tut_ws/install/robot_motion_controller/share/robot_motion_controller/package.dsv'
[14.134s] INFO:colcon.colcon_core.shell:Creating package script '/home/eecms/tut_ws/install/robot_motion_controller/share/robot_motion_controller/package.sh'
[14.138s] INFO:colcon.colcon_core.shell:Creating package script '/home/eecms/tut_ws/install/robot_motion_controller/share/robot_motion_controller/package.bash'
[14.143s] INFO:colcon.colcon_core.shell:Creating package script '/home/eecms/tut_ws/install/robot_motion_controller/share/robot_motion_controller/package.zsh'
[14.145s] Level 1:colcon.colcon_core.environment:create_file_with_runtime_dependencies(/home/eecms/tut_ws/install/robot_motion_controller/share/colcon-core/packages/robot_motion_controller)
[14.146s] DEBUG:colcon.colcon_parallel_executor.executor.parallel:closing loop
[14.146s] DEBUG:colcon.colcon_parallel_executor.executor.parallel:loop closed
[14.146s] DEBUG:colcon.colcon_parallel_executor.executor.parallel:run_until_complete finished with '0'
[14.146s] DEBUG:colcon.colcon_core.event_reactor:joining thread
[14.172s] INFO:colcon.colcon_core.plugin_system:Skipping extension 'colcon_notification.desktop_notification.terminal_notifier': Not used on non-Darwin systems
[14.172s] INFO:colcon.colcon_core.plugin_system:Skipping extension 'colcon_notification.desktop_notification.win32': Not used on non-Windows systems
[14.173s] INFO:colcon.colcon_notification.desktop_notification:Sending desktop notification using 'notify2'
[14.195s] DEBUG:colcon.colcon_core.event_reactor:joined thread
[14.195s] INFO:colcon.colcon_core.shell:Creating prefix script '/home/eecms/tut_ws/install/local_setup.ps1'
[14.198s] INFO:colcon.colcon_core.shell:Creating prefix util module '/home/eecms/tut_ws/install/_local_setup_util_ps1.py'
[14.204s] INFO:colcon.colcon_core.shell:Creating prefix chain script '/home/eecms/tut_ws/install/setup.ps1'
[14.208s] INFO:colcon.colcon_core.shell:Creating prefix script '/home/eecms/tut_ws/install/local_setup.sh'
[14.211s] INFO:colcon.colcon_core.shell:Creating prefix util module '/home/eecms/tut_ws/install/_local_setup_util_sh.py'
[14.212s] INFO:colcon.colcon_core.shell:Creating prefix chain script '/home/eecms/tut_ws/install/setup.sh'
[14.216s] INFO:colcon.colcon_core.shell:Creating prefix script '/home/eecms/tut_ws/install/local_setup.bash'
[14.220s] INFO:colcon.colcon_core.shell:Creating prefix chain script '/home/eecms/tut_ws/install/setup.bash'
[14.222s] INFO:colcon.colcon_core.shell:Creating prefix script '/home/eecms/tut_ws/install/local_setup.zsh'
[14.225s] INFO:colcon.colcon_core.shell:Creating prefix chain script '/home/eecms/tut_ws/install/setup.zsh'
