-- The C compiler identification is GNU 12.3.0
-- The CXX compiler identification is GNU 12.3.0
-- Detecting C compiler ABI info
-- Detecting C compiler ABI info - done
-- Check for working C compiler: /usr/bin/cc - skipped
-- Detecting C compile features
-- Detecting C compile features - done
-- Detecting CXX compiler ABI info
-- Detecting CXX compiler ABI info - done
-- Check for working CXX compiler: /usr/bin/c++ - skipped
-- Detecting CXX compile features
-- Detecting CXX compile features - done
-- Found ament_cmake: 1.3.12 (/opt/ros/humble/share/ament_cmake/cmake)
-- Found Python3: /usr/bin/python3 (found version "3.10.12") found components: Interpreter 
-- Found nav2_common: 1.1.18 (/opt/ros/humble/share/nav2_common/cmake)
-- Found rclcpp: 16.0.14 (/opt/ros/humble/share/rclcpp/cmake)
-- Found rosidl_generator_c: 3.1.7 (/opt/ros/humble/share/rosidl_generator_c/cmake)
-- Found rosidl_adapter: 3.1.7 (/opt/ros/humble/share/rosidl_adapter/cmake)
-- Found rosidl_generator_cpp: 3.1.7 (/opt/ros/humble/share/rosidl_generator_cpp/cmake)
-- Using all available rosidl_typesupport_c: rosidl_typesupport_fastrtps_c;rosidl_typesupport_introspection_c
-- Using all available rosidl_typesupport_cpp: rosidl_typesupport_fastrtps_cpp;rosidl_typesupport_introspection_cpp
-- Found rmw_implementation_cmake: 6.1.2 (/opt/ros/humble/share/rmw_implementation_cmake/cmake)
-- Found rmw_fastrtps_cpp: 6.2.8 (/opt/ros/humble/share/rmw_fastrtps_cpp/cmake)
-- Found OpenSSL: /usr/lib/x86_64-linux-gnu/libcrypto.so (found version "3.0.2")  
-- Found FastRTPS: /opt/ros/humble/include  
-- Using RMW implementation 'rmw_fastrtps_cpp' as default
-- Looking for pthread.h
-- Looking for pthread.h - found
-- Performing Test CMAKE_HAVE_LIBC_PTHREAD
-- Performing Test CMAKE_HAVE_LIBC_PTHREAD - Success
-- Found Threads: TRUE  
-- Found rclcpp_lifecycle: 16.0.14 (/opt/ros/humble/share/rclcpp_lifecycle/cmake)
-- Found message_filters: 4.3.8 (/opt/ros/humble/share/message_filters/cmake)
-- Found tf2_geometry_msgs: 0.25.15 (/opt/ros/humble/share/tf2_geometry_msgs/cmake)
-- Found eigen3_cmake_module: 0.1.1 (/opt/ros/humble/share/eigen3_cmake_module/cmake)
-- Found Eigen3: TRUE (found version "3.4.0") 
-- Ensuring Eigen3 include directory is part of orocos-kdl CMake target
-- Found nav_msgs: 4.9.0 (/opt/ros/humble/share/nav_msgs/cmake)
-- Found sensor_msgs: 4.9.0 (/opt/ros/humble/share/sensor_msgs/cmake)
-- Found std_srvs: 4.9.0 (/opt/ros/humble/share/std_srvs/cmake)
-- Found nav2_util: 1.1.18 (/opt/ros/humble/share/nav2_util/cmake)
-- Found nav2_amcl: 1.1.18 (/opt/ros/humble/share/nav2_amcl/cmake)
-- Looking for drand48
-- Looking for drand48 - found
-- Found ament_lint_auto: 0.12.14 (/opt/ros/humble/share/ament_lint_auto/cmake)
-- Added test 'cppcheck' to perform static code analysis on C / C++ code
-- Configured cppcheck include dirs: /home/robotai/tut_ws/src/iar_amcl_sensor_model/include;$<BUILD_INTERFACE:/home/robotai/tut_ws/src/iar_amcl_sensor_model/include>
-- Configured cppcheck exclude dirs and/or files: 
-- Added test 'flake8' to check Python code syntax and style conventions
-- Added test 'lint_cmake' to check CMake code style
-- Added test 'pep257' to check Python code against some of the docstring style conventions in PEP 257
-- Added test 'uncrustify' to check C / C++ code style
-- Configured uncrustify additional arguments: 
-- Added test 'xmllint' to check XML markup files
-- Configuring done
-- Generating done
-- Build files have been written to: /home/robotai/tut_ws/build/iar_amcl_sensor_model
[ 25%] [32mBuilding CXX object CMakeFiles/iar_amcl.dir/src/amcl_node.cpp.o[0m
[ 50%] [32mBuilding CXX object CMakeFiles/iar_amcl.dir/src/main.cpp.o[0m
[ 75%] [32mBuilding CXX object CMakeFiles/iar_amcl.dir/src/beam_model.cpp.o[0m
[100%] [32m[1mLinking CXX executable iar_amcl[0m
[100%] Built target iar_amcl
-- Install configuration: ""
-- Installing: /home/robotai/tut_ws/install/iar_amcl_sensor_model/lib/iar_amcl_sensor_model/iar_amcl
-- Set runtime path of "/home/robotai/tut_ws/install/iar_amcl_sensor_model/lib/iar_amcl_sensor_model/iar_amcl" to ""
-- Installing: /home/robotai/tut_ws/install/iar_amcl_sensor_model/share/iar_amcl_sensor_model//launch
-- Installing: /home/robotai/tut_ws/install/iar_amcl_sensor_model/share/iar_amcl_sensor_model//launch/localisation_launch.py
-- Installing: /home/robotai/tut_ws/install/iar_amcl_sensor_model/share/iar_amcl_sensor_model//config
-- Installing: /home/robotai/tut_ws/install/iar_amcl_sensor_model/share/iar_amcl_sensor_model//config/localisation.yaml
-- Installing: /home/robotai/tut_ws/install/iar_amcl_sensor_model/share/iar_amcl_sensor_model//map
-- Installing: /home/robotai/tut_ws/install/iar_amcl_sensor_model/share/iar_amcl_sensor_model//map/office_ICTE4001_sim.yaml
-- Installing: /home/robotai/tut_ws/install/iar_amcl_sensor_model/share/iar_amcl_sensor_model//map/office_ICTE4001_sim.pgm
-- Installing: /home/robotai/tut_ws/install/iar_amcl_sensor_model/share/ament_index/resource_index/package_run_dependencies/iar_amcl_sensor_model
-- Installing: /home/robotai/tut_ws/install/iar_amcl_sensor_model/share/ament_index/resource_index/parent_prefix_path/iar_amcl_sensor_model
-- Installing: /home/robotai/tut_ws/install/iar_amcl_sensor_model/share/iar_amcl_sensor_model/environment/ament_prefix_path.sh
-- Installing: /home/robotai/tut_ws/install/iar_amcl_sensor_model/share/iar_amcl_sensor_model/environment/ament_prefix_path.dsv
-- Installing: /home/robotai/tut_ws/install/iar_amcl_sensor_model/share/iar_amcl_sensor_model/environment/path.sh
-- Installing: /home/robotai/tut_ws/install/iar_amcl_sensor_model/share/iar_amcl_sensor_model/environment/path.dsv
-- Installing: /home/robotai/tut_ws/install/iar_amcl_sensor_model/share/iar_amcl_sensor_model/local_setup.bash
-- Installing: /home/robotai/tut_ws/install/iar_amcl_sensor_model/share/iar_amcl_sensor_model/local_setup.sh
-- Installing: /home/robotai/tut_ws/install/iar_amcl_sensor_model/share/iar_amcl_sensor_model/local_setup.zsh
-- Installing: /home/robotai/tut_ws/install/iar_amcl_sensor_model/share/iar_amcl_sensor_model/local_setup.dsv
-- Installing: /home/robotai/tut_ws/install/iar_amcl_sensor_model/share/iar_amcl_sensor_model/package.dsv
-- Installing: /home/robotai/tut_ws/install/iar_amcl_sensor_model/share/ament_index/resource_index/packages/iar_amcl_sensor_model
-- Installing: /home/robotai/tut_ws/install/iar_amcl_sensor_model/share/iar_amcl_sensor_model/cmake/iar_amcl_sensor_modelConfig.cmake
-- Installing: /home/robotai/tut_ws/install/iar_amcl_sensor_model/share/iar_amcl_sensor_model/cmake/iar_amcl_sensor_modelConfig-version.cmake
-- Installing: /home/robotai/tut_ws/install/iar_amcl_sensor_model/share/iar_amcl_sensor_model/package.xml
