[0.019s] Invoking command in '/home/robotai/tut_ws/build/iar_amcl_sensor_model': CMAKE_PREFIX_PATH=/opt/ros/humble /usr/bin/cmake /home/robotai/tut_ws/src/iar_amcl_sensor_model -DCMAKE_INSTALL_PREFIX=/home/robotai/tut_ws/install/iar_amcl_sensor_model
[0.547s] -- The C compiler identification is GNU 12.3.0
[0.867s] -- The CXX compiler identification is GNU 12.3.0
[0.878s] -- Detecting C compiler ABI info
[0.951s] -- Detecting C compiler ABI info - done
[0.957s] -- Check for working C compiler: /usr/bin/cc - skipped
[0.958s] -- Detecting C compile features
[0.959s] -- Detecting C compile features - done
[0.962s] -- Detecting CXX compiler ABI info
[1.041s] -- Detecting CXX compiler ABI info - done
[1.046s] -- Check for working CXX compiler: /usr/bin/c++ - skipped
[1.046s] -- Detecting CXX compile features
[1.047s] -- Detecting CXX compile features - done
[1.054s] -- Found ament_cmake: 1.3.12 (/opt/ros/humble/share/ament_cmake/cmake)
[1.195s] -- Found Python3: /usr/bin/python3 (found version "3.10.12") found components: Interpreter 
[1.277s] -- Found nav2_common: 1.1.18 (/opt/ros/humble/share/nav2_common/cmake)
[1.282s] -- Found rclcpp: 16.0.14 (/opt/ros/humble/share/rclcpp/cmake)
[1.319s] -- Found rosidl_generator_c: 3.1.7 (/opt/ros/humble/share/rosidl_generator_c/cmake)
[1.325s] -- Found rosidl_adapter: 3.1.7 (/opt/ros/humble/share/rosidl_adapter/cmake)
[1.332s] -- Found rosidl_generator_cpp: 3.1.7 (/opt/ros/humble/share/rosidl_generator_cpp/cmake)
[1.344s] -- Using all available rosidl_typesupport_c: rosidl_typesupport_fastrtps_c;rosidl_typesupport_introspection_c
[1.358s] -- Using all available rosidl_typesupport_cpp: rosidl_typesupport_fastrtps_cpp;rosidl_typesupport_introspection_cpp
[1.396s] -- Found rmw_implementation_cmake: 6.1.2 (/opt/ros/humble/share/rmw_implementation_cmake/cmake)
[1.399s] -- Found rmw_fastrtps_cpp: 6.2.8 (/opt/ros/humble/share/rmw_fastrtps_cpp/cmake)
[1.481s] -- Found OpenSSL: /usr/lib/x86_64-linux-gnu/libcrypto.so (found version "3.0.2")  
[1.508s] -- Found FastRTPS: /opt/ros/humble/include  
[1.548s] -- Using RMW implementation 'rmw_fastrtps_cpp' as default
[1.557s] -- Looking for pthread.h
[1.632s] -- Looking for pthread.h - found
[1.632s] -- Performing Test CMAKE_HAVE_LIBC_PTHREAD
[1.705s] -- Performing Test CMAKE_HAVE_LIBC_PTHREAD - Success
[1.706s] -- Found Threads: TRUE  
[1.752s] -- Found rclcpp_lifecycle: 16.0.14 (/opt/ros/humble/share/rclcpp_lifecycle/cmake)
[1.791s] -- Found message_filters: 4.3.8 (/opt/ros/humble/share/message_filters/cmake)
[1.803s] -- Found tf2_geometry_msgs: 0.25.15 (/opt/ros/humble/share/tf2_geometry_msgs/cmake)
[1.839s] -- Found eigen3_cmake_module: 0.1.1 (/opt/ros/humble/share/eigen3_cmake_module/cmake)
[1.842s] -- Found Eigen3: TRUE (found version "3.4.0") 
[1.842s] -- Ensuring Eigen3 include directory is part of orocos-kdl CMake target
[2.041s] -- Found nav_msgs: 4.9.0 (/opt/ros/humble/share/nav_msgs/cmake)
[2.057s] -- Found sensor_msgs: 4.9.0 (/opt/ros/humble/share/sensor_msgs/cmake)
[2.076s] -- Found std_srvs: 4.9.0 (/opt/ros/humble/share/std_srvs/cmake)
[2.101s] -- Found nav2_util: 1.1.18 (/opt/ros/humble/share/nav2_util/cmake)
[2.233s] -- Found nav2_amcl: 1.1.18 (/opt/ros/humble/share/nav2_amcl/cmake)
[2.271s] -- Looking for drand48
[2.356s] -- Looking for drand48 - found
[2.479s] -- Found ament_lint_auto: 0.12.14 (/opt/ros/humble/share/ament_lint_auto/cmake)
[2.557s] -- Added test 'cppcheck' to perform static code analysis on C / C++ code
[2.557s] -- Configured cppcheck include dirs: /home/robotai/tut_ws/src/iar_amcl_sensor_model/include;$<BUILD_INTERFACE:/home/robotai/tut_ws/src/iar_amcl_sensor_model/include>
[2.557s] -- Configured cppcheck exclude dirs and/or files: 
[2.557s] -- Added test 'flake8' to check Python code syntax and style conventions
[2.558s] -- Added test 'lint_cmake' to check CMake code style
[2.558s] -- Added test 'pep257' to check Python code against some of the docstring style conventions in PEP 257
[2.559s] -- Added test 'uncrustify' to check C / C++ code style
[2.559s] -- Configured uncrustify additional arguments: 
[2.560s] -- Added test 'xmllint' to check XML markup files
[2.561s] -- Configuring done
[2.825s] -- Generating done
[2.830s] -- Build files have been written to: /home/robotai/tut_ws/build/iar_amcl_sensor_model
[2.842s] Invoked command in '/home/robotai/tut_ws/build/iar_amcl_sensor_model' returned '0': CMAKE_PREFIX_PATH=/opt/ros/humble /usr/bin/cmake /home/robotai/tut_ws/src/iar_amcl_sensor_model -DCMAKE_INSTALL_PREFIX=/home/robotai/tut_ws/install/iar_amcl_sensor_model
[2.844s] Invoking command in '/home/robotai/tut_ws/build/iar_amcl_sensor_model': CMAKE_PREFIX_PATH=/opt/ros/humble /usr/bin/cmake --build /home/robotai/tut_ws/build/iar_amcl_sensor_model -- -j6 -l6
[2.897s] [ 25%] [32mBuilding CXX object CMakeFiles/iar_amcl.dir/src/amcl_node.cpp.o[0m
[2.904s] [ 50%] [32mBuilding CXX object CMakeFiles/iar_amcl.dir/src/main.cpp.o[0m
[2.905s] [ 75%] [32mBuilding CXX object CMakeFiles/iar_amcl.dir/src/beam_model.cpp.o[0m
[23.666s] [100%] [32m[1mLinking CXX executable iar_amcl[0m
[25.026s] [100%] Built target iar_amcl
[25.037s] Invoked command in '/home/robotai/tut_ws/build/iar_amcl_sensor_model' returned '0': CMAKE_PREFIX_PATH=/opt/ros/humble /usr/bin/cmake --build /home/robotai/tut_ws/build/iar_amcl_sensor_model -- -j6 -l6
[25.039s] Invoking command in '/home/robotai/tut_ws/build/iar_amcl_sensor_model': CMAKE_PREFIX_PATH=/opt/ros/humble /usr/bin/cmake --install /home/robotai/tut_ws/build/iar_amcl_sensor_model
[25.046s] -- Install configuration: ""
[25.048s] -- Installing: /home/robotai/tut_ws/install/iar_amcl_sensor_model/lib/iar_amcl_sensor_model/iar_amcl
[25.056s] -- Set runtime path of "/home/robotai/tut_ws/install/iar_amcl_sensor_model/lib/iar_amcl_sensor_model/iar_amcl" to ""
[25.056s] -- Installing: /home/robotai/tut_ws/install/iar_amcl_sensor_model/share/iar_amcl_sensor_model//launch
[25.057s] -- Installing: /home/robotai/tut_ws/install/iar_amcl_sensor_model/share/iar_amcl_sensor_model//launch/localisation_launch.py
[25.059s] -- Installing: /home/robotai/tut_ws/install/iar_amcl_sensor_model/share/iar_amcl_sensor_model//config
[25.059s] -- Installing: /home/robotai/tut_ws/install/iar_amcl_sensor_model/share/iar_amcl_sensor_model//config/localisation.yaml
[25.059s] -- Installing: /home/robotai/tut_ws/install/iar_amcl_sensor_model/share/iar_amcl_sensor_model//map
[25.060s] -- Installing: /home/robotai/tut_ws/install/iar_amcl_sensor_model/share/iar_amcl_sensor_model//map/office_ICTE4001_sim.yaml
[25.060s] -- Installing: /home/robotai/tut_ws/install/iar_amcl_sensor_model/share/iar_amcl_sensor_model//map/office_ICTE4001_sim.pgm
[25.061s] -- Installing: /home/robotai/tut_ws/install/iar_amcl_sensor_model/share/ament_index/resource_index/package_run_dependencies/iar_amcl_sensor_model
[25.061s] -- Installing: /home/robotai/tut_ws/install/iar_amcl_sensor_model/share/ament_index/resource_index/parent_prefix_path/iar_amcl_sensor_model
[25.061s] -- Installing: /home/robotai/tut_ws/install/iar_amcl_sensor_model/share/iar_amcl_sensor_model/environment/ament_prefix_path.sh
[25.061s] -- Installing: /home/robotai/tut_ws/install/iar_amcl_sensor_model/share/iar_amcl_sensor_model/environment/ament_prefix_path.dsv
[25.061s] -- Installing: /home/robotai/tut_ws/install/iar_amcl_sensor_model/share/iar_amcl_sensor_model/environment/path.sh
[25.061s] -- Installing: /home/robotai/tut_ws/install/iar_amcl_sensor_model/share/iar_amcl_sensor_model/environment/path.dsv
[25.061s] -- Installing: /home/robotai/tut_ws/install/iar_amcl_sensor_model/share/iar_amcl_sensor_model/local_setup.bash
[25.062s] -- Installing: /home/robotai/tut_ws/install/iar_amcl_sensor_model/share/iar_amcl_sensor_model/local_setup.sh
[25.062s] -- Installing: /home/robotai/tut_ws/install/iar_amcl_sensor_model/share/iar_amcl_sensor_model/local_setup.zsh
[25.062s] -- Installing: /home/robotai/tut_ws/install/iar_amcl_sensor_model/share/iar_amcl_sensor_model/local_setup.dsv
[25.062s] -- Installing: /home/robotai/tut_ws/install/iar_amcl_sensor_model/share/iar_amcl_sensor_model/package.dsv
[25.062s] -- Installing: /home/robotai/tut_ws/install/iar_amcl_sensor_model/share/ament_index/resource_index/packages/iar_amcl_sensor_model
[25.062s] -- Installing: /home/robotai/tut_ws/install/iar_amcl_sensor_model/share/iar_amcl_sensor_model/cmake/iar_amcl_sensor_modelConfig.cmake
[25.062s] -- Installing: /home/robotai/tut_ws/install/iar_amcl_sensor_model/share/iar_amcl_sensor_model/cmake/iar_amcl_sensor_modelConfig-version.cmake
[25.062s] -- Installing: /home/robotai/tut_ws/install/iar_amcl_sensor_model/share/iar_amcl_sensor_model/package.xml
[25.065s] Invoked command in '/home/robotai/tut_ws/build/iar_amcl_sensor_model' returned '0': CMAKE_PREFIX_PATH=/opt/ros/humble /usr/bin/cmake --install /home/robotai/tut_ws/build/iar_amcl_sensor_model
