[0.027s] Invoking command in '/home/robotai/tut_ws/build/iar_amcl_node': CMAKE_PREFIX_PATH=/opt/ros/humble /usr/bin/cmake /home/robotai/tut_ws/src/iar_amcl_node -DCMAKE_INSTALL_PREFIX=/home/robotai/tut_ws/install/iar_amcl_node
[0.843s] -- The C compiler identification is GNU 12.3.0
[1.278s] -- The CXX compiler identification is GNU 12.3.0
[1.304s] -- Detecting C compiler ABI info
[1.456s] -- Detecting C compiler ABI info - done
[1.462s] -- Check for working C compiler: /usr/bin/cc - skipped
[1.462s] -- Detecting C compile features
[1.463s] -- Detecting C compile features - done
[1.467s] -- Detecting CXX compiler ABI info
[1.559s] -- Detecting CXX compiler ABI info - done
[1.571s] -- Check for working CXX compiler: /usr/bin/c++ - skipped
[1.572s] -- Detecting CXX compile features
[1.573s] -- Detecting CXX compile features - done
[1.580s] -- Found ament_cmake: 1.3.12 (/opt/ros/humble/share/ament_cmake/cmake)
[1.783s] -- Found Python3: /usr/bin/python3 (found version "3.10.12") found components: Interpreter 
[1.867s] -- Found nav2_common: 1.1.18 (/opt/ros/humble/share/nav2_common/cmake)
[1.870s] -- Found rclcpp: 16.0.15 (/opt/ros/humble/share/rclcpp/cmake)
[1.910s] -- Found rosidl_generator_c: 3.1.7 (/opt/ros/humble/share/rosidl_generator_c/cmake)
[1.917s] -- Found rosidl_adapter: 3.1.7 (/opt/ros/humble/share/rosidl_adapter/cmake)
[1.924s] -- Found rosidl_generator_cpp: 3.1.7 (/opt/ros/humble/share/rosidl_generator_cpp/cmake)
[1.936s] -- Using all available rosidl_typesupport_c: rosidl_typesupport_fastrtps_c;rosidl_typesupport_introspection_c
[1.951s] -- Using all available rosidl_typesupport_cpp: rosidl_typesupport_fastrtps_cpp;rosidl_typesupport_introspection_cpp
[1.991s] -- Found rmw_implementation_cmake: 6.1.2 (/opt/ros/humble/share/rmw_implementation_cmake/cmake)
[1.993s] -- Found rmw_fastrtps_cpp: 6.2.8 (/opt/ros/humble/share/rmw_fastrtps_cpp/cmake)
[2.096s] -- Found OpenSSL: /usr/lib/x86_64-linux-gnu/libcrypto.so (found version "3.0.2")  
[2.124s] -- Found FastRTPS: /opt/ros/humble/include  
[2.162s] -- Using RMW implementation 'rmw_fastrtps_cpp' as default
[2.172s] -- Looking for pthread.h
[2.246s] -- Looking for pthread.h - found
[2.246s] -- Performing Test CMAKE_HAVE_LIBC_PTHREAD
[2.322s] -- Performing Test CMAKE_HAVE_LIBC_PTHREAD - Success
[2.323s] -- Found Threads: TRUE  
[2.368s] -- Found rclcpp_lifecycle: 16.0.15 (/opt/ros/humble/share/rclcpp_lifecycle/cmake)
[2.385s] -- Found message_filters: 4.3.8 (/opt/ros/humble/share/message_filters/cmake)
[2.388s] -- Found tf2_geometry_msgs: 0.25.16 (/opt/ros/humble/share/tf2_geometry_msgs/cmake)
[2.413s] -- Found eigen3_cmake_module: 0.1.1 (/opt/ros/humble/share/eigen3_cmake_module/cmake)
[2.414s] -- Found Eigen3: TRUE (found version "3.4.0") 
[2.415s] -- Ensuring Eigen3 include directory is part of orocos-kdl CMake target
[2.519s] -- Found nav_msgs: 4.9.0 (/opt/ros/humble/share/nav_msgs/cmake)
[2.536s] -- Found sensor_msgs: 4.9.0 (/opt/ros/humble/share/sensor_msgs/cmake)
[2.552s] -- Found std_srvs: 4.9.0 (/opt/ros/humble/share/std_srvs/cmake)
[2.561s] -- Found nav2_util: 1.1.18 (/opt/ros/humble/share/nav2_util/cmake)
[2.627s] -- Found nav2_amcl: 1.1.18 (/opt/ros/humble/share/nav2_amcl/cmake)
[2.666s] -- Looking for drand48
[2.785s] -- Looking for drand48 - found
[2.984s] -- Found ament_lint_auto: 0.12.14 (/opt/ros/humble/share/ament_lint_auto/cmake)
[3.062s] -- Added test 'cppcheck' to perform static code analysis on C / C++ code
[3.062s] -- Configured cppcheck include dirs: /home/robotai/tut_ws/src/iar_amcl_node/include;$<BUILD_INTERFACE:/home/robotai/tut_ws/src/iar_amcl_node/include>
[3.062s] -- Configured cppcheck exclude dirs and/or files: 
[3.063s] -- Added test 'flake8' to check Python code syntax and style conventions
[3.063s] -- Added test 'lint_cmake' to check CMake code style
[3.066s] -- Added test 'pep257' to check Python code against some of the docstring style conventions in PEP 257
[3.067s] -- Added test 'uncrustify' to check C / C++ code style
[3.067s] -- Configured uncrustify additional arguments: 
[3.067s] -- Added test 'xmllint' to check XML markup files
[3.069s] -- Configuring done
[3.111s] -- Generating done
[3.121s] -- Build files have been written to: /home/robotai/tut_ws/build/iar_amcl_node
[3.148s] Invoked command in '/home/robotai/tut_ws/build/iar_amcl_node' returned '0': CMAKE_PREFIX_PATH=/opt/ros/humble /usr/bin/cmake /home/robotai/tut_ws/src/iar_amcl_node -DCMAKE_INSTALL_PREFIX=/home/robotai/tut_ws/install/iar_amcl_node
[3.150s] Invoking command in '/home/robotai/tut_ws/build/iar_amcl_node': CMAKE_PREFIX_PATH=/opt/ros/humble /usr/bin/cmake --build /home/robotai/tut_ws/build/iar_amcl_node -- -j6 -l6
[3.216s] [ 20%] [32mBuilding CXX object CMakeFiles/iar_amcl.dir/src/main.cpp.o[0m
[3.216s] [ 40%] [32mBuilding CXX object CMakeFiles/iar_amcl.dir/src/iar_diffdrive_motion_model.cpp.o[0m
[3.217s] [ 60%] [32mBuilding CXX object CMakeFiles/iar_amcl.dir/src/iar_amcl_node.cpp.o[0m
[3.218s] [ 80%] [32mBuilding CXX object CMakeFiles/iar_amcl.dir/src/beam_model.cpp.o[0m
[24.850s] [100%] [32m[1mLinking CXX executable iar_amcl[0m
[26.374s] [100%] Built target iar_amcl
