[0.027s] Invoking command in '/home/robotai/tut_ws/build/iar_amcl_sensor_model': CMAKE_PREFIX_PATH=/opt/ros/humble /usr/bin/cmake --build /home/robotai/tut_ws/build/iar_amcl_sensor_model -- -j6 -l6
[0.301s] -- Found ament_cmake: 1.3.12 (/opt/ros/humble/share/ament_cmake/cmake)
[0.500s] -- Found nav2_common: 1.1.18 (/opt/ros/humble/share/nav2_common/cmake)
[0.501s] -- Found rclcpp: 16.0.15 (/opt/ros/humble/share/rclcpp/cmake)
[0.599s] -- Found rosidl_generator_c: 3.1.7 (/opt/ros/humble/share/rosidl_generator_c/cmake)
[0.606s] -- Found rosidl_adapter: 3.1.7 (/opt/ros/humble/share/rosidl_adapter/cmake)
[0.630s] -- Found rosidl_generator_cpp: 3.1.7 (/opt/ros/humble/share/rosidl_generator_cpp/cmake)
[0.663s] -- Using all available rosidl_typesupport_c: rosidl_typesupport_fastrtps_c;rosidl_typesupport_introspection_c
[0.697s] -- Using all available rosidl_typesupport_cpp: rosidl_typesupport_fastrtps_cpp;rosidl_typesupport_introspection_cpp
[0.782s] -- Found rmw_implementation_cmake: 6.1.2 (/opt/ros/humble/share/rmw_implementation_cmake/cmake)
[0.792s] -- Found rmw_fastrtps_cpp: 6.2.8 (/opt/ros/humble/share/rmw_fastrtps_cpp/cmake)
[0.956s] -- Using RMW implementation 'rmw_fastrtps_cpp' as default
[1.064s] -- Found rclcpp_lifecycle: 16.0.15 (/opt/ros/humble/share/rclcpp_lifecycle/cmake)
[1.111s] -- Found message_filters: 4.3.8 (/opt/ros/humble/share/message_filters/cmake)
[1.119s] -- Found tf2_geometry_msgs: 0.25.16 (/opt/ros/humble/share/tf2_geometry_msgs/cmake)
[1.142s] -- Found eigen3_cmake_module: 0.1.1 (/opt/ros/humble/share/eigen3_cmake_module/cmake)
[1.144s] -- Ensuring Eigen3 include directory is part of orocos-kdl CMake target
[1.511s] -- Found nav_msgs: 4.9.0 (/opt/ros/humble/share/nav_msgs/cmake)
[1.533s] -- Found sensor_msgs: 4.9.0 (/opt/ros/humble/share/sensor_msgs/cmake)
[1.553s] -- Found std_srvs: 4.9.0 (/opt/ros/humble/share/std_srvs/cmake)
[1.584s] -- Found nav2_util: 1.1.18 (/opt/ros/humble/share/nav2_util/cmake)
[1.884s] -- Found nav2_amcl: 1.1.18 (/opt/ros/humble/share/nav2_amcl/cmake)
[2.090s] -- Found ament_lint_auto: 0.12.14 (/opt/ros/humble/share/ament_lint_auto/cmake)
[2.157s] -- Added test 'cppcheck' to perform static code analysis on C / C++ code
[2.157s] -- Configured cppcheck include dirs: /home/robotai/tut_ws/src/iar_amcl_sensor_model/include;$<BUILD_INTERFACE:/home/robotai/tut_ws/src/iar_amcl_sensor_model/include>
[2.157s] -- Configured cppcheck exclude dirs and/or files: 
[2.157s] -- Added test 'flake8' to check Python code syntax and style conventions
[2.158s] -- Added test 'lint_cmake' to check CMake code style
[2.158s] -- Added test 'pep257' to check Python code against some of the docstring style conventions in PEP 257
[2.159s] -- Added test 'uncrustify' to check C / C++ code style
[2.159s] -- Configured uncrustify additional arguments: 
[2.159s] -- Added test 'xmllint' to check XML markup files
[2.160s] -- Configuring done
[2.771s] -- Generating done
[2.794s] -- Build files have been written to: /home/robotai/tut_ws/build/iar_amcl_sensor_model
[2.838s] [35m[1mConsolidate compiler generated dependencies of target iar_amcl[0m
[3.040s] [ 25%] [32mBuilding CXX object CMakeFiles/iar_amcl.dir/src/main.cpp.o[0m
[3.079s] [ 50%] [32mBuilding CXX object CMakeFiles/iar_amcl.dir/src/amcl_node.cpp.o[0m
[3.083s] [ 75%] [32mBuilding CXX object CMakeFiles/iar_amcl.dir/src/beam_model.cpp.o[0m
[26.917s] [100%] [32m[1mLinking CXX executable iar_amcl[0m
[28.298s] [100%] Built target iar_amcl
